<?xml version="1.0" encoding="UTF-8"?>
<testsuites>
	<testsuite tests="28" failures="0" time="0.150000" name="pkg-unit.farchgen" timestamp="2022-10-10T12:02:38Z">
		<properties>
			<property name="go.version" value="go1.18.7 linux/amd64"></property>
		</properties>
		<testcase classname="pkg-unit.farchgen" name="TestFARCHVizGeneration" time="0.000000"></testcase>
		<testcase classname="pkg-unit.farchgen" name="TestLinkDirections" time="0.000000"></testcase>
		<testcase classname="pkg-unit.farchgen" name="TestTreeBuilder" time="0.000000"></testcase>
		<testcase classname="pkg-unit.farchgen" name="TestFTAGeneration" time="0.020000"></testcase>
		<testcase classname="pkg-unit.farchgen" name="TestGenerateFTAViz" time="0.000000"></testcase>
		<testcase classname="pkg-unit.farchgen" name="TestGeneratorAlgoEndToEndSimple" time="0.000000"></testcase>
		<testcase classname="pkg-unit.farchgen" name="TestGeneratorAlgoEndToEndComplex" time="0.020000"></testcase>
		<testcase classname="pkg-unit.farchgen" name="TestGeneratorAlgoEndToEnd2CASA" time="0.100000"></testcase>
		<testcase classname="pkg-unit.farchgen" name="TestGeneratorEndToEndNoModelrefs" time="0.000000"></testcase>
		<testcase classname="pkg-unit.farchgen" name="TestGeneratorEndToEndExampleFarch" time="0.010000"></testcase>
		<testcase classname="pkg-unit.farchgen" name="TestCacheable" time="0.000000"></testcase>
		<testcase classname="pkg-unit.farchgen" name="TestInstantiation" time="0.000000"></testcase>
		<testcase classname="pkg-unit.farchgen" name="TestIFaultNode" time="0.000000"></testcase>
		<testcase classname="pkg-unit.farchgen" name="TestFindNodeByDescription" time="0.000000"></testcase>
		<testcase classname="pkg-unit.farchgen" name="TestHazardInstantiation" time="0.000000"></testcase>
		<testcase classname="pkg-unit.farchgen" name="TestFaultModelInstantiation" time="0.000000"></testcase>
		<testcase classname="pkg-unit.farchgen" name="TestCheckIdentifier" time="0.000000"></testcase>
		<testcase classname="pkg-unit.farchgen" name="TestIsListUnique" time="0.000000"></testcase>
		<testcase classname="pkg-unit.farchgen" name="TestValidateTypes" time="0.000000"></testcase>
		<testcase classname="pkg-unit.farchgen" name="TestValidateDefinitions" time="0.000000"></testcase>
		<testcase classname="pkg-unit.farchgen" name="TestValidateDeclaration" time="0.000000"></testcase>
		<testcase classname="pkg-unit.farchgen" name="TestValidateInputOutput" time="0.000000"></testcase>
		<testcase classname="pkg-unit.farchgen" name="TestValidateFARCH" time="0.000000"></testcase>
		<testcase classname="pkg-unit.farchgen" name="TestValidateHazardAnalysisAndFarchModel" time="0.000000"></testcase>
		<testcase classname="pkg-unit.farchgen" name="TestValidateFaultNodeStructure" time="0.000000"></testcase>
		<testcase classname="pkg-unit.farchgen" name="TestValidateHazardFaultNodeModelRefsRecursive" time="0.000000"></testcase>
		<testcase classname="pkg-unit.farchgen" name="TestValidateDefinitionFaultNodeModelRefs" time="0.000000"></testcase>
		<testcase classname="pkg-unit.farchgen" name="TestValidateAnnotations" time="0.000000"></testcase>
	</testsuite>
	<testsuite tests="0" failures="0" time="0.000000" name="pkg-unit.gormutil" timestamp="2022-10-10T12:02:38Z">
		<properties>
			<property name="go.version" value="go1.18.7 linux/amd64"></property>
		</properties>
	</testsuite>
</testsuites>
