<?xml version='1.1' encoding='UTF-8'?>
<result plugin="junit@1.60">
  <suites>
    <suite>
      <file>/tmp/jenkins-e606f5ec/workspace/nloop_main/junits/nui-unit-tests.xml</file>
      <name>Tabular Artifact Set Store</name>
      <duration>12.834</duration>
      <timestamp>2022-10-04T19:44:10</timestamp>
      <time>12.834</time>
      <nodeId>630</nodeId>
      <enclosingBlocks>
        <string>629</string>
      </enclosingBlocks>
      <enclosingBlockNames>
        <string>Declarative: Post Actions</string>
      </enclosingBlockNames>
      <cases>
        <case>
          <duration>0.013</duration>
          <className>nui.Tabular Artifact Set Store</className>
          <testName>Tabular Artifact Set Store › getters should return all artifact schemas</testName>
          <skipped>false</skipped>
          <failedSince>0</failedSince>
        </case>
        <case>
          <duration>0.009</duration>
          <className>nui.Tabular Artifact Set Store</className>
          <testName>Tabular Artifact Set Store › getters should return an artifact schema by id</testName>
          <skipped>false</skipped>
          <failedSince>0</failedSince>
        </case>
        <case>
          <duration>0.001</duration>
          <className>nui.Tabular Artifact Set Store</className>
          <testName>Tabular Artifact Set Store › getters should return all artifact sets for the domain</testName>
          <skipped>false</skipped>
          <failedSince>0</failedSince>
        </case>
        <case>
          <duration>0.001</duration>
          <className>nui.Tabular Artifact Set Store</className>
          <testName>Tabular Artifact Set Store › getters returns an artifact set by ID</testName>
          <skipped>false</skipped>
          <failedSince>0</failedSince>
        </case>
        <case>
          <duration>0.001</duration>
          <className>nui.Tabular Artifact Set Store</className>
          <testName>Tabular Artifact Set Store › getters handles an invalid artifact set domain</testName>
          <skipped>false</skipped>
          <failedSince>0</failedSince>
        </case>
        <case>
          <duration>0.004</duration>
          <className>nui.Tabular Artifact Set Store</className>
          <testName>Tabular Artifact Set Store › getters should return all artifact set versions for an artifact set ordered by created_at desc</testName>
          <skipped>false</skipped>
          <failedSince>0</failedSince>
        </case>
        <case>
          <duration>0.001</duration>
          <className>nui.Tabular Artifact Set Store</className>
          <testName>Tabular Artifact Set Store › getters should return artifact set version by ID</testName>
          <skipped>false</skipped>
          <failedSince>0</failedSince>
        </case>
        <case>
          <duration>0.001</duration>
          <className>nui.Tabular Artifact Set Store</className>
          <testName>Tabular Artifact Set Store › getters should return artifact set items by version ID</testName>
          <skipped>false</skipped>
          <failedSince>0</failedSince>
        </case>
        <case>
          <duration>0.005</duration>
          <className>nui.Tabular Artifact Set Store</className>
          <testName>Tabular Artifact Set Store › getters returns the edited view</testName>
          <skipped>false</skipped>
          <failedSince>0</failedSince>
        </case>
        <case>
          <duration>0.002</duration>
          <className>nui.Tabular Artifact Set Store</className>
          <testName>Tabular Artifact Set Store › getters returns a view by id</testName>
          <skipped>false</skipped>
          <failedSince>0</failedSince>
        </case>
        <case>
          <duration>0.0</duration>
          <className>nui.Tabular Artifact Set Store</className>
          <testName>Tabular Artifact Set Store › getters returns a map of views</testName>
          <skipped>false</skipped>
          <failedSince>0</failedSince>
        </case>
        <case>
          <duration>0.0</duration>
          <className>nui.Tabular Artifact Set Store</className>
          <testName>Tabular Artifact Set Store › getters returns all private views</testName>
          <skipped>false</skipped>
          <failedSince>0</failedSince>
        </case>
        <case>
          <duration>0.008</duration>
          <className>nui.Tabular Artifact Set Store</className>
          <testName>Tabular Artifact Set Store › actions › artifact schemas GETs artifact schemas for the domain and project</testName>
          <skipped>false</skipped>
          <failedSince>0</failedSince>
        </case>
        <case>
          <duration>0.001</duration>
          <className>nui.Tabular Artifact Set Store</className>
          <testName>Tabular Artifact Set Store › actions › artifact schemas GETs an artifact schema by ID</testName>
          <skipped>false</skipped>
          <failedSince>0</failedSince>
        </case>
        <case>
          <duration>0.006</duration>
          <className>nui.Tabular Artifact Set Store</className>
          <testName>Tabular Artifact Set Store › actions › artifact schemas should soft-delete an artifact schema by default</testName>
          <skipped>false</skipped>
          <failedSince>0</failedSince>
        </case>
        <case>
          <duration>0.002</duration>
          <className>nui.Tabular Artifact Set Store</className>
          <testName>Tabular Artifact Set Store › actions › artifact schemas should hard-delete an artifact schema when explicity configured</testName>
          <skipped>false</skipped>
          <failedSince>0</failedSince>
        </case>
        <case>
          <duration>0.003</duration>
          <className>nui.Tabular Artifact Set Store</className>
          <testName>Tabular Artifact Set Store › actions › artifact schemas should propagate the error if DELETE schema errors</testName>
          <skipped>false</skipped>
          <failedSince>0</failedSince>
        </case>
        <case>
          <duration>0.002</duration>
          <className>nui.Tabular Artifact Set Store</className>
          <testName>Tabular Artifact Set Store › actions › artifact sets GETs artifact sets for the domain and project</testName>
          <skipped>false</skipped>
          <failedSince>0</failedSince>
        </case>
        <case>
          <duration>0.006</duration>
          <className>nui.Tabular Artifact Set Store</className>
          <testName>Tabular Artifact Set Store › actions › artifact sets POSTs an artifact set</testName>
          <skipped>false</skipped>
          <failedSince>0</failedSince>
        </case>
        <case>
          <duration>0.003</duration>
          <className>nui.Tabular Artifact Set Store</className>
          <testName>Tabular Artifact Set Store › actions › artifact sets propagates the error if POSTing an artifact set fails</testName>
          <skipped>false</skipped>
          <failedSince>0</failedSince>
        </case>
        <case>
          <duration>0.003</duration>
          <className>nui.Tabular Artifact Set Store</className>
          <testName>Tabular Artifact Set Store › actions › artifact sets PATCHes an updated artifact set</testName>
          <skipped>false</skipped>
          <failedSince>0</failedSince>
        </case>
        <case>
          <duration>0.006</duration>
          <className>nui.Tabular Artifact Set Store</className>
          <testName>Tabular Artifact Set Store › actions › artifact sets propagates the error if PATCHing an artifact set fails</testName>
          <skipped>false</skipped>
          <failedSince>0</failedSince>
        </case>
        <case>
          <duration>0.002</duration>
          <className>nui.Tabular Artifact Set Store</className>
          <testName>Tabular Artifact Set Store › actions › artifact sets DELETEs an artifact set</testName>
          <skipped>false</skipped>
          <failedSince>0</failedSince>
        </case>
        <case>
          <duration>0.002</duration>
          <className>nui.Tabular Artifact Set Store</className>
          <testName>Tabular Artifact Set Store › actions › artifact sets archives an artifact set</testName>
          <skipped>false</skipped>
          <failedSince>0</failedSince>
        </case>
        <case>
          <duration>0.001</duration>
          <className>nui.Tabular Artifact Set Store</className>
          <testName>Tabular Artifact Set Store › actions › artifact sets propagates an error if DELETEing an artifact set fails</testName>
          <skipped>false</skipped>
          <failedSince>0</failedSince>
        </case>
        <case>
          <duration>0.005</duration>
          <className>nui.Tabular Artifact Set Store</className>
          <testName>Tabular Artifact Set Store › actions › artifact set versions GETs artifact set version for the artifact set</testName>
          <skipped>false</skipped>
          <failedSince>0</failedSince>
        </case>
        <case>
          <duration>0.01</duration>
          <className>nui.Tabular Artifact Set Store</className>
          <testName>Tabular Artifact Set Store › actions › artifact set versions POSTs an artifact set version</testName>
          <skipped>false</skipped>
          <failedSince>0</failedSince>
        </case>
        <case>
          <duration>0.012</duration>
          <className>nui.Tabular Artifact Set Store</className>
          <testName>Tabular Artifact Set Store › actions › artifact set versions does not include items in the POST formdata if there are no items</testName>
          <skipped>false</skipped>
          <failedSince>0</failedSince>
        </case>
        <case>
          <duration>0.002</duration>
          <className>nui.Tabular Artifact Set Store</className>
          <testName>Tabular Artifact Set Store › actions › artifact set versions propagates the error if POSTing an artifact set version fails</testName>
          <skipped>false</skipped>
          <failedSince>0</failedSince>
        </case>
        <case>
          <duration>0.003</duration>
          <className>nui.Tabular Artifact Set Store</className>
          <testName>Tabular Artifact Set Store › actions › artifact set versions should POST an artifact set version via a file</testName>
          <skipped>false</skipped>
          <failedSince>0</failedSince>
        </case>
        <case>
          <duration>0.003</duration>
          <className>nui.Tabular Artifact Set Store</className>
          <testName>Tabular Artifact Set Store › actions › artifact set versions propagates the error if POSTing an artifact set version by file fails</testName>
          <skipped>false</skipped>
          <failedSince>0</failedSince>
        </case>
        <case>
          <duration>0.001</duration>
          <className>nui.Tabular Artifact Set Store</className>
          <testName>Tabular Artifact Set Store › actions › artifact set versions GETs the exported artifact set version</testName>
          <skipped>false</skipped>
          <failedSince>0</failedSince>
        </case>
        <case>
          <duration>0.006</duration>
          <className>nui.Tabular Artifact Set Store</className>
          <testName>Tabular Artifact Set Store › actions › artifact set versions DELETEs an artifact set version</testName>
          <skipped>false</skipped>
          <failedSince>0</failedSince>
        </case>
        <case>
          <duration>0.001</duration>
          <className>nui.Tabular Artifact Set Store</className>
          <testName>Tabular Artifact Set Store › actions › artifact set versions propagates the error if DELETEing an artifact set version fails</testName>
          <skipped>false</skipped>
          <failedSince>0</failedSince>
        </case>
        <case>
          <duration>0.01</duration>
          <className>nui.Tabular Artifact Set Store</className>
          <testName>Tabular Artifact Set Store › actions › artifact set versions PATCHes the updated artifact set version</testName>
          <skipped>false</skipped>
          <failedSince>0</failedSince>
        </case>
        <case>
          <duration>0.001</duration>
          <className>nui.Tabular Artifact Set Store</className>
          <testName>Tabular Artifact Set Store › actions › artifact set versions propagates the error if PATCHing an artifact set version fails</testName>
          <skipped>false</skipped>
          <failedSince>0</failedSince>
        </case>
        <case>
          <duration>0.001</duration>
          <className>nui.Tabular Artifact Set Store</className>
          <testName>Tabular Artifact Set Store › actions › artifact set items POSTs an item to validate and transforms the response</testName>
          <skipped>false</skipped>
          <failedSince>0</failedSince>
        </case>
        <case>
          <duration>0.002</duration>
          <className>nui.Tabular Artifact Set Store</className>
          <testName>Tabular Artifact Set Store › actions › artifact set items propagates the error if the validation POST fails</testName>
          <skipped>false</skipped>
          <failedSince>0</failedSince>
        </case>
        <case>
          <duration>0.001</duration>
          <className>nui.Tabular Artifact Set Store</className>
          <testName>Tabular Artifact Set Store › actions › artifact set items PATCHes the updated artifact set item to the API</testName>
          <skipped>false</skipped>
          <failedSince>0</failedSince>
        </case>
        <case>
          <duration>0.005</duration>
          <className>nui.Tabular Artifact Set Store</className>
          <testName>Tabular Artifact Set Store › actions › artifact set items propagates the error when PATCHing an artifact set item fails</testName>
          <skipped>false</skipped>
          <failedSince>0</failedSince>
        </case>
        <case>
          <duration>0.006</duration>
          <className>nui.Tabular Artifact Set Store</className>
          <testName>Tabular Artifact Set Store › actions › artifact set items POSTs a new artifact set item</testName>
          <skipped>false</skipped>
          <failedSince>0</failedSince>
        </case>
        <case>
          <duration>0.001</duration>
          <className>nui.Tabular Artifact Set Store</className>
          <testName>Tabular Artifact Set Store › actions › artifact set items propagates the error if POSTing an artifact set item fails</testName>
          <skipped>false</skipped>
          <failedSince>0</failedSince>
        </case>
        <case>
          <duration>0.006</duration>
          <className>nui.Tabular Artifact Set Store</className>
          <testName>Tabular Artifact Set Store › actions › artifact set items DELETEs the artifact item</testName>
          <skipped>false</skipped>
          <failedSince>0</failedSince>
        </case>
        <case>
          <duration>0.002</duration>
          <className>nui.Tabular Artifact Set Store</className>
          <testName>Tabular Artifact Set Store › actions › artifact set items propagates the error if DELETEing an artifact item fails</testName>
          <skipped>false</skipped>
          <failedSince>0</failedSince>
        </case>
        <case>
          <duration>0.007</duration>
          <className>nui.Tabular Artifact Set Store</className>
          <testName>Tabular Artifact Set Store › actions › artifact views GETs views and generates a default view</testName>
          <skipped>false</skipped>
          <failedSince>0</failedSince>
        </case>
        <case>
          <duration>0.002</duration>
          <className>nui.Tabular Artifact Set Store</className>
          <testName>Tabular Artifact Set Store › actions › artifact views PATCHes the updated view</testName>
          <skipped>false</skipped>
          <failedSince>0</failedSince>
        </case>
        <case>
          <duration>0.005</duration>
          <className>nui.Tabular Artifact Set Store</className>
          <testName>Tabular Artifact Set Store › actions › artifact views propagates the error if PATCHing the view fails</testName>
          <skipped>false</skipped>
          <failedSince>0</failedSince>
        </case>
        <case>
          <duration>0.002</duration>
          <className>nui.Tabular Artifact Set Store</className>
          <testName>Tabular Artifact Set Store › actions › artifact views POSTs the new view</testName>
          <skipped>false</skipped>
          <failedSince>0</failedSince>
        </case>
        <case>
          <duration>0.006</duration>
          <className>nui.Tabular Artifact Set Store</className>
          <testName>Tabular Artifact Set Store › actions › artifact views propagates the error if POSTing a view fails</testName>
          <skipped>false</skipped>
          <failedSince>0</failedSince>
        </case>
        <case>
          <duration>0.002</duration>
          <className>nui.Tabular Artifact Set Store</className>
          <testName>Tabular Artifact Set Store › actions › artifact views DELETEs the view</testName>
          <skipped>false</skipped>
          <failedSince>0</failedSince>
        </case>
        <case>
          <duration>0.001</duration>
          <className>nui.Tabular Artifact Set Store</className>
          <testName>Tabular Artifact Set Store › actions › artifact views propagates the error if DELETEing a view fails</testName>
          <skipped>false</skipped>
          <failedSince>0</failedSince>
        </case>
        <case>
          <duration>0.006</duration>
          <className>nui.Tabular Artifact Set Store</className>
          <testName>Tabular Artifact Set Store › actions › artifact views clears the edited view</testName>
          <skipped>false</skipped>
          <failedSince>0</failedSince>
        </case>
        <case>
          <duration>0.001</duration>
          <className>nui.Tabular Artifact Set Store</className>
          <testName>Tabular Artifact Set Store › mutations adds schemas to state</testName>
          <skipped>false</skipped>
          <failedSince>0</failedSince>
        </case>
        <case>
          <duration>0.046</duration>
          <className>nui.Tabular Artifact Set Store</className>
          <testName>Tabular Artifact Set Store › mutations adds a single schema to state</testName>
          <skipped>false</skipped>
          <failedSince>0</failedSince>
        </case>
        <case>
          <duration>0.001</duration>
          <className>nui.Tabular Artifact Set Store</className>
          <testName>Tabular Artifact Set Store › mutations Removes the schema from state</testName>
          <skipped>false</skipped>
          <failedSince>0</failedSince>
        </case>
        <case>
          <duration>0.023</duration>
          <className>nui.Tabular Artifact Set Store</className>
          <testName>Tabular Artifact Set Store › mutations adds artifact sets and versions to state</testName>
          <skipped>false</skipped>
          <failedSince>0</failedSince>
        </case>
        <case>
          <duration>0.001</duration>
          <className>nui.Tabular Artifact Set Store</className>
          <testName>Tabular Artifact Set Store › mutations adds an artifact set to state</testName>
          <skipped>false</skipped>
          <failedSince>0</failedSince>
        </case>
        <case>
          <duration>0.001</duration>
          <className>nui.Tabular Artifact Set Store</className>
          <testName>Tabular Artifact Set Store › mutations updates an artifact set in the state</testName>
          <skipped>false</skipped>
          <failedSince>0</failedSince>
        </case>
        <case>
          <duration>0.06</duration>
          <className>nui.Tabular Artifact Set Store</className>
          <testName>Tabular Artifact Set Store › mutations deletes an artifact set from state</testName>
          <skipped>false</skipped>
          <failedSince>0</failedSince>
        </case>
        <case>
          <duration>0.023</duration>
          <className>nui.Tabular Artifact Set Store</className>
          <testName>Tabular Artifact Set Store › mutations adds artifact set versions by set</testName>
          <skipped>false</skipped>
          <failedSince>0</failedSince>
        </case>
        <case>
          <duration>0.001</duration>
          <className>nui.Tabular Artifact Set Store</className>
          <testName>Tabular Artifact Set Store › mutations adds a created artifact set version to state</testName>
          <skipped>false</skipped>
          <failedSince>0</failedSince>
        </case>
        <case>
          <duration>0.002</duration>
          <className>nui.Tabular Artifact Set Store</className>
          <testName>Tabular Artifact Set Store › mutations updates an artifact set version</testName>
          <skipped>false</skipped>
          <failedSince>0</failedSince>
        </case>
        <case>
          <duration>0.001</duration>
          <className>nui.Tabular Artifact Set Store</className>
          <testName>Tabular Artifact Set Store › mutations deletes an artifact set version</testName>
          <skipped>false</skipped>
          <failedSince>0</failedSince>
        </case>
        <case>
          <duration>0.001</duration>
          <className>nui.Tabular Artifact Set Store</className>
          <testName>Tabular Artifact Set Store › mutations adds artifact items</testName>
          <skipped>false</skipped>
          <failedSince>0</failedSince>
        </case>
        <case>
          <duration>0.01</duration>
          <className>nui.Tabular Artifact Set Store</className>
          <testName>Tabular Artifact Set Store › mutations deletes an item</testName>
          <skipped>false</skipped>
          <failedSince>0</failedSince>
        </case>
        <case>
          <duration>0.001</duration>
          <className>nui.Tabular Artifact Set Store</className>
          <testName>Tabular Artifact Set Store › mutations adds views</testName>
          <skipped>false</skipped>
          <failedSince>0</failedSince>
        </case>
        <case>
          <duration>0.003</duration>
          <className>nui.Tabular Artifact Set Store</className>
          <testName>Tabular Artifact Set Store › mutations updates a view</testName>
          <skipped>false</skipped>
          <failedSince>0</failedSince>
        </case>
        <case>
          <duration>0.001</duration>
          <className>nui.Tabular Artifact Set Store</className>
          <testName>Tabular Artifact Set Store › mutations sets the edited view</testName>
          <skipped>false</skipped>
          <failedSince>0</failedSince>
        </case>
        <case>
          <duration>0.01</duration>
          <className>nui.Tabular Artifact Set Store</className>
          <testName>Tabular Artifact Set Store › mutations adds a view to state</testName>
          <skipped>false</skipped>
          <failedSince>0</failedSince>
        </case>
        <case>
          <duration>0.001</duration>
          <className>nui.Tabular Artifact Set Store</className>
          <testName>Tabular Artifact Set Store › mutations deletes a view from state</testName>
          <skipped>false</skipped>
          <failedSince>0</failedSince>
        </case>
        <case>
          <duration>0.001</duration>
          <className>nui.Tabular Artifact Set Store</className>
          <testName>Tabular Artifact Set Store › mutations clears the edited view from state</testName>
          <skipped>false</skipped>
          <failedSince>0</failedSince>
        </case>
      </cases>
    </suite>
    <suite>
      <file>/tmp/jenkins-e606f5ec/workspace/nloop_main/junits/nui-unit-tests.xml</file>
      <name>test case store</name>
      <duration>13.044</duration>
      <timestamp>2022-10-04T19:44:11</timestamp>
      <time>13.044</time>
      <nodeId>630</nodeId>
      <enclosingBlocks>
        <string>629</string>
      </enclosingBlocks>
      <enclosingBlockNames>
        <string>Declarative: Post Actions</string>
      </enclosingBlockNames>
      <cases>
        <case>
          <duration>0.046</duration>
          <className>nui.test case store</className>
          <testName>test case store › state should have a default state</testName>
          <skipped>false</skipped>
          <failedSince>0</failedSince>
        </case>
        <case>
          <duration>0.001</duration>
          <className>nui.test case store</className>
          <testName>test case store › getters should get the active test column</testName>
          <skipped>false</skipped>
          <failedSince>0</failedSince>
        </case>
        <case>
          <duration>0.021</duration>
          <className>nui.test case store</className>
          <testName>test case store › getters should get current test-case sorting option </testName>
          <skipped>false</skipped>
          <failedSince>0</failedSince>
        </case>
        <case>
          <duration>0.003</duration>
          <className>nui.test case store</className>
          <testName>test case store › getters › test cases  should get the test cases</testName>
          <skipped>false</skipped>
          <failedSince>0</failedSince>
        </case>
        <case>
          <duration>0.002</duration>
          <className>nui.test case store</className>
          <testName>test case store › getters › test cases  should return an empty list if there are no test cases or no test case runs</testName>
          <skipped>false</skipped>
          <failedSince>0</failedSince>
        </case>
        <case>
          <duration>0.002</duration>
          <className>nui.test case store</className>
          <testName>test case store › getters should get a list of test case names</testName>
          <skipped>false</skipped>
          <failedSince>0</failedSince>
        </case>
        <case>
          <duration>0.029</duration>
          <className>nui.test case store</className>
          <testName>test case store › getters › testCaseLogs should add the submission time of the latest test case run of the test case</testName>
          <skipped>false</skipped>
          <failedSince>0</failedSince>
        </case>
        <case>
          <duration>0.025</duration>
          <className>nui.test case store</className>
          <testName>test case store › getters › testCaseLogs should add the completion time of the latest test case run of the test case</testName>
          <skipped>false</skipped>
          <failedSince>0</failedSince>
        </case>
        <case>
          <duration>0.002</duration>
          <className>nui.test case store</className>
          <testName>test case store › getters › testCaseLogs should not add the completion time if the test case run status is in progress</testName>
          <skipped>false</skipped>
          <failedSince>0</failedSince>
        </case>
        <case>
          <duration>0.001</duration>
          <className>nui.test case store</className>
          <testName>test case store › getters › testCaseLogs should return an empty object if there is no selected test case</testName>
          <skipped>false</skipped>
          <failedSince>0</failedSince>
        </case>
        <case>
          <duration>0.002</duration>
          <className>nui.test case store</className>
          <testName>test case store › getters › get all test cases by selected test design specification id and system version id › selected test design specification and project id  should get nothing if there is no selected test design specification</testName>
          <skipped>false</skipped>
          <failedSince>0</failedSince>
        </case>
        <case>
          <duration>0.002</duration>
          <className>nui.test case store</className>
          <testName>test case store › getters › get all test cases by selected test design specification id and system version id › selected test design specification and project id  should get all of the test cases if there is a selected test design specification and matching project id</testName>
          <skipped>false</skipped>
          <failedSince>0</failedSince>
        </case>
        <case>
          <duration>0.01</duration>
          <className>nui.test case store</className>
          <testName>test case store › getters › get all test cases by selected test design specification id and system version id › selected test design specification and project id  should return nothing if none of the test cases are compatible with the tds id</testName>
          <skipped>false</skipped>
          <failedSince>0</failedSince>
        </case>
        <case>
          <duration>0.002</duration>
          <className>nui.test case store</className>
          <testName>test case store › getters › get all test cases by selected test design specification id and system version id › active column is test platform should return test cases only for visible test platforms</testName>
          <skipped>false</skipped>
          <failedSince>0</failedSince>
        </case>
        <case>
          <duration>0.001</duration>
          <className>nui.test case store</className>
          <testName>test case store › getters › get all test cases by selected test design specification id and system version id › active column is test platform should not return anything if selected platform isnt compatible</testName>
          <skipped>false</skipped>
          <failedSince>0</failedSince>
        </case>
        <case>
          <duration>0.001</duration>
          <className>nui.test case store</className>
          <testName>test case store › getters › get all test cases by selected test design specification id and system version id › active column is test platform should return all test cases if no test platform is selected</testName>
          <skipped>false</skipped>
          <failedSince>0</failedSince>
        </case>
        <case>
          <duration>0.001</duration>
          <className>nui.test case store</className>
          <testName>test case store › getters › get all test cases by selected test design specification id and system version id › active column is test cases should get all of the test cases if the active col is test case</testName>
          <skipped>false</skipped>
          <failedSince>0</failedSince>
        </case>
        <case>
          <duration>0.003</duration>
          <className>nui.test case store</className>
          <testName>test case store › getters › get all test cases by selected test design specification id and system version id › active column is test cases should return nothing if none of the test cases are compatible with the tds id</testName>
          <skipped>false</skipped>
          <failedSince>0</failedSince>
        </case>
        <case>
          <duration>0.069</duration>
          <className>nui.test case store</className>
          <testName>test case store › getters › status counts over all test design specifications should count a success if every test cases is a success</testName>
          <skipped>false</skipped>
          <failedSince>0</failedSince>
        </case>
        <case>
          <duration>0.026</duration>
          <className>nui.test case store</className>
          <testName>test case store › getters › status counts over all test design specifications should count in progress if a test cases is in progress with no errors or failures</testName>
          <skipped>false</skipped>
          <failedSince>0</failedSince>
        </case>
        <case>
          <duration>0.001</duration>
          <className>nui.test case store</className>
          <testName>test case store › getters › status counts over all test design specifications should count in progress if a test cases is in progress if no counts</testName>
          <skipped>false</skipped>
          <failedSince>0</failedSince>
        </case>
        <case>
          <duration>0.001</duration>
          <className>nui.test case store</className>
          <testName>test case store › getters › status counts over all test design specifications should count a failure if a test case is failing</testName>
          <skipped>false</skipped>
          <failedSince>0</failedSince>
        </case>
        <case>
          <duration>0.001</duration>
          <className>nui.test case store</className>
          <testName>test case store › getters › status counts over all test design specifications should count an error if any test cases are an error</testName>
          <skipped>false</skipped>
          <failedSince>0</failedSince>
        </case>
        <case>
          <duration>0.001</duration>
          <className>nui.test case store</className>
          <testName>test case store › getters › status counts over all test design specifications should return default numbers if the tds project id is different than the selected project id</testName>
          <skipped>false</skipped>
          <failedSince>0</failedSince>
        </case>
        <case>
          <duration>0.001</duration>
          <className>nui.test case store</className>
          <testName>test case store › getters should create a list of test design specification items</testName>
          <skipped>false</skipped>
          <failedSince>0</failedSince>
        </case>
        <case>
          <duration>0.002</duration>
          <className>nui.test case store</className>
          <testName>test case store › getters should return a list of test design specifications of selected project</testName>
          <skipped>false</skipped>
          <failedSince>0</failedSince>
        </case>
        <case>
          <duration>0.005</duration>
          <className>nui.test case store</className>
          <testName>test case store › getters should filter test design specification items if any tds filters are true</testName>
          <skipped>false</skipped>
          <failedSince>0</failedSince>
        </case>
        <case>
          <duration>0.001</duration>
          <className>nui.test case store</className>
          <testName>test case store › getters should filter test design specification items for the report view by project id</testName>
          <skipped>false</skipped>
          <failedSince>0</failedSince>
        </case>
        <case>
          <duration>0.004</duration>
          <className>nui.test case store</className>
          <testName>test case store › getters should get the test case status counts for a single tds</testName>
          <skipped>false</skipped>
          <failedSince>0</failedSince>
        </case>
        <case>
          <duration>0.073</duration>
          <className>nui.test case store</className>
          <testName>test case store › getters should get test cases by tds id</testName>
          <skipped>false</skipped>
          <failedSince>0</failedSince>
        </case>
        <case>
          <duration>0.002</duration>
          <className>nui.test case store</className>
          <testName>test case store › getters should get test cases by sut id</testName>
          <skipped>false</skipped>
          <failedSince>0</failedSince>
        </case>
        <case>
          <duration>0.001</duration>
          <className>nui.test case store</className>
          <testName>test case store › getters should get the test design specifications</testName>
          <skipped>false</skipped>
          <failedSince>0</failedSince>
        </case>
        <case>
          <duration>0.001</duration>
          <className>nui.test case store</className>
          <testName>test case store › getters should get the selected test design specification</testName>
          <skipped>false</skipped>
          <failedSince>0</failedSince>
        </case>
        <case>
          <duration>0.005</duration>
          <className>nui.test case store</className>
          <testName>test case store › getters should get the name of a test design specification by id</testName>
          <skipped>false</skipped>
          <failedSince>0</failedSince>
        </case>
        <case>
          <duration>0.001</duration>
          <className>nui.test case store</className>
          <testName>test case store › getters should get the selected test design specification name</testName>
          <skipped>false</skipped>
          <failedSince>0</failedSince>
        </case>
        <case>
          <duration>0.001</duration>
          <className>nui.test case store</className>
          <testName>test case store › getters should get the selected test case</testName>
          <skipped>false</skipped>
          <failedSince>0</failedSince>
        </case>
        <case>
          <duration>0.001</duration>
          <className>nui.test case store</className>
          <testName>test case store › getters should get the test case for the details modal</testName>
          <skipped>false</skipped>
          <failedSince>0</failedSince>
        </case>
        <case>
          <duration>0.001</duration>
          <className>nui.test case store</className>
          <testName>test case store › getters should get the logical scenarios </testName>
          <skipped>false</skipped>
          <failedSince>0</failedSince>
        </case>
        <case>
          <duration>0.008</duration>
          <className>nui.test case store</className>
          <testName>test case store › getters should get logical scenario by tds group id</testName>
          <skipped>false</skipped>
          <failedSince>0</failedSince>
        </case>
        <case>
          <duration>0.002</duration>
          <className>nui.test case store</className>
          <testName>test case store › actions should set current test case sorting option</testName>
          <skipped>false</skipped>
          <failedSince>0</failedSince>
        </case>
        <case>
          <duration>0.001</duration>
          <className>nui.test case store</className>
          <testName>test case store › actions should set the active column</testName>
          <skipped>false</skipped>
          <failedSince>0</failedSince>
        </case>
        <case>
          <duration>0.011</duration>
          <className>nui.test case store</className>
          <testName>test case store › actions should set the selected test design specification</testName>
          <skipped>false</skipped>
          <failedSince>0</failedSince>
        </case>
        <case>
          <duration>0.001</duration>
          <className>nui.test case store</className>
          <testName>test case store › actions should clear the selected test platform if its not associated with the tds</testName>
          <skipped>false</skipped>
          <failedSince>0</failedSince>
        </case>
        <case>
          <duration>0.002</duration>
          <className>nui.test case store</className>
          <testName>test case store › actions should set the selected test case </testName>
          <skipped>false</skipped>
          <failedSince>0</failedSince>
        </case>
        <case>
          <duration>0.001</duration>
          <className>nui.test case store</className>
          <testName>test case store › actions should clear the selected test platform if its not part of the selected test case</testName>
          <skipped>false</skipped>
          <failedSince>0</failedSince>
        </case>
        <case>
          <duration>0.006</duration>
          <className>nui.test case store</className>
          <testName>test case store › actions should set the selected test case for the details modal</testName>
          <skipped>false</skipped>
          <failedSince>0</failedSince>
        </case>
        <case>
          <duration>0.001</duration>
          <className>nui.test case store</className>
          <testName>test case store › actions should clear the selected test case</testName>
          <skipped>false</skipped>
          <failedSince>0</failedSince>
        </case>
        <case>
          <duration>0.001</duration>
          <className>nui.test case store</className>
          <testName>test case store › actions should clear the test case from the details modal</testName>
          <skipped>false</skipped>
          <failedSince>0</failedSince>
        </case>
        <case>
          <duration>0.004</duration>
          <className>nui.test case store</className>
          <testName>test case store › actions should get all test design specifications</testName>
          <skipped>false</skipped>
          <failedSince>0</failedSince>
        </case>
        <case>
          <duration>0.013</duration>
          <className>nui.test case store</className>
          <testName>test case store › actions should get all test cases</testName>
          <skipped>false</skipped>
          <failedSince>0</failedSince>
        </case>
        <case>
          <duration>0.002</duration>
          <className>nui.test case store</className>
          <testName>test case store › actions should get all logical scenarios belonging the logical scenario group</testName>
          <skipped>false</skipped>
          <failedSince>0</failedSince>
        </case>
        <case>
          <duration>0.001</duration>
          <className>nui.test case store</className>
          <testName>test case store › mutations should build a list of all test cases</testName>
          <skipped>false</skipped>
          <failedSince>0</failedSince>
        </case>
        <case>
          <duration>0.001</duration>
          <className>nui.test case store</className>
          <testName>test case store › mutations should build a hash of logical scenarios based on group id</testName>
          <skipped>false</skipped>
          <failedSince>0</failedSince>
        </case>
      </cases>
    </suite>
    <suite>
      <file>/tmp/jenkins-e606f5ec/workspace/nloop_main/junits/nui-unit-tests.xml</file>
      <name>test case submission store</name>
      <duration>4.301</duration>
      <timestamp>2022-10-04T19:44:24</timestamp>
      <time>4.301</time>
      <nodeId>630</nodeId>
      <enclosingBlocks>
        <string>629</string>
      </enclosingBlocks>
      <enclosingBlockNames>
        <string>Declarative: Post Actions</string>
      </enclosingBlockNames>
      <cases>
        <case>
          <duration>0.002</duration>
          <className>nui.test case submission store</className>
          <testName>test case submission store › state should have default state</testName>
          <skipped>false</skipped>
          <failedSince>0</failedSince>
        </case>
        <case>
          <duration>0.003</duration>
          <className>nui.test case submission store</className>
          <testName>test case submission store › getters should get the test case platforms based on the selected logical scenario</testName>
          <skipped>false</skipped>
          <failedSince>0</failedSince>
        </case>
        <case>
          <duration>0.001</duration>
          <className>nui.test case submission store</className>
          <testName>test case submission store › getters should get the test case submission parameters</testName>
          <skipped>false</skipped>
          <failedSince>0</failedSince>
        </case>
        <case>
          <duration>0.0</duration>
          <className>nui.test case submission store</className>
          <testName>test case submission store › getters should get the test case submission platforms</testName>
          <skipped>false</skipped>
          <failedSince>0</failedSince>
        </case>
        <case>
          <duration>0.0</duration>
          <className>nui.test case submission store</className>
          <testName>test case submission store › getters should get the test case submission test case type </testName>
          <skipped>false</skipped>
          <failedSince>0</failedSince>
        </case>
        <case>
          <duration>0.001</duration>
          <className>nui.test case submission store</className>
          <testName>test case submission store › getters should get the test case submission claim</testName>
          <skipped>false</skipped>
          <failedSince>0</failedSince>
        </case>
        <case>
          <duration>0.001</duration>
          <className>nui.test case submission store</className>
          <testName>test case submission store › getters should get the new test case platform parameters </testName>
          <skipped>false</skipped>
          <failedSince>0</failedSince>
        </case>
        <case>
          <duration>0.001</duration>
          <className>nui.test case submission store</className>
          <testName>test case submission store › getters should get the new test case platform measurements</testName>
          <skipped>false</skipped>
          <failedSince>0</failedSince>
        </case>
        <case>
          <duration>0.001</duration>
          <className>nui.test case submission store</className>
          <testName>test case submission store › getters should get the new test case types for test cases created in the vth</testName>
          <skipped>false</skipped>
          <failedSince>0</failedSince>
        </case>
        <case>
          <duration>0.0</duration>
          <className>nui.test case submission store</className>
          <testName>test case submission store › getters should get the new test case types for test cases created in the reports view</testName>
          <skipped>false</skipped>
          <failedSince>0</failedSince>
        </case>
        <case>
          <duration>0.001</duration>
          <className>nui.test case submission store</className>
          <testName>test case submission store › getters should get the name of the tds for test copy through the vth</testName>
          <skipped>false</skipped>
          <failedSince>0</failedSince>
        </case>
        <case>
          <duration>0.001</duration>
          <className>nui.test case submission store</className>
          <testName>test case submission store › getters should get the name of the tds for test copy through the reports view</testName>
          <skipped>false</skipped>
          <failedSince>0</failedSince>
        </case>
        <case>
          <duration>0.001</duration>
          <className>nui.test case submission store</className>
          <testName>test case submission store › getters should get the test case name</testName>
          <skipped>false</skipped>
          <failedSince>0</failedSince>
        </case>
        <case>
          <duration>0.003</duration>
          <className>nui.test case submission store</className>
          <testName>test case submission store › getters › test case submission should build a test case submission for the vth view</testName>
          <skipped>false</skipped>
          <failedSince>0</failedSince>
        </case>
        <case>
          <duration>0.062</duration>
          <className>nui.test case submission store</className>
          <testName>test case submission store › getters › test case submission should build a test case submission without selecting a test design specification</testName>
          <skipped>false</skipped>
          <failedSince>0</failedSince>
        </case>
        <case>
          <duration>0.002</duration>
          <className>nui.test case submission store</className>
          <testName>test case submission store › actions should set the parameter value</testName>
          <skipped>false</skipped>
          <failedSince>0</failedSince>
        </case>
        <case>
          <duration>0.001</duration>
          <className>nui.test case submission store</className>
          <testName>test case submission store › actions should set the selected sut requirement</testName>
          <skipped>false</skipped>
          <failedSince>0</failedSince>
        </case>
        <case>
          <duration>0.001</duration>
          <className>nui.test case submission store</className>
          <testName>test case submission store › actions should set the selected test platform</testName>
          <skipped>false</skipped>
          <failedSince>0</failedSince>
        </case>
        <case>
          <duration>0.002</duration>
          <className>nui.test case submission store</className>
          <testName>test case submission store › actions should set the selected test case type </testName>
          <skipped>false</skipped>
          <failedSince>0</failedSince>
        </case>
        <case>
          <duration>0.001</duration>
          <className>nui.test case submission store</className>
          <testName>test case submission store › actions should set the test case claim</testName>
          <skipped>false</skipped>
          <failedSince>0</failedSince>
        </case>
        <case>
          <duration>0.001</duration>
          <className>nui.test case submission store</className>
          <testName>test case submission store › actions should set the test case name</testName>
          <skipped>false</skipped>
          <failedSince>0</failedSince>
        </case>
        <case>
          <duration>0.001</duration>
          <className>nui.test case submission store</className>
          <testName>test case submission store › actions should receive the test case details pass them to the mutation </testName>
          <skipped>false</skipped>
          <failedSince>0</failedSince>
        </case>
        <case>
          <duration>0.001</duration>
          <className>nui.test case submission store</className>
          <testName>test case submission store › actions should throw an error emssage if the import contains a bad test platform id</testName>
          <skipped>false</skipped>
          <failedSince>0</failedSince>
        </case>
        <case>
          <duration>0.02</duration>
          <className>nui.test case submission store</className>
          <testName>test case submission store › actions should throw an error emssage if the import contains a bad test case type</testName>
          <skipped>false</skipped>
          <failedSince>0</failedSince>
        </case>
        <case>
          <duration>0.016</duration>
          <className>nui.test case submission store</className>
          <testName>test case submission store › actions should throw an error if the import tds id does not match the selected tds</testName>
          <skipped>false</skipped>
          <failedSince>0</failedSince>
        </case>
        <case>
          <duration>0.001</duration>
          <className>nui.test case submission store</className>
          <testName>test case submission store › actions should clear the test case submission </testName>
          <skipped>false</skipped>
          <failedSince>0</failedSince>
        </case>
        <case>
          <duration>0.001</duration>
          <className>nui.test case submission store</className>
          <testName>test case submission store › actions should clear the parameter value by id</testName>
          <skipped>false</skipped>
          <failedSince>0</failedSince>
        </case>
        <case>
          <duration>0.002</duration>
          <className>nui.test case submission store</className>
          <testName>test case submission store › actions should create a test case </testName>
          <skipped>false</skipped>
          <failedSince>0</failedSince>
        </case>
        <case>
          <duration>0.006</duration>
          <className>nui.test case submission store</className>
          <testName>test case submission store › mutations should set the platform and clear the dependent selections </testName>
          <skipped>false</skipped>
          <failedSince>0</failedSince>
        </case>
        <case>
          <duration>0.016</duration>
          <className>nui.test case submission store</className>
          <testName>test case submission store › mutations should set the test case type and clear the dependent selections</testName>
          <skipped>false</skipped>
          <failedSince>0</failedSince>
        </case>
        <case>
          <duration>0.003</duration>
          <className>nui.test case submission store</className>
          <testName>test case submission store › mutations should set the test case name </testName>
          <skipped>false</skipped>
          <failedSince>0</failedSince>
        </case>
        <case>
          <duration>0.008</duration>
          <className>nui.test case submission store</className>
          <testName>test case submission store › mutations should set the test case, platform, and test case type into the store to copy </testName>
          <skipped>false</skipped>
          <failedSince>0</failedSince>
        </case>
        <case>
          <duration>0.0</duration>
          <className>nui.test case submission store</className>
          <testName>test case submission store › mutations set the id of the project being copied to </testName>
          <skipped>false</skipped>
          <failedSince>0</failedSince>
        </case>
        <case>
          <duration>0.006</duration>
          <className>nui.test case submission store</className>
          <testName>test case submission store › mutations should clear the test case submission </testName>
          <skipped>false</skipped>
          <failedSince>0</failedSince>
        </case>
      </cases>
    </suite>
    <suite>
      <file>/tmp/jenkins-e606f5ec/workspace/nloop_main/junits/nui-unit-tests.xml</file>
      <name>ParameterExtendedRange</name>
      <duration>15.35</duration>
      <timestamp>2022-10-04T19:44:30</timestamp>
      <time>15.35</time>
      <nodeId>630</nodeId>
      <enclosingBlocks>
        <string>629</string>
      </enclosingBlocks>
      <enclosingBlockNames>
        <string>Declarative: Post Actions</string>
      </enclosingBlockNames>
      <cases>
        <case>
          <duration>0.97</duration>
          <className>nui.ParameterExtendedRange</className>
          <testName>ParameterExtendedRange exists</testName>
          <skipped>false</skipped>
          <failedSince>0</failedSince>
        </case>
        <case>
          <duration>0.388</duration>
          <className>nui.ParameterExtendedRange</className>
          <testName>ParameterExtendedRange › computed › given read only is false should return a min and max value based on the parameter type</testName>
          <skipped>false</skipped>
          <failedSince>0</failedSince>
        </case>
        <case>
          <duration>0.449</duration>
          <className>nui.ParameterExtendedRange</className>
          <testName>ParameterExtendedRange › computed › given read only is false should change the active parameter type when the continous or discrete buttons are clicked</testName>
          <skipped>false</skipped>
          <failedSince>0</failedSince>
        </case>
        <case>
          <duration>0.205</duration>
          <className>nui.ParameterExtendedRange</className>
          <testName>ParameterExtendedRange › computed › given read only is false › when parameter type is continuous should show the continuous element and hide the discrete elements</testName>
          <skipped>false</skipped>
          <failedSince>0</failedSince>
        </case>
        <case>
          <duration>0.192</duration>
          <className>nui.ParameterExtendedRange</className>
          <testName>ParameterExtendedRange › computed › given read only is false › when parameter type is continuous should show the continous and discrete buttons</testName>
          <skipped>false</skipped>
          <failedSince>0</failedSince>
        </case>
        <case>
          <duration>0.149</duration>
          <className>nui.ParameterExtendedRange</className>
          <testName>ParameterExtendedRange › computed › given read only is false › when parameter type is discrete should show the discrete elements and hide the continuous </testName>
          <skipped>false</skipped>
          <failedSince>0</failedSince>
        </case>
        <case>
          <duration>0.137</duration>
          <className>nui.ParameterExtendedRange</className>
          <testName>ParameterExtendedRange › computed › given read only is false › when parameter type is discrete should show the continous and discrete buttons </testName>
          <skipped>false</skipped>
          <failedSince>0</failedSince>
        </case>
        <case>
          <duration>0.721</duration>
          <className>nui.ParameterExtendedRange</className>
          <testName>ParameterExtendedRange › computed › given read only is false › when parameter type is discrete should add discrete values when the icon is clicked</testName>
          <skipped>false</skipped>
          <failedSince>0</failedSince>
        </case>
        <case>
          <duration>0.734</duration>
          <className>nui.ParameterExtendedRange</className>
          <testName>ParameterExtendedRange › computed › given read only is false › when parameter type is discrete should add discrete values when enter is pressed</testName>
          <skipped>false</skipped>
          <failedSince>0</failedSince>
        </case>
        <case>
          <duration>0.102</duration>
          <className>nui.ParameterExtendedRange</className>
          <testName>ParameterExtendedRange › computed › given read only is true should return a min and max value based on the parameter range</testName>
          <skipped>false</skipped>
          <failedSince>0</failedSince>
        </case>
        <case>
          <duration>0.15</duration>
          <className>nui.ParameterExtendedRange</className>
          <testName>ParameterExtendedRange › computed › given read only is true › when parameter type is continuous should show the continuous element and hide the discrete elements</testName>
          <skipped>false</skipped>
          <failedSince>0</failedSince>
        </case>
        <case>
          <duration>0.162</duration>
          <className>nui.ParameterExtendedRange</className>
          <testName>ParameterExtendedRange › computed › given read only is true › when parameter type is continuous should show the continous button and hide the discrete button</testName>
          <skipped>false</skipped>
          <failedSince>0</failedSince>
        </case>
        <case>
          <duration>0.091</duration>
          <className>nui.ParameterExtendedRange</className>
          <testName>ParameterExtendedRange › computed › given read only is true › when parameter type is discrete should show the discrete elements, hide the add discrete button, and hide the continuous </testName>
          <skipped>false</skipped>
          <failedSince>0</failedSince>
        </case>
        <case>
          <duration>0.25</duration>
          <className>nui.ParameterExtendedRange</className>
          <testName>ParameterExtendedRange › computed › given read only is true › when parameter type is discrete should hide the continous and show the discrete button </testName>
          <skipped>false</skipped>
          <failedSince>0</failedSince>
        </case>
        <case>
          <duration>0.28</duration>
          <className>nui.ParameterExtendedRange</className>
          <testName>ParameterExtendedRange › computed › given read only is true › when parameter type is discrete should display constant on the discrete button if there is only one value</testName>
          <skipped>false</skipped>
          <failedSince>0</failedSince>
        </case>
        <case>
          <duration>0.131</duration>
          <className>nui.ParameterExtendedRange</className>
          <testName>ParameterExtendedRange › computed › given read only is true › when parameter value is a number then I expect to get a concrete value</testName>
          <skipped>false</skipped>
          <failedSince>0</failedSince>
        </case>
        <case>
          <duration>0.14</duration>
          <className>nui.ParameterExtendedRange</className>
          <testName>ParameterExtendedRange › computed › given read only is true › when parameter value is an array with a single number then I expect concrete value to return null</testName>
          <skipped>false</skipped>
          <failedSince>0</failedSince>
        </case>
        <case>
          <duration>0.009</duration>
          <className>nui.ParameterExtendedRange</className>
          <testName>ParameterExtendedRange › methods should set the active parameter type</testName>
          <skipped>false</skipped>
          <failedSince>0</failedSince>
        </case>
        <case>
          <duration>0.004</duration>
          <className>nui.ParameterExtendedRange</className>
          <testName>ParameterExtendedRange › methods should add a discrete number to the list of discrete values</testName>
          <skipped>false</skipped>
          <failedSince>0</failedSince>
        </case>
        <case>
          <duration>0.015</duration>
          <className>nui.ParameterExtendedRange</className>
          <testName>ParameterExtendedRange › methods should remove a discrete value from the list </testName>
          <skipped>false</skipped>
          <failedSince>0</failedSince>
        </case>
        <case>
          <duration>0.002</duration>
          <className>nui.ParameterExtendedRange</className>
          <testName>ParameterExtendedRange › methods should clear the form validation </testName>
          <skipped>false</skipped>
          <failedSince>0</failedSince>
        </case>
        <case>
          <duration>0.106</duration>
          <className>nui.ParameterExtendedRange</className>
          <testName>ParameterExtendedRange › created › given there are no new test case parameters › when a parameter has no range should default the parameter type to continuous</testName>
          <skipped>false</skipped>
          <failedSince>0</failedSince>
        </case>
        <case>
          <duration>0.206</duration>
          <className>nui.ParameterExtendedRange</className>
          <testName>ParameterExtendedRange › created › given there are new test case parameters › when the parameter value is a list  should set the parameter type as discrete and set the discrete value list</testName>
          <skipped>false</skipped>
          <failedSince>0</failedSince>
        </case>
        <case>
          <duration>0.129</duration>
          <className>nui.ParameterExtendedRange</className>
          <testName>ParameterExtendedRange › created › given there are new test case parameters › when the parameter value is not a list should set the parameter type as continuous</testName>
          <skipped>false</skipped>
          <failedSince>0</failedSince>
        </case>
        <case>
          <duration>0.122</duration>
          <className>nui.ParameterExtendedRange</className>
          <testName>ParameterExtendedRange › created › given read only is false and copy test case is true › when new test case parameters exist already set the active parameter type as discrete and set the discrete value list </testName>
          <skipped>false</skipped>
          <failedSince>0</failedSince>
        </case>
        <case>
          <duration>0.131</duration>
          <className>nui.ParameterExtendedRange</className>
          <testName>ParameterExtendedRange › created › given read only is true and parameter type is discrete should set the active parameter type as discrete</testName>
          <skipped>false</skipped>
          <failedSince>0</failedSince>
        </case>
        <case>
          <duration>0.118</duration>
          <className>nui.ParameterExtendedRange</className>
          <testName>ParameterExtendedRange › destroyed › given read only is false should clear the parameter values set in the store</testName>
          <skipped>false</skipped>
          <failedSince>0</failedSince>
        </case>
      </cases>
    </suite>
    <suite>
      <file>/tmp/jenkins-e606f5ec/workspace/nloop_main/junits/nui-unit-tests.xml</file>
      <name>ArtifactSetDetailsTable</name>
      <duration>86.405</duration>
      <timestamp>2022-10-04T19:44:46</timestamp>
      <time>86.405</time>
      <nodeId>630</nodeId>
      <enclosingBlocks>
        <string>629</string>
      </enclosingBlocks>
      <enclosingBlockNames>
        <string>Declarative: Post Actions</string>
      </enclosingBlockNames>
      <cases>
        <case>
          <duration>4.476</duration>
          <className>nui.ArtifactSetDetailsTable</className>
          <testName>ArtifactSetDetailsTable renders the correct number of rows for a given set of items</testName>
          <skipped>false</skipped>
          <failedSince>0</failedSince>
        </case>
        <case>
          <duration>1.93</duration>
          <className>nui.ArtifactSetDetailsTable</className>
          <testName>ArtifactSetDetailsTable renders the colors and links correctly for items</testName>
          <skipped>false</skipped>
          <failedSince>0</failedSince>
        </case>
        <case>
          <duration>2.576</duration>
          <className>nui.ArtifactSetDetailsTable</className>
          <testName>ArtifactSetDetailsTable renders a single value for each column in each row</testName>
          <skipped>false</skipped>
          <failedSince>0</failedSince>
        </case>
        <case>
          <duration>0.001</duration>
          <className>nui.ArtifactSetDetailsTable</className>
          <testName>ArtifactSetDetailsTable replaces link</testName>
          <skipped>false</skipped>
          <failedSince>0</failedSince>
        </case>
        <case>
          <duration>5.015</duration>
          <className>nui.ArtifactSetDetailsTable</className>
          <testName>ArtifactSetDetailsTable includes an action column if the table is in edit mode</testName>
          <skipped>false</skipped>
          <failedSince>0</failedSince>
        </case>
        <case>
          <duration>8.762</duration>
          <className>nui.ArtifactSetDetailsTable</className>
          <testName>ArtifactSetDetailsTable › manage buttons cancels changes made to item after confirmation</testName>
          <skipped>false</skipped>
          <failedSince>0</failedSince>
        </case>
        <case>
          <duration>6.632</duration>
          <className>nui.ArtifactSetDetailsTable</className>
          <testName>ArtifactSetDetailsTable › manage buttons keeps changes made to item after choosing to continue editing</testName>
          <skipped>false</skipped>
          <failedSince>0</failedSince>
        </case>
        <case>
          <duration>5.77</duration>
          <className>nui.ArtifactSetDetailsTable</className>
          <testName>ArtifactSetDetailsTable › manage buttons include a save, cancel, and delete button when editing a row</testName>
          <skipped>false</skipped>
          <failedSince>0</failedSince>
        </case>
        <case>
          <duration>5.343</duration>
          <className>nui.ArtifactSetDetailsTable</className>
          <testName>ArtifactSetDetailsTable › manage buttons include an edit and delete, but neither save nor cancel button when not editing a row</testName>
          <skipped>false</skipped>
          <failedSince>0</failedSince>
        </case>
        <case>
          <duration>8.101</duration>
          <className>nui.ArtifactSetDetailsTable</className>
          <testName>ArtifactSetDetailsTable › manage buttons when editing a row and having clicked the cancel button, show a confirmation modal</testName>
          <skipped>false</skipped>
          <failedSince>0</failedSince>
        </case>
        <case>
          <duration>8.486</duration>
          <className>nui.ArtifactSetDetailsTable</className>
          <testName>ArtifactSetDetailsTable › manage buttons upon clicking the delete button, show a confirmation modal</testName>
          <skipped>false</skipped>
          <failedSince>0</failedSince>
        </case>
        <case>
          <duration>7.758</duration>
          <className>nui.ArtifactSetDetailsTable</className>
          <testName>ArtifactSetDetailsTable › manage buttons turns off edit mode mode when confirming cancel</testName>
          <skipped>false</skipped>
          <failedSince>0</failedSince>
        </case>
        <case>
          <duration>1.632</duration>
          <className>nui.ArtifactSetDetailsTable</className>
          <testName>ArtifactSetDetailsTable › filters › when the header type is text or computed then I expect a search icon to be available</testName>
          <skipped>false</skipped>
          <failedSince>0</failedSince>
        </case>
        <case>
          <duration>4.019</duration>
          <className>nui.ArtifactSetDetailsTable</className>
          <testName>ArtifactSetDetailsTable › filters › when the header type is text or computed then I expect to open the menu and enter a search string</testName>
          <skipped>false</skipped>
          <failedSince>0</failedSince>
        </case>
        <case>
          <duration>2.076</duration>
          <className>nui.ArtifactSetDetailsTable</className>
          <testName>ArtifactSetDetailsTable › filters › when the column type is enum or boolean then I expect the filter icon to be available</testName>
          <skipped>false</skipped>
          <failedSince>0</failedSince>
        </case>
        <case>
          <duration>2.176</duration>
          <className>nui.ArtifactSetDetailsTable</className>
          <testName>ArtifactSetDetailsTable › filters › when the column type is enum or boolean should filter the list if the combox box is clicked </testName>
          <skipped>false</skipped>
          <failedSince>0</failedSince>
        </case>
        <case>
          <duration>2.221</duration>
          <className>nui.ArtifactSetDetailsTable</className>
          <testName>ArtifactSetDetailsTable › filters › when the header type is int, uint, or double then I expect the filter icon to be available</testName>
          <skipped>false</skipped>
          <failedSince>0</failedSince>
        </case>
        <case>
          <duration>3.09</duration>
          <className>nui.ArtifactSetDetailsTable</className>
          <testName>ArtifactSetDetailsTable › filters › when the header type is int, uint, or double then I expect to be able to enter values for filtering</testName>
          <skipped>false</skipped>
          <failedSince>0</failedSince>
        </case>
        <case>
          <duration>2.681</duration>
          <className>nui.ArtifactSetDetailsTable</className>
          <testName>ArtifactSetDetailsTable › filters › when the header type is int, uint, or double then I expect to be able to enter a range values for filtering</testName>
          <skipped>false</skipped>
          <failedSince>0</failedSince>
        </case>
      </cases>
    </suite>
    <suite>
      <file>/tmp/jenkins-e606f5ec/workspace/nloop_main/junits/nui-unit-tests.xml</file>
      <name>CreateQueryModal</name>
      <duration>118.508</duration>
      <timestamp>2022-10-04T19:44:25</timestamp>
      <time>118.508</time>
      <nodeId>630</nodeId>
      <enclosingBlocks>
        <string>629</string>
      </enclosingBlocks>
      <enclosingBlockNames>
        <string>Declarative: Post Actions</string>
      </enclosingBlockNames>
      <cases>
        <case>
          <duration>1.251</duration>
          <className>nui.CreateQueryModal</className>
          <testName>CreateQueryModal mounts</testName>
          <skipped>false</skipped>
          <failedSince>0</failedSince>
        </case>
        <case>
          <duration>3.415</duration>
          <className>nui.CreateQueryModal</className>
          <testName>CreateQueryModal validates the json query form</testName>
          <skipped>false</skipped>
          <failedSince>0</failedSince>
        </case>
        <case>
          <duration>2.232</duration>
          <className>nui.CreateQueryModal</className>
          <testName>CreateQueryModal validates the POSTGRESQL query form</testName>
          <skipped>false</skipped>
          <failedSince>0</failedSince>
        </case>
        <case>
          <duration>2.364</duration>
          <className>nui.CreateQueryModal</className>
          <testName>CreateQueryModal validates the JIRA connector query form</testName>
          <skipped>false</skipped>
          <failedSince>0</failedSince>
        </case>
        <case>
          <duration>1.817</duration>
          <className>nui.CreateQueryModal</className>
          <testName>CreateQueryModal validates the static_file query form</testName>
          <skipped>false</skipped>
          <failedSince>0</failedSince>
        </case>
        <case>
          <duration>2.069</duration>
          <className>nui.CreateQueryModal</className>
          <testName>CreateQueryModal › invalidates the form › shared fields invalidates the form when name field is missing</testName>
          <skipped>false</skipped>
          <failedSince>0</failedSince>
        </case>
        <case>
          <duration>2.626</duration>
          <className>nui.CreateQueryModal</className>
          <testName>CreateQueryModal › invalidates the form › shared fields invalidates the form when name field is already in use</testName>
          <skipped>false</skipped>
          <failedSince>0</failedSince>
        </case>
        <case>
          <duration>1.789</duration>
          <className>nui.CreateQueryModal</className>
          <testName>CreateQueryModal › invalidates the form › shared fields invalidates the form when poll rate field is missing</testName>
          <skipped>false</skipped>
          <failedSince>0</failedSince>
        </case>
        <case>
          <duration>2.491</duration>
          <className>nui.CreateQueryModal</className>
          <testName>CreateQueryModal › invalidates the form › shared fields invalidates the form when poll rate field is negative</testName>
          <skipped>false</skipped>
          <failedSince>0</failedSince>
        </case>
        <case>
          <duration>2.833</duration>
          <className>nui.CreateQueryModal</className>
          <testName>CreateQueryModal › invalidates the form › shared fields invalidates the form when series start time is missing</testName>
          <skipped>false</skipped>
          <failedSince>0</failedSince>
        </case>
        <case>
          <duration>3.081</duration>
          <className>nui.CreateQueryModal</className>
          <testName>CreateQueryModal › invalidates the form › shared fields invalidates the form when series query-tags is missing</testName>
          <skipped>false</skipped>
          <failedSince>0</failedSince>
        </case>
        <case>
          <duration>2.26</duration>
          <className>nui.CreateQueryModal</className>
          <testName>CreateQueryModal › invalidates the form › shared fields invalidates the form when series query-tags are invalid JSON</testName>
          <skipped>false</skipped>
          <failedSince>0</failedSince>
        </case>
        <case>
          <duration>2.944</duration>
          <className>nui.CreateQueryModal</className>
          <testName>CreateQueryModal › invalidates the form › json specific fields invalidates the form when component version template field is missing</testName>
          <skipped>false</skipped>
          <failedSince>0</failedSince>
        </case>
        <case>
          <duration>2.623</duration>
          <className>nui.CreateQueryModal</className>
          <testName>CreateQueryModal › invalidates the form › json specific fields invalidates the form when component version template field has invalid JSON</testName>
          <skipped>false</skipped>
          <failedSince>0</failedSince>
        </case>
        <case>
          <duration>2.487</duration>
          <className>nui.CreateQueryModal</className>
          <testName>CreateQueryModal › invalidates the form › json specific fields invalidates the form when input paramaters field is missing</testName>
          <skipped>false</skipped>
          <failedSince>0</failedSince>
        </case>
        <case>
          <duration>3.136</duration>
          <className>nui.CreateQueryModal</className>
          <testName>CreateQueryModal › invalidates the form › json specific fields invalidates the form when input paramaters has invalid JSON</testName>
          <skipped>false</skipped>
          <failedSince>0</failedSince>
        </case>
        <case>
          <duration>4.655</duration>
          <className>nui.CreateQueryModal</className>
          <testName>CreateQueryModal › invalidates the form › json specific fields displays a confirmation modal when the requested metrics would exceed the threshold</testName>
          <skipped>false</skipped>
          <failedSince>0</failedSince>
        </case>
        <case>
          <duration>3.022</duration>
          <className>nui.CreateQueryModal</className>
          <testName>CreateQueryModal › invalidates the form › POSTGRESQL specific fields invalidates the form when component version template field is missing</testName>
          <skipped>false</skipped>
          <failedSince>0</failedSince>
        </case>
        <case>
          <duration>3.21</duration>
          <className>nui.CreateQueryModal</className>
          <testName>CreateQueryModal › invalidates the form › POSTGRESQL specific fields invalidates the form when component version template field is invalid JSON</testName>
          <skipped>false</skipped>
          <failedSince>0</failedSince>
        </case>
        <case>
          <duration>3.977</duration>
          <className>nui.CreateQueryModal</className>
          <testName>CreateQueryModal › invalidates the form › POSTGRESQL specific fields invalidates the form when POSTGRESQL Template field is missing</testName>
          <skipped>false</skipped>
          <failedSince>0</failedSince>
        </case>
        <case>
          <duration>5.342</duration>
          <className>nui.CreateQueryModal</className>
          <testName>CreateQueryModal › invalidates the form › POSTGRESQL specific fields displays a confirmation modal when the requested metrics would exceed the threshold</testName>
          <skipped>false</skipped>
          <failedSince>0</failedSince>
        </case>
        <case>
          <duration>4.669</duration>
          <className>nui.CreateQueryModal</className>
          <testName>CreateQueryModal › invalidates the form › static_file specific fields invalidates the form when File is missing</testName>
          <skipped>false</skipped>
          <failedSince>0</failedSince>
        </case>
        <case>
          <duration>4.253</duration>
          <className>nui.CreateQueryModal</className>
          <testName>CreateQueryModal › invalidates the form › static_file specific fields invalidates the form when File is too big</testName>
          <skipped>false</skipped>
          <failedSince>0</failedSince>
        </case>
        <case>
          <duration>3.821</duration>
          <className>nui.CreateQueryModal</className>
          <testName>CreateQueryModal › invalidates the form › JIRA specific fields invalidates the form when component version template field is missing</testName>
          <skipped>false</skipped>
          <failedSince>0</failedSince>
        </case>
        <case>
          <duration>2.946</duration>
          <className>nui.CreateQueryModal</className>
          <testName>CreateQueryModal › invalidates the form › JIRA specific fields invalidates the form when component version template field is invalid JSON</testName>
          <skipped>false</skipped>
          <failedSince>0</failedSince>
        </case>
        <case>
          <duration>3.176</duration>
          <className>nui.CreateQueryModal</className>
          <testName>CreateQueryModal › invalidates the form › JIRA specific fields invalidates the form when JQL template field is missing</testName>
          <skipped>false</skipped>
          <failedSince>0</failedSince>
        </case>
        <case>
          <duration>3.139</duration>
          <className>nui.CreateQueryModal</className>
          <testName>CreateQueryModal › invalidates the form › JIRA specific fields invalidates the form when JQL field map is missing</testName>
          <skipped>false</skipped>
          <failedSince>0</failedSince>
        </case>
        <case>
          <duration>7.927</duration>
          <className>nui.CreateQueryModal</className>
          <testName>CreateQueryModal parses POSTGRESQL model properties correctly when calling the store create action</testName>
          <skipped>false</skipped>
          <failedSince>0</failedSince>
        </case>
        <case>
          <duration>7.012</duration>
          <className>nui.CreateQueryModal</className>
          <testName>CreateQueryModal parses json model properties correctly when calling the store create action</testName>
          <skipped>false</skipped>
          <failedSince>0</failedSince>
        </case>
        <case>
          <duration>2.332</duration>
          <className>nui.CreateQueryModal</className>
          <testName>CreateQueryModal parses static_file model properties correctly when calling the store create action</testName>
          <skipped>false</skipped>
          <failedSince>0</failedSince>
        </case>
        <case>
          <duration>0.21</duration>
          <className>nui.CreateQueryModal</className>
          <testName>CreateQueryModal should not modify the form model when formatting input params</testName>
          <skipped>false</skipped>
          <failedSince>0</failedSince>
        </case>
        <case>
          <duration>3.103</duration>
          <className>nui.CreateQueryModal</className>
          <testName>CreateQueryModal propagates errors from the API to the user</testName>
          <skipped>false</skipped>
          <failedSince>0</failedSince>
        </case>
        <case>
          <duration>0.018</duration>
          <className>nui.CreateQueryModal</className>
          <testName>CreateQueryModal › validation rules are setup correctly should validate the poll_rate_s for input 0 to true</testName>
          <skipped>false</skipped>
          <failedSince>0</failedSince>
        </case>
        <case>
          <duration>0.001</duration>
          <className>nui.CreateQueryModal</className>
          <testName>CreateQueryModal › validation rules are setup correctly should validate the poll_rate_s for input 60 to true</testName>
          <skipped>false</skipped>
          <failedSince>0</failedSince>
        </case>
        <case>
          <duration>0.003</duration>
          <className>nui.CreateQueryModal</className>
          <testName>CreateQueryModal › validation rules are setup correctly should validate the poll_rate_s for input -1 to false</testName>
          <skipped>false</skipped>
          <failedSince>0</failedSince>
        </case>
        <case>
          <duration>0.01</duration>
          <className>nui.CreateQueryModal</className>
          <testName>CreateQueryModal › validation rules are setup correctly should validate the poll_rate_s for input 1 to false</testName>
          <skipped>false</skipped>
          <failedSince>0</failedSince>
        </case>
        <case>
          <duration>0.002</duration>
          <className>nui.CreateQueryModal</className>
          <testName>CreateQueryModal › validation rules are setup correctly should validate the poll_rate_s for input 59 to false</testName>
          <skipped>false</skipped>
          <failedSince>0</failedSince>
        </case>
      </cases>
    </suite>
    <suite>
      <file>/tmp/jenkins-e606f5ec/workspace/nloop_main/junits/nui-unit-tests.xml</file>
      <name>test platform store</name>
      <duration>4.906</duration>
      <timestamp>2022-10-04T19:46:25</timestamp>
      <time>4.906</time>
      <nodeId>630</nodeId>
      <enclosingBlocks>
        <string>629</string>
      </enclosingBlocks>
      <enclosingBlockNames>
        <string>Declarative: Post Actions</string>
      </enclosingBlockNames>
      <cases>
        <case>
          <duration>0.011</duration>
          <className>nui.test platform store</className>
          <testName>test platform store should return test case platform status</testName>
          <skipped>false</skipped>
          <failedSince>0</failedSince>
        </case>
        <case>
          <duration>0.001</duration>
          <className>nui.test platform store</className>
          <testName>test platform store › state should have default state</testName>
          <skipped>false</skipped>
          <failedSince>0</failedSince>
        </case>
        <case>
          <duration>0.002</duration>
          <className>nui.test platform store</className>
          <testName>test platform store › getters should get current test-case platform sorting option </testName>
          <skipped>false</skipped>
          <failedSince>0</failedSince>
        </case>
        <case>
          <duration>0.001</duration>
          <className>nui.test platform store</className>
          <testName>test platform store › getters should get a test platform by id</testName>
          <skipped>false</skipped>
          <failedSince>0</failedSince>
        </case>
        <case>
          <duration>0.001</duration>
          <className>nui.test platform store</className>
          <testName>test platform store › getters should get the test platform parameters</testName>
          <skipped>false</skipped>
          <failedSince>0</failedSince>
        </case>
        <case>
          <duration>0.006</duration>
          <className>nui.test platform store</className>
          <testName>test platform store › getters shoudl get the selected test platform</testName>
          <skipped>false</skipped>
          <failedSince>0</failedSince>
        </case>
        <case>
          <duration>0.004</duration>
          <className>nui.test platform store</className>
          <testName>test platform store › getters should get a list of unique spis </testName>
          <skipped>false</skipped>
          <failedSince>0</failedSince>
        </case>
        <case>
          <duration>0.005</duration>
          <className>nui.test platform store</className>
          <testName>test platform store › getters › get all test platforms should return all test platforms with full_status</testName>
          <skipped>false</skipped>
          <failedSince>0</failedSince>
        </case>
        <case>
          <duration>0.006</duration>
          <className>nui.test platform store</className>
          <testName>test platform store › getters › get all test platforms › test platforms by selected test design specification  should return no platforms if there isnt a selected tds</testName>
          <skipped>false</skipped>
          <failedSince>0</failedSince>
        </case>
        <case>
          <duration>0.002</duration>
          <className>nui.test platform store</className>
          <testName>test platform store › getters › get all test platforms › test platforms by selected test design specification  should return test platforms compatible with the selected tds</testName>
          <skipped>false</skipped>
          <failedSince>0</failedSince>
        </case>
        <case>
          <duration>0.002</duration>
          <className>nui.test platform store</className>
          <testName>test platform store › getters › get all test platforms › test platforms by selected test design specification  › if active column is test cases then should return all test platforms for all visible test cases</testName>
          <skipped>false</skipped>
          <failedSince>0</failedSince>
        </case>
        <case>
          <duration>0.001</duration>
          <className>nui.test platform store</className>
          <testName>test platform store › getters › get all test platforms › test platforms by selected test design specification  › if active column is test cases then should only return test platforms compatible with the selected test case</testName>
          <skipped>false</skipped>
          <failedSince>0</failedSince>
        </case>
        <case>
          <duration>0.002</duration>
          <className>nui.test platform store</className>
          <testName>test platform store › getters › status counts over all sut requirements should count a success if every other count is zero</testName>
          <skipped>false</skipped>
          <failedSince>0</failedSince>
        </case>
        <case>
          <duration>0.005</duration>
          <className>nui.test platform store</className>
          <testName>test platform store › getters › status counts over all sut requirements should count in progress if in progress is greater than zero with no errors or failures</testName>
          <skipped>false</skipped>
          <failedSince>0</failedSince>
        </case>
        <case>
          <duration>0.001</duration>
          <className>nui.test platform store</className>
          <testName>test platform store › getters › status counts over all sut requirements should count in progrss if there are no counts</testName>
          <skipped>false</skipped>
          <failedSince>0</failedSince>
        </case>
        <case>
          <duration>0.001</duration>
          <className>nui.test platform store</className>
          <testName>test platform store › getters › status counts over all sut requirements should count a failure if there is a failure and no errors</testName>
          <skipped>false</skipped>
          <failedSince>0</failedSince>
        </case>
        <case>
          <duration>0.001</duration>
          <className>nui.test platform store</className>
          <testName>test platform store › getters › status counts over all sut requirements should count an error if any count error is greater than 0</testName>
          <skipped>false</skipped>
          <failedSince>0</failedSince>
        </case>
        <case>
          <duration>0.002</duration>
          <className>nui.test platform store</className>
          <testName>test platform store › getters should return a list of sut requirements with status counts, test platform name, and tds name</testName>
          <skipped>false</skipped>
          <failedSince>0</failedSince>
        </case>
        <case>
          <duration>0.007</duration>
          <className>nui.test platform store</className>
          <testName>test platform store › getters should filter the list of sut requirements if a filter is active</testName>
          <skipped>false</skipped>
          <failedSince>0</failedSince>
        </case>
        <case>
          <duration>0.004</duration>
          <className>nui.test platform store</className>
          <testName>test platform store › actions should set current test case platform sorting option</testName>
          <skipped>false</skipped>
          <failedSince>0</failedSince>
        </case>
        <case>
          <duration>0.048</duration>
          <className>nui.test platform store</className>
          <testName>test platform store › actions should set the selected test platform</testName>
          <skipped>false</skipped>
          <failedSince>0</failedSince>
        </case>
        <case>
          <duration>0.001</duration>
          <className>nui.test platform store</className>
          <testName>test platform store › actions should set the selected test platform and clear the selected test case if it isnt connected to that platform</testName>
          <skipped>false</skipped>
          <failedSince>0</failedSince>
        </case>
        <case>
          <duration>0.004</duration>
          <className>nui.test platform store</className>
          <testName>test platform store › actions should clear the selected test platform</testName>
          <skipped>false</skipped>
          <failedSince>0</failedSince>
        </case>
        <case>
          <duration>0.002</duration>
          <className>nui.test platform store</className>
          <testName>test platform store › actions should get all test platforms</testName>
          <skipped>false</skipped>
          <failedSince>0</failedSince>
        </case>
        <case>
          <duration>0.001</duration>
          <className>nui.test platform store</className>
          <testName>test platform store › mutations should set the test platforms and test platform parameters into the state</testName>
          <skipped>false</skipped>
          <failedSince>0</failedSince>
        </case>
      </cases>
    </suite>
    <suite>
      <file>/tmp/jenkins-e606f5ec/workspace/nloop_main/junits/nui-unit-tests.xml</file>
      <name>TabularArtifactSetDetails</name>
      <duration>146.64</duration>
      <timestamp>2022-10-04T19:44:13</timestamp>
      <time>146.64</time>
      <nodeId>630</nodeId>
      <enclosingBlocks>
        <string>629</string>
      </enclosingBlocks>
      <enclosingBlockNames>
        <string>Declarative: Post Actions</string>
      </enclosingBlockNames>
      <cases>
        <case>
          <duration>1.311</duration>
          <className>nui.TabularArtifactSetDetails</className>
          <testName>TabularArtifactSetDetails › component tests › view mode loads view mode by default</testName>
          <skipped>false</skipped>
          <failedSince>0</failedSince>
        </case>
        <case>
          <duration>2.057</duration>
          <className>nui.TabularArtifactSetDetails</className>
          <testName>TabularArtifactSetDetails › component tests › view mode displays manage buttons if permission exists</testName>
          <skipped>false</skipped>
          <failedSince>0</failedSince>
        </case>
        <case>
          <duration>0.498</duration>
          <className>nui.TabularArtifactSetDetails</className>
          <testName>TabularArtifactSetDetails › component tests › view mode does not display manage buttons if permission does not exists</testName>
          <skipped>false</skipped>
          <failedSince>0</failedSince>
        </case>
        <case>
          <duration>0.775</duration>
          <className>nui.TabularArtifactSetDetails</className>
          <testName>TabularArtifactSetDetails › component tests › view mode displays edit info button if permission exists</testName>
          <skipped>false</skipped>
          <failedSince>0</failedSince>
        </case>
        <case>
          <duration>0.824</duration>
          <className>nui.TabularArtifactSetDetails</className>
          <testName>TabularArtifactSetDetails › component tests › view mode does not display edit info button if permission does not exist</testName>
          <skipped>false</skipped>
          <failedSince>0</failedSince>
        </case>
        <case>
          <duration>0.326</duration>
          <className>nui.TabularArtifactSetDetails</className>
          <testName>TabularArtifactSetDetails › component tests › view mode › when manageSetsAllowed is true then it should show the import artifact sets version button </testName>
          <skipped>false</skipped>
          <failedSince>0</failedSince>
        </case>
        <case>
          <duration>0.396</duration>
          <className>nui.TabularArtifactSetDetails</className>
          <testName>TabularArtifactSetDetails › component tests › view mode › when manageSetsAllowed is false then it should hide the import artifact sets version button</testName>
          <skipped>false</skipped>
          <failedSince>0</failedSince>
        </case>
        <case>
          <duration>0.368</duration>
          <className>nui.TabularArtifactSetDetails</className>
          <testName>TabularArtifactSetDetails › computed creates headers array</testName>
          <skipped>false</skipped>
          <failedSince>0</failedSince>
        </case>
        <case>
          <duration>0.41</duration>
          <className>nui.TabularArtifactSetDetails</className>
          <testName>TabularArtifactSetDetails › computed creates headers array based off an edited artifact view</testName>
          <skipped>false</skipped>
          <failedSince>0</failedSince>
        </case>
        <case>
          <duration>0.387</duration>
          <className>nui.TabularArtifactSetDetails</className>
          <testName>TabularArtifactSetDetails › computed artifactSet provides the artifact set</testName>
          <skipped>false</skipped>
          <failedSince>0</failedSince>
        </case>
        <case>
          <duration>0.495</duration>
          <className>nui.TabularArtifactSetDetails</className>
          <testName>TabularArtifactSetDetails › computed artifactDomain provides the artifact domain</testName>
          <skipped>false</skipped>
          <failedSince>0</failedSince>
        </case>
        <case>
          <duration>0.593</duration>
          <className>nui.TabularArtifactSetDetails</className>
          <testName>TabularArtifactSetDetails › computed › manageSetsAllowed manageSetsAllowed provides false when no manage artifact permission</testName>
          <skipped>false</skipped>
          <failedSince>0</failedSince>
        </case>
        <case>
          <duration>0.408</duration>
          <className>nui.TabularArtifactSetDetails</className>
          <testName>TabularArtifactSetDetails › computed › manageSetsAllowed manageSetsAllowed provides true when user has manage artifact permission</testName>
          <skipped>false</skipped>
          <failedSince>0</failedSince>
        </case>
        <case>
          <duration>0.416</duration>
          <className>nui.TabularArtifactSetDetails</className>
          <testName>TabularArtifactSetDetails › computed provides the name of the artifact set</testName>
          <skipped>false</skipped>
          <failedSince>0</failedSince>
        </case>
        <case>
          <duration>0.409</duration>
          <className>nui.TabularArtifactSetDetails</className>
          <testName>TabularArtifactSetDetails › computed creates a list of version names for validation</testName>
          <skipped>false</skipped>
          <failedSince>0</failedSince>
        </case>
        <case>
          <duration>0.802</duration>
          <className>nui.TabularArtifactSetDetails</className>
          <testName>TabularArtifactSetDetails › goToArtifactSets should go to the artifact set page route for the right domain</testName>
          <skipped>false</skipped>
          <failedSince>0</failedSince>
        </case>
        <case>
          <duration>0.347</duration>
          <className>nui.TabularArtifactSetDetails</className>
          <testName>TabularArtifactSetDetails should update the route with the active version</testName>
          <skipped>false</skipped>
          <failedSince>0</failedSince>
        </case>
        <case>
          <duration>0.616</duration>
          <className>nui.TabularArtifactSetDetails</className>
          <testName>TabularArtifactSetDetails should download the artifact set version to a file</testName>
          <skipped>false</skipped>
          <failedSince>0</failedSince>
        </case>
        <case>
          <duration>0.412</duration>
          <className>nui.TabularArtifactSetDetails</className>
          <testName>TabularArtifactSetDetails should gets items for the imported version when handling success</testName>
          <skipped>false</skipped>
          <failedSince>0</failedSince>
        </case>
        <case>
          <duration>0.562</duration>
          <className>nui.TabularArtifactSetDetails</className>
          <testName>TabularArtifactSetDetails › initializeData should initialize information needed to load the page</testName>
          <skipped>false</skipped>
          <failedSince>0</failedSince>
        </case>
        <case>
          <duration>1.001</duration>
          <className>nui.TabularArtifactSetDetails</className>
          <testName>TabularArtifactSetDetails › drafts creates a new draft version if no draft exists</testName>
          <skipped>false</skipped>
          <failedSince>0</failedSince>
        </case>
        <case>
          <duration>0.898</duration>
          <className>nui.TabularArtifactSetDetails</className>
          <testName>TabularArtifactSetDetails › drafts handles an error when creating a draft</testName>
          <skipped>false</skipped>
          <failedSince>0</failedSince>
        </case>
        <case>
          <duration>1.076</duration>
          <className>nui.TabularArtifactSetDetails</className>
          <testName>TabularArtifactSetDetails › drafts calls the ArtifactSetEditExistingDraftModal activator if a draft does exist</testName>
          <skipped>false</skipped>
          <failedSince>0</failedSince>
        </case>
        <case>
          <duration>1.484</duration>
          <className>nui.TabularArtifactSetDetails</className>
          <testName>TabularArtifactSetDetails › drafts binds the delete handler to ArtifactSetEditExistingDraftModal</testName>
          <skipped>false</skipped>
          <failedSince>0</failedSince>
        </case>
        <case>
          <duration>0.935</duration>
          <className>nui.TabularArtifactSetDetails</className>
          <testName>TabularArtifactSetDetails › drafts binds the edit handler to ArtifactSetEditExistingDraftModal</testName>
          <skipped>false</skipped>
          <failedSince>0</failedSince>
        </case>
        <case>
          <duration>0.776</duration>
          <className>nui.TabularArtifactSetDetails</className>
          <testName>TabularArtifactSetDetails › drafts gets all set versions when a new version is published</testName>
          <skipped>false</skipped>
          <failedSince>0</failedSince>
        </case>
        <case>
          <duration>7.655</duration>
          <className>nui.TabularArtifactSetDetails</className>
          <testName>TabularArtifactSetDetails › drafts › table edit mode › edit artifact item row allows the user to edit column values for a row under edit</testName>
          <skipped>false</skipped>
          <failedSince>0</failedSince>
        </case>
        <case>
          <duration>5.846</duration>
          <className>nui.TabularArtifactSetDetails</className>
          <testName>TabularArtifactSetDetails › drafts › table edit mode › edit artifact item row disables action buttons while editing an individual row</testName>
          <skipped>false</skipped>
          <failedSince>0</failedSince>
        </case>
        <case>
          <duration>4.116</duration>
          <className>nui.TabularArtifactSetDetails</className>
          <testName>TabularArtifactSetDetails › drafts › table edit mode › edit artifact item row when not editing user does not get confirm prompt</testName>
          <skipped>false</skipped>
          <failedSince>0</failedSince>
        </case>
        <case>
          <duration>6.037</duration>
          <className>nui.TabularArtifactSetDetails</className>
          <testName>TabularArtifactSetDetails › drafts › table edit mode › edit artifact item row when editing user can stop accidental navigation</testName>
          <skipped>false</skipped>
          <failedSince>0</failedSince>
        </case>
        <case>
          <duration>6.213</duration>
          <className>nui.TabularArtifactSetDetails</className>
          <testName>TabularArtifactSetDetails › drafts › table edit mode › edit artifact item row when editing user can be warned but continue navigation</testName>
          <skipped>false</skipped>
          <failedSince>0</failedSince>
        </case>
        <case>
          <duration>4.464</duration>
          <className>nui.TabularArtifactSetDetails</className>
          <testName>TabularArtifactSetDetails › drafts › table edit mode › edit artifact item row beforeunload triggers confirmation prompt when having unsaved edit changes</testName>
          <skipped>false</skipped>
          <failedSince>0</failedSince>
        </case>
        <case>
          <duration>7.084</duration>
          <className>nui.TabularArtifactSetDetails</className>
          <testName>TabularArtifactSetDetails › drafts › table edit mode › edit artifact item row validates the row when an edit field is blurred</testName>
          <skipped>false</skipped>
          <failedSince>0</failedSince>
        </case>
        <case>
          <duration>5.758</duration>
          <className>nui.TabularArtifactSetDetails</className>
          <testName>TabularArtifactSetDetails › drafts › table edit mode › edit artifact item row shows a validation error for every invalid column</testName>
          <skipped>false</skipped>
          <failedSince>0</failedSince>
        </case>
        <case>
          <duration>6.574</duration>
          <className>nui.TabularArtifactSetDetails</className>
          <testName>TabularArtifactSetDetails › drafts › table edit mode › edit artifact item row updates the item under edit</testName>
          <skipped>false</skipped>
          <failedSince>0</failedSince>
        </case>
        <case>
          <duration>5.063</duration>
          <className>nui.TabularArtifactSetDetails</className>
          <testName>TabularArtifactSetDetails › drafts › table edit mode › edit artifact item row handles an error while saving a row</testName>
          <skipped>false</skipped>
          <failedSince>0</failedSince>
        </case>
        <case>
          <duration>6.595</duration>
          <className>nui.TabularArtifactSetDetails</className>
          <testName>TabularArtifactSetDetails › drafts › table edit mode › create artifact item row creates a new set item</testName>
          <skipped>false</skipped>
          <failedSince>0</failedSince>
        </case>
        <case>
          <duration>4.299</duration>
          <className>nui.TabularArtifactSetDetails</className>
          <testName>TabularArtifactSetDetails › drafts › table edit mode › create artifact item row handles an error while adding a row</testName>
          <skipped>false</skipped>
          <failedSince>0</failedSince>
        </case>
        <case>
          <duration>4.936</duration>
          <className>nui.TabularArtifactSetDetails</className>
          <testName>TabularArtifactSetDetails › drafts › table edit mode › delete artifact item row deletes item after confirmation</testName>
          <skipped>false</skipped>
          <failedSince>0</failedSince>
        </case>
        <case>
          <duration>7.632</duration>
          <className>nui.TabularArtifactSetDetails</className>
          <testName>TabularArtifactSetDetails › drafts › table edit mode › delete artifact item row deletes newly added item after confirmation</testName>
          <skipped>false</skipped>
          <failedSince>0</failedSince>
        </case>
        <case>
          <duration>5.652</duration>
          <className>nui.TabularArtifactSetDetails</className>
          <testName>TabularArtifactSetDetails › drafts › table edit mode › delete artifact item row cancels delete item after cancel confirmed</testName>
          <skipped>false</skipped>
          <failedSince>0</failedSince>
        </case>
        <case>
          <duration>7.77</duration>
          <className>nui.TabularArtifactSetDetails</className>
          <testName>TabularArtifactSetDetails › drafts › table edit mode › cancel changes to artifact item row cancels changes made to item after confirmation</testName>
          <skipped>false</skipped>
          <failedSince>0</failedSince>
        </case>
        <case>
          <duration>1.21</duration>
          <className>nui.TabularArtifactSetDetails</className>
          <testName>TabularArtifactSetDetails › update set details opens edit modal when edit info button is clicked</testName>
          <skipped>false</skipped>
          <failedSince>0</failedSince>
        </case>
        <case>
          <duration>0.391</duration>
          <className>nui.TabularArtifactSetDetails</className>
          <testName>TabularArtifactSetDetails › views renders the columns configured in the view</testName>
          <skipped>false</skipped>
          <failedSince>0</failedSince>
        </case>
      </cases>
    </suite>
    <suite>
      <file>/tmp/jenkins-e606f5ec/workspace/nloop_main/junits/nui-unit-tests.xml</file>
      <name>TimeRangeFilterModal</name>
      <duration>40.043</duration>
      <timestamp>2022-10-04T19:46:14</timestamp>
      <time>40.043</time>
      <nodeId>630</nodeId>
      <enclosingBlocks>
        <string>629</string>
      </enclosingBlocks>
      <enclosingBlockNames>
        <string>Declarative: Post Actions</string>
      </enclosingBlockNames>
      <cases>
        <case>
          <duration>0.189</duration>
          <className>nui.TimeRangeFilterModal</className>
          <testName>TimeRangeFilterModal exists</testName>
          <skipped>false</skipped>
          <failedSince>0</failedSince>
        </case>
        <case>
          <duration>3.106</duration>
          <className>nui.TimeRangeFilterModal</className>
          <testName>TimeRangeFilterModal mounts modal elements for fixed time range</testName>
          <skipped>false</skipped>
          <failedSince>0</failedSince>
        </case>
        <case>
          <duration>1.558</duration>
          <className>nui.TimeRangeFilterModal</className>
          <testName>TimeRangeFilterModal mounts modal elements for relative time range</testName>
          <skipped>false</skipped>
          <failedSince>0</failedSince>
        </case>
        <case>
          <duration>2.086</duration>
          <className>nui.TimeRangeFilterModal</className>
          <testName>TimeRangeFilterModal should not let user fast forward past current time</testName>
          <skipped>false</skipped>
          <failedSince>0</failedSince>
        </case>
        <case>
          <duration>1.25</duration>
          <className>nui.TimeRangeFilterModal</className>
          <testName>TimeRangeFilterModal should not let user rewind past the year 1900</testName>
          <skipped>false</skipped>
          <failedSince>0</failedSince>
        </case>
        <case>
          <duration>1.557</duration>
          <className>nui.TimeRangeFilterModal</className>
          <testName>TimeRangeFilterModal moves set window with fast forward btn</testName>
          <skipped>false</skipped>
          <failedSince>0</failedSince>
        </case>
        <case>
          <duration>3.484</duration>
          <className>nui.TimeRangeFilterModal</className>
          <testName>TimeRangeFilterModal moves set window with rewind btn</testName>
          <skipped>false</skipped>
          <failedSince>0</failedSince>
        </case>
        <case>
          <duration>1.529</duration>
          <className>nui.TimeRangeFilterModal</className>
          <testName>TimeRangeFilterModal › validates fields for fixed time is valid</testName>
          <skipped>false</skipped>
          <failedSince>0</failedSince>
        </case>
        <case>
          <duration>1.321</duration>
          <className>nui.TimeRangeFilterModal</className>
          <testName>TimeRangeFilterModal › validates fields for fixed time invalidates start time field by setting it past the end time</testName>
          <skipped>false</skipped>
          <failedSince>0</failedSince>
        </case>
        <case>
          <duration>1.764</duration>
          <className>nui.TimeRangeFilterModal</className>
          <testName>TimeRangeFilterModal › validates fields for fixed time invalidates start time field by setting it before the year 1900</testName>
          <skipped>false</skipped>
          <failedSince>0</failedSince>
        </case>
        <case>
          <duration>1.401</duration>
          <className>nui.TimeRangeFilterModal</className>
          <testName>TimeRangeFilterModal › validates fields for fixed time invalidates end field by setting it past the current time</testName>
          <skipped>false</skipped>
          <failedSince>0</failedSince>
        </case>
        <case>
          <duration>1.54</duration>
          <className>nui.TimeRangeFilterModal</className>
          <testName>TimeRangeFilterModal › validates fields for fixed time invalidates end field by setting it before the current time</testName>
          <skipped>false</skipped>
          <failedSince>0</failedSince>
        </case>
        <case>
          <duration>1.626</duration>
          <className>nui.TimeRangeFilterModal</className>
          <testName>TimeRangeFilterModal › validates fields for fixed time invalidates end and start field by setting them equal to each other</testName>
          <skipped>false</skipped>
          <failedSince>0</failedSince>
        </case>
        <case>
          <duration>1.525</duration>
          <className>nui.TimeRangeFilterModal</className>
          <testName>TimeRangeFilterModal › validates fields for fixed time invalidates end and start field by setting them equal to each other</testName>
          <skipped>false</skipped>
          <failedSince>0</failedSince>
        </case>
        <case>
          <duration>1.094</duration>
          <className>nui.TimeRangeFilterModal</className>
          <testName>TimeRangeFilterModal › validates fields for fixed time invalidates relative past time with decimal value</testName>
          <skipped>false</skipped>
          <failedSince>0</failedSince>
        </case>
        <case>
          <duration>1.574</duration>
          <className>nui.TimeRangeFilterModal</className>
          <testName>TimeRangeFilterModal › validates fields for fixed time invalidates relative past time with negative value</testName>
          <skipped>false</skipped>
          <failedSince>0</failedSince>
        </case>
        <case>
          <duration>0.685</duration>
          <className>nui.TimeRangeFilterModal</className>
          <testName>TimeRangeFilterModal › validates fields for fixed time invalidates relative past time with null value</testName>
          <skipped>false</skipped>
          <failedSince>0</failedSince>
        </case>
        <case>
          <duration>0.915</duration>
          <className>nui.TimeRangeFilterModal</className>
          <testName>TimeRangeFilterModal › validates fields for fixed time invalidates relative past time with a time before the year 1900</testName>
          <skipped>false</skipped>
          <failedSince>0</failedSince>
        </case>
        <case>
          <duration>1.547</duration>
          <className>nui.TimeRangeFilterModal</className>
          <testName>TimeRangeFilterModal removes polling for fixed time range</testName>
          <skipped>false</skipped>
          <failedSince>0</failedSince>
        </case>
        <case>
          <duration>2.289</duration>
          <className>nui.TimeRangeFilterModal</className>
          <testName>TimeRangeFilterModal enables polling for relative time range</testName>
          <skipped>false</skipped>
          <failedSince>0</failedSince>
        </case>
        <case>
          <duration>1.728</duration>
          <className>nui.TimeRangeFilterModal</className>
          <testName>TimeRangeFilterModal does not refresh spi data if the time range is invalid</testName>
          <skipped>false</skipped>
          <failedSince>0</failedSince>
        </case>
      </cases>
    </suite>
    <suite>
      <file>/tmp/jenkins-e606f5ec/workspace/nloop_main/junits/nui-unit-tests.xml</file>
      <name>CreateSafetyCaseInstanceModal</name>
      <duration>40.308</duration>
      <timestamp>2022-10-04T19:46:31</timestamp>
      <time>40.308</time>
      <nodeId>630</nodeId>
      <enclosingBlocks>
        <string>629</string>
      </enclosingBlocks>
      <enclosingBlockNames>
        <string>Declarative: Post Actions</string>
      </enclosingBlockNames>
      <cases>
        <case>
          <duration>0.533</duration>
          <className>nui.CreateSafetyCaseInstanceModal</className>
          <testName>CreateSafetyCaseInstanceModal should exist</testName>
          <skipped>false</skipped>
          <failedSince>0</failedSince>
        </case>
        <case>
          <duration>1.244</duration>
          <className>nui.CreateSafetyCaseInstanceModal</className>
          <testName>CreateSafetyCaseInstanceModal should close modal window</testName>
          <skipped>false</skipped>
          <failedSince>0</failedSince>
        </case>
        <case>
          <duration>0.959</duration>
          <className>nui.CreateSafetyCaseInstanceModal</className>
          <testName>CreateSafetyCaseInstanceModal mounts a button as the activator</testName>
          <skipped>false</skipped>
          <failedSince>0</failedSince>
        </case>
        <case>
          <duration>1.061</duration>
          <className>nui.CreateSafetyCaseInstanceModal</className>
          <testName>CreateSafetyCaseInstanceModal validates name fields</testName>
          <skipped>false</skipped>
          <failedSince>0</failedSince>
        </case>
        <case>
          <duration>1.39</duration>
          <className>nui.CreateSafetyCaseInstanceModal</className>
          <testName>CreateSafetyCaseInstanceModal should call save when the form is valid</testName>
          <skipped>false</skipped>
          <failedSince>0</failedSince>
        </case>
        <case>
          <duration>1.244</duration>
          <className>nui.CreateSafetyCaseInstanceModal</className>
          <testName>CreateSafetyCaseInstanceModal should reset fields the form when cleared</testName>
          <skipped>false</skipped>
          <failedSince>0</failedSince>
        </case>
        <case>
          <duration>2.837</duration>
          <className>nui.CreateSafetyCaseInstanceModal</className>
          <testName>CreateSafetyCaseInstanceModal should call save when the form is valid with advanced settings</testName>
          <skipped>false</skipped>
          <failedSince>0</failedSince>
        </case>
        <case>
          <duration>2.646</duration>
          <className>nui.CreateSafetyCaseInstanceModal</className>
          <testName>CreateSafetyCaseInstanceModal › validates advanced settings date and time fields finds and sets an invalid evaluation time window ( &lt; min eval time window)</testName>
          <skipped>false</skipped>
          <failedSince>0</failedSince>
        </case>
        <case>
          <duration>2.447</duration>
          <className>nui.CreateSafetyCaseInstanceModal</className>
          <testName>CreateSafetyCaseInstanceModal › validates advanced settings date and time fields sets valid evaluation time window</testName>
          <skipped>false</skipped>
          <failedSince>0</failedSince>
        </case>
        <case>
          <duration>2.177</duration>
          <className>nui.CreateSafetyCaseInstanceModal</className>
          <testName>CreateSafetyCaseInstanceModal › validates advanced settings date and time fields sets invalid evaluation time window (decimal)</testName>
          <skipped>false</skipped>
          <failedSince>0</failedSince>
        </case>
        <case>
          <duration>2.333</duration>
          <className>nui.CreateSafetyCaseInstanceModal</className>
          <testName>CreateSafetyCaseInstanceModal › validates advanced settings date and time fields sets valid evaluation time window</testName>
          <skipped>false</skipped>
          <failedSince>0</failedSince>
        </case>
        <case>
          <duration>3.109</duration>
          <className>nui.CreateSafetyCaseInstanceModal</className>
          <testName>CreateSafetyCaseInstanceModal › validates advanced settings date and time fields sets invalid evaluation time window (negative)</testName>
          <skipped>false</skipped>
          <failedSince>0</failedSince>
        </case>
        <case>
          <duration>3.279</duration>
          <className>nui.CreateSafetyCaseInstanceModal</className>
          <testName>CreateSafetyCaseInstanceModal › validates advanced settings date and time fields sets valid evaluation time window</testName>
          <skipped>false</skipped>
          <failedSince>0</failedSince>
        </case>
        <case>
          <duration>2.725</duration>
          <className>nui.CreateSafetyCaseInstanceModal</className>
          <testName>CreateSafetyCaseInstanceModal shows the Evaluation Lookback Window datepicker and timepicker</testName>
          <skipped>false</skipped>
          <failedSince>0</failedSince>
        </case>
        <case>
          <duration>2.14</duration>
          <className>nui.CreateSafetyCaseInstanceModal</className>
          <testName>CreateSafetyCaseInstanceModal does not allow a safety case evaluation start date in the future</testName>
          <skipped>false</skipped>
          <failedSince>0</failedSince>
        </case>
        <case>
          <duration>2.826</duration>
          <className>nui.CreateSafetyCaseInstanceModal</className>
          <testName>CreateSafetyCaseInstanceModal does not allow a safety case evaluation start time in the future</testName>
          <skipped>false</skipped>
          <failedSince>0</failedSince>
        </case>
        <case>
          <duration>3.265</duration>
          <className>nui.CreateSafetyCaseInstanceModal</className>
          <testName>CreateSafetyCaseInstanceModal shows the Evaluation Time Bucket inputs</testName>
          <skipped>false</skipped>
          <failedSince>0</failedSince>
        </case>
      </cases>
    </suite>
    <suite>
      <file>/tmp/jenkins-e606f5ec/workspace/nloop_main/junits/nui-unit-tests.xml</file>
      <name>CreateSqlConnectorForm</name>
      <duration>29.504</duration>
      <timestamp>2022-10-04T19:46:40</timestamp>
      <time>29.504</time>
      <nodeId>630</nodeId>
      <enclosingBlocks>
        <string>629</string>
      </enclosingBlocks>
      <enclosingBlockNames>
        <string>Declarative: Post Actions</string>
      </enclosingBlockNames>
      <cases>
        <case>
          <duration>1.272</duration>
          <className>nui.CreateSqlConnectorForm</className>
          <testName>CreateSqlConnectorForm should mount without errors</testName>
          <skipped>false</skipped>
          <failedSince>0</failedSince>
        </case>
        <case>
          <duration>0.586</duration>
          <className>nui.CreateSqlConnectorForm</className>
          <testName>CreateSqlConnectorForm has configuration properties mapped to the correct input field</testName>
          <skipped>false</skipped>
          <failedSince>0</failedSince>
        </case>
        <case>
          <duration>0.603</duration>
          <className>nui.CreateSqlConnectorForm</className>
          <testName>CreateSqlConnectorForm ssl and ssh inputs are hidden by default</testName>
          <skipped>false</skipped>
          <failedSince>0</failedSince>
        </case>
        <case>
          <duration>0.318</duration>
          <className>nui.CreateSqlConnectorForm</className>
          <testName>CreateSqlConnectorForm should emit an update event for the database property on changed input</testName>
          <skipped>false</skipped>
          <failedSince>0</failedSince>
        </case>
        <case>
          <duration>0.51</duration>
          <className>nui.CreateSqlConnectorForm</className>
          <testName>CreateSqlConnectorForm should omit ssl if ssl_enabled is false</testName>
          <skipped>false</skipped>
          <failedSince>0</failedSince>
        </case>
        <case>
          <duration>0.414</duration>
          <className>nui.CreateSqlConnectorForm</className>
          <testName>CreateSqlConnectorForm should omit ssh if ssh_enabled is false</testName>
          <skipped>false</skipped>
          <failedSince>0</failedSince>
        </case>
        <case>
          <duration>0.616</duration>
          <className>nui.CreateSqlConnectorForm</className>
          <testName>CreateSqlConnectorForm should include ssl if ssl_enabled is true</testName>
          <skipped>false</skipped>
          <failedSince>0</failedSince>
        </case>
        <case>
          <duration>0.629</duration>
          <className>nui.CreateSqlConnectorForm</className>
          <testName>CreateSqlConnectorForm should include ssh if ssh_enabled is true</testName>
          <skipped>false</skipped>
          <failedSince>0</failedSince>
        </case>
        <case>
          <duration>0.63</duration>
          <className>nui.CreateSqlConnectorForm</className>
          <testName>CreateSqlConnectorForm clearMode() should remove and clear properties for ssl</testName>
          <skipped>false</skipped>
          <failedSince>0</failedSince>
        </case>
        <case>
          <duration>0.598</duration>
          <className>nui.CreateSqlConnectorForm</className>
          <testName>CreateSqlConnectorForm clearMode() should remove and clear properties for ssh</testName>
          <skipped>false</skipped>
          <failedSince>0</failedSince>
        </case>
        <case>
          <duration>0.354</duration>
          <className>nui.CreateSqlConnectorForm</className>
          <testName>CreateSqlConnectorForm clears ssh if ssl is checked</testName>
          <skipped>false</skipped>
          <failedSince>0</failedSince>
        </case>
        <case>
          <duration>0.576</duration>
          <className>nui.CreateSqlConnectorForm</className>
          <testName>CreateSqlConnectorForm clears ssl if ssh is checked</testName>
          <skipped>false</skipped>
          <failedSince>0</failedSince>
        </case>
        <case>
          <duration>0.73</duration>
          <className>nui.CreateSqlConnectorForm</className>
          <testName>CreateSqlConnectorForm clears ssh if ssh is unchecked</testName>
          <skipped>false</skipped>
          <failedSince>0</failedSince>
        </case>
        <case>
          <duration>0.603</duration>
          <className>nui.CreateSqlConnectorForm</className>
          <testName>CreateSqlConnectorForm clears ssl if ssl is unchecked</testName>
          <skipped>false</skipped>
          <failedSince>0</failedSince>
        </case>
        <case>
          <duration>0.673</duration>
          <className>nui.CreateSqlConnectorForm</className>
          <testName>CreateSqlConnectorForm should show tunnel password when ssh enabled and mode is password</testName>
          <skipped>false</skipped>
          <failedSince>0</failedSince>
        </case>
        <case>
          <duration>0.454</duration>
          <className>nui.CreateSqlConnectorForm</className>
          <testName>CreateSqlConnectorForm should show tunnel private key / private key passphrases when ssh enabled and mode is private_key</testName>
          <skipped>false</skipped>
          <failedSince>0</failedSince>
        </case>
        <case>
          <duration>0.791</duration>
          <className>nui.CreateSqlConnectorForm</className>
          <testName>CreateSqlConnectorForm › validation rules are setup correctly should validate the name for input is valid to true</testName>
          <skipped>false</skipped>
          <failedSince>0</failedSince>
        </case>
        <case>
          <duration>0.544</duration>
          <className>nui.CreateSqlConnectorForm</className>
          <testName>CreateSqlConnectorForm › validation rules are setup correctly should validate the name for input null to false</testName>
          <skipped>false</skipped>
          <failedSince>0</failedSince>
        </case>
        <case>
          <duration>0.57</duration>
          <className>nui.CreateSqlConnectorForm</className>
          <testName>CreateSqlConnectorForm › validation rules are setup correctly should validate the name for input  to false</testName>
          <skipped>false</skipped>
          <failedSince>0</failedSince>
        </case>
        <case>
          <duration>0.418</duration>
          <className>nui.CreateSqlConnectorForm</className>
          <testName>CreateSqlConnectorForm › validation rules are setup correctly should validate the url for input isvalid to true</testName>
          <skipped>false</skipped>
          <failedSince>0</failedSince>
        </case>
        <case>
          <duration>0.504</duration>
          <className>nui.CreateSqlConnectorForm</className>
          <testName>CreateSqlConnectorForm › validation rules are setup correctly should validate the url for input null to false</testName>
          <skipped>false</skipped>
          <failedSince>0</failedSince>
        </case>
        <case>
          <duration>0.819</duration>
          <className>nui.CreateSqlConnectorForm</className>
          <testName>CreateSqlConnectorForm › validation rules are setup correctly should validate the url for input  to false</testName>
          <skipped>false</skipped>
          <failedSince>0</failedSince>
        </case>
        <case>
          <duration>0.619</duration>
          <className>nui.CreateSqlConnectorForm</className>
          <testName>CreateSqlConnectorForm › validation rules are setup correctly should validate the port for input 3000 to true</testName>
          <skipped>false</skipped>
          <failedSince>0</failedSince>
        </case>
        <case>
          <duration>0.557</duration>
          <className>nui.CreateSqlConnectorForm</className>
          <testName>CreateSqlConnectorForm › validation rules are setup correctly should validate the port for input null to false</testName>
          <skipped>false</skipped>
          <failedSince>0</failedSince>
        </case>
        <case>
          <duration>0.357</duration>
          <className>nui.CreateSqlConnectorForm</className>
          <testName>CreateSqlConnectorForm › validation rules are setup correctly should validate the port for input  to false</testName>
          <skipped>false</skipped>
          <failedSince>0</failedSince>
        </case>
        <case>
          <duration>0.39</duration>
          <className>nui.CreateSqlConnectorForm</className>
          <testName>CreateSqlConnectorForm › validation rules are setup correctly should validate the port for input pizza to false</testName>
          <skipped>false</skipped>
          <failedSince>0</failedSince>
        </case>
        <case>
          <duration>0.776</duration>
          <className>nui.CreateSqlConnectorForm</className>
          <testName>CreateSqlConnectorForm › validation rules are setup correctly should validate the port for input -1 to false</testName>
          <skipped>false</skipped>
          <failedSince>0</failedSince>
        </case>
        <case>
          <duration>0.365</duration>
          <className>nui.CreateSqlConnectorForm</className>
          <testName>CreateSqlConnectorForm › validation rules are setup correctly should validate the username for input is valid to true</testName>
          <skipped>false</skipped>
          <failedSince>0</failedSince>
        </case>
        <case>
          <duration>0.68</duration>
          <className>nui.CreateSqlConnectorForm</className>
          <testName>CreateSqlConnectorForm › validation rules are setup correctly should validate the username for input null to false</testName>
          <skipped>false</skipped>
          <failedSince>0</failedSince>
        </case>
        <case>
          <duration>0.343</duration>
          <className>nui.CreateSqlConnectorForm</className>
          <testName>CreateSqlConnectorForm › validation rules are setup correctly should validate the username for input  to false</testName>
          <skipped>false</skipped>
          <failedSince>0</failedSince>
        </case>
        <case>
          <duration>0.524</duration>
          <className>nui.CreateSqlConnectorForm</className>
          <testName>CreateSqlConnectorForm › validation rules are setup correctly should validate the password for input is valid to true</testName>
          <skipped>false</skipped>
          <failedSince>0</failedSince>
        </case>
        <case>
          <duration>0.548</duration>
          <className>nui.CreateSqlConnectorForm</className>
          <testName>CreateSqlConnectorForm › validation rules are setup correctly should validate the password for input null to false</testName>
          <skipped>false</skipped>
          <failedSince>0</failedSince>
        </case>
        <case>
          <duration>0.281</duration>
          <className>nui.CreateSqlConnectorForm</className>
          <testName>CreateSqlConnectorForm › validation rules are setup correctly should validate the password for input  to false</testName>
          <skipped>false</skipped>
          <failedSince>0</failedSince>
        </case>
        <case>
          <duration>0.298</duration>
          <className>nui.CreateSqlConnectorForm</className>
          <testName>CreateSqlConnectorForm › validation rules are setup correctly should validate the port for input null to false</testName>
          <skipped>false</skipped>
          <failedSince>0</failedSince>
        </case>
        <case>
          <duration>0.277</duration>
          <className>nui.CreateSqlConnectorForm</className>
          <testName>CreateSqlConnectorForm › validation rules are setup correctly should validate the port for input  to false</testName>
          <skipped>false</skipped>
          <failedSince>0</failedSince>
        </case>
        <case>
          <duration>0.576</duration>
          <className>nui.CreateSqlConnectorForm</className>
          <testName>CreateSqlConnectorForm › validation rules are setup correctly should validate the port for input pizza to false</testName>
          <skipped>false</skipped>
          <failedSince>0</failedSince>
        </case>
        <case>
          <duration>0.276</duration>
          <className>nui.CreateSqlConnectorForm</className>
          <testName>CreateSqlConnectorForm › validation rules are setup correctly should validate the port for input -1 to false</testName>
          <skipped>false</skipped>
          <failedSince>0</failedSince>
        </case>
        <case>
          <duration>0.576</duration>
          <className>nui.CreateSqlConnectorForm</className>
          <testName>CreateSqlConnectorForm › validation rules are setup correctly should validate the username for input is valid to true</testName>
          <skipped>false</skipped>
          <failedSince>0</failedSince>
        </case>
        <case>
          <duration>0.303</duration>
          <className>nui.CreateSqlConnectorForm</className>
          <testName>CreateSqlConnectorForm › validation rules are setup correctly should validate the username for input null to false</testName>
          <skipped>false</skipped>
          <failedSince>0</failedSince>
        </case>
        <case>
          <duration>0.276</duration>
          <className>nui.CreateSqlConnectorForm</className>
          <testName>CreateSqlConnectorForm › validation rules are setup correctly should validate the username for input  to false</testName>
          <skipped>false</skipped>
          <failedSince>0</failedSince>
        </case>
        <case>
          <duration>0.567</duration>
          <className>nui.CreateSqlConnectorForm</className>
          <testName>CreateSqlConnectorForm › validation rules are setup correctly should validate the host for input is valid to true</testName>
          <skipped>false</skipped>
          <failedSince>0</failedSince>
        </case>
        <case>
          <duration>0.448</duration>
          <className>nui.CreateSqlConnectorForm</className>
          <testName>CreateSqlConnectorForm › validation rules are setup correctly should validate the host for input null to false</testName>
          <skipped>false</skipped>
          <failedSince>0</failedSince>
        </case>
        <case>
          <duration>0.497</duration>
          <className>nui.CreateSqlConnectorForm</className>
          <testName>CreateSqlConnectorForm › validation rules are setup correctly should validate the host for input  to false</testName>
          <skipped>false</skipped>
          <failedSince>0</failedSince>
        </case>
        <case>
          <duration>0.481</duration>
          <className>nui.CreateSqlConnectorForm</className>
          <testName>CreateSqlConnectorForm › validation rules are setup correctly should validate the password for input is valid to true</testName>
          <skipped>false</skipped>
          <failedSince>0</failedSince>
        </case>
        <case>
          <duration>0.446</duration>
          <className>nui.CreateSqlConnectorForm</className>
          <testName>CreateSqlConnectorForm › validation rules are setup correctly should validate the password for input null to false</testName>
          <skipped>false</skipped>
          <failedSince>0</failedSince>
        </case>
        <case>
          <duration>0.386</duration>
          <className>nui.CreateSqlConnectorForm</className>
          <testName>CreateSqlConnectorForm › validation rules are setup correctly should validate the password for input  to false</testName>
          <skipped>false</skipped>
          <failedSince>0</failedSince>
        </case>
        <case>
          <duration>0.442</duration>
          <className>nui.CreateSqlConnectorForm</className>
          <testName>CreateSqlConnectorForm › validation rules are setup correctly should validate the private_key for input is valid to true</testName>
          <skipped>false</skipped>
          <failedSince>0</failedSince>
        </case>
        <case>
          <duration>0.302</duration>
          <className>nui.CreateSqlConnectorForm</className>
          <testName>CreateSqlConnectorForm › validation rules are setup correctly should validate the private_key for input null to false</testName>
          <skipped>false</skipped>
          <failedSince>0</failedSince>
        </case>
        <case>
          <duration>0.347</duration>
          <className>nui.CreateSqlConnectorForm</className>
          <testName>CreateSqlConnectorForm › validation rules are setup correctly should validate the private_key for input  to false</testName>
          <skipped>false</skipped>
          <failedSince>0</failedSince>
        </case>
      </cases>
    </suite>
    <suite>
      <file>/tmp/jenkins-e606f5ec/workspace/nloop_main/junits/nui-unit-tests.xml</file>
      <name>TestCaseDetailsModal</name>
      <duration>19.454</duration>
      <timestamp>2022-10-04T19:46:54</timestamp>
      <time>19.454</time>
      <nodeId>630</nodeId>
      <enclosingBlocks>
        <string>629</string>
      </enclosingBlocks>
      <enclosingBlockNames>
        <string>Declarative: Post Actions</string>
      </enclosingBlockNames>
      <cases>
        <case>
          <duration>0.402</duration>
          <className>nui.TestCaseDetailsModal</className>
          <testName>TestCaseDetailsModal exists</testName>
          <skipped>false</skipped>
          <failedSince>0</failedSince>
        </case>
        <case>
          <duration>2.221</duration>
          <className>nui.TestCaseDetailsModal</className>
          <testName>TestCaseDetailsModal › when I press the test case run button then it should run the test case when I press yes</testName>
          <skipped>false</skipped>
          <failedSince>0</failedSince>
        </case>
        <case>
          <duration>1.413</duration>
          <className>nui.TestCaseDetailsModal</className>
          <testName>TestCaseDetailsModal › when I press the test case run button then it should reset the state of the run button when I press no</testName>
          <skipped>false</skipped>
          <failedSince>0</failedSince>
        </case>
        <case>
          <duration>1.328</duration>
          <className>nui.TestCaseDetailsModal</className>
          <testName>TestCaseDetailsModal › given user has requirement edit permission then display a dropdown to make a requirement selection</testName>
          <skipped>false</skipped>
          <failedSince>0</failedSince>
        </case>
        <case>
          <duration>1.139</duration>
          <className>nui.TestCaseDetailsModal</className>
          <testName>TestCaseDetailsModal › given user has requirement edit permission then display the requirement link of a test case</testName>
          <skipped>false</skipped>
          <failedSince>0</failedSince>
        </case>
        <case>
          <duration>1.445</duration>
          <className>nui.TestCaseDetailsModal</className>
          <testName>TestCaseDetailsModal › given a user does not have edit requirement permission then hide the dropdown to make a requirement selection</testName>
          <skipped>false</skipped>
          <failedSince>0</failedSince>
        </case>
        <case>
          <duration>1.481</duration>
          <className>nui.TestCaseDetailsModal</className>
          <testName>TestCaseDetailsModal › given a user does not have edit requirement permission then they should still be able to see the requirement link</testName>
          <skipped>false</skipped>
          <failedSince>0</failedSince>
        </case>
        <case>
          <duration>0.432</duration>
          <className>nui.TestCaseDetailsModal</className>
          <testName>TestCaseDetailsModal › computed should disable the run button if the platform is disabled </testName>
          <skipped>false</skipped>
          <failedSince>0</failedSince>
        </case>
        <case>
          <duration>0.383</duration>
          <className>nui.TestCaseDetailsModal</className>
          <testName>TestCaseDetailsModal › computed should create parameters from the associated test platform</testName>
          <skipped>false</skipped>
          <failedSince>0</failedSince>
        </case>
        <case>
          <duration>0.365</duration>
          <className>nui.TestCaseDetailsModal</className>
          <testName>TestCaseDetailsModal › computed › when the vuetify breakpoint name is lg then I expect numbers for the heights based on that name</testName>
          <skipped>false</skipped>
          <failedSince>0</failedSince>
        </case>
        <case>
          <duration>0.276</duration>
          <className>nui.TestCaseDetailsModal</className>
          <testName>TestCaseDetailsModal › computed › when the vuetify breakpoint name is xl then I expect numbers for the heights based on that name</testName>
          <skipped>false</skipped>
          <failedSince>0</failedSince>
        </case>
        <case>
          <duration>0.318</duration>
          <className>nui.TestCaseDetailsModal</className>
          <testName>TestCaseDetailsModal › computed › when getting the test case details the test case name  is available then I expect correct logical scenario name to be displayed </testName>
          <skipped>false</skipped>
          <failedSince>0</failedSince>
        </case>
        <case>
          <duration>0.02</duration>
          <className>nui.TestCaseDetailsModal</className>
          <testName>TestCaseDetailsModal › methods should change the linked requirement of the test case </testName>
          <skipped>false</skipped>
          <failedSince>0</failedSince>
        </case>
        <case>
          <duration>0.118</duration>
          <className>nui.TestCaseDetailsModal</className>
          <testName>TestCaseDetailsModal › methods should delete the linked requirement of the test case </testName>
          <skipped>false</skipped>
          <failedSince>0</failedSince>
        </case>
        <case>
          <duration>0.005</duration>
          <className>nui.TestCaseDetailsModal</className>
          <testName>TestCaseDetailsModal › methods should run a test case</testName>
          <skipped>false</skipped>
          <failedSince>0</failedSince>
        </case>
        <case>
          <duration>0.003</duration>
          <className>nui.TestCaseDetailsModal</className>
          <testName>TestCaseDetailsModal › methods should close the test case details modal</testName>
          <skipped>false</skipped>
          <failedSince>0</failedSince>
        </case>
        <case>
          <duration>0.012</duration>
          <className>nui.TestCaseDetailsModal</className>
          <testName>TestCaseDetailsModal › methods should copy the test case to the new test case modal</testName>
          <skipped>false</skipped>
          <failedSince>0</failedSince>
        </case>
        <case>
          <duration>0.004</duration>
          <className>nui.TestCaseDetailsModal</className>
          <testName>TestCaseDetailsModal › methods should download the template to a json file</testName>
          <skipped>false</skipped>
          <failedSince>0</failedSince>
        </case>
      </cases>
    </suite>
    <suite>
      <file>/tmp/jenkins-e606f5ec/workspace/nloop_main/junits/nui-unit-tests.xml</file>
      <name>Dashboard store</name>
      <duration>2.161</duration>
      <timestamp>2022-10-04T19:47:15</timestamp>
      <time>2.161</time>
      <nodeId>630</nodeId>
      <enclosingBlocks>
        <string>629</string>
      </enclosingBlocks>
      <enclosingBlockNames>
        <string>Declarative: Post Actions</string>
      </enclosingBlockNames>
      <cases>
        <case>
          <duration>0.015</duration>
          <className>nui.Dashboard store</className>
          <testName>Dashboard store matches the API statuses</testName>
          <skipped>false</skipped>
          <failedSince>0</failedSince>
        </case>
        <case>
          <duration>0.001</duration>
          <className>nui.Dashboard store</className>
          <testName>Dashboard store › getters should get the name of the container for the dashboard detail modal </testName>
          <skipped>false</skipped>
          <failedSince>0</failedSince>
        </case>
        <case>
          <duration>0.002</duration>
          <className>nui.Dashboard store</className>
          <testName>Dashboard store › getters should return the performance validation status</testName>
          <skipped>false</skipped>
          <failedSince>0</failedSince>
        </case>
        <case>
          <duration>0.002</duration>
          <className>nui.Dashboard store</className>
          <testName>Dashboard store › mutations unwinds the stack of detail node ids to the proper index</testName>
          <skipped>false</skipped>
          <failedSince>0</failedSince>
        </case>
        <case>
          <duration>0.02</duration>
          <className>nui.Dashboard store</className>
          <testName>Dashboard store › mutations sets the performance validation state</testName>
          <skipped>false</skipped>
          <failedSince>0</failedSince>
        </case>
        <case>
          <duration>0.003</duration>
          <className>nui.Dashboard store</className>
          <testName>Dashboard store › actions requests roots for the provided instance id</testName>
          <skipped>false</skipped>
          <failedSince>0</failedSince>
        </case>
        <case>
          <duration>0.003</duration>
          <className>nui.Dashboard store</className>
          <testName>Dashboard store › actions requests data node at the provided URL</testName>
          <skipped>false</skipped>
          <failedSince>0</failedSince>
        </case>
        <case>
          <duration>0.021</duration>
          <className>nui.Dashboard store</className>
          <testName>Dashboard store › actions clears the state for data nodes for a given safety case instance id</testName>
          <skipped>false</skipped>
          <failedSince>0</failedSince>
        </case>
        <case>
          <duration>0.002</duration>
          <className>nui.Dashboard store</className>
          <testName>Dashboard store › actions does not request a data node if it is already in the store</testName>
          <skipped>false</skipped>
          <failedSince>0</failedSince>
        </case>
        <case>
          <duration>0.014</duration>
          <className>nui.Dashboard store</className>
          <testName>Dashboard store › actions catches and handles 404 errors for data nodes</testName>
          <skipped>false</skipped>
          <failedSince>0</failedSince>
        </case>
        <case>
          <duration>0.004</duration>
          <className>nui.Dashboard store</className>
          <testName>Dashboard store › actions issues requests for all nodes of the current safetyCaseInstanceId</testName>
          <skipped>false</skipped>
          <failedSince>0</failedSince>
        </case>
        <case>
          <duration>0.001</duration>
          <className>nui.Dashboard store</className>
          <testName>Dashboard store › actions quietly handles a bad safetyCaseInstanceId when refreshing</testName>
          <skipped>false</skipped>
          <failedSince>0</failedSince>
        </case>
        <case>
          <duration>0.001</duration>
          <className>nui.Dashboard store</className>
          <testName>Dashboard store › actions should set the name for the dashboard detail</testName>
          <skipped>false</skipped>
          <failedSince>0</failedSince>
        </case>
        <case>
          <duration>0.014</duration>
          <className>nui.Dashboard store</className>
          <testName>Dashboard store › actions should get the hierarchy for a node by id</testName>
          <skipped>false</skipped>
          <failedSince>0</failedSince>
        </case>
        <case>
          <duration>0.002</duration>
          <className>nui.Dashboard store</className>
          <testName>Dashboard store › actions should set the entire detail node stack</testName>
          <skipped>false</skipped>
          <failedSince>0</failedSince>
        </case>
        <case>
          <duration>0.002</duration>
          <className>nui.Dashboard store</className>
          <testName>Dashboard store › actions should set the time range filter</testName>
          <skipped>false</skipped>
          <failedSince>0</failedSince>
        </case>
        <case>
          <duration>0.001</duration>
          <className>nui.Dashboard store</className>
          <testName>Dashboard store › actions clears the performance validation status</testName>
          <skipped>false</skipped>
          <failedSince>0</failedSince>
        </case>
        <case>
          <duration>0.005</duration>
          <className>nui.Dashboard store</className>
          <testName>Dashboard store › actions › validatePerformance sends a request to the right endpoint with the expected body</testName>
          <skipped>false</skipped>
          <failedSince>0</failedSince>
        </case>
        <case>
          <duration>0.011</duration>
          <className>nui.Dashboard store</className>
          <testName>Dashboard store › actions › validatePerformance returns the status from the API</testName>
          <skipped>false</skipped>
          <failedSince>0</failedSince>
        </case>
        <case>
          <duration>0.002</duration>
          <className>nui.Dashboard store</className>
          <testName>Dashboard store › actions › validatePerformance opens the dashboard performance modal if the status is warn</testName>
          <skipped>false</skipped>
          <failedSince>0</failedSince>
        </case>
        <case>
          <duration>0.003</duration>
          <className>nui.Dashboard store</className>
          <testName>Dashboard store › actions › validatePerformance opens the dashboard performance modal if the status is fail</testName>
          <skipped>false</skipped>
          <failedSince>0</failedSince>
        </case>
        <case>
          <duration>0.001</duration>
          <className>nui.Dashboard store</className>
          <testName>Dashboard store › actions › validatePerformance does not open the dashboard performance modal if the status is pass</testName>
          <skipped>false</skipped>
          <failedSince>0</failedSince>
        </case>
        <case>
          <duration>0.014</duration>
          <className>nui.Dashboard store</className>
          <testName>Dashboard store › actions › SPI statuses fetches SPI statuses for the safety case instance and persists them</testName>
          <skipped>false</skipped>
          <failedSince>0</failedSince>
        </case>
      </cases>
    </suite>
    <suite>
      <file>/tmp/jenkins-e606f5ec/workspace/nloop_main/junits/nui-unit-tests.xml</file>
      <name>RunButton</name>
      <duration>3.914</duration>
      <timestamp>2022-10-04T19:47:15</timestamp>
      <time>3.914</time>
      <nodeId>630</nodeId>
      <enclosingBlocks>
        <string>629</string>
      </enclosingBlocks>
      <enclosingBlockNames>
        <string>Declarative: Post Actions</string>
      </enclosingBlockNames>
      <cases>
        <case>
          <duration>0.093</duration>
          <className>nui.RunButton</className>
          <testName>RunButton exists</testName>
          <skipped>false</skipped>
          <failedSince>0</failedSince>
        </case>
        <case>
          <duration>0.133</duration>
          <className>nui.RunButton</className>
          <testName>RunButton › running test cases  › when there is no selected project then the run button is disabled and the tooltip says to select a project</testName>
          <skipped>false</skipped>
          <failedSince>0</failedSince>
        </case>
        <case>
          <duration>0.075</duration>
          <className>nui.RunButton</className>
          <testName>RunButton › running test cases  › when there is no selected system version then the run button is disabled and the tooltip says to select a system version</testName>
          <skipped>false</skipped>
          <failedSince>0</failedSince>
        </case>
        <case>
          <duration>0.146</duration>
          <className>nui.RunButton</className>
          <testName>RunButton › running test cases  › when the selected system version is inactive then I expect the run button is disabled and the tool tip says the system version isnt active</testName>
          <skipped>false</skipped>
          <failedSince>0</failedSince>
        </case>
        <case>
          <duration>0.103</duration>
          <className>nui.RunButton</className>
          <testName>RunButton › running test cases  › when there is no selected test design specification then the run button is disabled and the tooltip says to select a tds</testName>
          <skipped>false</skipped>
          <failedSince>0</failedSince>
        </case>
        <case>
          <duration>0.044</duration>
          <className>nui.RunButton</className>
          <testName>RunButton › running test cases  › when there are no test cases at all then I expect the run button to be disabled and a message saying there are no test cases to run</testName>
          <skipped>false</skipped>
          <failedSince>0</failedSince>
        </case>
        <case>
          <duration>0.062</duration>
          <className>nui.RunButton</className>
          <testName>RunButton › running test cases  › given there is one or more test cases › when that test case has no runs then I expect the run button to be run new and the tooltip says new test cases can be run for the first time</testName>
          <skipped>false</skipped>
          <failedSince>0</failedSince>
        </case>
        <case>
          <duration>0.05</duration>
          <className>nui.RunButton</className>
          <testName>RunButton › running test cases  › given there are more than one test case › when all of the test cases are without runs › and all of the test cases are not connected to a platform then I expect the run button button to be disabled and the tooltip says there are no connected system versions</testName>
          <skipped>false</skipped>
          <failedSince>0</failedSince>
        </case>
        <case>
          <duration>0.104</duration>
          <className>nui.RunButton</className>
          <testName>RunButton › running test cases  › given there are more than one test case › when all of the test cases are without runs › and some of the test cases are connected to a platform then I expect the run button to be enabled and the tooltip says run new test cases for the first time</testName>
          <skipped>false</skipped>
          <failedSince>0</failedSince>
        </case>
        <case>
          <duration>0.103</duration>
          <className>nui.RunButton</className>
          <testName>RunButton › running test cases  › given there are more than one test case › when all of the test cases have runs › and all of the test cases are connected to a platform then I expect to see the run all button and the message previously run test cases will be run again</testName>
          <skipped>false</skipped>
          <failedSince>0</failedSince>
        </case>
        <case>
          <duration>0.14</duration>
          <className>nui.RunButton</className>
          <testName>RunButton › running test cases  › given there are more than one test case › when all of the test cases have runs › and some of the test cases are not connected to a platform then I expect to see the run all button and the message only connected test cases will be run</testName>
          <skipped>false</skipped>
          <failedSince>0</failedSince>
        </case>
        <case>
          <duration>0.019</duration>
          <className>nui.RunButton</className>
          <testName>RunButton › methods should run new test cases</testName>
          <skipped>false</skipped>
          <failedSince>0</failedSince>
        </case>
        <case>
          <duration>0.028</duration>
          <className>nui.RunButton</className>
          <testName>RunButton › methods should run all test cases</testName>
          <skipped>false</skipped>
          <failedSince>0</failedSince>
        </case>
        <case>
          <duration>0.004</duration>
          <className>nui.RunButton</className>
          <testName>RunButton › methods should update the selected test case</testName>
          <skipped>false</skipped>
          <failedSince>0</failedSince>
        </case>
        <case>
          <duration>0.003</duration>
          <className>nui.RunButton</className>
          <testName>RunButton › methods should provide a count of test cases run status and platform connectivity</testName>
          <skipped>false</skipped>
          <failedSince>0</failedSince>
        </case>
      </cases>
    </suite>
    <suite>
      <file>/tmp/jenkins-e606f5ec/workspace/nloop_main/junits/nui-unit-tests.xml</file>
      <name>DashboardDetailModal</name>
      <duration>16.2</duration>
      <timestamp>2022-10-04T19:47:12</timestamp>
      <time>16.2</time>
      <nodeId>630</nodeId>
      <enclosingBlocks>
        <string>629</string>
      </enclosingBlocks>
      <enclosingBlockNames>
        <string>Declarative: Post Actions</string>
      </enclosingBlockNames>
      <cases>
        <case>
          <duration>0.1</duration>
          <className>nui.DashboardDetailModal</className>
          <testName>DashboardDetailModal mounts</testName>
          <skipped>false</skipped>
          <failedSince>0</failedSince>
        </case>
        <case>
          <duration>0.208</duration>
          <className>nui.DashboardDetailModal</className>
          <testName>DashboardDetailModal opens the modal when modalState returns true</testName>
          <skipped>false</skipped>
          <failedSince>0</failedSince>
        </case>
        <case>
          <duration>0.134</duration>
          <className>nui.DashboardDetailModal</className>
          <testName>DashboardDetailModal pushes the new id when an input is clicked</testName>
          <skipped>false</skipped>
          <failedSince>0</failedSince>
        </case>
        <case>
          <duration>0.686</duration>
          <className>nui.DashboardDetailModal</className>
          <testName>DashboardDetailModal shows the name of the container the dashboard detail modal was created from</testName>
          <skipped>false</skipped>
          <failedSince>0</failedSince>
        </case>
        <case>
          <duration>0.866</duration>
          <className>nui.DashboardDetailModal</className>
          <testName>DashboardDetailModal draws the children of the title in the correct order</testName>
          <skipped>false</skipped>
          <failedSince>0</failedSince>
        </case>
        <case>
          <duration>0.998</duration>
          <className>nui.DashboardDetailModal</className>
          <testName>DashboardDetailModal calls unwindDetailNodeIdStack with the id of the node clicked on in the title bar</testName>
          <skipped>false</skipped>
          <failedSince>0</failedSince>
        </case>
        <case>
          <duration>0.309</duration>
          <className>nui.DashboardDetailModal</className>
          <testName>DashboardDetailModal shows the no-data box when the node has no data</testName>
          <skipped>false</skipped>
          <failedSince>0</failedSince>
        </case>
        <case>
          <duration>0.126</duration>
          <className>nui.DashboardDetailModal</className>
          <testName>DashboardDetailModal shows the error box when the node is in an error state</testName>
          <skipped>false</skipped>
          <failedSince>0</failedSince>
        </case>
        <case>
          <duration>0.236</duration>
          <className>nui.DashboardDetailModal</className>
          <testName>DashboardDetailModal disables the evidence button if there is no link</testName>
          <skipped>false</skipped>
          <failedSince>0</failedSince>
        </case>
        <case>
          <duration>0.11</duration>
          <className>nui.DashboardDetailModal</className>
          <testName>DashboardDetailModal uses a configured min value for the chart</testName>
          <skipped>false</skipped>
          <failedSince>0</failedSince>
        </case>
        <case>
          <duration>0.134</duration>
          <className>nui.DashboardDetailModal</className>
          <testName>DashboardDetailModal uses a configured max value for the chart</testName>
          <skipped>false</skipped>
          <failedSince>0</failedSince>
        </case>
        <case>
          <duration>0.132</duration>
          <className>nui.DashboardDetailModal</className>
          <testName>DashboardDetailModal finds the min and max values in the node data and uses them to set the suggested y axis range</testName>
          <skipped>false</skipped>
          <failedSince>0</failedSince>
        </case>
        <case>
          <duration>0.206</duration>
          <className>nui.DashboardDetailModal</className>
          <testName>DashboardDetailModal configures a yLabel if one exists in the node configuration</testName>
          <skipped>false</skipped>
          <failedSince>0</failedSince>
        </case>
        <case>
          <duration>0.163</duration>
          <className>nui.DashboardDetailModal</className>
          <testName>DashboardDetailModal hides the yLabel if there is no explicit configuration</testName>
          <skipped>false</skipped>
          <failedSince>0</failedSince>
        </case>
        <case>
          <duration>0.159</duration>
          <className>nui.DashboardDetailModal</className>
          <testName>DashboardDetailModal configures an xLabel if one exists in the node configuration</testName>
          <skipped>false</skipped>
          <failedSince>0</failedSince>
        </case>
        <case>
          <duration>0.229</duration>
          <className>nui.DashboardDetailModal</className>
          <testName>DashboardDetailModal hides the xLabel if there is no explicit configuration</testName>
          <skipped>false</skipped>
          <failedSince>0</failedSince>
        </case>
        <case>
          <duration>0.207</duration>
          <className>nui.DashboardDetailModal</className>
          <testName>DashboardDetailModal uses a computed range for the y-axis</testName>
          <skipped>false</skipped>
          <failedSince>0</failedSince>
        </case>
        <case>
          <duration>0.003</duration>
          <className>nui.DashboardDetailModal</className>
          <testName>DashboardDetailModal opens an evidence link in a new tab if the url contains https://</testName>
          <skipped>false</skipped>
          <failedSince>0</failedSince>
        </case>
        <case>
          <duration>0.015</duration>
          <className>nui.DashboardDetailModal</className>
          <testName>DashboardDetailModal opens an evidence link in a new tab if the url contains http://</testName>
          <skipped>false</skipped>
          <failedSince>0</failedSince>
        </case>
        <case>
          <duration>0.002</duration>
          <className>nui.DashboardDetailModal</className>
          <testName>DashboardDetailModal does not open an evidence link in a new tab if the url contains http://, but does not start with it</testName>
          <skipped>false</skipped>
          <failedSince>0</failedSince>
        </case>
        <case>
          <duration>0.232</duration>
          <className>nui.DashboardDetailModal</className>
          <testName>DashboardDetailModal should ensure that the threshold shows on top by having a lower order number</testName>
          <skipped>false</skipped>
          <failedSince>0</failedSince>
        </case>
        <case>
          <duration>0.26</duration>
          <className>nui.DashboardDetailModal</className>
          <testName>DashboardDetailModal displays annotation lines if only one datapoint exists</testName>
          <skipped>false</skipped>
          <failedSince>0</failedSince>
        </case>
        <case>
          <duration>0.352</duration>
          <className>nui.DashboardDetailModal</className>
          <testName>DashboardDetailModal displays annotation lines if multiple datapoints exist</testName>
          <skipped>false</skipped>
          <failedSince>0</failedSince>
        </case>
        <case>
          <duration>0.283</duration>
          <className>nui.DashboardDetailModal</className>
          <testName>DashboardDetailModal configures a callback for the yLabelEnum metadata configuration</testName>
          <skipped>false</skipped>
          <failedSince>0</failedSince>
        </case>
        <case>
          <duration>1.514</duration>
          <className>nui.DashboardDetailModal</className>
          <testName>DashboardDetailModal renders the spi status bar when the summary key is set to true</testName>
          <skipped>false</skipped>
          <failedSince>0</failedSince>
        </case>
        <case>
          <duration>0.652</duration>
          <className>nui.DashboardDetailModal</className>
          <testName>DashboardDetailModal does not render the spi status bar when the summary key is set to false</testName>
          <skipped>false</skipped>
          <failedSince>0</failedSince>
        </case>
        <case>
          <duration>0.695</duration>
          <className>nui.DashboardDetailModal</className>
          <testName>DashboardDetailModal does not render the spi status bar when the summary key does not exist</testName>
          <skipped>false</skipped>
          <failedSince>0</failedSince>
        </case>
        <case>
          <duration>0.931</duration>
          <className>nui.DashboardDetailModal</className>
          <testName>DashboardDetailModal remaps the yLabels and the dataPoints when given a yLabel</testName>
          <skipped>false</skipped>
          <failedSince>0</failedSince>
        </case>
      </cases>
    </suite>
    <suite>
      <file>/tmp/jenkins-e606f5ec/workspace/nloop_main/junits/nui-unit-tests.xml</file>
      <name>NewTestCaseModal </name>
      <duration>10.842</duration>
      <timestamp>2022-10-04T19:47:18</timestamp>
      <time>10.842</time>
      <nodeId>630</nodeId>
      <enclosingBlocks>
        <string>629</string>
      </enclosingBlocks>
      <enclosingBlockNames>
        <string>Declarative: Post Actions</string>
      </enclosingBlockNames>
      <cases>
        <case>
          <duration>0.366</duration>
          <className>nui.NewTestCaseModal </className>
          <testName>NewTestCaseModal  exists</testName>
          <skipped>false</skipped>
          <failedSince>0</failedSince>
        </case>
        <case>
          <duration>0.679</duration>
          <className>nui.NewTestCaseModal </className>
          <testName>NewTestCaseModal  should have the correct titles </testName>
          <skipped>false</skipped>
          <failedSince>0</failedSince>
        </case>
        <case>
          <duration>0.953</duration>
          <className>nui.NewTestCaseModal </className>
          <testName>NewTestCaseModal  should mount the measurement selection card</testName>
          <skipped>false</skipped>
          <failedSince>0</failedSince>
        </case>
        <case>
          <duration>0.279</duration>
          <className>nui.NewTestCaseModal </className>
          <testName>NewTestCaseModal  › computed should check if a user can edit requirements </testName>
          <skipped>false</skipped>
          <failedSince>0</failedSince>
        </case>
        <case>
          <duration>0.195</duration>
          <className>nui.NewTestCaseModal </className>
          <testName>NewTestCaseModal  › computed should get the test case name</testName>
          <skipped>false</skipped>
          <failedSince>0</failedSince>
        </case>
        <case>
          <duration>0.206</duration>
          <className>nui.NewTestCaseModal </className>
          <testName>NewTestCaseModal  › computed should set the test case name </testName>
          <skipped>false</skipped>
          <failedSince>0</failedSince>
        </case>
        <case>
          <duration>0.155</duration>
          <className>nui.NewTestCaseModal </className>
          <testName>NewTestCaseModal  › computed should get the modal state</testName>
          <skipped>false</skipped>
          <failedSince>0</failedSince>
        </case>
        <case>
          <duration>0.137</duration>
          <className>nui.NewTestCaseModal </className>
          <testName>NewTestCaseModal  › computed should set the modal state</testName>
          <skipped>false</skipped>
          <failedSince>0</failedSince>
        </case>
        <case>
          <duration>0.196</duration>
          <className>nui.NewTestCaseModal </className>
          <testName>NewTestCaseModal  › computed should disable the save button if the test case is invalid</testName>
          <skipped>false</skipped>
          <failedSince>0</failedSince>
        </case>
        <case>
          <duration>0.443</duration>
          <className>nui.NewTestCaseModal </className>
          <testName>NewTestCaseModal  › computed should disable the save button if there isnt a selected project when copying a test case</testName>
          <skipped>false</skipped>
          <failedSince>0</failedSince>
        </case>
        <case>
          <duration>0.186</duration>
          <className>nui.NewTestCaseModal </className>
          <testName>NewTestCaseModal  › computed should disable the save button if we dont have a tds id </testName>
          <skipped>false</skipped>
          <failedSince>0</failedSince>
        </case>
        <case>
          <duration>0.242</duration>
          <className>nui.NewTestCaseModal </className>
          <testName>NewTestCaseModal  › computed should enable the save button if there is a selected project and test case is valid</testName>
          <skipped>false</skipped>
          <failedSince>0</failedSince>
        </case>
        <case>
          <duration>0.094</duration>
          <className>nui.NewTestCaseModal </className>
          <testName>NewTestCaseModal  › computed should get the selected project </testName>
          <skipped>false</skipped>
          <failedSince>0</failedSince>
        </case>
        <case>
          <duration>0.195</duration>
          <className>nui.NewTestCaseModal </className>
          <testName>NewTestCaseModal  › computed should set the selected project </testName>
          <skipped>false</skipped>
          <failedSince>0</failedSince>
        </case>
        <case>
          <duration>0.224</duration>
          <className>nui.NewTestCaseModal </className>
          <testName>NewTestCaseModal  › computed should get the imported test case </testName>
          <skipped>false</skipped>
          <failedSince>0</failedSince>
        </case>
        <case>
          <duration>0.131</duration>
          <className>nui.NewTestCaseModal </className>
          <testName>NewTestCaseModal  › computed should set the imported test case </testName>
          <skipped>false</skipped>
          <failedSince>0</failedSince>
        </case>
        <case>
          <duration>0.204</duration>
          <className>nui.NewTestCaseModal </className>
          <testName>NewTestCaseModal  › computed should show in the file input when the modal is opened from the vth</testName>
          <skipped>false</skipped>
          <failedSince>0</failedSince>
        </case>
        <case>
          <duration>0.205</duration>
          <className>nui.NewTestCaseModal </className>
          <testName>NewTestCaseModal  › computed should show the project list dropdown if the modal is opened from test case details</testName>
          <skipped>false</skipped>
          <failedSince>0</failedSince>
        </case>
        <case>
          <duration>0.195</duration>
          <className>nui.NewTestCaseModal </className>
          <testName>NewTestCaseModal  › computed › when the vuetify breakpoint name is lg  then I expect numbers for the heights based on that name</testName>
          <skipped>false</skipped>
          <failedSince>0</failedSince>
        </case>
        <case>
          <duration>0.301</duration>
          <className>nui.NewTestCaseModal </className>
          <testName>NewTestCaseModal  › computed › when the vuetify breakpoint name is xl  then I expect numbers for the heights based on that name</testName>
          <skipped>false</skipped>
          <failedSince>0</failedSince>
        </case>
        <case>
          <duration>0.014</duration>
          <className>nui.NewTestCaseModal </className>
          <testName>NewTestCaseModal  › methods should close the new test case modal </testName>
          <skipped>false</skipped>
          <failedSince>0</failedSince>
        </case>
        <case>
          <duration>0.392</duration>
          <className>nui.NewTestCaseModal </className>
          <testName>NewTestCaseModal  › methods should create a new test case </testName>
          <skipped>false</skipped>
          <failedSince>0</failedSince>
        </case>
        <case>
          <duration>0.004</duration>
          <className>nui.NewTestCaseModal </className>
          <testName>NewTestCaseModal  › methods should copy a test case from the json file</testName>
          <skipped>false</skipped>
          <failedSince>0</failedSince>
        </case>
        <case>
          <duration>0.003</duration>
          <className>nui.NewTestCaseModal </className>
          <testName>NewTestCaseModal  › methods should display a snackbar and close the modal if there is an error creating a new test case</testName>
          <skipped>false</skipped>
          <failedSince>0</failedSince>
        </case>
      </cases>
    </suite>
    <suite>
      <file>/tmp/jenkins-e606f5ec/workspace/nloop_main/junits/nui-unit-tests.xml</file>
      <name>ParameterSelection</name>
      <duration>4.022</duration>
      <timestamp>2022-10-04T19:47:30</timestamp>
      <time>4.022</time>
      <nodeId>630</nodeId>
      <enclosingBlocks>
        <string>629</string>
      </enclosingBlocks>
      <enclosingBlockNames>
        <string>Declarative: Post Actions</string>
      </enclosingBlockNames>
      <cases>
        <case>
          <duration>0.236</duration>
          <className>nui.ParameterSelection</className>
          <testName>ParameterSelection exists</testName>
          <skipped>false</skipped>
          <failedSince>0</failedSince>
        </case>
        <case>
          <duration>0.242</duration>
          <className>nui.ParameterSelection</className>
          <testName>ParameterSelection › when the parameter has a description  then I expect to see a tool tip</testName>
          <skipped>false</skipped>
          <failedSince>0</failedSince>
        </case>
        <case>
          <duration>0.161</duration>
          <className>nui.ParameterSelection</className>
          <testName>ParameterSelection › given read only is false then I expect to see the vuetify autocomplete component</testName>
          <skipped>false</skipped>
          <failedSince>0</failedSince>
        </case>
        <case>
          <duration>0.217</duration>
          <className>nui.ParameterSelection</className>
          <testName>ParameterSelection › given read only is false › when there is a link then I expect to see a clickable link</testName>
          <skipped>false</skipped>
          <failedSince>0</failedSince>
        </case>
        <case>
          <duration>0.097</duration>
          <className>nui.ParameterSelection</className>
          <testName>ParameterSelection › given read only is true then I expect to see the vuetify autocomplete component</testName>
          <skipped>false</skipped>
          <failedSince>0</failedSince>
        </case>
        <case>
          <duration>0.099</duration>
          <className>nui.ParameterSelection</className>
          <testName>ParameterSelection › given read only is true › when there is a link then I expect to see a clickable link</testName>
          <skipped>false</skipped>
          <failedSince>0</failedSince>
        </case>
        <case>
          <duration>0.112</duration>
          <className>nui.ParameterSelection</className>
          <testName>ParameterSelection › computed › when read only is true then I expect to see a selected parameter</testName>
          <skipped>false</skipped>
          <failedSince>0</failedSince>
        </case>
        <case>
          <duration>0.083</duration>
          <className>nui.ParameterSelection</className>
          <testName>ParameterSelection › computed should get the selected item </testName>
          <skipped>false</skipped>
          <failedSince>0</failedSince>
        </case>
        <case>
          <duration>0.112</duration>
          <className>nui.ParameterSelection</className>
          <testName>ParameterSelection › computed should set the selected item </testName>
          <skipped>false</skipped>
          <failedSince>0</failedSince>
        </case>
        <case>
          <duration>0.073</duration>
          <className>nui.ParameterSelection</className>
          <testName>ParameterSelection › mounted &amp; destroyed › given read only is false › when copy test case is true then selected item should be the same value as the parameter value</testName>
          <skipped>false</skipped>
          <failedSince>0</failedSince>
        </case>
        <case>
          <duration>0.305</duration>
          <className>nui.ParameterSelection</className>
          <testName>ParameterSelection › mounted &amp; destroyed › given read only is false › when copy test case is true › and the test case json drop down type has a value, but no options are available then the selected item should be match the value and the selection is empty</testName>
          <skipped>false</skipped>
          <failedSince>0</failedSince>
        </case>
        <case>
          <duration>0.301</duration>
          <className>nui.ParameterSelection</className>
          <testName>ParameterSelection › mounted &amp; destroyed › given read only is false › when copy test case is true › and the test case json drop down type has no value then the selected item should be undefined</testName>
          <skipped>false</skipped>
          <failedSince>0</failedSince>
        </case>
        <case>
          <duration>0.117</duration>
          <className>nui.ParameterSelection</className>
          <testName>ParameterSelection › mounted &amp; destroyed › given read only is false › when copy test case is false then the selected value should be null</testName>
          <skipped>false</skipped>
          <failedSince>0</failedSince>
        </case>
        <case>
          <duration>0.127</duration>
          <className>nui.ParameterSelection</className>
          <testName>ParameterSelection › mounted &amp; destroyed › given read only is false › when the component is destroyed then I expect the parameter values in the store to be cleared</testName>
          <skipped>false</skipped>
          <failedSince>0</failedSince>
        </case>
      </cases>
    </suite>
    <suite>
      <file>/tmp/jenkins-e606f5ec/workspace/nloop_main/junits/nui-unit-tests.xml</file>
      <name>requirements store</name>
      <duration>3.952</duration>
      <timestamp>2022-10-04T19:47:32</timestamp>
      <time>3.952</time>
      <nodeId>630</nodeId>
      <enclosingBlocks>
        <string>629</string>
      </enclosingBlocks>
      <enclosingBlockNames>
        <string>Declarative: Post Actions</string>
      </enclosingBlockNames>
      <cases>
        <case>
          <duration>0.002</duration>
          <className>nui.requirements store</className>
          <testName>requirements store should have a default state</testName>
          <skipped>false</skipped>
          <failedSince>0</failedSince>
        </case>
        <case>
          <duration>0.001</duration>
          <className>nui.requirements store</className>
          <testName>requirements store › getters should get all requirements </testName>
          <skipped>false</skipped>
          <failedSince>0</failedSince>
        </case>
        <case>
          <duration>0.002</duration>
          <className>nui.requirements store</className>
          <testName>requirements store › getters it should get all qos and functional requirements by selected tds</testName>
          <skipped>false</skipped>
          <failedSince>0</failedSince>
        </case>
        <case>
          <duration>0.001</duration>
          <className>nui.requirements store</className>
          <testName>requirements store › getters should get the tds requirements</testName>
          <skipped>false</skipped>
          <failedSince>0</failedSince>
        </case>
        <case>
          <duration>0.002</duration>
          <className>nui.requirements store</className>
          <testName>requirements store › getters should get the qos requirements</testName>
          <skipped>false</skipped>
          <failedSince>0</failedSince>
        </case>
        <case>
          <duration>0.001</duration>
          <className>nui.requirements store</className>
          <testName>requirements store › getters should get the functional requirements </testName>
          <skipped>false</skipped>
          <failedSince>0</failedSince>
        </case>
        <case>
          <duration>0.001</duration>
          <className>nui.requirements store</className>
          <testName>requirements store › getters should get the definition requirements</testName>
          <skipped>false</skipped>
          <failedSince>0</failedSince>
        </case>
        <case>
          <duration>0.0</duration>
          <className>nui.requirements store</className>
          <testName>requirements store › getters should get the traceability links </testName>
          <skipped>false</skipped>
          <failedSince>0</failedSince>
        </case>
        <case>
          <duration>0.0</duration>
          <className>nui.requirements store</className>
          <testName>requirements store › getters should get the selected requirement id </testName>
          <skipped>false</skipped>
          <failedSince>0</failedSince>
        </case>
        <case>
          <duration>0.001</duration>
          <className>nui.requirements store</className>
          <testName>requirements store › getters should get the specific requirement related to a test case</testName>
          <skipped>false</skipped>
          <failedSince>0</failedSince>
        </case>
        <case>
          <duration>0.001</duration>
          <className>nui.requirements store</className>
          <testName>requirements store › getters should get the test cases by requirement id </testName>
          <skipped>false</skipped>
          <failedSince>0</failedSince>
        </case>
        <case>
          <duration>0.002</duration>
          <className>nui.requirements store</className>
          <testName>requirements store › getters should get status color for a list of test cases by requirement id</testName>
          <skipped>false</skipped>
          <failedSince>0</failedSince>
        </case>
        <case>
          <duration>0.006</duration>
          <className>nui.requirements store</className>
          <testName>requirements store › getters should get the traceability link related to a test case </testName>
          <skipped>false</skipped>
          <failedSince>0</failedSince>
        </case>
        <case>
          <duration>0.0</duration>
          <className>nui.requirements store</className>
          <testName>requirements store › getters should get a map of requirements to determine expansion </testName>
          <skipped>false</skipped>
          <failedSince>0</failedSince>
        </case>
        <case>
          <duration>0.002</duration>
          <className>nui.requirements store</className>
          <testName>requirements store › actions should set the selected requirement id</testName>
          <skipped>false</skipped>
          <failedSince>0</failedSince>
        </case>
        <case>
          <duration>0.009</duration>
          <className>nui.requirements store</className>
          <testName>requirements store › actions should clear the selected requirement id</testName>
          <skipped>false</skipped>
          <failedSince>0</failedSince>
        </case>
        <case>
          <duration>0.007</duration>
          <className>nui.requirements store</className>
          <testName>requirements store › actions should get the requirement sets</testName>
          <skipped>false</skipped>
          <failedSince>0</failedSince>
        </case>
        <case>
          <duration>0.011</duration>
          <className>nui.requirements store</className>
          <testName>requirements store › actions should get the requirement links </testName>
          <skipped>false</skipped>
          <failedSince>0</failedSince>
        </case>
        <case>
          <duration>0.006</duration>
          <className>nui.requirements store</className>
          <testName>requirements store › actions should get the traceability links </testName>
          <skipped>false</skipped>
          <failedSince>0</failedSince>
        </case>
        <case>
          <duration>0.001</duration>
          <className>nui.requirements store</className>
          <testName>requirements store › actions should post the traceability link</testName>
          <skipped>false</skipped>
          <failedSince>0</failedSince>
        </case>
        <case>
          <duration>0.006</duration>
          <className>nui.requirements store</className>
          <testName>requirements store › actions should delete the traceability link </testName>
          <skipped>false</skipped>
          <failedSince>0</failedSince>
        </case>
        <case>
          <duration>0.001</duration>
          <className>nui.requirements store</className>
          <testName>requirements store › actions should post the json of a requirements file</testName>
          <skipped>false</skipped>
          <failedSince>0</failedSince>
        </case>
        <case>
          <duration>0.013</duration>
          <className>nui.requirements store</className>
          <testName>requirements store › mutations should create the requirement lists</testName>
          <skipped>false</skipped>
          <failedSince>0</failedSince>
        </case>
        <case>
          <duration>0.007</duration>
          <className>nui.requirements store</className>
          <testName>requirements store › mutations should clear the requirements from state if an empty list is provided</testName>
          <skipped>false</skipped>
          <failedSince>0</failedSince>
        </case>
        <case>
          <duration>0.001</duration>
          <className>nui.requirements store</className>
          <testName>requirements store › mutations should create a dictionary of requirement linkss</testName>
          <skipped>false</skipped>
          <failedSince>0</failedSince>
        </case>
        <case>
          <duration>0.001</duration>
          <className>nui.requirements store</className>
          <testName>requirements store › mutations should create a map of requirements for determining expansion </testName>
          <skipped>false</skipped>
          <failedSince>0</failedSince>
        </case>
        <case>
          <duration>0.001</duration>
          <className>nui.requirements store</className>
          <testName>requirements store › mutations should set the state for traceability links</testName>
          <skipped>false</skipped>
          <failedSince>0</failedSince>
        </case>
        <case>
          <duration>0.001</duration>
          <className>nui.requirements store</className>
          <testName>requirements store › mutations should set the id of the selected requirement</testName>
          <skipped>false</skipped>
          <failedSince>0</failedSince>
        </case>
        <case>
          <duration>0.001</duration>
          <className>nui.requirements store</className>
          <testName>requirements store › mutations should clear the id of the selected requirement from the store</testName>
          <skipped>false</skipped>
          <failedSince>0</failedSince>
        </case>
      </cases>
    </suite>
    <suite>
      <file>/tmp/jenkins-e606f5ec/workspace/nloop_main/junits/nui-unit-tests.xml</file>
      <name>TraceabilitySetVersionList</name>
      <duration>16.764</duration>
      <timestamp>2022-10-04T19:47:19</timestamp>
      <time>16.764</time>
      <nodeId>630</nodeId>
      <enclosingBlocks>
        <string>629</string>
      </enclosingBlocks>
      <enclosingBlockNames>
        <string>Declarative: Post Actions</string>
      </enclosingBlockNames>
      <cases>
        <case>
          <duration>0.669</duration>
          <className>nui.TraceabilitySetVersionList</className>
          <testName>TraceabilitySetVersionList should list the traceability set versions passed in as props and format the information correctly</testName>
          <skipped>false</skipped>
          <failedSince>0</failedSince>
        </case>
        <case>
          <duration>0.651</duration>
          <className>nui.TraceabilitySetVersionList</className>
          <testName>TraceabilitySetVersionList › Export Traceability Set Versions exports a given traceability set version</testName>
          <skipped>false</skipped>
          <failedSince>0</failedSince>
        </case>
        <case>
          <duration>1.367</duration>
          <className>nui.TraceabilitySetVersionList</className>
          <testName>TraceabilitySetVersionList › Export Traceability Set Versions shows an error banner if the export api throws</testName>
          <skipped>false</skipped>
          <failedSince>0</failedSince>
        </case>
        <case>
          <duration>2.297</duration>
          <className>nui.TraceabilitySetVersionList</className>
          <testName>TraceabilitySetVersionList › Remove Traceability Set Versions removes a given traceability set version and shows a success snackbar</testName>
          <skipped>false</skipped>
          <failedSince>0</failedSince>
        </case>
        <case>
          <duration>1.654</duration>
          <className>nui.TraceabilitySetVersionList</className>
          <testName>TraceabilitySetVersionList › Remove Traceability Set Versions shows success snackbar even when table has no data</testName>
          <skipped>false</skipped>
          <failedSince>0</failedSince>
        </case>
        <case>
          <duration>2.429</duration>
          <className>nui.TraceabilitySetVersionList</className>
          <testName>TraceabilitySetVersionList › Remove Traceability Set Versions shows an error snackbar if the delete api throws</testName>
          <skipped>false</skipped>
          <failedSince>0</failedSince>
        </case>
        <case>
          <duration>2.499</duration>
          <className>nui.TraceabilitySetVersionList</className>
          <testName>TraceabilitySetVersionList › Archive Traceability Set Versions archives a given traceability set version and shows a success snackbar</testName>
          <skipped>false</skipped>
          <failedSince>0</failedSince>
        </case>
        <case>
          <duration>2.227</duration>
          <className>nui.TraceabilitySetVersionList</className>
          <testName>TraceabilitySetVersionList › Archive Traceability Set Versions shows an error snackbar if the archive api throws</testName>
          <skipped>false</skipped>
          <failedSince>0</failedSince>
        </case>
        <case>
          <duration>0.359</duration>
          <className>nui.TraceabilitySetVersionList</className>
          <testName> should show message indicating there are no sets</testName>
          <skipped>false</skipped>
          <failedSince>0</failedSince>
        </case>
      </cases>
    </suite>
    <suite>
      <file>/tmp/jenkins-e606f5ec/workspace/nloop_main/junits/nui-unit-tests.xml</file>
      <name>testCaseImplementationStore</name>
      <duration>4.079</duration>
      <timestamp>2022-10-04T19:47:37</timestamp>
      <time>4.079</time>
      <nodeId>630</nodeId>
      <enclosingBlocks>
        <string>629</string>
      </enclosingBlocks>
      <enclosingBlockNames>
        <string>Declarative: Post Actions</string>
      </enclosingBlockNames>
      <cases>
        <case>
          <duration>0.004</duration>
          <className>nui.testCaseImplementationStore</className>
          <testName>testCaseImplementationStore › utility should map parameters to a tci provided from a corresponding test platform</testName>
          <skipped>false</skipped>
          <failedSince>0</failedSince>
        </case>
        <case>
          <duration>0.002</duration>
          <className>nui.testCaseImplementationStore</className>
          <testName>testCaseImplementationStore › utility › when the tci is created by a test case using the drop down parameter then I should see the name of the selection</testName>
          <skipped>false</skipped>
          <failedSince>0</failedSince>
        </case>
        <case>
          <duration>0.002</duration>
          <className>nui.testCaseImplementationStore</className>
          <testName>testCaseImplementationStore › state should have a default state</testName>
          <skipped>false</skipped>
          <failedSince>0</failedSince>
        </case>
        <case>
          <duration>0.002</duration>
          <className>nui.testCaseImplementationStore</className>
          <testName>testCaseImplementationStore › getters should get test case implementations</testName>
          <skipped>false</skipped>
          <failedSince>0</failedSince>
        </case>
        <case>
          <duration>0.001</duration>
          <className>nui.testCaseImplementationStore</className>
          <testName>testCaseImplementationStore › getters should get the selected test case implementation</testName>
          <skipped>false</skipped>
          <failedSince>0</failedSince>
        </case>
        <case>
          <duration>0.002</duration>
          <className>nui.testCaseImplementationStore</className>
          <testName>testCaseImplementationStore › getters should get tcis associated with a test case run id</testName>
          <skipped>false</skipped>
          <failedSince>0</failedSince>
        </case>
        <case>
          <duration>0.002</duration>
          <className>nui.testCaseImplementationStore</className>
          <testName>testCaseImplementationStore › getters should get the test platform associated with the selected tci</testName>
          <skipped>false</skipped>
          <failedSince>0</failedSince>
        </case>
        <case>
          <duration>0.002</duration>
          <className>nui.testCaseImplementationStore</className>
          <testName>testCaseImplementationStore › getters should get the test case associated with the selected tci</testName>
          <skipped>false</skipped>
          <failedSince>0</failedSince>
        </case>
        <case>
          <duration>0.003</duration>
          <className>nui.testCaseImplementationStore</className>
          <testName>testCaseImplementationStore › getters › test case implementation modal parameters  should return a list of parameters if all parameter lists are present</testName>
          <skipped>false</skipped>
          <failedSince>0</failedSince>
        </case>
        <case>
          <duration>0.001</duration>
          <className>nui.testCaseImplementationStore</className>
          <testName>testCaseImplementationStore › getters › test case implementation modal parameters  should return an empty list if any parameter list is missing</testName>
          <skipped>false</skipped>
          <failedSince>0</failedSince>
        </case>
        <case>
          <duration>0.001</duration>
          <className>nui.testCaseImplementationStore</className>
          <testName>testCaseImplementationStore › getters › get all test implementations › test case implementations by selected test case should return no tcis</testName>
          <skipped>false</skipped>
          <failedSince>0</failedSince>
        </case>
        <case>
          <duration>0.0</duration>
          <className>nui.testCaseImplementationStore</className>
          <testName>testCaseImplementationStore › getters › get all test implementations › test case implementations by selected test case should return every tci associated with the selected test case</testName>
          <skipped>false</skipped>
          <failedSince>0</failedSince>
        </case>
        <case>
          <duration>0.002</duration>
          <className>nui.testCaseImplementationStore</className>
          <testName>testCaseImplementationStore › actions should set the selected test case implementation</testName>
          <skipped>false</skipped>
          <failedSince>0</failedSince>
        </case>
        <case>
          <duration>0.001</duration>
          <className>nui.testCaseImplementationStore</className>
          <testName>testCaseImplementationStore › actions should clear the selected test case implementation</testName>
          <skipped>false</skipped>
          <failedSince>0</failedSince>
        </case>
        <case>
          <duration>0.003</duration>
          <className>nui.testCaseImplementationStore</className>
          <testName>testCaseImplementationStore › actions should get all test case implementations</testName>
          <skipped>false</skipped>
          <failedSince>0</failedSince>
        </case>
        <case>
          <duration>0.002</duration>
          <className>nui.testCaseImplementationStore</className>
          <testName>testCaseImplementationStore › actions should get a test case implementation by id</testName>
          <skipped>false</skipped>
          <failedSince>0</failedSince>
        </case>
        <case>
          <duration>0.006</duration>
          <className>nui.testCaseImplementationStore</className>
          <testName>testCaseImplementationStore › mutations should set the selected test case implementation with addtional parameters </testName>
          <skipped>false</skipped>
          <failedSince>0</failedSince>
        </case>
        <case>
          <duration>0.025</duration>
          <className>nui.testCaseImplementationStore</className>
          <testName>testCaseImplementationStore › mutations should set the test case implementations without removing any previous tcis </testName>
          <skipped>false</skipped>
          <failedSince>0</failedSince>
        </case>
      </cases>
    </suite>
    <suite>
      <file>/tmp/jenkins-e606f5ec/workspace/nloop_main/junits/nui-unit-tests.xml</file>
      <name>ArtifactDomainDetailModal</name>
      <duration>7.22</duration>
      <timestamp>2022-10-04T19:47:41</timestamp>
      <time>7.22</time>
      <nodeId>630</nodeId>
      <enclosingBlocks>
        <string>629</string>
      </enclosingBlocks>
      <enclosingBlockNames>
        <string>Declarative: Post Actions</string>
      </enclosingBlockNames>
      <cases>
        <case>
          <duration>0.263</duration>
          <className>nui.ArtifactDomainDetailModal</className>
          <testName>ArtifactDomainDetailModal exists</testName>
          <skipped>false</skipped>
          <failedSince>0</failedSince>
        </case>
        <case>
          <duration>1.386</duration>
          <className>nui.ArtifactDomainDetailModal</className>
          <testName>ArtifactDomainDetailModal › when read only is false then we should see the cancel and confirm button</testName>
          <skipped>false</skipped>
          <failedSince>0</failedSince>
        </case>
        <case>
          <duration>0.855</duration>
          <className>nui.ArtifactDomainDetailModal</className>
          <testName>ArtifactDomainDetailModal › when read only is true then we should only see the cancel button</testName>
          <skipped>false</skipped>
          <failedSince>0</failedSince>
        </case>
        <case>
          <duration>0.889</duration>
          <className>nui.ArtifactDomainDetailModal</className>
          <testName>ArtifactDomainDetailModal should have form fields with values</testName>
          <skipped>false</skipped>
          <failedSince>0</failedSince>
        </case>
        <case>
          <duration>0.146</duration>
          <className>nui.ArtifactDomainDetailModal</className>
          <testName>ArtifactDomainDetailModal › computed › when read only is true then it should get the domain name from the artifact domain</testName>
          <skipped>false</skipped>
          <failedSince>0</failedSince>
        </case>
        <case>
          <duration>0.076</duration>
          <className>nui.ArtifactDomainDetailModal</className>
          <testName>ArtifactDomainDetailModal › computed › when read only is true then it should get the decription from the artifact domain</testName>
          <skipped>false</skipped>
          <failedSince>0</failedSince>
        </case>
        <case>
          <duration>0.211</duration>
          <className>nui.ArtifactDomainDetailModal</className>
          <testName>ArtifactDomainDetailModal › computed › when read only is true then it should get the metadata from the artifact domain</testName>
          <skipped>false</skipped>
          <failedSince>0</failedSince>
        </case>
        <case>
          <duration>0.184</duration>
          <className>nui.ArtifactDomainDetailModal</className>
          <testName>ArtifactDomainDetailModal › computed › when read only is false then it should get the domain name from the model</testName>
          <skipped>false</skipped>
          <failedSince>0</failedSince>
        </case>
        <case>
          <duration>0.189</duration>
          <className>nui.ArtifactDomainDetailModal</className>
          <testName>ArtifactDomainDetailModal › computed › when read only is false then it should set the name</testName>
          <skipped>false</skipped>
          <failedSince>0</failedSince>
        </case>
        <case>
          <duration>0.126</duration>
          <className>nui.ArtifactDomainDetailModal</className>
          <testName>ArtifactDomainDetailModal › computed › when read only is false then it should get the description from the model</testName>
          <skipped>false</skipped>
          <failedSince>0</failedSince>
        </case>
        <case>
          <duration>0.138</duration>
          <className>nui.ArtifactDomainDetailModal</className>
          <testName>ArtifactDomainDetailModal › computed › when read only is false then it should set the description</testName>
          <skipped>false</skipped>
          <failedSince>0</failedSince>
        </case>
        <case>
          <duration>0.077</duration>
          <className>nui.ArtifactDomainDetailModal</className>
          <testName>ArtifactDomainDetailModal › computed › when read only is false then it should get the description from the metadata</testName>
          <skipped>false</skipped>
          <failedSince>0</failedSince>
        </case>
        <case>
          <duration>0.092</duration>
          <className>nui.ArtifactDomainDetailModal</className>
          <testName>ArtifactDomainDetailModal › computed › when read only is false then it should set the metadata</testName>
          <skipped>false</skipped>
          <failedSince>0</failedSince>
        </case>
        <case>
          <duration>0.008</duration>
          <className>nui.ArtifactDomainDetailModal</className>
          <testName>ArtifactDomainDetailModal › methods should reset the form</testName>
          <skipped>false</skipped>
          <failedSince>0</failedSince>
        </case>
        <case>
          <duration>0.002</duration>
          <className>nui.ArtifactDomainDetailModal</className>
          <testName>ArtifactDomainDetailModal › methods should reset the form and close the dialog</testName>
          <skipped>false</skipped>
          <failedSince>0</failedSince>
        </case>
        <case>
          <duration>0.001</duration>
          <className>nui.ArtifactDomainDetailModal</className>
          <testName>ArtifactDomainDetailModal › methods should not update if the form is not valid</testName>
          <skipped>false</skipped>
          <failedSince>0</failedSince>
        </case>
        <case>
          <duration>0.049</duration>
          <className>nui.ArtifactDomainDetailModal</className>
          <testName>ArtifactDomainDetailModal › methods should update an artifact domain if the form is valid</testName>
          <skipped>false</skipped>
          <failedSince>0</failedSince>
        </case>
        <case>
          <duration>0.011</duration>
          <className>nui.ArtifactDomainDetailModal</className>
          <testName>ArtifactDomainDetailModal › methods should handle an error with updating the artifact domain</testName>
          <skipped>false</skipped>
          <failedSince>0</failedSince>
        </case>
        <case>
          <duration>0.01</duration>
          <className>nui.ArtifactDomainDetailModal</className>
          <testName>ArtifactDomainDetailModal › methods should handle the get artifact domain event</testName>
          <skipped>false</skipped>
          <failedSince>0</failedSince>
        </case>
        <case>
          <duration>0.011</duration>
          <className>nui.ArtifactDomainDetailModal</className>
          <testName>ArtifactDomainDetailModal › methods should handle the get artifact domain event failing</testName>
          <skipped>false</skipped>
          <failedSince>0</failedSince>
        </case>
      </cases>
    </suite>
    <suite>
      <file>/tmp/jenkins-e606f5ec/workspace/nloop_main/junits/nui-unit-tests.xml</file>
      <name>SafetyPerformanceIndicators</name>
      <duration>15.677</duration>
      <timestamp>2022-10-04T19:47:35</timestamp>
      <time>15.677</time>
      <nodeId>630</nodeId>
      <enclosingBlocks>
        <string>629</string>
      </enclosingBlocks>
      <enclosingBlockNames>
        <string>Declarative: Post Actions</string>
      </enclosingBlockNames>
      <cases>
        <case>
          <duration>1.345</duration>
          <className>nui.SafetyPerformanceIndicators</className>
          <testName>SafetyPerformanceIndicators should display icon for each status</testName>
          <skipped>false</skipped>
          <failedSince>0</failedSince>
        </case>
        <case>
          <duration>1.246</duration>
          <className>nui.SafetyPerformanceIndicators</className>
          <testName>SafetyPerformanceIndicators should display SPI name and description</testName>
          <skipped>false</skipped>
          <failedSince>0</failedSince>
        </case>
        <case>
          <duration>1.212</duration>
          <className>nui.SafetyPerformanceIndicators</className>
          <testName>SafetyPerformanceIndicators should display None if SPI fields are missing</testName>
          <skipped>false</skipped>
          <failedSince>0</failedSince>
        </case>
        <case>
          <duration>1.173</duration>
          <className>nui.SafetyPerformanceIndicators</className>
          <testName>SafetyPerformanceIndicators should show None for name and description</testName>
          <skipped>false</skipped>
          <failedSince>0</failedSince>
        </case>
        <case>
          <duration>0.967</duration>
          <className>nui.SafetyPerformanceIndicators</className>
          <testName>SafetyPerformanceIndicators should show actual SPI name and None for description</testName>
          <skipped>false</skipped>
          <failedSince>0</failedSince>
        </case>
        <case>
          <duration>0.95</duration>
          <className>nui.SafetyPerformanceIndicators</className>
          <testName>SafetyPerformanceIndicators should show None for SPI name and actual description</testName>
          <skipped>false</skipped>
          <failedSince>0</failedSince>
        </case>
        <case>
          <duration>0.956</duration>
          <className>nui.SafetyPerformanceIndicators</className>
          <testName>SafetyPerformanceIndicators should truncate both name and description field</testName>
          <skipped>false</skipped>
          <failedSince>0</failedSince>
        </case>
        <case>
          <duration>0.798</duration>
          <className>nui.SafetyPerformanceIndicators</className>
          <testName>SafetyPerformanceIndicators should truncate only the name and should show full description field</testName>
          <skipped>false</skipped>
          <failedSince>0</failedSince>
        </case>
        <case>
          <duration>1.07</duration>
          <className>nui.SafetyPerformanceIndicators</className>
          <testName>SafetyPerformanceIndicators should truncate only the description and should show full name field</testName>
          <skipped>false</skipped>
          <failedSince>0</failedSince>
        </case>
        <case>
          <duration>1.039</duration>
          <className>nui.SafetyPerformanceIndicators</className>
          <testName>SafetyPerformanceIndicators should show full description and full name field</testName>
          <skipped>false</skipped>
          <failedSince>0</failedSince>
        </case>
        <case>
          <duration>0.069</duration>
          <className>nui.SafetyPerformanceIndicators</className>
          <testName>SafetyPerformanceIndicators › computed should get user spis with status</testName>
          <skipped>false</skipped>
          <failedSince>0</failedSince>
        </case>
      </cases>
    </suite>
    <suite>
      <file>/tmp/jenkins-e606f5ec/workspace/nloop_main/junits/nui-unit-tests.xml</file>
      <name>ParameterContinuous</name>
      <duration>2.234</duration>
      <timestamp>2022-10-04T19:47:50</timestamp>
      <time>2.234</time>
      <nodeId>630</nodeId>
      <enclosingBlocks>
        <string>629</string>
      </enclosingBlocks>
      <enclosingBlockNames>
        <string>Declarative: Post Actions</string>
      </enclosingBlockNames>
      <cases>
        <case>
          <duration>0.075</duration>
          <className>nui.ParameterContinuous</className>
          <testName>ParameterContinuous exists </testName>
          <skipped>false</skipped>
          <failedSince>0</failedSince>
        </case>
        <case>
          <duration>0.135</duration>
          <className>nui.ParameterContinuous</className>
          <testName>ParameterContinuous › computed  › given read only is false  should return a min value based on the parameter type</testName>
          <skipped>false</skipped>
          <failedSince>0</failedSince>
        </case>
        <case>
          <duration>0.085</duration>
          <className>nui.ParameterContinuous</className>
          <testName>ParameterContinuous › computed  › given read only is false  should return a max value based on the parameter type </testName>
          <skipped>false</skipped>
          <failedSince>0</failedSince>
        </case>
        <case>
          <duration>0.012</duration>
          <className>nui.ParameterContinuous</className>
          <testName>ParameterContinuous › computed  › given read only is false  range should call set parameter value on set</testName>
          <skipped>false</skipped>
          <failedSince>0</failedSince>
        </case>
        <case>
          <duration>0.02</duration>
          <className>nui.ParameterContinuous</className>
          <testName>ParameterContinuous › computed  › given read only is false  › when a test case is not being copied range should use the parameter type</testName>
          <skipped>false</skipped>
          <failedSince>0</failedSince>
        </case>
        <case>
          <duration>0.016</duration>
          <className>nui.ParameterContinuous</className>
          <testName>ParameterContinuous › computed  › given read only is false  › when a test case is being copied  range should use the parameter value</testName>
          <skipped>false</skipped>
          <failedSince>0</failedSince>
        </case>
        <case>
          <duration>0.011</duration>
          <className>nui.ParameterContinuous</className>
          <testName>ParameterContinuous › computed  › given read only is true › when the parameter range exceeds the min and max should extend the min</testName>
          <skipped>false</skipped>
          <failedSince>0</failedSince>
        </case>
        <case>
          <duration>0.019</duration>
          <className>nui.ParameterContinuous</className>
          <testName>ParameterContinuous › computed  › given read only is true › when the parameter range exceeds the min and max should extend the max</testName>
          <skipped>false</skipped>
          <failedSince>0</failedSince>
        </case>
        <case>
          <duration>0.015</duration>
          <className>nui.ParameterContinuous</className>
          <testName>ParameterContinuous › computed  › given read only is true range should use the parameter range </testName>
          <skipped>false</skipped>
          <failedSince>0</failedSince>
        </case>
        <case>
          <duration>0.016</duration>
          <className>nui.ParameterContinuous</className>
          <testName>ParameterContinuous › computed  › step  should return a float if the min max is a float</testName>
          <skipped>false</skipped>
          <failedSince>0</failedSince>
        </case>
        <case>
          <duration>0.016</duration>
          <className>nui.ParameterContinuous</className>
          <testName>ParameterContinuous › computed  › step  should return a float if either the min or max is a float</testName>
          <skipped>false</skipped>
          <failedSince>0</failedSince>
        </case>
        <case>
          <duration>0.012</duration>
          <className>nui.ParameterContinuous</className>
          <testName>ParameterContinuous › computed  › step  should return a float with the highest decimal place if the min and max have unequal decimals</testName>
          <skipped>false</skipped>
          <failedSince>0</failedSince>
        </case>
        <case>
          <duration>0.021</duration>
          <className>nui.ParameterContinuous</className>
          <testName>ParameterContinuous › computed  › step  should return an integer if the min max is an integer</testName>
          <skipped>false</skipped>
          <failedSince>0</failedSince>
        </case>
        <case>
          <duration>0.004</duration>
          <className>nui.ParameterContinuous</className>
          <testName>ParameterContinuous › methods › is float should determine what numbers are floats and which are not</testName>
          <skipped>false</skipped>
          <failedSince>0</failedSince>
        </case>
        <case>
          <duration>0.004</duration>
          <className>nui.ParameterContinuous</className>
          <testName>ParameterContinuous › methods › count decimals should count how many decimal places there are in a number</testName>
          <skipped>false</skipped>
          <failedSince>0</failedSince>
        </case>
        <case>
          <duration>0.003</duration>
          <className>nui.ParameterContinuous</className>
          <testName>ParameterContinuous › methods › value adjusted to percent  should return a percentage based on the concrete value, min, and max</testName>
          <skipped>false</skipped>
          <failedSince>0</failedSince>
        </case>
        <case>
          <duration>0.001</duration>
          <className>nui.ParameterContinuous</className>
          <testName>ParameterContinuous › methods › value adjusted to percent  should return 100 if the concrete value is higher than the max</testName>
          <skipped>false</skipped>
          <failedSince>0</failedSince>
        </case>
        <case>
          <duration>0.002</duration>
          <className>nui.ParameterContinuous</className>
          <testName>ParameterContinuous › methods › value adjusted to percent  should return 0 if the concrete value is less than the min</testName>
          <skipped>false</skipped>
          <failedSince>0</failedSince>
        </case>
        <case>
          <duration>0.004</duration>
          <className>nui.ParameterContinuous</className>
          <testName>ParameterContinuous › methods › value adjusted to percent  should return 0 if the min and max values are equal to each other </testName>
          <skipped>false</skipped>
          <failedSince>0</failedSince>
        </case>
        <case>
          <duration>0.145</duration>
          <className>nui.ParameterContinuous</className>
          <testName>ParameterContinuous › mounted › given read only and copy test case is false should set the parameter values on mount</testName>
          <skipped>false</skipped>
          <failedSince>0</failedSince>
        </case>
        <case>
          <duration>0.096</duration>
          <className>nui.ParameterContinuous</className>
          <testName>ParameterContinuous › mounted › given read only is true and the concrete value is not null should create a tick on mount if read only and there is a concrete value</testName>
          <skipped>false</skipped>
          <failedSince>0</failedSince>
        </case>
      </cases>
    </suite>
    <suite>
      <file>/tmp/jenkins-e606f5ec/workspace/nloop_main/junits/nui-unit-tests.xml</file>
      <name>TestCaseDataTable</name>
      <duration>4.286</duration>
      <timestamp>2022-10-04T19:47:53</timestamp>
      <time>4.286</time>
      <nodeId>630</nodeId>
      <enclosingBlocks>
        <string>629</string>
      </enclosingBlocks>
      <enclosingBlockNames>
        <string>Declarative: Post Actions</string>
      </enclosingBlockNames>
      <cases>
        <case>
          <duration>0.013</duration>
          <className>nui.TestCaseDataTable</className>
          <testName>TestCaseDataTable exists</testName>
          <skipped>false</skipped>
          <failedSince>0</failedSince>
        </case>
        <case>
          <duration>0.017</duration>
          <className>nui.TestCaseDataTable</className>
          <testName>TestCaseDataTable › watch should update the expanded rows if there is a row to expand</testName>
          <skipped>false</skipped>
          <failedSince>0</failedSince>
        </case>
        <case>
          <duration>0.012</duration>
          <className>nui.TestCaseDataTable</className>
          <testName>TestCaseDataTable › watch should keep watching if the test cases have no length yet </testName>
          <skipped>false</skipped>
          <failedSince>0</failedSince>
        </case>
        <case>
          <duration>0.009</duration>
          <className>nui.TestCaseDataTable</className>
          <testName>TestCaseDataTable › computed should return test cases with status counts if the table is SPI REPORT</testName>
          <skipped>false</skipped>
          <failedSince>0</failedSince>
        </case>
        <case>
          <duration>0.026</duration>
          <className>nui.TestCaseDataTable</className>
          <testName>TestCaseDataTable › computed should filter out test cases by status if the table is SPI REPORT </testName>
          <skipped>false</skipped>
          <failedSince>0</failedSince>
        </case>
        <case>
          <duration>0.018</duration>
          <className>nui.TestCaseDataTable</className>
          <testName>TestCaseDataTable › computed should return test cases with status counts if the table is TDS REPORT</testName>
          <skipped>false</skipped>
          <failedSince>0</failedSince>
        </case>
        <case>
          <duration>0.027</duration>
          <className>nui.TestCaseDataTable</className>
          <testName>TestCaseDataTable › computed should filter out test cases by status if the table is TDS REPORT </testName>
          <skipped>false</skipped>
          <failedSince>0</failedSince>
        </case>
        <case>
          <duration>0.032</duration>
          <className>nui.TestCaseDataTable</className>
          <testName>TestCaseDataTable › computed should get the total test case status counts for the tds table</testName>
          <skipped>false</skipped>
          <failedSince>0</failedSince>
        </case>
        <case>
          <duration>0.042</duration>
          <className>nui.TestCaseDataTable</className>
          <testName>TestCaseDataTable › computed should get the total test case status counts for the sut table</testName>
          <skipped>false</skipped>
          <failedSince>0</failedSince>
        </case>
        <case>
          <duration>0.003</duration>
          <className>nui.TestCaseDataTable</className>
          <testName>TestCaseDataTable › methods should open the test case details modal and set the test case details</testName>
          <skipped>false</skipped>
          <failedSince>0</failedSince>
        </case>
        <case>
          <duration>0.003</duration>
          <className>nui.TestCaseDataTable</className>
          <testName>TestCaseDataTable › methods should return the tci spi full status if the report table is spi report </testName>
          <skipped>false</skipped>
          <failedSince>0</failedSince>
        </case>
        <case>
          <duration>0.001</duration>
          <className>nui.TestCaseDataTable</className>
          <testName>TestCaseDataTable › methods should return the full status if the table is not the spi report </testName>
          <skipped>false</skipped>
          <failedSince>0</failedSince>
        </case>
        <case>
          <duration>0.019</duration>
          <className>nui.TestCaseDataTable</className>
          <testName>TestCaseDataTable › methods should return the status color for the sut requirements table</testName>
          <skipped>false</skipped>
          <failedSince>0</failedSince>
        </case>
        <case>
          <duration>0.017</duration>
          <className>nui.TestCaseDataTable</className>
          <testName>TestCaseDataTable › methods should return the status color for the test design specifications table</testName>
          <skipped>false</skipped>
          <failedSince>0</failedSince>
        </case>
        <case>
          <duration>0.004</duration>
          <className>nui.TestCaseDataTable</className>
          <testName>TestCaseDataTable › methods should handle getting all of the tcis for an expanded row </testName>
          <skipped>false</skipped>
          <failedSince>0</failedSince>
        </case>
      </cases>
    </suite>
    <suite>
      <file>/tmp/jenkins-e606f5ec/workspace/nloop_main/junits/nui-unit-tests.xml</file>
      <name>FiltersForArtifactSetItems</name>
      <duration>2.05</duration>
      <timestamp>2022-10-04T19:47:58</timestamp>
      <time>2.05</time>
      <nodeId>630</nodeId>
      <enclosingBlocks>
        <string>629</string>
      </enclosingBlocks>
      <enclosingBlockNames>
        <string>Declarative: Post Actions</string>
      </enclosingBlockNames>
      <cases>
        <case>
          <duration>0.003</duration>
          <className>nui.FiltersForArtifactSetItems</className>
          <testName>FiltersForArtifactSetItems › Filter by search › when a unique matching search string is entered then we should expect only one item to return</testName>
          <skipped>false</skipped>
          <failedSince>0</failedSince>
        </case>
        <case>
          <duration>0.001</duration>
          <className>nui.FiltersForArtifactSetItems</className>
          <testName>FiltersForArtifactSetItems › Filter by search › when a search string matches more than one column then we should expect more than one item to return</testName>
          <skipped>false</skipped>
          <failedSince>0</failedSince>
        </case>
        <case>
          <duration>0.002</duration>
          <className>nui.FiltersForArtifactSetItems</className>
          <testName>FiltersForArtifactSetItems › Filter by search › when there is more than one column with a matching search string then we should expect more than one item to return</testName>
          <skipped>false</skipped>
          <failedSince>0</failedSince>
        </case>
        <case>
          <duration>0.001</duration>
          <className>nui.FiltersForArtifactSetItems</className>
          <testName>FiltersForArtifactSetItems › Filter by search › when there are no search strings provided then we should expect all items to return</testName>
          <skipped>false</skipped>
          <failedSince>0</failedSince>
        </case>
        <case>
          <duration>0.002</duration>
          <className>nui.FiltersForArtifactSetItems</className>
          <testName>FiltersForArtifactSetItems › Filter by search › when the column data has special characters ] or ( then we expect those to not prevent a search from being successful</testName>
          <skipped>false</skipped>
          <failedSince>0</failedSince>
        </case>
        <case>
          <duration>0.017</duration>
          <className>nui.FiltersForArtifactSetItems</className>
          <testName>FiltersForArtifactSetItems › Filter by search › when the column data search string does not match then I expect to not see any items</testName>
          <skipped>false</skipped>
          <failedSince>0</failedSince>
        </case>
        <case>
          <duration>0.059</duration>
          <className>nui.FiltersForArtifactSetItems</className>
          <testName>FiltersForArtifactSetItems › Filter by multi select › when a unique matching search value is entered then we should expect only one item to return</testName>
          <skipped>false</skipped>
          <failedSince>0</failedSince>
        </case>
        <case>
          <duration>0.034</duration>
          <className>nui.FiltersForArtifactSetItems</className>
          <testName>FiltersForArtifactSetItems › Filter by multi select › when a search matches more than one column then we should expect more than one item to return</testName>
          <skipped>false</skipped>
          <failedSince>0</failedSince>
        </case>
        <case>
          <duration>0.002</duration>
          <className>nui.FiltersForArtifactSetItems</className>
          <testName>FiltersForArtifactSetItems › Filter by multi select › when there is more than one column with a search then we should expect only the matching item to return</testName>
          <skipped>false</skipped>
          <failedSince>0</failedSince>
        </case>
        <case>
          <duration>0.037</duration>
          <className>nui.FiltersForArtifactSetItems</className>
          <testName>FiltersForArtifactSetItems › Filter by multi select › when there are no search options provided then we should expect all items to return</testName>
          <skipped>false</skipped>
          <failedSince>0</failedSince>
        </case>
        <case>
          <duration>0.032</duration>
          <className>nui.FiltersForArtifactSetItems</className>
          <testName>FiltersForArtifactSetItems › Filter by multi select › when more than one option for a column is selected then I expect to get back results for every match</testName>
          <skipped>false</skipped>
          <failedSince>0</failedSince>
        </case>
        <case>
          <duration>0.002</duration>
          <className>nui.FiltersForArtifactSetItems</className>
          <testName>FiltersForArtifactSetItems › Filter by numeric range › when all columns min is either undefined or empty string then I expect to receive all columns back.</testName>
          <skipped>false</skipped>
          <failedSince>0</failedSince>
        </case>
        <case>
          <duration>0.019</duration>
          <className>nui.FiltersForArtifactSetItems</className>
          <testName>FiltersForArtifactSetItems › Filter by numeric range › when a search value is entered that is not a range then I expect columns back for ints</testName>
          <skipped>false</skipped>
          <failedSince>0</failedSince>
        </case>
        <case>
          <duration>0.001</duration>
          <className>nui.FiltersForArtifactSetItems</className>
          <testName>FiltersForArtifactSetItems › Filter by numeric range › when a search value is entered that is not a range then I expect columns back for uints</testName>
          <skipped>false</skipped>
          <failedSince>0</failedSince>
        </case>
        <case>
          <duration>0.001</duration>
          <className>nui.FiltersForArtifactSetItems</className>
          <testName>FiltersForArtifactSetItems › Filter by numeric range › when a search value is entered that is not a range then I expect columns back for doubles</testName>
          <skipped>false</skipped>
          <failedSince>0</failedSince>
        </case>
        <case>
          <duration>0.002</duration>
          <className>nui.FiltersForArtifactSetItems</className>
          <testName>FiltersForArtifactSetItems › Filter by numeric range › when a range of search values are entered then I expect columns back for ints</testName>
          <skipped>false</skipped>
          <failedSince>0</failedSince>
        </case>
        <case>
          <duration>0.001</duration>
          <className>nui.FiltersForArtifactSetItems</className>
          <testName>FiltersForArtifactSetItems › Filter by numeric range › when a range of search values are entered then I expect columns back for uints</testName>
          <skipped>false</skipped>
          <failedSince>0</failedSince>
        </case>
        <case>
          <duration>0.021</duration>
          <className>nui.FiltersForArtifactSetItems</className>
          <testName>FiltersForArtifactSetItems › Filter by numeric range › when a range of search values are entered then I expect columns back for doubles</testName>
          <skipped>false</skipped>
          <failedSince>0</failedSince>
        </case>
      </cases>
    </suite>
    <suite>
      <file>/tmp/jenkins-e606f5ec/workspace/nloop_main/junits/nui-unit-tests.xml</file>
      <name>Dashboard</name>
      <duration>26.107</duration>
      <timestamp>2022-10-04T19:47:39</timestamp>
      <time>26.107</time>
      <nodeId>630</nodeId>
      <enclosingBlocks>
        <string>629</string>
      </enclosingBlocks>
      <enclosingBlockNames>
        <string>Declarative: Post Actions</string>
      </enclosingBlockNames>
      <cases>
        <case>
          <duration>0.575</duration>
          <className>nui.Dashboard</className>
          <testName>Dashboard should get validate performance and get root nodes</testName>
          <skipped>false</skipped>
          <failedSince>0</failedSince>
        </case>
        <case>
          <duration>0.665</duration>
          <className>nui.Dashboard</className>
          <testName>Dashboard should route back to the safety case template</testName>
          <skipped>false</skipped>
          <failedSince>0</failedSince>
        </case>
        <case>
          <duration>0.589</duration>
          <className>nui.Dashboard</className>
          <testName>Dashboard should have a back button displaying &apos;Back to Safety Case Template&apos;</testName>
          <skipped>false</skipped>
          <failedSince>0</failedSince>
        </case>
        <case>
          <duration>0.602</duration>
          <className>nui.Dashboard</className>
          <testName>Dashboard should initialize the modal if a spi is in the URL query parameters</testName>
          <skipped>false</skipped>
          <failedSince>0</failedSince>
        </case>
        <case>
          <duration>0.263</duration>
          <className>nui.Dashboard</className>
          <testName>Dashboard should redirect to projects page if project id is invalid</testName>
          <skipped>false</skipped>
          <failedSince>0</failedSince>
        </case>
        <case>
          <duration>0.105</duration>
          <className>nui.Dashboard</className>
          <testName>Dashboard should redirect to projects page if instance id is invalid</testName>
          <skipped>false</skipped>
          <failedSince>0</failedSince>
        </case>
        <case>
          <duration>0.248</duration>
          <className>nui.Dashboard</className>
          <testName>Dashboard when the dashboard is destroyed the nodes are cleared for the instanceId</testName>
          <skipped>false</skipped>
          <failedSince>0</failedSince>
        </case>
      </cases>
    </suite>
    <suite>
      <file>/tmp/jenkins-e606f5ec/workspace/nloop_main/junits/nui-unit-tests.xml</file>
      <name>TraceabilitySetList</name>
      <duration>23.336</duration>
      <timestamp>2022-10-04T19:47:51</timestamp>
      <time>23.336</time>
      <nodeId>630</nodeId>
      <enclosingBlocks>
        <string>629</string>
      </enclosingBlocks>
      <enclosingBlockNames>
        <string>Declarative: Post Actions</string>
      </enclosingBlockNames>
      <cases>
        <case>
          <duration>0.495</duration>
          <className>nui.TraceabilitySetList</className>
          <testName>TraceabilitySetList should list the traceability sets returned by the store</testName>
          <skipped>false</skipped>
          <failedSince>0</failedSince>
        </case>
        <case>
          <duration>0.217</duration>
          <className>nui.TraceabilitySetList</className>
          <testName>TraceabilitySetList should show message indicating there are no sets</testName>
          <skipped>false</skipped>
          <failedSince>0</failedSince>
        </case>
        <case>
          <duration>2.54</duration>
          <className>nui.TraceabilitySetList</className>
          <testName>TraceabilitySetList shows success message when edit succeeds</testName>
          <skipped>false</skipped>
          <failedSince>0</failedSince>
        </case>
        <case>
          <duration>3.033</duration>
          <className>nui.TraceabilitySetList</className>
          <testName>TraceabilitySetList shows success message when delete succeeds</testName>
          <skipped>false</skipped>
          <failedSince>0</failedSince>
        </case>
        <case>
          <duration>3.498</duration>
          <className>nui.TraceabilitySetList</className>
          <testName>TraceabilitySetList shows error message when edit fails</testName>
          <skipped>false</skipped>
          <failedSince>0</failedSince>
        </case>
        <case>
          <duration>2.859</duration>
          <className>nui.TraceabilitySetList</className>
          <testName>TraceabilitySetList shows error message when delete fails</testName>
          <skipped>false</skipped>
          <failedSince>0</failedSince>
        </case>
        <case>
          <duration>3.745</duration>
          <className>nui.TraceabilitySetList</className>
          <testName>TraceabilitySetList shows success message when archive succeeds</testName>
          <skipped>false</skipped>
          <failedSince>0</failedSince>
        </case>
        <case>
          <duration>3.238</duration>
          <className>nui.TraceabilitySetList</className>
          <testName>TraceabilitySetList shows error message when archive fails</testName>
          <skipped>false</skipped>
          <failedSince>0</failedSince>
        </case>
        <case>
          <duration>0.799</duration>
          <className>nui.TraceabilitySetList</className>
          <testName>TraceabilitySetList shows custom success messages</testName>
          <skipped>false</skipped>
          <failedSince>0</failedSince>
        </case>
        <case>
          <duration>1.103</duration>
          <className>nui.TraceabilitySetList</className>
          <testName>TraceabilitySetList shows default success messages</testName>
          <skipped>false</skipped>
          <failedSince>0</failedSince>
        </case>
      </cases>
    </suite>
    <suite>
      <file>/tmp/jenkins-e606f5ec/workspace/nloop_main/junits/nui-unit-tests.xml</file>
      <name>TreeView</name>
      <duration>19.392</duration>
      <timestamp>2022-10-04T19:48:07</timestamp>
      <time>19.392</time>
      <nodeId>630</nodeId>
      <enclosingBlocks>
        <string>629</string>
      </enclosingBlocks>
      <enclosingBlockNames>
        <string>Declarative: Post Actions</string>
      </enclosingBlockNames>
      <cases>
        <case>
          <duration>1.511</duration>
          <className>nui.TreeView</className>
          <testName>TreeView renders a tree for each root</testName>
          <skipped>false</skipped>
          <failedSince>0</failedSince>
        </case>
        <case>
          <duration>0.292</duration>
          <className>nui.TreeView</className>
          <testName>TreeView navigates to the specified reference node and selects it</testName>
          <skipped>false</skipped>
          <failedSince>0</failedSince>
        </case>
        <case>
          <duration>0.684</duration>
          <className>nui.TreeView</className>
          <testName>TreeView expands all nodes</testName>
          <skipped>false</skipped>
          <failedSince>0</failedSince>
        </case>
        <case>
          <duration>0.946</duration>
          <className>nui.TreeView</className>
          <testName>TreeView collapses all nodes</testName>
          <skipped>false</skipped>
          <failedSince>0</failedSince>
        </case>
        <case>
          <duration>1.49</duration>
          <className>nui.TreeView</className>
          <testName>TreeView navigates to a matching node</testName>
          <skipped>false</skipped>
          <failedSince>0</failedSince>
        </case>
        <case>
          <duration>1.909</duration>
          <className>nui.TreeView</className>
          <testName>TreeView cycles through matching nodes (down)</testName>
          <skipped>false</skipped>
          <failedSince>0</failedSince>
        </case>
        <case>
          <duration>4.443</duration>
          <className>nui.TreeView</className>
          <testName>TreeView cycles through matching nodes (up)</testName>
          <skipped>false</skipped>
          <failedSince>0</failedSince>
        </case>
        <case>
          <duration>1.624</duration>
          <className>nui.TreeView</className>
          <testName>TreeView makes the search box visible</testName>
          <skipped>false</skipped>
          <failedSince>0</failedSince>
        </case>
        <case>
          <duration>1.243</duration>
          <className>nui.TreeView</className>
          <testName>TreeView hides the search box</testName>
          <skipped>false</skipped>
          <failedSince>0</failedSince>
        </case>
        <case>
          <duration>0.792</duration>
          <className>nui.TreeView</className>
          <testName>TreeView shows an error if the SPI status request throws</testName>
          <skipped>false</skipped>
          <failedSince>0</failedSince>
        </case>
        <case>
          <duration>0.67</duration>
          <className>nui.TreeView</className>
          <testName>TreeView by default shows a control prompt to the user</testName>
          <skipped>false</skipped>
          <failedSince>0</failedSince>
        </case>
        <case>
          <duration>0.833</duration>
          <className>nui.TreeView</className>
          <testName>TreeView allows the user to close the control prompt</testName>
          <skipped>false</skipped>
          <failedSince>0</failedSince>
        </case>
      </cases>
    </suite>
    <suite>
      <file>/tmp/jenkins-e606f5ec/workspace/nloop_main/junits/nui-unit-tests.xml</file>
      <name>ParameterMultiselect</name>
      <duration>5.666</duration>
      <timestamp>2022-10-04T19:48:27</timestamp>
      <time>5.666</time>
      <nodeId>630</nodeId>
      <enclosingBlocks>
        <string>629</string>
      </enclosingBlocks>
      <enclosingBlockNames>
        <string>Declarative: Post Actions</string>
      </enclosingBlockNames>
      <cases>
        <case>
          <duration>0.156</duration>
          <className>nui.ParameterMultiselect</className>
          <testName>ParameterMultiselect exists</testName>
          <skipped>false</skipped>
          <failedSince>0</failedSince>
        </case>
        <case>
          <duration>0.042</duration>
          <className>nui.ParameterMultiselect</className>
          <testName>ParameterMultiselect should have an icon with tool tip if the parameter has a description</testName>
          <skipped>false</skipped>
          <failedSince>0</failedSince>
        </case>
        <case>
          <duration>0.085</duration>
          <className>nui.ParameterMultiselect</className>
          <testName>ParameterMultiselect should not have a tool tip if the parameter has no description</testName>
          <skipped>false</skipped>
          <failedSince>0</failedSince>
        </case>
        <case>
          <duration>0.076</duration>
          <className>nui.ParameterMultiselect</className>
          <testName>ParameterMultiselect should expect the parameter label to be humanized </testName>
          <skipped>false</skipped>
          <failedSince>0</failedSince>
        </case>
        <case>
          <duration>0.078</duration>
          <className>nui.ParameterMultiselect</className>
          <testName>ParameterMultiselect › validation  should display a validation message if type has min items</testName>
          <skipped>false</skipped>
          <failedSince>0</failedSince>
        </case>
        <case>
          <duration>0.11</duration>
          <className>nui.ParameterMultiselect</className>
          <testName>ParameterMultiselect › validation  should display a validation message if type has max items</testName>
          <skipped>false</skipped>
          <failedSince>0</failedSince>
        </case>
        <case>
          <duration>0.086</duration>
          <className>nui.ParameterMultiselect</className>
          <testName>ParameterMultiselect › validation  should display a message if a type has min and max items</testName>
          <skipped>false</skipped>
          <failedSince>0</failedSince>
        </case>
        <case>
          <duration>0.071</duration>
          <className>nui.ParameterMultiselect</className>
          <testName>ParameterMultiselect › validation  should display a red validation message if invalid </testName>
          <skipped>false</skipped>
          <failedSince>0</failedSince>
        </case>
        <case>
          <duration>0.076</duration>
          <className>nui.ParameterMultiselect</className>
          <testName>ParameterMultiselect › validation  should not display a message if read only is true</testName>
          <skipped>false</skipped>
          <failedSince>0</failedSince>
        </case>
        <case>
          <duration>0.003</duration>
          <className>nui.ParameterMultiselect</className>
          <testName>ParameterMultiselect › methods should set the parameter values </testName>
          <skipped>false</skipped>
          <failedSince>0</failedSince>
        </case>
        <case>
          <duration>0.004</duration>
          <className>nui.ParameterMultiselect</className>
          <testName>ParameterMultiselect › methods should not set parameter values if read only is true</testName>
          <skipped>false</skipped>
          <failedSince>0</failedSince>
        </case>
        <case>
          <duration>0.106</duration>
          <className>nui.ParameterMultiselect</className>
          <testName>ParameterMultiselect › mounted should set the parameter value in the store only if the parameter is not read only</testName>
          <skipped>false</skipped>
          <failedSince>0</failedSince>
        </case>
        <case>
          <duration>0.635</duration>
          <className>nui.ParameterMultiselect</className>
          <testName>ParameterMultiselect › mounted should set x values in a selection if min items exists</testName>
          <skipped>false</skipped>
          <failedSince>0</failedSince>
        </case>
        <case>
          <duration>0.358</duration>
          <className>nui.ParameterMultiselect</className>
          <testName>ParameterMultiselect › mounted should use the parameter value if there is a parameter value</testName>
          <skipped>false</skipped>
          <failedSince>0</failedSince>
        </case>
        <case>
          <duration>0.373</duration>
          <className>nui.ParameterMultiselect</className>
          <testName>ParameterMultiselect › mounted should using the selected options if the parameters already exist (from test copy)</testName>
          <skipped>false</skipped>
          <failedSince>0</failedSince>
        </case>
        <case>
          <duration>0.485</duration>
          <className>nui.ParameterMultiselect</className>
          <testName>ParameterMultiselect › destroyed should clear the parameter value by id on destroy</testName>
          <skipped>false</skipped>
          <failedSince>0</failedSince>
        </case>
      </cases>
    </suite>
    <suite>
      <file>/tmp/jenkins-e606f5ec/workspace/nloop_main/junits/nui-unit-tests.xml</file>
      <name>CreateConnectorModal</name>
      <duration>40.941</duration>
      <timestamp>2022-10-04T19:48:01</timestamp>
      <time>40.941</time>
      <nodeId>630</nodeId>
      <enclosingBlocks>
        <string>629</string>
      </enclosingBlocks>
      <enclosingBlockNames>
        <string>Declarative: Post Actions</string>
      </enclosingBlockNames>
      <cases>
        <case>
          <duration>0.529</duration>
          <className>nui.CreateConnectorModal</className>
          <testName>CreateConnectorModal should mount</testName>
          <skipped>false</skipped>
          <failedSince>0</failedSince>
        </case>
        <case>
          <duration>1.768</duration>
          <className>nui.CreateConnectorModal</className>
          <testName>CreateConnectorModal should close the modal window</testName>
          <skipped>false</skipped>
          <failedSince>0</failedSince>
        </case>
        <case>
          <duration>1.843</duration>
          <className>nui.CreateConnectorModal</className>
          <testName>CreateConnectorModal mounts a button as the activator</testName>
          <skipped>false</skipped>
          <failedSince>0</failedSince>
        </case>
        <case>
          <duration>1.187</duration>
          <className>nui.CreateConnectorModal</className>
          <testName>CreateConnectorModal › validates fields has no fields</testName>
          <skipped>false</skipped>
          <failedSince>0</failedSince>
        </case>
        <case>
          <duration>1.759</duration>
          <className>nui.CreateConnectorModal</className>
          <testName>CreateConnectorModal › validates fields duplicates name field</testName>
          <skipped>false</skipped>
          <failedSince>0</failedSince>
        </case>
        <case>
          <duration>2.293</duration>
          <className>nui.CreateConnectorModal</className>
          <testName>CreateConnectorModal › validates fields has invalid user entered json</testName>
          <skipped>false</skipped>
          <failedSince>0</failedSince>
        </case>
        <case>
          <duration>3.478</duration>
          <className>nui.CreateConnectorModal</className>
          <testName>CreateConnectorModal › validates fields is valid</testName>
          <skipped>false</skipped>
          <failedSince>0</failedSince>
        </case>
        <case>
          <duration>4.182</duration>
          <className>nui.CreateConnectorModal</className>
          <testName>CreateConnectorModal › validates fields has invalid chunk size (null)</testName>
          <skipped>false</skipped>
          <failedSince>0</failedSince>
        </case>
        <case>
          <duration>2.764</duration>
          <className>nui.CreateConnectorModal</className>
          <testName>CreateConnectorModal › validates fields has invalid chunk size (negative number)</testName>
          <skipped>false</skipped>
          <failedSince>0</failedSince>
        </case>
        <case>
          <duration>2.09</duration>
          <className>nui.CreateConnectorModal</className>
          <testName>CreateConnectorModal › validates fields has invalid chunk size (decimal)</testName>
          <skipped>false</skipped>
          <failedSince>0</failedSince>
        </case>
        <case>
          <duration>2.659</duration>
          <className>nui.CreateConnectorModal</className>
          <testName>CreateConnectorModal › validates fields has invalid chunk delay (null)</testName>
          <skipped>false</skipped>
          <failedSince>0</failedSince>
        </case>
        <case>
          <duration>2.628</duration>
          <className>nui.CreateConnectorModal</className>
          <testName>CreateConnectorModal › validates fields has invalid chunk delay (negative number)</testName>
          <skipped>false</skipped>
          <failedSince>0</failedSince>
        </case>
        <case>
          <duration>2.645</duration>
          <className>nui.CreateConnectorModal</className>
          <testName>CreateConnectorModal › validates fields has invalid chunk delay (decimal)</testName>
          <skipped>false</skipped>
          <failedSince>0</failedSince>
        </case>
        <case>
          <duration>1.61</duration>
          <className>nui.CreateConnectorModal</className>
          <testName>CreateConnectorModal should show an error if the create action throws</testName>
          <skipped>false</skipped>
          <failedSince>0</failedSince>
        </case>
        <case>
          <duration>0.128</duration>
          <className>nui.CreateConnectorModal</className>
          <testName>CreateConnectorModal should not modify the form model when formatting connection config</testName>
          <skipped>false</skipped>
          <failedSince>0</failedSince>
        </case>
        <case>
          <duration>0.218</duration>
          <className>nui.CreateConnectorModal</className>
          <testName>CreateConnectorModal correctly formats connection config</testName>
          <skipped>false</skipped>
          <failedSince>0</failedSince>
        </case>
        <case>
          <duration>3.133</duration>
          <className>nui.CreateConnectorModal</className>
          <testName>CreateConnectorModal › connector-type: postgresql shows postgres form when type selected is postgresql</testName>
          <skipped>false</skipped>
          <failedSince>0</failedSince>
        </case>
        <case>
          <duration>1.837</duration>
          <className>nui.CreateConnectorModal</className>
          <testName>CreateConnectorModal › connector-type: postgresql hides postgres form when type selected is not postgresql</testName>
          <skipped>false</skipped>
          <failedSince>0</failedSince>
        </case>
      </cases>
    </suite>
    <suite>
      <file>/tmp/jenkins-e606f5ec/workspace/nloop_main/junits/nui-unit-tests.xml</file>
      <name>ArtifactDomainsTable</name>
      <duration>13.863</duration>
      <timestamp>2022-10-04T19:48:35</timestamp>
      <time>13.863</time>
      <nodeId>630</nodeId>
      <enclosingBlocks>
        <string>629</string>
      </enclosingBlocks>
      <enclosingBlockNames>
        <string>Declarative: Post Actions</string>
      </enclosingBlockNames>
      <cases>
        <case>
          <duration>0.123</duration>
          <className>nui.ArtifactDomainsTable</className>
          <testName>ArtifactDomainsTable exists</testName>
          <skipped>false</skipped>
          <failedSince>0</failedSince>
        </case>
        <case>
          <duration>0.591</duration>
          <className>nui.ArtifactDomainsTable</className>
          <testName>ArtifactDomainsTable should navigate to the artifact view when clicking on a name</testName>
          <skipped>false</skipped>
          <failedSince>0</failedSince>
        </case>
        <case>
          <duration>1.646</duration>
          <className>nui.ArtifactDomainsTable</className>
          <testName>ArtifactDomainsTable › archive should be able to archive a domain if the user has permission and the domain is not prepopulated</testName>
          <skipped>false</skipped>
          <failedSince>0</failedSince>
        </case>
        <case>
          <duration>0.462</duration>
          <className>nui.ArtifactDomainsTable</className>
          <testName>ArtifactDomainsTable › archive should not be able to archive a domain if the user has permission and the domain is prepopulated</testName>
          <skipped>false</skipped>
          <failedSince>0</failedSince>
        </case>
        <case>
          <duration>1.753</duration>
          <className>nui.ArtifactDomainsTable</className>
          <testName>ArtifactDomainsTable › archive should not be able to archive a domain if the user does not have permission</testName>
          <skipped>false</skipped>
          <failedSince>0</failedSince>
        </case>
        <case>
          <duration>1.353</duration>
          <className>nui.ArtifactDomainsTable</className>
          <testName>ArtifactDomainsTable › remove should be able to remove a domain if the user has permission and the domain is not prepopulated</testName>
          <skipped>false</skipped>
          <failedSince>0</failedSince>
        </case>
        <case>
          <duration>0.855</duration>
          <className>nui.ArtifactDomainsTable</className>
          <testName>ArtifactDomainsTable › remove should not be able to remove a domain if the user has permission and the domain is prepopulated</testName>
          <skipped>false</skipped>
          <failedSince>0</failedSince>
        </case>
        <case>
          <duration>1.69</duration>
          <className>nui.ArtifactDomainsTable</className>
          <testName>ArtifactDomainsTable › remove should not be able to remove a domain if the user does not have permission</testName>
          <skipped>false</skipped>
          <failedSince>0</failedSince>
        </case>
        <case>
          <duration>0.122</duration>
          <className>nui.ArtifactDomainsTable</className>
          <testName>ArtifactDomainsTable › computed provides set table heights at certain window widths</testName>
          <skipped>false</skipped>
          <failedSince>0</failedSince>
        </case>
        <case>
          <duration>0.003</duration>
          <className>nui.ArtifactDomainsTable</className>
          <testName>ArtifactDomainsTable › methods should handle the archive event</testName>
          <skipped>false</skipped>
          <failedSince>0</failedSince>
        </case>
        <case>
          <duration>0.034</duration>
          <className>nui.ArtifactDomainsTable</className>
          <testName>ArtifactDomainsTable › methods should handle the archive event failing</testName>
          <skipped>false</skipped>
          <failedSince>0</failedSince>
        </case>
        <case>
          <duration>0.03</duration>
          <className>nui.ArtifactDomainsTable</className>
          <testName>ArtifactDomainsTable should handle the remove event</testName>
          <skipped>false</skipped>
          <failedSince>0</failedSince>
        </case>
        <case>
          <duration>0.041</duration>
          <className>nui.ArtifactDomainsTable</className>
          <testName>ArtifactDomainsTable should handle the remove event failing</testName>
          <skipped>false</skipped>
          <failedSince>0</failedSince>
        </case>
        <case>
          <duration>0.085</duration>
          <className>nui.ArtifactDomainsTable</className>
          <testName>ArtifactDomainsTable › mounted should set the delete permission to true if the user has that permission</testName>
          <skipped>false</skipped>
          <failedSince>0</failedSince>
        </case>
      </cases>
    </suite>
    <suite>
      <file>/tmp/jenkins-e606f5ec/workspace/nloop_main/junits/nui-unit-tests.xml</file>
      <name>Diagram Header</name>
      <duration>13.201</duration>
      <timestamp>2022-10-04T19:48:44</timestamp>
      <time>13.201</time>
      <nodeId>630</nodeId>
      <enclosingBlocks>
        <string>629</string>
      </enclosingBlocks>
      <enclosingBlockNames>
        <string>Declarative: Post Actions</string>
      </enclosingBlockNames>
      <cases>
        <case>
          <duration>0.125</duration>
          <className>nui.Diagram Header</className>
          <testName>Diagram Header mounts</testName>
          <skipped>false</skipped>
          <failedSince>0</failedSince>
        </case>
        <case>
          <duration>0.089</duration>
          <className>nui.Diagram Header</className>
          <testName>Diagram Header shows diagram status dropdown</testName>
          <skipped>false</skipped>
          <failedSince>0</failedSince>
        </case>
        <case>
          <duration>0.146</duration>
          <className>nui.Diagram Header</className>
          <testName>Diagram Header does not show diagram status dropdown when type is farch</testName>
          <skipped>false</skipped>
          <failedSince>0</failedSince>
        </case>
        <case>
          <duration>1.299</duration>
          <className>nui.Diagram Header</className>
          <testName>Diagram Header should display the status options in the dropdown</testName>
          <skipped>false</skipped>
          <failedSince>0</failedSince>
        </case>
        <case>
          <duration>0.348</duration>
          <className>nui.Diagram Header</className>
          <testName>Diagram Header shows diagram hazard button</testName>
          <skipped>false</skipped>
          <failedSince>0</failedSince>
        </case>
        <case>
          <duration>0.368</duration>
          <className>nui.Diagram Header</className>
          <testName>Diagram Header does not show diagram hazard button when type is fault</testName>
          <skipped>false</skipped>
          <failedSince>0</failedSince>
        </case>
        <case>
          <duration>0.744</duration>
          <className>nui.Diagram Header</className>
          <testName>Diagram Header opens the hazard select dropdown when hazard button is clicked</testName>
          <skipped>false</skipped>
          <failedSince>0</failedSince>
        </case>
        <case>
          <duration>1.236</duration>
          <className>nui.Diagram Header</className>
          <testName>Diagram Header closes the hazard select dropdown when hazard button is clicked again</testName>
          <skipped>false</skipped>
          <failedSince>0</failedSince>
        </case>
        <case>
          <duration>0.312</duration>
          <className>nui.Diagram Header</className>
          <testName>Diagram Header shows diagram search button</testName>
          <skipped>false</skipped>
          <failedSince>0</failedSince>
        </case>
        <case>
          <duration>0.528</duration>
          <className>nui.Diagram Header</className>
          <testName>Diagram Header opens the search bar when Control+F is pressed</testName>
          <skipped>false</skipped>
          <failedSince>0</failedSince>
        </case>
        <case>
          <duration>0.55</duration>
          <className>nui.Diagram Header</className>
          <testName>Diagram Header opens the search bar when search button is clicked</testName>
          <skipped>false</skipped>
          <failedSince>0</failedSince>
        </case>
        <case>
          <duration>0.775</duration>
          <className>nui.Diagram Header</className>
          <testName>Diagram Header closes the search bar when search button is clicked again</testName>
          <skipped>false</skipped>
          <failedSince>0</failedSince>
        </case>
        <case>
          <duration>0.116</duration>
          <className>nui.Diagram Header</className>
          <testName>Diagram Header shows diagram fullscreen button</testName>
          <skipped>false</skipped>
          <failedSince>0</failedSince>
        </case>
      </cases>
    </suite>
    <suite>
      <file>/tmp/jenkins-e606f5ec/workspace/nloop_main/junits/nui-unit-tests.xml</file>
      <name>CreateSafetyPerformanceIndicatorModal</name>
      <duration>39.345</duration>
      <timestamp>2022-10-04T19:48:17</timestamp>
      <time>39.345</time>
      <nodeId>630</nodeId>
      <enclosingBlocks>
        <string>629</string>
      </enclosingBlocks>
      <enclosingBlockNames>
        <string>Declarative: Post Actions</string>
      </enclosingBlockNames>
      <cases>
        <case>
          <duration>3.421</duration>
          <className>nui.CreateSafetyPerformanceIndicatorModal</className>
          <testName>CreateSafetyPerformanceIndicatorModal should close modal window</testName>
          <skipped>false</skipped>
          <failedSince>0</failedSince>
        </case>
        <case>
          <duration>1.799</duration>
          <className>nui.CreateSafetyPerformanceIndicatorModal</className>
          <testName>CreateSafetyPerformanceIndicatorModal mounts a button as the activator</testName>
          <skipped>false</skipped>
          <failedSince>0</failedSince>
        </case>
        <case>
          <duration>3.13</duration>
          <className>nui.CreateSafetyPerformanceIndicatorModal</className>
          <testName>CreateSafetyPerformanceIndicatorModal should call save when the form is valid</testName>
          <skipped>false</skipped>
          <failedSince>0</failedSince>
        </case>
        <case>
          <duration>2.334</duration>
          <className>nui.CreateSafetyPerformanceIndicatorModal</className>
          <testName>CreateSafetyPerformanceIndicatorModal should reset fields the form when cleared</testName>
          <skipped>false</skipped>
          <failedSince>0</failedSince>
        </case>
        <case>
          <duration>3.491</duration>
          <className>nui.CreateSafetyPerformanceIndicatorModal</className>
          <testName>CreateSafetyPerformanceIndicatorModal › validates date and time fields finds and sets an invalid evaluation time window ( &lt; min eval time window)</testName>
          <skipped>false</skipped>
          <failedSince>0</failedSince>
        </case>
        <case>
          <duration>3.209</duration>
          <className>nui.CreateSafetyPerformanceIndicatorModal</className>
          <testName>CreateSafetyPerformanceIndicatorModal › validates date and time fields sets valid evaluation time window</testName>
          <skipped>false</skipped>
          <failedSince>0</failedSince>
        </case>
        <case>
          <duration>3.085</duration>
          <className>nui.CreateSafetyPerformanceIndicatorModal</className>
          <testName>CreateSafetyPerformanceIndicatorModal › validates date and time fields sets invalid evaluation time window (decimal)</testName>
          <skipped>false</skipped>
          <failedSince>0</failedSince>
        </case>
        <case>
          <duration>2.978</duration>
          <className>nui.CreateSafetyPerformanceIndicatorModal</className>
          <testName>CreateSafetyPerformanceIndicatorModal › validates date and time fields sets valid evaluation time window</testName>
          <skipped>false</skipped>
          <failedSince>0</failedSince>
        </case>
        <case>
          <duration>2.74</duration>
          <className>nui.CreateSafetyPerformanceIndicatorModal</className>
          <testName>CreateSafetyPerformanceIndicatorModal › validates date and time fields sets invalid evaluation time window (negative)</testName>
          <skipped>false</skipped>
          <failedSince>0</failedSince>
        </case>
        <case>
          <duration>2.712</duration>
          <className>nui.CreateSafetyPerformanceIndicatorModal</className>
          <testName>CreateSafetyPerformanceIndicatorModal › validates date and time fields sets valid evaluation time window</testName>
          <skipped>false</skipped>
          <failedSince>0</failedSince>
        </case>
        <case>
          <duration>2.977</duration>
          <className>nui.CreateSafetyPerformanceIndicatorModal</className>
          <testName>CreateSafetyPerformanceIndicatorModal does not allow a safety performance indicator evaluation start date in the future</testName>
          <skipped>false</skipped>
          <failedSince>0</failedSince>
        </case>
        <case>
          <duration>3.366</duration>
          <className>nui.CreateSafetyPerformanceIndicatorModal</className>
          <testName>CreateSafetyPerformanceIndicatorModal does not allow a safety performance indicator evaluation start time in the future</testName>
          <skipped>false</skipped>
          <failedSince>0</failedSince>
        </case>
      </cases>
    </suite>
    <suite>
      <file>/tmp/jenkins-e606f5ec/workspace/nloop_main/junits/nui-unit-tests.xml</file>
      <name>Detail Panel</name>
      <duration>12.143</duration>
      <timestamp>2022-10-04T19:48:50</timestamp>
      <time>12.143</time>
      <nodeId>630</nodeId>
      <enclosingBlocks>
        <string>629</string>
      </enclosingBlocks>
      <enclosingBlockNames>
        <string>Declarative: Post Actions</string>
      </enclosingBlockNames>
      <cases>
        <case>
          <duration>2.606</duration>
          <className>nui.Detail Panel</className>
          <testName>Detail Panel renders the title</testName>
          <skipped>false</skipped>
          <failedSince>0</failedSince>
        </case>
        <case>
          <duration>1.332</duration>
          <className>nui.Detail Panel</className>
          <testName>Detail Panel handles farches vs ftas</testName>
          <skipped>false</skipped>
          <failedSince>0</failedSince>
        </case>
        <case>
          <duration>0.536</duration>
          <className>nui.Detail Panel</className>
          <testName>Detail Panel › displays status information when the node is valid shows the nodes icons, category names, and status/category descriptions</testName>
          <skipped>false</skipped>
          <failedSince>0</failedSince>
        </case>
        <case>
          <duration>0.538</duration>
          <className>nui.Detail Panel</className>
          <testName>Detail Panel › displays status information when the node is in error state shows the nodes icons, category names, error banner, and status/category descriptions</testName>
          <skipped>false</skipped>
          <failedSince>0</failedSince>
        </case>
        <case>
          <duration>2.194</duration>
          <className>nui.Detail Panel</className>
          <testName>Detail Panel with selected hazard and statuses hides messages when statuses are present</testName>
          <skipped>false</skipped>
          <failedSince>0</failedSince>
        </case>
        <case>
          <duration>1.456</duration>
          <className>nui.Detail Panel</className>
          <testName>Detail Panel with selected hazard and no statuses notifies when no summaries are shown</testName>
          <skipped>false</skipped>
          <failedSince>0</failedSince>
        </case>
      </cases>
    </suite>
    <suite>
      <file>/tmp/jenkins-e606f5ec/workspace/nloop_main/junits/nui-unit-tests.xml</file>
      <name>SystemVersionSelect</name>
      <duration>3.174</duration>
      <timestamp>2022-10-04T19:49:02</timestamp>
      <time>3.174</time>
      <nodeId>630</nodeId>
      <enclosingBlocks>
        <string>629</string>
      </enclosingBlocks>
      <enclosingBlockNames>
        <string>Declarative: Post Actions</string>
      </enclosingBlockNames>
      <cases>
        <case>
          <duration>0.16</duration>
          <className>nui.SystemVersionSelect</className>
          <testName>SystemVersionSelect exists</testName>
          <skipped>false</skipped>
          <failedSince>0</failedSince>
        </case>
        <case>
          <duration>0.074</duration>
          <className>nui.SystemVersionSelect</className>
          <testName>SystemVersionSelect should have the appropriate labels for the selection elements</testName>
          <skipped>false</skipped>
          <failedSince>0</failedSince>
        </case>
        <case>
          <duration>0.461</duration>
          <className>nui.SystemVersionSelect</className>
          <testName>SystemVersionSelect should apply an inactive css class if the system version is inactive</testName>
          <skipped>false</skipped>
          <failedSince>0</failedSince>
        </case>
        <case>
          <duration>0.038</duration>
          <className>nui.SystemVersionSelect</className>
          <testName>SystemVersionSelect › when showSystemVersionLabel is true then it should show the label</testName>
          <skipped>false</skipped>
          <failedSince>0</failedSince>
        </case>
        <case>
          <duration>0.074</duration>
          <className>nui.SystemVersionSelect</className>
          <testName>SystemVersionSelect › when showSystemVersionLabel is false then it should not show the label</testName>
          <skipped>false</skipped>
          <failedSince>0</failedSince>
        </case>
        <case>
          <duration>0.088</duration>
          <className>nui.SystemVersionSelect</className>
          <testName>SystemVersionSelect › computed  › system version items  should have headers for only active if there are only active system versions</testName>
          <skipped>false</skipped>
          <failedSince>0</failedSince>
        </case>
        <case>
          <duration>0.161</duration>
          <className>nui.SystemVersionSelect</className>
          <testName>SystemVersionSelect › computed  › system version items  should have headers for only inactive if there are only inactive system versions</testName>
          <skipped>false</skipped>
          <failedSince>0</failedSince>
        </case>
        <case>
          <duration>0.288</duration>
          <className>nui.SystemVersionSelect</className>
          <testName>SystemVersionSelect › computed  › system version items  should have headers for both if there are active and inactive system versions</testName>
          <skipped>false</skipped>
          <failedSince>0</failedSince>
        </case>
        <case>
          <duration>0.143</duration>
          <className>nui.SystemVersionSelect</className>
          <testName>SystemVersionSelect › computed  › system version items  should provide an empty list if there are no available system versions</testName>
          <skipped>false</skipped>
          <failedSince>0</failedSince>
        </case>
        <case>
          <duration>0.042</duration>
          <className>nui.SystemVersionSelect</className>
          <testName>SystemVersionSelect › computed  should get the selected system version </testName>
          <skipped>false</skipped>
          <failedSince>0</failedSince>
        </case>
        <case>
          <duration>0.11</duration>
          <className>nui.SystemVersionSelect</className>
          <testName>SystemVersionSelect › computed  should create a notification if there is no selected system version</testName>
          <skipped>false</skipped>
          <failedSince>0</failedSince>
        </case>
        <case>
          <duration>0.098</duration>
          <className>nui.SystemVersionSelect</className>
          <testName>SystemVersionSelect › computed  should set the selected systemVersion</testName>
          <skipped>false</skipped>
          <failedSince>0</failedSince>
        </case>
        <case>
          <duration>0.109</duration>
          <className>nui.SystemVersionSelect</className>
          <testName>SystemVersionSelect › computed  › when there is a selected test case then it should update the test case if its not disabled</testName>
          <skipped>false</skipped>
          <failedSince>0</failedSince>
        </case>
        <case>
          <duration>0.224</duration>
          <className>nui.SystemVersionSelect</className>
          <testName>SystemVersionSelect › computed  › when there is a selected test case then it should clear the test case if its disabled</testName>
          <skipped>false</skipped>
          <failedSince>0</failedSince>
        </case>
      </cases>
    </suite>
    <suite>
      <file>/tmp/jenkins-e606f5ec/workspace/nloop_main/junits/nui-unit-tests.xml</file>
      <name>CAETable</name>
      <duration>12.344</duration>
      <timestamp>2022-10-04T19:48:59</timestamp>
      <time>12.344</time>
      <nodeId>630</nodeId>
      <enclosingBlocks>
        <string>629</string>
      </enclosingBlocks>
      <enclosingBlockNames>
        <string>Declarative: Post Actions</string>
      </enclosingBlockNames>
      <cases>
        <case>
          <duration>0.673</duration>
          <className>nui.CAETable</className>
          <testName>CAETable mounts</testName>
          <skipped>false</skipped>
          <failedSince>0</failedSince>
        </case>
        <case>
          <duration>1.155</duration>
          <className>nui.CAETable</className>
          <testName>CAETable mounts the next layer of the table</testName>
          <skipped>false</skipped>
          <failedSince>0</failedSince>
        </case>
        <case>
          <duration>0.419</duration>
          <className>nui.CAETable</className>
          <testName>CAETable shows an alternate button if the node is a leaf that doesnt have sufficient content to expand</testName>
          <skipped>false</skipped>
          <failedSince>0</failedSince>
        </case>
        <case>
          <duration>0.87</duration>
          <className>nui.CAETable</className>
          <testName>CAETable shows an expand button if the node is a leaf that has sufficient spi_inputs to expand</testName>
          <skipped>false</skipped>
          <failedSince>0</failedSince>
        </case>
        <case>
          <duration>1.377</duration>
          <className>nui.CAETable</className>
          <testName>CAETable getExpandButtonStyleMouseEnter and getExpandButtonStyleMouseLeave apply background color and remove it</testName>
          <skipped>false</skipped>
          <failedSince>0</failedSince>
        </case>
        <case>
          <duration>1.183</duration>
          <className>nui.CAETable</className>
          <testName>CAETable getItemTextColor applies styling per metadata item_color configuration</testName>
          <skipped>false</skipped>
          <failedSince>0</failedSince>
        </case>
        <case>
          <duration>2.101</duration>
          <className>nui.CAETable</className>
          <testName>CAETable getRowStyle applies styling per metadata item_color configuration</testName>
          <skipped>false</skipped>
          <failedSince>0</failedSince>
        </case>
        <case>
          <duration>2.283</duration>
          <className>nui.CAETable</className>
          <testName>CAETable determineSpiStatusFromSPIs uses spi inputs to determine node status</testName>
          <skipped>false</skipped>
          <failedSince>0</failedSince>
        </case>
        <case>
          <duration>0.002</duration>
          <className>nui.CAETable</className>
          <testName>CAETable should request the safety case instance on created if layout is safety case instance</testName>
          <skipped>false</skipped>
          <failedSince>0</failedSince>
        </case>
        <case>
          <duration>0.035</duration>
          <className>nui.CAETable</className>
          <testName>CAETable should not request the safety case instance on created if layout is safety case template</testName>
          <skipped>false</skipped>
          <failedSince>0</failedSince>
        </case>
      </cases>
    </suite>
    <suite>
      <file>/tmp/jenkins-e606f5ec/workspace/nloop_main/junits/nui-unit-tests.xml</file>
      <name>ImportTraceabilitySetVersionModal</name>
      <duration>20.847</duration>
      <timestamp>2022-10-04T19:49:00</timestamp>
      <time>20.847</time>
      <nodeId>630</nodeId>
      <enclosingBlocks>
        <string>629</string>
      </enclosingBlocks>
      <enclosingBlockNames>
        <string>Declarative: Post Actions</string>
      </enclosingBlockNames>
      <cases>
        <case>
          <duration>1.276</duration>
          <className>nui.ImportTraceabilitySetVersionModal</className>
          <testName>ImportTraceabilitySetVersionModal mounts all of the elements</testName>
          <skipped>false</skipped>
          <failedSince>0</failedSince>
        </case>
        <case>
          <duration>1.688</duration>
          <className>nui.ImportTraceabilitySetVersionModal</className>
          <testName>ImportTraceabilitySetVersionModal should display the correct title of the modal</testName>
          <skipped>false</skipped>
          <failedSince>0</failedSince>
        </case>
        <case>
          <duration>1.772</duration>
          <className>nui.ImportTraceabilitySetVersionModal</className>
          <testName>ImportTraceabilitySetVersionModal should display the correct instructions of the modal</testName>
          <skipped>false</skipped>
          <failedSince>0</failedSince>
        </case>
        <case>
          <duration>7.736</duration>
          <className>nui.ImportTraceabilitySetVersionModal</className>
          <testName>ImportTraceabilitySetVersionModal doesnt validate until all fields are supplied</testName>
          <skipped>false</skipped>
          <failedSince>0</failedSince>
        </case>
        <case>
          <duration>2.745</duration>
          <className>nui.ImportTraceabilitySetVersionModal</className>
          <testName>ImportTraceabilitySetVersionModal imports only when the form is valid</testName>
          <skipped>false</skipped>
          <failedSince>0</failedSince>
        </case>
        <case>
          <duration>1.999</duration>
          <className>nui.ImportTraceabilitySetVersionModal</className>
          <testName>ImportTraceabilitySetVersionModal shows the proper error banner and message when the import API throws</testName>
          <skipped>false</skipped>
          <failedSince>0</failedSince>
        </case>
        <case>
          <duration>1.653</duration>
          <className>nui.ImportTraceabilitySetVersionModal</className>
          <testName>ImportTraceabilitySetVersionModal closes the modal when the cancel button is clicked</testName>
          <skipped>false</skipped>
          <failedSince>0</failedSince>
        </case>
      </cases>
    </suite>
    <suite>
      <file>/tmp/jenkins-e606f5ec/workspace/nloop_main/junits/nui-unit-tests.xml</file>
      <name>TestCasePlatform</name>
      <duration>14.548</duration>
      <timestamp>2022-10-04T19:49:08</timestamp>
      <time>14.548</time>
      <nodeId>630</nodeId>
      <enclosingBlocks>
        <string>629</string>
      </enclosingBlocks>
      <enclosingBlockNames>
        <string>Declarative: Post Actions</string>
      </enclosingBlockNames>
      <cases>
        <case>
          <duration>0.215</duration>
          <className>nui.TestCasePlatform</className>
          <testName>TestCasePlatform exists</testName>
          <skipped>false</skipped>
          <failedSince>0</failedSince>
        </case>
        <case>
          <duration>0.257</duration>
          <className>nui.TestCasePlatform</className>
          <testName>TestCasePlatform › computed  should return the correct active col label </testName>
          <skipped>false</skipped>
          <failedSince>0</failedSince>
        </case>
        <case>
          <duration>0.157</duration>
          <className>nui.TestCasePlatform</className>
          <testName>TestCasePlatform › computed  should return the correct secondary col label</testName>
          <skipped>false</skipped>
          <failedSince>0</failedSince>
        </case>
        <case>
          <duration>0.004</duration>
          <className>nui.TestCasePlatform</className>
          <testName>TestCasePlatform › methods should swap from the platform col to the test case col</testName>
          <skipped>false</skipped>
          <failedSince>0</failedSince>
        </case>
        <case>
          <duration>0.003</duration>
          <className>nui.TestCasePlatform</className>
          <testName>TestCasePlatform › methods should swap from the test case col to the platform col</testName>
          <skipped>false</skipped>
          <failedSince>0</failedSince>
        </case>
        <case>
          <duration>0.003</duration>
          <className>nui.TestCasePlatform</className>
          <testName>TestCasePlatform › methods should open the test case details modal </testName>
          <skipped>false</skipped>
          <failedSince>0</failedSince>
        </case>
        <case>
          <duration>0.007</duration>
          <className>nui.TestCasePlatform</className>
          <testName>TestCasePlatform › methods should not do anything if the test case has no runs</testName>
          <skipped>false</skipped>
          <failedSince>0</failedSince>
        </case>
        <case>
          <duration>0.003</duration>
          <className>nui.TestCasePlatform</className>
          <testName>TestCasePlatform › methods should clear the selected test case if it has already been selected </testName>
          <skipped>false</skipped>
          <failedSince>0</failedSince>
        </case>
        <case>
          <duration>0.005</duration>
          <className>nui.TestCasePlatform</className>
          <testName>TestCasePlatform › methods should set the selected test case and get tcis by test case run id when there is no current test case selection</testName>
          <skipped>false</skipped>
          <failedSince>0</failedSince>
        </case>
        <case>
          <duration>0.002</duration>
          <className>nui.TestCasePlatform</className>
          <testName>TestCasePlatform › methods should not do anything if the platform is disabled</testName>
          <skipped>false</skipped>
          <failedSince>0</failedSince>
        </case>
        <case>
          <duration>0.004</duration>
          <className>nui.TestCasePlatform</className>
          <testName>TestCasePlatform › methods should clear the test platform selection if the platform has already been selected</testName>
          <skipped>false</skipped>
          <failedSince>0</failedSince>
        </case>
        <case>
          <duration>0.022</duration>
          <className>nui.TestCasePlatform</className>
          <testName>TestCasePlatform › methods should set the selected test platform if there is no current selection</testName>
          <skipped>false</skipped>
          <failedSince>0</failedSince>
        </case>
        <case>
          <duration>1.088</duration>
          <className>nui.TestCasePlatform</className>
          <testName>TestCasePlatform › mounted &amp; destroyed it should open the test case details open when clicked</testName>
          <skipped>false</skipped>
          <failedSince>0</failedSince>
        </case>
        <case>
          <duration>1.528</duration>
          <className>nui.TestCasePlatform</className>
          <testName>TestCasePlatform › mounted &amp; destroyed should subscribe to an action when mounted</testName>
          <skipped>false</skipped>
          <failedSince>0</failedSince>
        </case>
        <case>
          <duration>1.112</duration>
          <className>nui.TestCasePlatform</className>
          <testName>TestCasePlatform › mounted &amp; destroyed should unsubscribe when destroyed</testName>
          <skipped>false</skipped>
          <failedSince>0</failedSince>
        </case>
      </cases>
    </suite>
    <suite>
      <file>/tmp/jenkins-e606f5ec/workspace/nloop_main/junits/nui-unit-tests.xml</file>
      <name>Validators</name>
      <duration>2.496</duration>
      <timestamp>2022-10-04T19:49:25</timestamp>
      <time>2.496</time>
      <nodeId>630</nodeId>
      <enclosingBlocks>
        <string>629</string>
      </enclosingBlocks>
      <enclosingBlockNames>
        <string>Declarative: Post Actions</string>
      </enclosingBlockNames>
      <cases>
        <case>
          <duration>0.002</duration>
          <className>nui.Validators</className>
          <testName>Validators should generate a &quot;required&quot; rule</testName>
          <skipped>false</skipped>
          <failedSince>0</failedSince>
        </case>
        <case>
          <duration>0.0</duration>
          <className>nui.Validators</className>
          <testName>Validators should have password rules</testName>
          <skipped>false</skipped>
          <failedSince>0</failedSince>
        </case>
        <case>
          <duration>0.007</duration>
          <className>nui.Validators</className>
          <testName>Validators should return true if password meets requirements</testName>
          <skipped>false</skipped>
          <failedSince>0</failedSince>
        </case>
        <case>
          <duration>0.001</duration>
          <className>nui.Validators</className>
          <testName>Validators should return false if password does not meet requirements</testName>
          <skipped>false</skipped>
          <failedSince>0</failedSince>
        </case>
        <case>
          <duration>0.001</duration>
          <className>nui.Validators</className>
          <testName>Validators should have username rules</testName>
          <skipped>false</skipped>
          <failedSince>0</failedSince>
        </case>
        <case>
          <duration>0.009</duration>
          <className>nui.Validators</className>
          <testName>Validators should return confirm password rules</testName>
          <skipped>false</skipped>
          <failedSince>0</failedSince>
        </case>
        <case>
          <duration>0.009</duration>
          <className>nui.Validators</className>
          <testName>Validators › test case creation validation  should make sure the test case is valid </testName>
          <skipped>false</skipped>
          <failedSince>0</failedSince>
        </case>
        <case>
          <duration>0.001</duration>
          <className>nui.Validators</className>
          <testName>Validators › test case creation validation  › new test case name rules should check that there is a name</testName>
          <skipped>false</skipped>
          <failedSince>0</failedSince>
        </case>
        <case>
          <duration>0.006</duration>
          <className>nui.Validators</className>
          <testName>Validators › test case creation validation  › new test case name rules should check if the name is in use </testName>
          <skipped>false</skipped>
          <failedSince>0</failedSince>
        </case>
        <case>
          <duration>0.001</duration>
          <className>nui.Validators</className>
          <testName>Validators › test case creation validation  › new test case name rules should check the length of the name</testName>
          <skipped>false</skipped>
          <failedSince>0</failedSince>
        </case>
        <case>
          <duration>0.003</duration>
          <className>nui.Validators</className>
          <testName>Validators › parameter validations  should take a hash of parameters and return a bool</testName>
          <skipped>false</skipped>
          <failedSince>0</failedSince>
        </case>
        <case>
          <duration>0.003</duration>
          <className>nui.Validators</className>
          <testName>Validators › parameter validations  should take a multi select parameter and return a bool</testName>
          <skipped>false</skipped>
          <failedSince>0</failedSince>
        </case>
        <case>
          <duration>0.014</duration>
          <className>nui.Validators</className>
          <testName>Validators › JSON validation should return a string containing the name of the property when JSON is invalid</testName>
          <skipped>false</skipped>
          <failedSince>0</failedSince>
        </case>
        <case>
          <duration>0.006</duration>
          <className>nui.Validators</className>
          <testName>Validators › JSON validation should return true if JSON is valid</testName>
          <skipped>false</skipped>
          <failedSince>0</failedSince>
        </case>
        <case>
          <duration>0.002</duration>
          <className>nui.Validators</className>
          <testName>Validators › Extended Range Type Validation  should check for an empty list</testName>
          <skipped>false</skipped>
          <failedSince>0</failedSince>
        </case>
        <case>
          <duration>0.112</duration>
          <className>nui.Validators</className>
          <testName>Validators › Extended Range Type Validation  should check for a list of non numbers</testName>
          <skipped>false</skipped>
          <failedSince>0</failedSince>
        </case>
        <case>
          <duration>0.001</duration>
          <className>nui.Validators</className>
          <testName>Validators › Extended Range Type Validation  should check for a list with duplicate values </testName>
          <skipped>false</skipped>
          <failedSince>0</failedSince>
        </case>
        <case>
          <duration>0.005</duration>
          <className>nui.Validators</className>
          <testName>Validators › Extended Range Type Validation  should check for a list with values higher than the maximum</testName>
          <skipped>false</skipped>
          <failedSince>0</failedSince>
        </case>
        <case>
          <duration>0.001</duration>
          <className>nui.Validators</className>
          <testName>Validators › Extended Range Type Validation  should check for a list with values lower than the minimum</testName>
          <skipped>false</skipped>
          <failedSince>0</failedSince>
        </case>
        <case>
          <duration>0.04</duration>
          <className>nui.Validators</className>
          <testName>Validators › Extended Range Type Validation  should return false if there are no violations</testName>
          <skipped>false</skipped>
          <failedSince>0</failedSince>
        </case>
        <case>
          <duration>0.001</duration>
          <className>nui.Validators</className>
          <testName>Validators › Extended Range Type Validation  should return false if the parameter value is not a list</testName>
          <skipped>false</skipped>
          <failedSince>0</failedSince>
        </case>
        <case>
          <duration>0.01</duration>
          <className>nui.Validators</className>
          <testName>Validators drop down type validation should not be falsey or any type other than an object</testName>
          <skipped>false</skipped>
          <failedSince>0</failedSince>
        </case>
        <case>
          <duration>0.001</duration>
          <className>nui.Validators</className>
          <testName>operator validations should block threshold operators that do not have a direction and value set</testName>
          <skipped>false</skipped>
          <failedSince>0</failedSince>
        </case>
        <case>
          <duration>0.001</duration>
          <className>nui.Validators</className>
          <testName>operator validations should allow threshold operators that do have a direction and value set</testName>
          <skipped>false</skipped>
          <failedSince>0</failedSince>
        </case>
        <case>
          <duration>0.0</duration>
          <className>nui.Validators</className>
          <testName>operator validations should block interval operators that do not have a lower and upper bound set</testName>
          <skipped>false</skipped>
          <failedSince>0</failedSince>
        </case>
        <case>
          <duration>0.001</duration>
          <className>nui.Validators</className>
          <testName>operator validations should allow interval operators that do have a lower and upper bound set</testName>
          <skipped>false</skipped>
          <failedSince>0</failedSince>
        </case>
      </cases>
    </suite>
    <suite>
      <file>/tmp/jenkins-e606f5ec/workspace/nloop_main/junits/nui-unit-tests.xml</file>
      <name>TraceabilitySchemaList</name>
      <duration>15.427</duration>
      <timestamp>2022-10-04T19:49:14</timestamp>
      <time>15.427</time>
      <nodeId>630</nodeId>
      <enclosingBlocks>
        <string>629</string>
      </enclosingBlocks>
      <enclosingBlockNames>
        <string>Declarative: Post Actions</string>
      </enclosingBlockNames>
      <cases>
        <case>
          <duration>0.904</duration>
          <className>nui.TraceabilitySchemaList</className>
          <testName>TraceabilitySchemaList should list the traceability schemas returned by the store</testName>
          <skipped>false</skipped>
          <failedSince>0</failedSince>
        </case>
        <case>
          <duration>0.323</duration>
          <className>nui.TraceabilitySchemaList</className>
          <testName>TraceabilitySchemaList should show message indicating there are no schema</testName>
          <skipped>false</skipped>
          <failedSince>0</failedSince>
        </case>
        <case>
          <duration>2.055</duration>
          <className>nui.TraceabilitySchemaList</className>
          <testName>TraceabilitySchemaList should display a settings button that when clicked shows options to edit, remove, and archive</testName>
          <skipped>false</skipped>
          <failedSince>0</failedSince>
        </case>
        <case>
          <duration>0.368</duration>
          <className>nui.TraceabilitySchemaList</className>
          <testName>TraceabilitySchemaList should not display a settings button when the user does not have manage permissions</testName>
          <skipped>false</skipped>
          <failedSince>0</failedSince>
        </case>
        <case>
          <duration>0.378</duration>
          <className>nui.TraceabilitySchemaList</className>
          <testName>TraceabilitySchemaList should disable the settings button when the schema is prepopulated</testName>
          <skipped>false</skipped>
          <failedSince>0</failedSince>
        </case>
        <case>
          <duration>1.959</duration>
          <className>nui.TraceabilitySchemaList</className>
          <testName>TraceabilitySchemaList shows success message when edit succeeds</testName>
          <skipped>false</skipped>
          <failedSince>0</failedSince>
        </case>
        <case>
          <duration>4.996</duration>
          <className>nui.TraceabilitySchemaList</className>
          <testName>TraceabilitySchemaList shows success message when delete succeeds</testName>
          <skipped>false</skipped>
          <failedSince>0</failedSince>
        </case>
        <case>
          <duration>0.948</duration>
          <className>nui.TraceabilitySchemaList</className>
          <testName>TraceabilitySchemaList shows error message when edit fails</testName>
          <skipped>false</skipped>
          <failedSince>0</failedSince>
        </case>
        <case>
          <duration>0.772</duration>
          <className>nui.TraceabilitySchemaList</className>
          <testName>TraceabilitySchemaList shows error message when delete fails</testName>
          <skipped>false</skipped>
          <failedSince>0</failedSince>
        </case>
      </cases>
    </suite>
    <suite>
      <file>/tmp/jenkins-e606f5ec/workspace/nloop_main/junits/nui-unit-tests.xml</file>
      <name>System version Store</name>
      <duration>3.459</duration>
      <timestamp>2022-10-04T19:49:30</timestamp>
      <time>3.459</time>
      <nodeId>630</nodeId>
      <enclosingBlocks>
        <string>629</string>
      </enclosingBlocks>
      <enclosingBlockNames>
        <string>Declarative: Post Actions</string>
      </enclosingBlockNames>
      <cases>
        <case>
          <duration>0.003</duration>
          <className>nui.System version Store</className>
          <testName>System version Store › getters should return systemVersions by project id</testName>
          <skipped>false</skipped>
          <failedSince>0</failedSince>
        </case>
        <case>
          <duration>0.001</duration>
          <className>nui.System version Store</className>
          <testName>System version Store › getters should return an empty array if the project id is not in the dict</testName>
          <skipped>false</skipped>
          <failedSince>0</failedSince>
        </case>
        <case>
          <duration>0.026</duration>
          <className>nui.System version Store</className>
          <testName>System version Store › getters should get a system version by id</testName>
          <skipped>false</skipped>
          <failedSince>0</failedSince>
        </case>
        <case>
          <duration>0.001</duration>
          <className>nui.System version Store</className>
          <testName>System version Store › getters should get the selected system version</testName>
          <skipped>false</skipped>
          <failedSince>0</failedSince>
        </case>
        <case>
          <duration>0.002</duration>
          <className>nui.System version Store</className>
          <testName>System version Store › actions should POST to the correct URL with the system version object</testName>
          <skipped>false</skipped>
          <failedSince>0</failedSince>
        </case>
        <case>
          <duration>0.003</duration>
          <className>nui.System version Store</className>
          <testName>System version Store › actions should GET systemVersions for the projectId</testName>
          <skipped>false</skipped>
          <failedSince>0</failedSince>
        </case>
        <case>
          <duration>0.009</duration>
          <className>nui.System version Store</className>
          <testName>System version Store › actions should set the selected systemVersion </testName>
          <skipped>false</skipped>
          <failedSince>0</failedSince>
        </case>
        <case>
          <duration>0.002</duration>
          <className>nui.System version Store</className>
          <testName>System version Store › actions should set the selected systemVersion and clear the selected test platform if it isnt compatible</testName>
          <skipped>false</skipped>
          <failedSince>0</failedSince>
        </case>
        <case>
          <duration>0.002</duration>
          <className>nui.System version Store</className>
          <testName>System version Store › actions should PATCH the updated systemVersion instance</testName>
          <skipped>false</skipped>
          <failedSince>0</failedSince>
        </case>
        <case>
          <duration>0.002</duration>
          <className>nui.System version Store</className>
          <testName>System version Store › actions should DELETE systemVersion by id</testName>
          <skipped>false</skipped>
          <failedSince>0</failedSince>
        </case>
        <case>
          <duration>0.002</duration>
          <className>nui.System version Store</className>
          <testName>System version Store › mutations should set systemVersions for the project id</testName>
          <skipped>false</skipped>
          <failedSince>0</failedSince>
        </case>
        <case>
          <duration>0.002</duration>
          <className>nui.System version Store</className>
          <testName>System version Store › mutations should set the selected systemVersion </testName>
          <skipped>false</skipped>
          <failedSince>0</failedSince>
        </case>
      </cases>
    </suite>
    <suite>
      <file>/tmp/jenkins-e606f5ec/workspace/nloop_main/junits/nui-unit-tests.xml</file>
      <name>TraceabilitySets</name>
      <duration>9.913</duration>
      <timestamp>2022-10-04T19:49:28</timestamp>
      <time>9.913</time>
      <nodeId>630</nodeId>
      <enclosingBlocks>
        <string>629</string>
      </enclosingBlocks>
      <enclosingBlockNames>
        <string>Declarative: Post Actions</string>
      </enclosingBlockNames>
      <cases>
        <case>
          <duration>1.435</duration>
          <className>nui.TraceabilitySets</className>
          <testName>TraceabilitySets should get schemas and sets on load</testName>
          <skipped>false</skipped>
          <failedSince>0</failedSince>
        </case>
        <case>
          <duration>1.614</duration>
          <className>nui.TraceabilitySets</className>
          <testName>TraceabilitySets shows error message if schema retrieval fails</testName>
          <skipped>false</skipped>
          <failedSince>0</failedSince>
        </case>
        <case>
          <duration>1.05</duration>
          <className>nui.TraceabilitySets</className>
          <testName>TraceabilitySets shows error message if traceability sets retrieval fails</testName>
          <skipped>false</skipped>
          <failedSince>0</failedSince>
        </case>
        <case>
          <duration>0.208</duration>
          <className>nui.TraceabilitySets</className>
          <testName>TraceabilitySets should show correct relationship descriptive text</testName>
          <skipped>false</skipped>
          <failedSince>0</failedSince>
        </case>
        <case>
          <duration>0.162</duration>
          <className>nui.TraceabilitySets</className>
          <testName>TraceabilitySets should show correct schema descriptive text for the from domain</testName>
          <skipped>false</skipped>
          <failedSince>0</failedSince>
        </case>
        <case>
          <duration>0.292</duration>
          <className>nui.TraceabilitySets</className>
          <testName>TraceabilitySets should show correct schema descriptive text for the to domain</testName>
          <skipped>false</skipped>
          <failedSince>0</failedSince>
        </case>
        <case>
          <duration>0.174</duration>
          <className>nui.TraceabilitySets</className>
          <testName>TraceabilitySets should show correct schema descriptive text on a local schema (schema that contains a project id)</testName>
          <skipped>false</skipped>
          <failedSince>0</failedSince>
        </case>
        <case>
          <duration>0.373</duration>
          <className>nui.TraceabilitySets</className>
          <testName>TraceabilitySets should show correct schema name in the title</testName>
          <skipped>false</skipped>
          <failedSince>0</failedSince>
        </case>
        <case>
          <duration>1.739</duration>
          <className>nui.TraceabilitySets</className>
          <testName>TraceabilitySets renders a traceability set list component</testName>
          <skipped>false</skipped>
          <failedSince>0</failedSince>
        </case>
        <case>
          <duration>0.377</duration>
          <className>nui.TraceabilitySets</className>
          <testName>TraceabilitySets does not show a button saying Create Set when the user does not have permission</testName>
          <skipped>false</skipped>
          <failedSince>0</failedSince>
        </case>
        <case>
          <duration>0.4</duration>
          <className>nui.TraceabilitySets</className>
          <testName>TraceabilitySets shows a button saying Create Set only when the user has permission</testName>
          <skipped>false</skipped>
          <failedSince>0</failedSince>
        </case>
        <case>
          <duration>0.464</duration>
          <className>nui.TraceabilitySets</className>
          <testName>TraceabilitySets should redirect to the Create Traceability Set page when Create Set button is clicked</testName>
          <skipped>false</skipped>
          <failedSince>0</failedSince>
        </case>
      </cases>
    </suite>
    <suite>
      <file>/tmp/jenkins-e606f5ec/workspace/nloop_main/junits/nui-unit-tests.xml</file>
      <name>CreateTraceabilitySetVersion</name>
      <duration>17.735</duration>
      <timestamp>2022-10-04T19:49:22</timestamp>
      <time>17.735</time>
      <nodeId>630</nodeId>
      <enclosingBlocks>
        <string>629</string>
      </enclosingBlocks>
      <enclosingBlockNames>
        <string>Declarative: Post Actions</string>
      </enclosingBlockNames>
      <cases>
        <case>
          <duration>0.233</duration>
          <className>nui.CreateTraceabilitySetVersion</className>
          <testName>CreateTraceabilitySetVersion › validation is valid when all required fields are populated</testName>
          <skipped>false</skipped>
          <failedSince>0</failedSince>
        </case>
        <case>
          <duration>0.292</duration>
          <className>nui.CreateTraceabilitySetVersion</className>
          <testName>CreateTraceabilitySetVersion › validation is not valid if ancestorVersion is missing</testName>
          <skipped>false</skipped>
          <failedSince>0</failedSince>
        </case>
        <case>
          <duration>0.702</duration>
          <className>nui.CreateTraceabilitySetVersion</className>
          <testName>CreateTraceabilitySetVersion › validation is not valid if fromArtifactSets is missing</testName>
          <skipped>false</skipped>
          <failedSince>0</failedSince>
        </case>
        <case>
          <duration>0.912</duration>
          <className>nui.CreateTraceabilitySetVersion</className>
          <testName>CreateTraceabilitySetVersion › validation is not valid if toArtifactSets is missing</testName>
          <skipped>false</skipped>
          <failedSince>0</failedSince>
        </case>
        <case>
          <duration>3.084</duration>
          <className>nui.CreateTraceabilitySetVersion</className>
          <testName>CreateTraceabilitySetVersion shows the ancestor version and the none option (no ancestor version used) in the selector</testName>
          <skipped>false</skipped>
          <failedSince>0</failedSince>
        </case>
        <case>
          <duration>0.838</duration>
          <className>nui.CreateTraceabilitySetVersion</className>
          <testName>CreateTraceabilitySetVersion calls the prepopulate helper when the ancestor version is changed</testName>
          <skipped>false</skipped>
          <failedSince>0</failedSince>
        </case>
        <case>
          <duration>1.023</duration>
          <className>nui.CreateTraceabilitySetVersion</className>
          <testName>CreateTraceabilitySetVersion exports when the form is valid</testName>
          <skipped>false</skipped>
          <failedSince>0</failedSince>
        </case>
        <case>
          <duration>0.69</duration>
          <className>nui.CreateTraceabilitySetVersion</className>
          <testName>CreateTraceabilitySetVersion exports when the form is valid and the none option for ancestor version is selected</testName>
          <skipped>false</skipped>
          <failedSince>0</failedSince>
        </case>
        <case>
          <duration>0.608</duration>
          <className>nui.CreateTraceabilitySetVersion</className>
          <testName>CreateTraceabilitySetVersion disables the export button while the form is invalid</testName>
          <skipped>false</skipped>
          <failedSince>0</failedSince>
        </case>
        <case>
          <duration>0.809</duration>
          <className>nui.CreateTraceabilitySetVersion</className>
          <testName>CreateTraceabilitySetVersion shows an error banner if the export api throws</testName>
          <skipped>false</skipped>
          <failedSince>0</failedSince>
        </case>
      </cases>
    </suite>
    <suite>
      <file>/tmp/jenkins-e606f5ec/workspace/nloop_main/junits/nui-unit-tests.xml</file>
      <name>argViewer module</name>
      <duration>1.66</duration>
      <timestamp>2022-10-04T19:49:39</timestamp>
      <time>1.66</time>
      <nodeId>630</nodeId>
      <enclosingBlocks>
        <string>629</string>
      </enclosingBlocks>
      <enclosingBlockNames>
        <string>Declarative: Post Actions</string>
      </enclosingBlockNames>
      <cases>
        <case>
          <duration>0.006</duration>
          <className>nui.argViewer module</className>
          <testName>argViewer module › getters should return root CAE nodes by key</testName>
          <skipped>false</skipped>
          <failedSince>0</failedSince>
        </case>
        <case>
          <duration>0.002</duration>
          <className>nui.argViewer module</className>
          <testName>argViewer module › getters should return cae node by key and id</testName>
          <skipped>false</skipped>
          <failedSince>0</failedSince>
        </case>
        <case>
          <duration>0.003</duration>
          <className>nui.argViewer module</className>
          <testName>argViewer module › getters should return expanded row by id</testName>
          <skipped>false</skipped>
          <failedSince>0</failedSince>
        </case>
        <case>
          <duration>0.004</duration>
          <className>nui.argViewer module</className>
          <testName>argViewer module › actions should get root CAE nodes for SCT type</testName>
          <skipped>false</skipped>
          <failedSince>0</failedSince>
        </case>
        <case>
          <duration>0.002</duration>
          <className>nui.argViewer module</className>
          <testName>argViewer module › actions should get CAE node by id using the provided link with /api appended</testName>
          <skipped>false</skipped>
          <failedSince>0</failedSince>
        </case>
        <case>
          <duration>0.009</duration>
          <className>nui.argViewer module</className>
          <testName>argViewer module › actions should add exapanded state object</testName>
          <skipped>false</skipped>
          <failedSince>0</failedSince>
        </case>
        <case>
          <duration>0.002</duration>
          <className>nui.argViewer module</className>
          <testName>argViewer module › actions should remove exapanded state object</testName>
          <skipped>false</skipped>
          <failedSince>0</failedSince>
        </case>
        <case>
          <duration>0.002</duration>
          <className>nui.argViewer module</className>
          <testName>argViewer module › mutations should set root nodes in the dictionary</testName>
          <skipped>false</skipped>
          <failedSince>0</failedSince>
        </case>
        <case>
          <duration>0.006</duration>
          <className>nui.argViewer module</className>
          <testName>argViewer module › mutations should set a single CAE node in the nodes dict</testName>
          <skipped>false</skipped>
          <failedSince>0</failedSince>
        </case>
        <case>
          <duration>0.002</duration>
          <className>nui.argViewer module</className>
          <testName>argViewer module › mutations should set a single expanded row in the expandedRow dict</testName>
          <skipped>false</skipped>
          <failedSince>0</failedSince>
        </case>
        <case>
          <duration>0.001</duration>
          <className>nui.argViewer module</className>
          <testName>argViewer module › mutations should remove a single expanded row in the expandedRow dict</testName>
          <skipped>false</skipped>
          <failedSince>0</failedSince>
        </case>
        <case>
          <duration>0.002</duration>
          <className>nui.argViewer module</className>
          <testName>argViewer module › CAE Nodes should get and store a CAE node by SCIID</testName>
          <skipped>false</skipped>
          <failedSince>0</failedSince>
        </case>
        <case>
          <duration>0.001</duration>
          <className>nui.argViewer module</className>
          <testName>argViewer module › CAE Nodes should use a cached CAE node if it exists for the SCIID</testName>
          <skipped>false</skipped>
          <failedSince>0</failedSince>
        </case>
        <case>
          <duration>0.019</duration>
          <className>nui.argViewer module</className>
          <testName>argViewer module › CAE Nodes should get and store a CAE node by SCTID</testName>
          <skipped>false</skipped>
          <failedSince>0</failedSince>
        </case>
        <case>
          <duration>0.002</duration>
          <className>nui.argViewer module</className>
          <testName>argViewer module › CAE Nodes should use a cached CAE node if it exists for the SCTID</testName>
          <skipped>false</skipped>
          <failedSince>0</failedSince>
        </case>
      </cases>
    </suite>
    <suite>
      <file>/tmp/jenkins-e606f5ec/workspace/nloop_main/junits/nui-unit-tests.xml</file>
      <name>AddSchemaModal</name>
      <duration>3.33</duration>
      <timestamp>2022-10-04T19:49:41</timestamp>
      <time>3.33</time>
      <nodeId>630</nodeId>
      <enclosingBlocks>
        <string>629</string>
      </enclosingBlocks>
      <enclosingBlockNames>
        <string>Declarative: Post Actions</string>
      </enclosingBlockNames>
      <cases>
        <case>
          <duration>0.203</duration>
          <className>nui.AddSchemaModal</className>
          <testName>AddSchemaModal should exist</testName>
          <skipped>false</skipped>
          <failedSince>0</failedSince>
        </case>
        <case>
          <duration>0.133</duration>
          <className>nui.AddSchemaModal</className>
          <testName>AddSchemaModal should display the name of the artifact the schema is for</testName>
          <skipped>false</skipped>
          <failedSince>0</failedSince>
        </case>
        <case>
          <duration>0.115</duration>
          <className>nui.AddSchemaModal</className>
          <testName>AddSchemaModal should display instructions for the modal</testName>
          <skipped>false</skipped>
          <failedSince>0</failedSince>
        </case>
        <case>
          <duration>1.261</duration>
          <className>nui.AddSchemaModal</className>
          <testName>AddSchemaModal › form is valid if all required fields are filled</testName>
          <skipped>false</skipped>
          <failedSince>0</failedSince>
        </case>
        <case>
          <duration>0.138</duration>
          <className>nui.AddSchemaModal</className>
          <testName>AddSchemaModal › computed should provide the name of the artifact</testName>
          <skipped>false</skipped>
          <failedSince>0</failedSince>
        </case>
        <case>
          <duration>0.016</duration>
          <className>nui.AddSchemaModal</className>
          <testName>AddSchemaModal › methods should close the dialog and reset the form on cancel</testName>
          <skipped>false</skipped>
          <failedSince>0</failedSince>
        </case>
        <case>
          <duration>0.002</duration>
          <className>nui.AddSchemaModal</className>
          <testName>AddSchemaModal › methods should provide a display name if there isnt one on the model</testName>
          <skipped>false</skipped>
          <failedSince>0</failedSince>
        </case>
        <case>
          <duration>0.009</duration>
          <className>nui.AddSchemaModal</className>
          <testName>AddSchemaModal › methods should provide a display name if there isnt one on the schema or text field</testName>
          <skipped>false</skipped>
          <failedSince>0</failedSince>
        </case>
        <case>
          <duration>0.004</duration>
          <className>nui.AddSchemaModal</className>
          <testName>AddSchemaModal › methods should add the schema if successful</testName>
          <skipped>false</skipped>
          <failedSince>0</failedSince>
        </case>
        <case>
          <duration>0.02</duration>
          <className>nui.AddSchemaModal</className>
          <testName>AddSchemaModal › methods should update the errors if unsuccessful</testName>
          <skipped>false</skipped>
          <failedSince>0</failedSince>
        </case>
        <case>
          <duration>0.011</duration>
          <className>nui.AddSchemaModal</className>
          <testName>AddSchemaModal › methods should handle the case of an error object</testName>
          <skipped>false</skipped>
          <failedSince>0</failedSince>
        </case>
      </cases>
    </suite>
    <suite>
      <file>/tmp/jenkins-e606f5ec/workspace/nloop_main/junits/nui-unit-tests.xml</file>
      <name>SystemVersionList</name>
      <duration>7.104</duration>
      <timestamp>2022-10-04T19:49:41</timestamp>
      <time>7.104</time>
      <nodeId>630</nodeId>
      <enclosingBlocks>
        <string>629</string>
      </enclosingBlocks>
      <enclosingBlockNames>
        <string>Declarative: Post Actions</string>
      </enclosingBlockNames>
      <cases>
        <case>
          <duration>0.045</duration>
          <className>nui.SystemVersionList</className>
          <testName>SystemVersionList mounts</testName>
          <skipped>false</skipped>
          <failedSince>0</failedSince>
        </case>
        <case>
          <duration>0.04</duration>
          <className>nui.SystemVersionList</className>
          <testName>SystemVersionList mounts a table</testName>
          <skipped>false</skipped>
          <failedSince>0</failedSince>
        </case>
        <case>
          <duration>0.809</duration>
          <className>nui.SystemVersionList</className>
          <testName>SystemVersionList renders a row for each system version</testName>
          <skipped>false</skipped>
          <failedSince>0</failedSince>
        </case>
        <case>
          <duration>0.07</duration>
          <className>nui.SystemVersionList</className>
          <testName>SystemVersionList › handlers calls updateSystemVersion with the provided args</testName>
          <skipped>false</skipped>
          <failedSince>0</failedSince>
        </case>
        <case>
          <duration>0.113</duration>
          <className>nui.SystemVersionList</className>
          <testName>SystemVersionList › handlers shows an error when updateSystemVersion throws</testName>
          <skipped>false</skipped>
          <failedSince>0</failedSince>
        </case>
        <case>
          <duration>0.134</duration>
          <className>nui.SystemVersionList</className>
          <testName>SystemVersionList › handlers calls deleteSystemVersion with the provided id</testName>
          <skipped>false</skipped>
          <failedSince>0</failedSince>
        </case>
        <case>
          <duration>0.173</duration>
          <className>nui.SystemVersionList</className>
          <testName>SystemVersionList › handlers shows an error when deleteSystemVersion throws</testName>
          <skipped>false</skipped>
          <failedSince>0</failedSince>
        </case>
        <case>
          <duration>0.001</duration>
          <className>nui.SystemVersionList</className>
          <testName>SystemVersionList creates a item status label based on the system version status</testName>
          <skipped>false</skipped>
          <failedSince>0</failedSince>
        </case>
        <case>
          <duration>0.273</duration>
          <className>nui.SystemVersionList</className>
          <testName>SystemVersionList toggles the status of the system version </testName>
          <skipped>false</skipped>
          <failedSince>0</failedSince>
        </case>
        <case>
          <duration>0.206</duration>
          <className>nui.SystemVersionList</className>
          <testName>SystemVersionList get related safety case instances for the given system version and warning text</testName>
          <skipped>false</skipped>
          <failedSince>0</failedSince>
        </case>
        <case>
          <duration>2.346</duration>
          <className>nui.SystemVersionList</className>
          <testName>SystemVersionList shows a correct message for a removal of the system version</testName>
          <skipped>false</skipped>
          <failedSince>0</failedSince>
        </case>
      </cases>
    </suite>
    <suite>
      <file>/tmp/jenkins-e606f5ec/workspace/nloop_main/junits/nui-unit-tests.xml</file>
      <name>CreateTraceabilitySchema</name>
      <duration>15.063</duration>
      <timestamp>2022-10-04T19:49:36</timestamp>
      <time>15.063</time>
      <nodeId>630</nodeId>
      <enclosingBlocks>
        <string>629</string>
      </enclosingBlocks>
      <enclosingBlockNames>
        <string>Declarative: Post Actions</string>
      </enclosingBlockNames>
      <cases>
        <case>
          <duration>1.1</duration>
          <className>nui.CreateTraceabilitySchema</className>
          <testName>CreateTraceabilitySchema › validation is valid when all required fields are populated</testName>
          <skipped>false</skipped>
          <failedSince>0</failedSince>
        </case>
        <case>
          <duration>0.986</duration>
          <className>nui.CreateTraceabilitySchema</className>
          <testName>CreateTraceabilitySchema › validation is not valid if display_name is missing</testName>
          <skipped>false</skipped>
          <failedSince>0</failedSince>
        </case>
        <case>
          <duration>0.631</duration>
          <className>nui.CreateTraceabilitySchema</className>
          <testName>CreateTraceabilitySchema › validation › source/target fields validations is not valid if source.artifact_domain_id is missing</testName>
          <skipped>false</skipped>
          <failedSince>0</failedSince>
        </case>
        <case>
          <duration>0.514</duration>
          <className>nui.CreateTraceabilitySchema</className>
          <testName>CreateTraceabilitySchema › validation › source/target fields validations is not valid if source.name is missing</testName>
          <skipped>false</skipped>
          <failedSince>0</failedSince>
        </case>
        <case>
          <duration>0.675</duration>
          <className>nui.CreateTraceabilitySchema</className>
          <testName>CreateTraceabilitySchema › validation › source/target fields validations is not valid if target.artifact_domain_id is missing</testName>
          <skipped>false</skipped>
          <failedSince>0</failedSince>
        </case>
        <case>
          <duration>1.074</duration>
          <className>nui.CreateTraceabilitySchema</className>
          <testName>CreateTraceabilitySchema › validation › source/target fields validations is not valid if target.name is missing</testName>
          <skipped>false</skipped>
          <failedSince>0</failedSince>
        </case>
        <case>
          <duration>0.767</duration>
          <className>nui.CreateTraceabilitySchema</className>
          <testName>CreateTraceabilitySchema › domain item filter dropdowns should derive disabled state from artifact type</testName>
          <skipped>false</skipped>
          <failedSince>0</failedSince>
        </case>
        <case>
          <duration>1.944</duration>
          <className>nui.CreateTraceabilitySchema</className>
          <testName>CreateTraceabilitySchema › domain item filter dropdowns should populate filter options based off of artifact type</testName>
          <skipped>false</skipped>
          <failedSince>0</failedSince>
        </case>
        <case>
          <duration>1.813</duration>
          <className>nui.CreateTraceabilitySchema</className>
          <testName>CreateTraceabilitySchema shows an error banner if the api throws for create</testName>
          <skipped>false</skipped>
          <failedSince>0</failedSince>
        </case>
        <case>
          <duration>0.432</duration>
          <className>nui.CreateTraceabilitySchema</className>
          <testName>CreateTraceabilitySchema disables the save button while the form is invalid</testName>
          <skipped>false</skipped>
          <failedSince>0</failedSince>
        </case>
        <case>
          <duration>0.637</duration>
          <className>nui.CreateTraceabilitySchema</className>
          <testName>CreateTraceabilitySchema saves when the form is valid</testName>
          <skipped>false</skipped>
          <failedSince>0</failedSince>
        </case>
      </cases>
    </suite>
    <suite>
      <file>/tmp/jenkins-e606f5ec/workspace/nloop_main/junits/nui-unit-tests.xml</file>
      <name>auth store</name>
      <duration>1.162</duration>
      <timestamp>2022-10-04T19:49:51</timestamp>
      <time>1.162</time>
      <nodeId>630</nodeId>
      <enclosingBlocks>
        <string>629</string>
      </enclosingBlocks>
      <enclosingBlockNames>
        <string>Declarative: Post Actions</string>
      </enclosingBlockNames>
      <cases>
        <case>
          <duration>0.003</duration>
          <className>nui.auth store</className>
          <testName>auth store › getters should return the user info from localStorage</testName>
          <skipped>false</skipped>
          <failedSince>0</failedSince>
        </case>
        <case>
          <duration>0.01</duration>
          <className>nui.auth store</className>
          <testName>auth store › getters should return true for the value of loggedIn with a non-expired session</testName>
          <skipped>false</skipped>
          <failedSince>0</failedSince>
        </case>
        <case>
          <duration>0.001</duration>
          <className>nui.auth store</className>
          <testName>auth store › getters should return false for the value of loggedIn with an expired session</testName>
          <skipped>false</skipped>
          <failedSince>0</failedSince>
        </case>
        <case>
          <duration>0.002</duration>
          <className>nui.auth store</className>
          <testName>auth store › getters should return false for the value of loggedIn if there is no user info</testName>
          <skipped>false</skipped>
          <failedSince>0</failedSince>
        </case>
        <case>
          <duration>0.005</duration>
          <className>nui.auth store</className>
          <testName>auth store › getters should return permissions from the user info</testName>
          <skipped>false</skipped>
          <failedSince>0</failedSince>
        </case>
        <case>
          <duration>0.001</duration>
          <className>nui.auth store</className>
          <testName>auth store › getters should return an empty array if no user info is found</testName>
          <skipped>false</skipped>
          <failedSince>0</failedSince>
        </case>
        <case>
          <duration>0.002</duration>
          <className>nui.auth store</className>
          <testName>auth store › getters should return accountId from the user info</testName>
          <skipped>false</skipped>
          <failedSince>0</failedSince>
        </case>
        <case>
          <duration>0.005</duration>
          <className>nui.auth store</className>
          <testName>auth store › getters should return a null accountId if no user info is found</testName>
          <skipped>false</skipped>
          <failedSince>0</failedSince>
        </case>
        <case>
          <duration>0.002</duration>
          <className>nui.auth store</className>
          <testName>auth store › getters should return accountType from the user info</testName>
          <skipped>false</skipped>
          <failedSince>0</failedSince>
        </case>
        <case>
          <duration>0.0</duration>
          <className>nui.auth store</className>
          <testName>auth store › getters should return a null accountType if no user info is found</testName>
          <skipped>false</skipped>
          <failedSince>0</failedSince>
        </case>
        <case>
          <duration>0.007</duration>
          <className>nui.auth store</className>
          <testName>auth store › actions should return an invalid login message if the request fails with a 401</testName>
          <skipped>false</skipped>
          <failedSince>0</failedSince>
        </case>
        <case>
          <duration>0.001</duration>
          <className>nui.auth store</className>
          <testName>auth store › actions should return a generic error message if the request fails with not a 401</testName>
          <skipped>false</skipped>
          <failedSince>0</failedSince>
        </case>
        <case>
          <duration>0.005</duration>
          <className>nui.auth store</className>
          <testName>auth store › actions should store the returned user info and set logged in to true</testName>
          <skipped>false</skipped>
          <failedSince>0</failedSince>
        </case>
        <case>
          <duration>0.002</duration>
          <className>nui.auth store</className>
          <testName>auth store › actions should give the user a redirect url</testName>
          <skipped>false</skipped>
          <failedSince>0</failedSince>
        </case>
        <case>
          <duration>0.001</duration>
          <className>nui.auth store</className>
          <testName>auth store › actions should return a generic error message if the idp auth fails</testName>
          <skipped>false</skipped>
          <failedSince>0</failedSince>
        </case>
        <case>
          <duration>0.01</duration>
          <className>nui.auth store</className>
          <testName>auth store › actions should update the user information when called</testName>
          <skipped>false</skipped>
          <failedSince>0</failedSince>
        </case>
        <case>
          <duration>0.001</duration>
          <className>nui.auth store</className>
          <testName>auth store › actions should remove the access token from local storage on log out</testName>
          <skipped>false</skipped>
          <failedSince>0</failedSince>
        </case>
        <case>
          <duration>0.047</duration>
          <className>nui.auth store</className>
          <testName>auth store › actions should reset the stores on log out</testName>
          <skipped>false</skipped>
          <failedSince>0</failedSince>
        </case>
        <case>
          <duration>0.003</duration>
          <className>nui.auth store</className>
          <testName>auth store › actions should handle unicode characters in username</testName>
          <skipped>false</skipped>
          <failedSince>0</failedSince>
        </case>
      </cases>
    </suite>
    <suite>
      <file>/tmp/jenkins-e606f5ec/workspace/nloop_main/junits/nui-unit-tests.xml</file>
      <name>ConnectorList</name>
      <duration>9.273</duration>
      <timestamp>2022-10-04T19:49:45</timestamp>
      <time>9.273</time>
      <nodeId>630</nodeId>
      <enclosingBlocks>
        <string>629</string>
      </enclosingBlocks>
      <enclosingBlockNames>
        <string>Declarative: Post Actions</string>
      </enclosingBlockNames>
      <cases>
        <case>
          <duration>0.051</duration>
          <className>nui.ConnectorList</className>
          <testName>ConnectorList mounts</testName>
          <skipped>false</skipped>
          <failedSince>0</failedSince>
        </case>
        <case>
          <duration>0.082</duration>
          <className>nui.ConnectorList</className>
          <testName>ConnectorList mounts a table</testName>
          <skipped>false</skipped>
          <failedSince>0</failedSince>
        </case>
        <case>
          <duration>1.481</duration>
          <className>nui.ConnectorList</className>
          <testName>ConnectorList renders a row for each connector</testName>
          <skipped>false</skipped>
          <failedSince>0</failedSince>
        </case>
        <case>
          <duration>0.665</duration>
          <className>nui.ConnectorList</className>
          <testName>ConnectorList does not show menu or create when the user lacks permission</testName>
          <skipped>false</skipped>
          <failedSince>0</failedSince>
        </case>
        <case>
          <duration>0.741</duration>
          <className>nui.ConnectorList</className>
          <testName>ConnectorList disables the edit/delete button when the type is a static file</testName>
          <skipped>false</skipped>
          <failedSince>0</failedSince>
        </case>
        <case>
          <duration>0.878</duration>
          <className>nui.ConnectorList</className>
          <testName>ConnectorList shows tooltip for the edit/delete button when the type is a static file</testName>
          <skipped>false</skipped>
          <failedSince>0</failedSince>
        </case>
        <case>
          <duration>0.734</duration>
          <className>nui.ConnectorList</className>
          <testName>ConnectorList enables the edit/delete button when the type is a not static file</testName>
          <skipped>false</skipped>
          <failedSince>0</failedSince>
        </case>
        <case>
          <duration>0.779</duration>
          <className>nui.ConnectorList</className>
          <testName>ConnectorList displays a human readible version of static_file connector type</testName>
          <skipped>false</skipped>
          <failedSince>0</failedSince>
        </case>
        <case>
          <duration>0.74</duration>
          <className>nui.ConnectorList</className>
          <testName>ConnectorList displays the option to create a JSON connector</testName>
          <skipped>false</skipped>
          <failedSince>0</failedSince>
        </case>
        <case>
          <duration>0.106</duration>
          <className>nui.ConnectorList</className>
          <testName>ConnectorList › handlers calls udpateConnector with the provided args</testName>
          <skipped>false</skipped>
          <failedSince>0</failedSince>
        </case>
        <case>
          <duration>0.151</duration>
          <className>nui.ConnectorList</className>
          <testName>ConnectorList › handlers shows an error when updateConnector throws</testName>
          <skipped>false</skipped>
          <failedSince>0</failedSince>
        </case>
        <case>
          <duration>0.109</duration>
          <className>nui.ConnectorList</className>
          <testName>ConnectorList › handlers calls deleteConnector with the provided id</testName>
          <skipped>false</skipped>
          <failedSince>0</failedSince>
        </case>
        <case>
          <duration>0.131</duration>
          <className>nui.ConnectorList</className>
          <testName>ConnectorList › handlers shows an error when deleteConnector throws</testName>
          <skipped>false</skipped>
          <failedSince>0</failedSince>
        </case>
      </cases>
    </suite>
    <suite>
      <file>/tmp/jenkins-e606f5ec/workspace/nloop_main/junits/nui-unit-tests.xml</file>
      <name>SafetyCaseTemplateList</name>
      <duration>7.27</duration>
      <timestamp>2022-10-04T19:49:49</timestamp>
      <time>7.27</time>
      <nodeId>630</nodeId>
      <enclosingBlocks>
        <string>629</string>
      </enclosingBlocks>
      <enclosingBlockNames>
        <string>Declarative: Post Actions</string>
      </enclosingBlockNames>
      <cases>
        <case>
          <duration>0.333</duration>
          <className>nui.SafetyCaseTemplateList</className>
          <testName>SafetyCaseTemplateList mounts</testName>
          <skipped>false</skipped>
          <failedSince>0</failedSince>
        </case>
        <case>
          <duration>0.173</duration>
          <className>nui.SafetyCaseTemplateList</className>
          <testName>SafetyCaseTemplateList mounts a table</testName>
          <skipped>false</skipped>
          <failedSince>0</failedSince>
        </case>
        <case>
          <duration>0.695</duration>
          <className>nui.SafetyCaseTemplateList</className>
          <testName>SafetyCaseTemplateList shows the template name</testName>
          <skipped>false</skipped>
          <failedSince>0</failedSince>
        </case>
        <case>
          <duration>0.635</duration>
          <className>nui.SafetyCaseTemplateList</className>
          <testName>SafetyCaseTemplateList shows the arg viewer button</testName>
          <skipped>false</skipped>
          <failedSince>0</failedSince>
        </case>
        <case>
          <duration>0.149</duration>
          <className>nui.SafetyCaseTemplateList</className>
          <testName>SafetyCaseTemplateList › handlers calls updateSafetyCaseTemplate with the provided args</testName>
          <skipped>false</skipped>
          <failedSince>0</failedSince>
        </case>
        <case>
          <duration>0.175</duration>
          <className>nui.SafetyCaseTemplateList</className>
          <testName>SafetyCaseTemplateList › handlers shows an error when updateSafetyCaseTemplate throws</testName>
          <skipped>false</skipped>
          <failedSince>0</failedSince>
        </case>
        <case>
          <duration>0.125</duration>
          <className>nui.SafetyCaseTemplateList</className>
          <testName>SafetyCaseTemplateList › handlers calls deleteSafetyCaseTemplate with the provided id</testName>
          <skipped>false</skipped>
          <failedSince>0</failedSince>
        </case>
        <case>
          <duration>0.094</duration>
          <className>nui.SafetyCaseTemplateList</className>
          <testName>SafetyCaseTemplateList › handlers shows an error when deleteSafetyCaseTemplate throws</testName>
          <skipped>false</skipped>
          <failedSince>0</failedSince>
        </case>
        <case>
          <duration>0.14</duration>
          <className>nui.SafetyCaseTemplateList</className>
          <testName>SafetyCaseTemplateList › handlers get related safety case instances for the given safety template and warning text</testName>
          <skipped>false</skipped>
          <failedSince>0</failedSince>
        </case>
        <case>
          <duration>2.284</duration>
          <className>nui.SafetyCaseTemplateList</className>
          <testName>SafetyCaseTemplateList › handlers shows a correct message for a removal of the safety case template</testName>
          <skipped>false</skipped>
          <failedSince>0</failedSince>
        </case>
      </cases>
    </suite>
    <suite>
      <file>/tmp/jenkins-e606f5ec/workspace/nloop_main/junits/nui-unit-tests.xml</file>
      <name>LoginIdp</name>
      <duration>3.868</duration>
      <timestamp>2022-10-04T19:49:56</timestamp>
      <time>3.868</time>
      <nodeId>630</nodeId>
      <enclosingBlocks>
        <string>629</string>
      </enclosingBlocks>
      <enclosingBlockNames>
        <string>Declarative: Post Actions</string>
      </enclosingBlockNames>
      <cases>
        <case>
          <duration>0.216</duration>
          <className>nui.LoginIdp</className>
          <testName>LoginIdp mounts</testName>
          <skipped>false</skipped>
          <failedSince>0</failedSince>
        </case>
        <case>
          <duration>0.044</duration>
          <className>nui.LoginIdp</className>
          <testName>LoginIdp › methods should handle the idp login</testName>
          <skipped>false</skipped>
          <failedSince>0</failedSince>
        </case>
        <case>
          <duration>0.013</duration>
          <className>nui.LoginIdp</className>
          <testName>LoginIdp › methods should handle the idp login with a redirect</testName>
          <skipped>false</skipped>
          <failedSince>0</failedSince>
        </case>
        <case>
          <duration>0.008</duration>
          <className>nui.LoginIdp</className>
          <testName>LoginIdp › methods should handle an error with the idp login </testName>
          <skipped>false</skipped>
          <failedSince>0</failedSince>
        </case>
        <case>
          <duration>0.299</duration>
          <className>nui.LoginIdp</className>
          <testName>LoginIdp › given the component mounts › when the user hasnt been redirected yet then I expect the call to user me to fail</testName>
          <skipped>false</skipped>
          <failedSince>0</failedSince>
        </case>
        <case>
          <duration>0.285</duration>
          <className>nui.LoginIdp</className>
          <testName>LoginIdp › given the component mounts › when the user logged themselves out then I expect to get the rest of the log in infomation and be routed to the projects page</testName>
          <skipped>false</skipped>
          <failedSince>0</failedSince>
        </case>
        <case>
          <duration>0.355</duration>
          <className>nui.LoginIdp</className>
          <testName>LoginIdp › given the component mounts › when the user is returning from a redirect then I expect to get the rest of the log in infomation and be routed to the users previous page</testName>
          <skipped>false</skipped>
          <failedSince>0</failedSince>
        </case>
        <case>
          <duration>0.686</duration>
          <className>nui.LoginIdp</className>
          <testName>LoginIdp › given a user has be redirected to the login page because of an expired token › when the snackbar for the refresh token is true then I should see a snackbar for the refresh token</testName>
          <skipped>false</skipped>
          <failedSince>0</failedSince>
        </case>
      </cases>
    </suite>
    <suite>
      <file>/tmp/jenkins-e606f5ec/workspace/nloop_main/junits/nui-unit-tests.xml</file>
      <name>test case runs</name>
      <duration>1.483</duration>
      <timestamp>2022-10-04T19:50:01</timestamp>
      <time>1.483</time>
      <nodeId>630</nodeId>
      <enclosingBlocks>
        <string>629</string>
      </enclosingBlocks>
      <enclosingBlockNames>
        <string>Declarative: Post Actions</string>
      </enclosingBlockNames>
      <cases>
        <case>
          <duration>0.015</duration>
          <className>nui.test case runs</className>
          <testName>test case runs › state should have a default state</testName>
          <skipped>false</skipped>
          <failedSince>0</failedSince>
        </case>
        <case>
          <duration>0.004</duration>
          <className>nui.test case runs</className>
          <testName>test case runs › getters should get test case runs</testName>
          <skipped>false</skipped>
          <failedSince>0</failedSince>
        </case>
        <case>
          <duration>0.009</duration>
          <className>nui.test case runs</className>
          <testName>test case runs › getters should get unfinished test case runs</testName>
          <skipped>false</skipped>
          <failedSince>0</failedSince>
        </case>
        <case>
          <duration>0.014</duration>
          <className>nui.test case runs</className>
          <testName>test case runs › actions should get all test case runs with a context id</testName>
          <skipped>false</skipped>
          <failedSince>0</failedSince>
        </case>
        <case>
          <duration>0.002</duration>
          <className>nui.test case runs</className>
          <testName>test case runs › actions should update the unfinished test case runs</testName>
          <skipped>false</skipped>
          <failedSince>0</failedSince>
        </case>
        <case>
          <duration>0.003</duration>
          <className>nui.test case runs</className>
          <testName>test case runs › actions should run a single test case by id</testName>
          <skipped>false</skipped>
          <failedSince>0</failedSince>
        </case>
        <case>
          <duration>0.002</duration>
          <className>nui.test case runs</className>
          <testName>test case runs › actions › runTestCases &amp; runNewTestCases should run all available test cases</testName>
          <skipped>false</skipped>
          <failedSince>0</failedSince>
        </case>
        <case>
          <duration>0.002</duration>
          <className>nui.test case runs</className>
          <testName>test case runs › actions › runTestCases &amp; runNewTestCases should run available test cases without runs</testName>
          <skipped>false</skipped>
          <failedSince>0</failedSince>
        </case>
        <case>
          <duration>0.002</duration>
          <className>nui.test case runs</className>
          <testName>test case runs › mutations should update the state on ALL_TEST_CASE_RUNS</testName>
          <skipped>false</skipped>
          <failedSince>0</failedSince>
        </case>
        <case>
          <duration>0.01</duration>
          <className>nui.test case runs</className>
          <testName>test case runs › mutations should set the response from all test case runs into state and update the unfinished list</testName>
          <skipped>false</skipped>
          <failedSince>0</failedSince>
        </case>
      </cases>
    </suite>
    <suite>
      <file>/tmp/jenkins-e606f5ec/workspace/nloop_main/junits/nui-unit-tests.xml</file>
      <name>ArtifactSetTable</name>
      <duration>11.42</duration>
      <timestamp>2022-10-04T19:49:53</timestamp>
      <time>11.42</time>
      <nodeId>630</nodeId>
      <enclosingBlocks>
        <string>629</string>
      </enclosingBlocks>
      <enclosingBlockNames>
        <string>Declarative: Post Actions</string>
      </enclosingBlockNames>
      <cases>
        <case>
          <duration>0.817</duration>
          <className>nui.ArtifactSetTable</className>
          <testName>ArtifactSetTable renders the correct number of items</testName>
          <skipped>false</skipped>
          <failedSince>0</failedSince>
        </case>
        <case>
          <duration>2.493</duration>
          <className>nui.ArtifactSetTable</className>
          <testName>ArtifactSetTable should edit artifact set</testName>
          <skipped>false</skipped>
          <failedSince>0</failedSince>
        </case>
        <case>
          <duration>2.827</duration>
          <className>nui.ArtifactSetTable</className>
          <testName>ArtifactSetTable should remove artifact set</testName>
          <skipped>false</skipped>
          <failedSince>0</failedSince>
        </case>
        <case>
          <duration>2.321</duration>
          <className>nui.ArtifactSetTable</className>
          <testName>ArtifactSetTable should delete artifact set</testName>
          <skipped>false</skipped>
          <failedSince>0</failedSince>
        </case>
        <case>
          <duration>0.394</duration>
          <className>nui.ArtifactSetTable</className>
          <testName>ArtifactSetTable shows the name of the latest non-draft version</testName>
          <skipped>false</skipped>
          <failedSince>0</failedSince>
        </case>
      </cases>
    </suite>
    <suite>
      <file>/tmp/jenkins-e606f5ec/workspace/nloop_main/junits/nui-unit-tests.xml</file>
      <name>SubTree</name>
      <duration>2.285</duration>
      <timestamp>2022-10-04T19:50:03</timestamp>
      <time>2.285</time>
      <nodeId>630</nodeId>
      <enclosingBlocks>
        <string>629</string>
      </enclosingBlocks>
      <enclosingBlockNames>
        <string>Declarative: Post Actions</string>
      </enclosingBlockNames>
      <cases>
        <case>
          <duration>0.242</duration>
          <className>nui.SubTree</className>
          <testName>SubTree culls a rect that is horizontally outside the viewport</testName>
          <skipped>false</skipped>
          <failedSince>0</failedSince>
        </case>
        <case>
          <duration>0.108</duration>
          <className>nui.SubTree</className>
          <testName>SubTree culls a rect that is vertically outside the viewport</testName>
          <skipped>false</skipped>
          <failedSince>0</failedSince>
        </case>
        <case>
          <duration>0.152</duration>
          <className>nui.SubTree</className>
          <testName>SubTree does not cull a rect that extends beyond the viewport</testName>
          <skipped>false</skipped>
          <failedSince>0</failedSince>
        </case>
        <case>
          <duration>0.075</duration>
          <className>nui.SubTree</className>
          <testName>SubTree culls the entire subtree if the bounding box is outside the viewport horizontally</testName>
          <skipped>false</skipped>
          <failedSince>0</failedSince>
        </case>
        <case>
          <duration>0.118</duration>
          <className>nui.SubTree</className>
          <testName>SubTree culls the entire subtree if the bounding box is outside the viewport vertically</testName>
          <skipped>false</skipped>
          <failedSince>0</failedSince>
        </case>
        <case>
          <duration>0.065</duration>
          <className>nui.SubTree</className>
          <testName>SubTree does not cull a subtree that extends beyond the viewport</testName>
          <skipped>false</skipped>
          <failedSince>0</failedSince>
        </case>
        <case>
          <duration>0.129</duration>
          <className>nui.SubTree</className>
          <testName>SubTree draws a border if the node is selected</testName>
          <skipped>false</skipped>
          <failedSince>0</failedSince>
        </case>
        <case>
          <duration>0.065</duration>
          <className>nui.SubTree</className>
          <testName>SubTree correctly computes an error status icon</testName>
          <skipped>false</skipped>
          <failedSince>0</failedSince>
        </case>
        <case>
          <duration>0.075</duration>
          <className>nui.SubTree</className>
          <testName>SubTree correctly computes a not_satisfied status icon</testName>
          <skipped>false</skipped>
          <failedSince>0</failedSince>
        </case>
        <case>
          <duration>0.055</duration>
          <className>nui.SubTree</className>
          <testName>SubTree correctly computes a no_data status icon</testName>
          <skipped>false</skipped>
          <failedSince>0</failedSince>
        </case>
        <case>
          <duration>0.04</duration>
          <className>nui.SubTree</className>
          <testName>SubTree correctly computes a satisfied status icon</testName>
          <skipped>false</skipped>
          <failedSince>0</failedSince>
        </case>
      </cases>
    </suite>
    <suite>
      <file>/tmp/jenkins-e606f5ec/workspace/nloop_main/junits/nui-unit-tests.xml</file>
      <name>TestSQLQueryResultsModal</name>
      <duration>12.514</duration>
      <timestamp>2022-10-04T19:49:57</timestamp>
      <time>12.514</time>
      <nodeId>630</nodeId>
      <enclosingBlocks>
        <string>629</string>
      </enclosingBlocks>
      <enclosingBlockNames>
        <string>Declarative: Post Actions</string>
      </enclosingBlockNames>
      <cases>
        <case>
          <duration>0.201</duration>
          <className>nui.TestSQLQueryResultsModal</className>
          <testName>TestSQLQueryResultsModal mounts</testName>
          <skipped>false</skipped>
          <failedSince>0</failedSince>
        </case>
        <case>
          <duration>1.069</duration>
          <className>nui.TestSQLQueryResultsModal</className>
          <testName>TestSQLQueryResultsModal validates the json cvm form</testName>
          <skipped>false</skipped>
          <failedSince>0</failedSince>
        </case>
        <case>
          <duration>1.478</duration>
          <className>nui.TestSQLQueryResultsModal</className>
          <testName>TestSQLQueryResultsModal invalidates the json cvm form</testName>
          <skipped>false</skipped>
          <failedSince>0</failedSince>
        </case>
        <case>
          <duration>1.199</duration>
          <className>nui.TestSQLQueryResultsModal</className>
          <testName>TestSQLQueryResultsModal › start_time/end_time validation Start: {&quot;date&quot;:&quot;2021-07-16&quot;,&quot;time&quot;:&quot;00:00&quot;} with End: {&quot;date&quot;:&quot;2021-08-16&quot;,&quot;time&quot;:&quot;00:00&quot;} should be valid</testName>
          <skipped>false</skipped>
          <failedSince>0</failedSince>
        </case>
        <case>
          <duration>1.168</duration>
          <className>nui.TestSQLQueryResultsModal</className>
          <testName>TestSQLQueryResultsModal › start_time/end_time validation Start: {&quot;date&quot;:&quot;2021-08-16&quot;,&quot;time&quot;:&quot;00:00&quot;} with End: {&quot;date&quot;:&quot;2021-08-16&quot;,&quot;time&quot;:&quot;01:00&quot;} should be valid</testName>
          <skipped>false</skipped>
          <failedSince>0</failedSince>
        </case>
        <case>
          <duration>0.918</duration>
          <className>nui.TestSQLQueryResultsModal</className>
          <testName>TestSQLQueryResultsModal › start_time/end_time validation Start: {&quot;date&quot;:&quot;2021-08-16&quot;,&quot;time&quot;:&quot;01:00&quot;} with End: {&quot;date&quot;:&quot;2021-08-16&quot;,&quot;time&quot;:&quot;00:00&quot;} should be invalid</testName>
          <skipped>false</skipped>
          <failedSince>0</failedSince>
        </case>
        <case>
          <duration>1.242</duration>
          <className>nui.TestSQLQueryResultsModal</className>
          <testName>TestSQLQueryResultsModal › start_time/end_time validation Start: {&quot;date&quot;:&quot;2021-07-16&quot;,&quot;time&quot;:&quot;00:00&quot;} with End: {&quot;date&quot;:&quot;2020-08-16&quot;,&quot;time&quot;:&quot;00:00&quot;} should be invalid</testName>
          <skipped>false</skipped>
          <failedSince>0</failedSince>
        </case>
        <case>
          <duration>1.414</duration>
          <className>nui.TestSQLQueryResultsModal</className>
          <testName>TestSQLQueryResultsModal › start_time/end_time validation Start: {&quot;date&quot;:&quot;2021-08-16&quot;,&quot;time&quot;:&quot;00:00&quot;} with End: {&quot;date&quot;:&quot;2020-07-16&quot;,&quot;time&quot;:&quot;00:00&quot;} should be invalid</testName>
          <skipped>false</skipped>
          <failedSince>0</failedSince>
        </case>
        <case>
          <duration>1.128</duration>
          <className>nui.TestSQLQueryResultsModal</className>
          <testName>TestSQLQueryResultsModal disables the Submit button if the form is invalid</testName>
          <skipped>false</skipped>
          <failedSince>0</failedSince>
        </case>
        <case>
          <duration>1.342</duration>
          <className>nui.TestSQLQueryResultsModal</className>
          <testName>TestSQLQueryResultsModal creates a valid test message</testName>
          <skipped>false</skipped>
          <failedSince>0</failedSince>
        </case>
      </cases>
    </suite>
    <suite>
      <file>/tmp/jenkins-e606f5ec/workspace/nloop_main/junits/nui-unit-tests.xml</file>
      <name>SPIStatusBar</name>
      <duration>3.467</duration>
      <timestamp>2022-10-04T19:50:07</timestamp>
      <time>3.467</time>
      <nodeId>630</nodeId>
      <enclosingBlocks>
        <string>629</string>
      </enclosingBlocks>
      <enclosingBlockNames>
        <string>Declarative: Post Actions</string>
      </enclosingBlockNames>
      <cases>
        <case>
          <duration>0.246</duration>
          <className>nui.SPIStatusBar</className>
          <testName>SPIStatusBar mounts without error</testName>
          <skipped>false</skipped>
          <failedSince>0</failedSince>
        </case>
        <case>
          <duration>0.123</duration>
          <className>nui.SPIStatusBar</className>
          <testName>SPIStatusBar displays correct icons</testName>
          <skipped>false</skipped>
          <failedSince>0</failedSince>
        </case>
        <case>
          <duration>0.157</duration>
          <className>nui.SPIStatusBar</className>
          <testName>SPIStatusBar displays status type counts correctly when no data</testName>
          <skipped>false</skipped>
          <failedSince>0</failedSince>
        </case>
        <case>
          <duration>0.119</duration>
          <className>nui.SPIStatusBar</className>
          <testName>SPIStatusBar displays status type counts correctly</testName>
          <skipped>false</skipped>
          <failedSince>0</failedSince>
        </case>
        <case>
          <duration>0.155</duration>
          <className>nui.SPIStatusBar</className>
          <testName>SPIStatusBar renders bar width correctly with no data</testName>
          <skipped>false</skipped>
          <failedSince>0</failedSince>
        </case>
        <case>
          <duration>0.146</duration>
          <className>nui.SPIStatusBar</className>
          <testName>SPIStatusBar renders bar width rounded to whole percentage when using unevenly divided data</testName>
          <skipped>false</skipped>
          <failedSince>0</failedSince>
        </case>
        <case>
          <duration>0.25</duration>
          <className>nui.SPIStatusBar</className>
          <testName>SPIStatusBar handles bad data where total is 0 but other fields are nonzero</testName>
          <skipped>false</skipped>
          <failedSince>0</failedSince>
        </case>
        <case>
          <duration>1.331</duration>
          <className>nui.SPIStatusBar</className>
          <testName>SPIStatusBar react to window.resize event and throttle dimension update properly</testName>
          <skipped>false</skipped>
          <failedSince>0</failedSince>
        </case>
        <case>
          <duration>0.149</duration>
          <className>nui.SPIStatusBar</className>
          <testName>SPIStatusBar should show and hide label if enough rendered width and bar represents percentage</testName>
          <skipped>false</skipped>
          <failedSince>0</failedSince>
        </case>
      </cases>
    </suite>
    <suite>
      <file>/tmp/jenkins-e606f5ec/workspace/nloop_main/junits/nui-unit-tests.xml</file>
      <name>treeView</name>
      <duration>1.272</duration>
      <timestamp>2022-10-04T19:50:11</timestamp>
      <time>1.272</time>
      <nodeId>630</nodeId>
      <enclosingBlocks>
        <string>629</string>
      </enclosingBlocks>
      <enclosingBlockNames>
        <string>Declarative: Post Actions</string>
      </enclosingBlockNames>
      <cases>
        <case>
          <duration>0.007</duration>
          <className>nui.treeView</className>
          <testName>treeView generates a valid layout</testName>
          <skipped>false</skipped>
          <failedSince>0</failedSince>
        </case>
        <case>
          <duration>0.002</duration>
          <className>nui.treeView</className>
          <testName>treeView by default collapses all nodes</testName>
          <skipped>false</skipped>
          <failedSince>0</failedSince>
        </case>
        <case>
          <duration>0.002</duration>
          <className>nui.treeView</className>
          <testName>treeView expands a collapsed node</testName>
          <skipped>false</skipped>
          <failedSince>0</failedSince>
        </case>
        <case>
          <duration>0.002</duration>
          <className>nui.treeView</className>
          <testName>treeView collapses an expanded node</testName>
          <skipped>false</skipped>
          <failedSince>0</failedSince>
        </case>
        <case>
          <duration>0.003</duration>
          <className>nui.treeView</className>
          <testName>treeView expands all nodes</testName>
          <skipped>false</skipped>
          <failedSince>0</failedSince>
        </case>
        <case>
          <duration>0.001</duration>
          <className>nui.treeView</className>
          <testName>treeView collapses all nodes</testName>
          <skipped>false</skipped>
          <failedSince>0</failedSince>
        </case>
        <case>
          <duration>0.003</duration>
          <className>nui.treeView</className>
          <testName>treeView expands a hierarchy to reveal the specified child node</testName>
          <skipped>false</skipped>
          <failedSince>0</failedSince>
        </case>
      </cases>
    </suite>
    <suite>
      <file>/tmp/jenkins-e606f5ec/workspace/nloop_main/junits/nui-unit-tests.xml</file>
      <name>Users module</name>
      <duration>1.977</duration>
      <timestamp>2022-10-04T19:50:10</timestamp>
      <time>1.977</time>
      <nodeId>630</nodeId>
      <enclosingBlocks>
        <string>629</string>
      </enclosingBlocks>
      <enclosingBlockNames>
        <string>Declarative: Post Actions</string>
      </enclosingBlockNames>
      <cases>
        <case>
          <duration>0.002</duration>
          <className>nui.Users module</className>
          <testName>Users module › getters should return user by id</testName>
          <skipped>false</skipped>
          <failedSince>0</failedSince>
        </case>
        <case>
          <duration>0.001</duration>
          <className>nui.Users module</className>
          <testName>Users module › getters should return user-name</testName>
          <skipped>false</skipped>
          <failedSince>0</failedSince>
        </case>
        <case>
          <duration>0.001</duration>
          <className>nui.Users module</className>
          <testName>Users module › getters should return userPermissions</testName>
          <skipped>false</skipped>
          <failedSince>0</failedSince>
        </case>
        <case>
          <duration>0.001</duration>
          <className>nui.Users module</className>
          <testName>Users module › actions should get all permissions and commit them</testName>
          <skipped>false</skipped>
          <failedSince>0</failedSince>
        </case>
        <case>
          <duration>0.004</duration>
          <className>nui.Users module</className>
          <testName>Users module › actions should get users and commit them</testName>
          <skipped>false</skipped>
          <failedSince>0</failedSince>
        </case>
        <case>
          <duration>0.001</duration>
          <className>nui.Users module</className>
          <testName>Users module › actions should get current user info and commit </testName>
          <skipped>false</skipped>
          <failedSince>0</failedSince>
        </case>
        <case>
          <duration>0.001</duration>
          <className>nui.Users module</className>
          <testName>Users module › actions should get users permissions and commit them</testName>
          <skipped>false</skipped>
          <failedSince>0</failedSince>
        </case>
        <case>
          <duration>0.001</duration>
          <className>nui.Users module</className>
          <testName>Users module › actions should update users permissions</testName>
          <skipped>false</skipped>
          <failedSince>0</failedSince>
        </case>
        <case>
          <duration>0.001</duration>
          <className>nui.Users module</className>
          <testName>Users module › actions should delete users permissions</testName>
          <skipped>false</skipped>
          <failedSince>0</failedSince>
        </case>
        <case>
          <duration>0.002</duration>
          <className>nui.Users module</className>
          <testName>Users module › actions should post the user and dispatch getUsers</testName>
          <skipped>false</skipped>
          <failedSince>0</failedSince>
        </case>
        <case>
          <duration>0.003</duration>
          <className>nui.Users module</className>
          <testName>Users module › actions should put the updated user and dispatch getUsers</testName>
          <skipped>false</skipped>
          <failedSince>0</failedSince>
        </case>
        <case>
          <duration>0.001</duration>
          <className>nui.Users module</className>
          <testName>Users module › actions should update password</testName>
          <skipped>false</skipped>
          <failedSince>0</failedSince>
        </case>
        <case>
          <duration>0.049</duration>
          <className>nui.Users module</className>
          <testName>Users module › actions should update password for the user</testName>
          <skipped>false</skipped>
          <failedSince>0</failedSince>
        </case>
        <case>
          <duration>0.002</duration>
          <className>nui.Users module</className>
          <testName>Users module › actions should get user by id</testName>
          <skipped>false</skipped>
          <failedSince>0</failedSince>
        </case>
      </cases>
    </suite>
    <suite>
      <file>/tmp/jenkins-e606f5ec/workspace/nloop_main/junits/nui-unit-tests.xml</file>
      <name>Projects store</name>
      <duration>1.536</duration>
      <timestamp>2022-10-04T19:50:13</timestamp>
      <time>1.536</time>
      <nodeId>630</nodeId>
      <enclosingBlocks>
        <string>629</string>
      </enclosingBlocks>
      <enclosingBlockNames>
        <string>Declarative: Post Actions</string>
      </enclosingBlockNames>
      <cases>
        <case>
          <duration>0.007</duration>
          <className>nui.Projects store</className>
          <testName>Projects store › getters should return list of projects</testName>
          <skipped>false</skipped>
          <failedSince>0</failedSince>
        </case>
        <case>
          <duration>0.001</duration>
          <className>nui.Projects store</className>
          <testName>Projects store › getters should get the project id</testName>
          <skipped>false</skipped>
          <failedSince>0</failedSince>
        </case>
        <case>
          <duration>0.001</duration>
          <className>nui.Projects store</className>
          <testName>Projects store › getters should return a list of connectors</testName>
          <skipped>false</skipped>
          <failedSince>0</failedSince>
        </case>
        <case>
          <duration>0.001</duration>
          <className>nui.Projects store</className>
          <testName>Projects store › actions should set the system version project id</testName>
          <skipped>false</skipped>
          <failedSince>0</failedSince>
        </case>
        <case>
          <duration>0.002</duration>
          <className>nui.Projects store</className>
          <testName>Projects store › actions should GET all projects </testName>
          <skipped>false</skipped>
          <failedSince>0</failedSince>
        </case>
        <case>
          <duration>0.001</duration>
          <className>nui.Projects store</className>
          <testName>Projects store › actions should POST to the correct URL with the project object - with template</testName>
          <skipped>false</skipped>
          <failedSince>0</failedSince>
        </case>
        <case>
          <duration>0.006</duration>
          <className>nui.Projects store</className>
          <testName>Projects store › actions should POST to the correct URL with the project object - no template</testName>
          <skipped>false</skipped>
          <failedSince>0</failedSince>
        </case>
        <case>
          <duration>0.001</duration>
          <className>nui.Projects store</className>
          <testName>Projects store › actions should throw the error returned by the POST</testName>
          <skipped>false</skipped>
          <failedSince>0</failedSince>
        </case>
        <case>
          <duration>0.002</duration>
          <className>nui.Projects store</className>
          <testName>Projects store › actions should PATCH the project update DTO</testName>
          <skipped>false</skipped>
          <failedSince>0</failedSince>
        </case>
        <case>
          <duration>0.002</duration>
          <className>nui.Projects store</className>
          <testName>Projects store › actions should DELETE project</testName>
          <skipped>false</skipped>
          <failedSince>0</failedSince>
        </case>
        <case>
          <duration>0.001</duration>
          <className>nui.Projects store</className>
          <testName>Projects store › actions should GET project by id</testName>
          <skipped>false</skipped>
          <failedSince>0</failedSince>
        </case>
        <case>
          <duration>0.014</duration>
          <className>nui.Projects store</className>
          <testName>Projects store › mutations should set a hash of projects on SET PROJECTS</testName>
          <skipped>false</skipped>
          <failedSince>0</failedSince>
        </case>
      </cases>
    </suite>
    <suite>
      <file>/tmp/jenkins-e606f5ec/workspace/nloop_main/junits/nui-unit-tests.xml</file>
      <name>CreateSafetyCaseTemplateModal</name>
      <duration>11.783</duration>
      <timestamp>2022-10-04T19:50:05</timestamp>
      <time>11.783</time>
      <nodeId>630</nodeId>
      <enclosingBlocks>
        <string>629</string>
      </enclosingBlocks>
      <enclosingBlockNames>
        <string>Declarative: Post Actions</string>
      </enclosingBlockNames>
      <cases>
        <case>
          <duration>0.346</duration>
          <className>nui.CreateSafetyCaseTemplateModal</className>
          <testName>CreateSafetyCaseTemplateModal should exist</testName>
          <skipped>false</skipped>
          <failedSince>0</failedSince>
        </case>
        <case>
          <duration>1.33</duration>
          <className>nui.CreateSafetyCaseTemplateModal</className>
          <testName>CreateSafetyCaseTemplateModal should close modal window</testName>
          <skipped>false</skipped>
          <failedSince>0</failedSince>
        </case>
        <case>
          <duration>1.347</duration>
          <className>nui.CreateSafetyCaseTemplateModal</className>
          <testName>CreateSafetyCaseTemplateModal mounts a button as the activator</testName>
          <skipped>false</skipped>
          <failedSince>0</failedSince>
        </case>
        <case>
          <duration>1.537</duration>
          <className>nui.CreateSafetyCaseTemplateModal</className>
          <testName>CreateSafetyCaseTemplateModal validates fields</testName>
          <skipped>false</skipped>
          <failedSince>0</failedSince>
        </case>
        <case>
          <duration>0.95</duration>
          <className>nui.CreateSafetyCaseTemplateModal</className>
          <testName>CreateSafetyCaseTemplateModal should parse a valid JSON file</testName>
          <skipped>false</skipped>
          <failedSince>0</failedSince>
        </case>
        <case>
          <duration>0.257</duration>
          <className>nui.CreateSafetyCaseTemplateModal</className>
          <testName>CreateSafetyCaseTemplateModal should not attempt to JSON parse a valid spreadsheet file</testName>
          <skipped>false</skipped>
          <failedSince>0</failedSince>
        </case>
        <case>
          <duration>1.705</duration>
          <className>nui.CreateSafetyCaseTemplateModal</className>
          <testName>CreateSafetyCaseTemplateModal should call save when the form is valid</testName>
          <skipped>false</skipped>
          <failedSince>0</failedSince>
        </case>
        <case>
          <duration>1.41</duration>
          <className>nui.CreateSafetyCaseTemplateModal</className>
          <testName>CreateSafetyCaseTemplateModal should show an error if the json is invalid</testName>
          <skipped>false</skipped>
          <failedSince>0</failedSince>
        </case>
        <case>
          <duration>1.464</duration>
          <className>nui.CreateSafetyCaseTemplateModal</className>
          <testName>CreateSafetyCaseTemplateModal should show an error if the create action throws</testName>
          <skipped>false</skipped>
          <failedSince>0</failedSince>
        </case>
      </cases>
    </suite>
    <suite>
      <file>/tmp/jenkins-e606f5ec/workspace/nloop_main/junits/nui-unit-tests.xml</file>
      <name>EditModal</name>
      <duration>7.798</duration>
      <timestamp>2022-10-04T19:50:13</timestamp>
      <time>7.798</time>
      <nodeId>630</nodeId>
      <enclosingBlocks>
        <string>629</string>
      </enclosingBlocks>
      <enclosingBlockNames>
        <string>Declarative: Post Actions</string>
      </enclosingBlockNames>
      <cases>
        <case>
          <duration>0.41</duration>
          <className>nui.EditModal</className>
          <testName>EditModal mount</testName>
          <skipped>false</skipped>
          <failedSince>0</failedSince>
        </case>
        <case>
          <duration>1.336</duration>
          <className>nui.EditModal</className>
          <testName>EditModal validates fields</testName>
          <skipped>false</skipped>
          <failedSince>0</failedSince>
        </case>
        <case>
          <duration>1.015</duration>
          <className>nui.EditModal</className>
          <testName>EditModal should update system version card </testName>
          <skipped>false</skipped>
          <failedSince>0</failedSince>
        </case>
        <case>
          <duration>0.656</duration>
          <className>nui.EditModal</className>
          <testName>EditModal should reset form to inital state when cancelled</testName>
          <skipped>false</skipped>
          <failedSince>0</failedSince>
        </case>
        <case>
          <duration>1.858</duration>
          <className>nui.EditModal</className>
          <testName>EditModal should not update when the object is the same</testName>
          <skipped>false</skipped>
          <failedSince>0</failedSince>
        </case>
        <case>
          <duration>1.566</duration>
          <className>nui.EditModal</className>
          <testName>EditModal should call updateUsingEnter when enter key is used to update project</testName>
          <skipped>false</skipped>
          <failedSince>0</failedSince>
        </case>
      </cases>
    </suite>
    <suite>
      <file>/tmp/jenkins-e606f5ec/workspace/nloop_main/junits/nui-unit-tests.xml</file>
      <name>Traces</name>
      <duration>9.607</duration>
      <timestamp>2022-10-04T19:50:16</timestamp>
      <time>9.607</time>
      <nodeId>630</nodeId>
      <enclosingBlocks>
        <string>629</string>
      </enclosingBlocks>
      <enclosingBlockNames>
        <string>Declarative: Post Actions</string>
      </enclosingBlockNames>
      <cases>
        <case>
          <duration>1.477</duration>
          <className>nui.Traces</className>
          <testName>Traces should show trace</testName>
          <skipped>false</skipped>
          <failedSince>0</failedSince>
        </case>
        <case>
          <duration>1.418</duration>
          <className>nui.Traces</className>
          <testName>Traces › computed should return pet</testName>
          <skipped>false</skipped>
          <failedSince>0</failedSince>
        </case>
        <case>
          <duration>0.86</duration>
          <className>nui.Traces</className>
          <testName>Traces › computed should return traces with trace type trace type measurements</testName>
          <skipped>false</skipped>
          <failedSince>0</failedSince>
        </case>
        <case>
          <duration>1.283</duration>
          <className>nui.Traces</className>
          <testName>Traces should return traces with time base float measurments</testName>
          <skipped>false</skipped>
          <failedSince>0</failedSince>
        </case>
        <case>
          <duration>0.914</duration>
          <className>nui.Traces</className>
          <testName>Traces › methods should go to the PET page</testName>
          <skipped>false</skipped>
          <failedSince>0</failedSince>
        </case>
        <case>
          <duration>0.753</duration>
          <className>nui.Traces</className>
          <testName>Traces › methods should create annotations within the x axis range</testName>
          <skipped>false</skipped>
          <failedSince>0</failedSince>
        </case>
        <case>
          <duration>0.802</duration>
          <className>nui.Traces</className>
          <testName>Traces should create annotations that matches the trace source values</testName>
          <skipped>false</skipped>
          <failedSince>0</failedSince>
        </case>
      </cases>
    </suite>
    <suite>
      <file>/tmp/jenkins-e606f5ec/workspace/nloop_main/junits/nui-unit-tests.xml</file>
      <name>SafetyCaseInstanceList</name>
      <duration>6.936</duration>
      <timestamp>2022-10-04T19:50:19</timestamp>
      <time>6.936</time>
      <nodeId>630</nodeId>
      <enclosingBlocks>
        <string>629</string>
      </enclosingBlocks>
      <enclosingBlockNames>
        <string>Declarative: Post Actions</string>
      </enclosingBlockNames>
      <cases>
        <case>
          <duration>0.245</duration>
          <className>nui.SafetyCaseInstanceList</className>
          <testName>SafetyCaseInstanceList mounts skeleton</testName>
          <skipped>false</skipped>
          <failedSince>0</failedSince>
        </case>
        <case>
          <duration>0.177</duration>
          <className>nui.SafetyCaseInstanceList</className>
          <testName>SafetyCaseInstanceList mounts card</testName>
          <skipped>false</skipped>
          <failedSince>0</failedSince>
        </case>
        <case>
          <duration>0.002</duration>
          <className>nui.SafetyCaseInstanceList</className>
          <testName>SafetyCaseInstanceList routes to the correct project, instance id, and type when an instance is clicked</testName>
          <skipped>false</skipped>
          <failedSince>0</failedSince>
        </case>
        <case>
          <duration>0.162</duration>
          <className>nui.SafetyCaseInstanceList</className>
          <testName>SafetyCaseInstanceList › handlers calls updateSafetyCaseInstance with the provided args</testName>
          <skipped>false</skipped>
          <failedSince>0</failedSince>
        </case>
        <case>
          <duration>0.216</duration>
          <className>nui.SafetyCaseInstanceList</className>
          <testName>SafetyCaseInstanceList › handlers shows an error when updateSafetyCaseInstance throws</testName>
          <skipped>false</skipped>
          <failedSince>0</failedSince>
        </case>
        <case>
          <duration>0.197</duration>
          <className>nui.SafetyCaseInstanceList</className>
          <testName>SafetyCaseInstanceList › handlers calls deleteSafetyCaseInstance with the provided id</testName>
          <skipped>false</skipped>
          <failedSince>0</failedSince>
        </case>
        <case>
          <duration>0.344</duration>
          <className>nui.SafetyCaseInstanceList</className>
          <testName>SafetyCaseInstanceList › handlers shows an error when deleteSafetyCaseInstance throws</testName>
          <skipped>false</skipped>
          <failedSince>0</failedSince>
        </case>
        <case>
          <duration>0.014</duration>
          <className>nui.SafetyCaseInstanceList</className>
          <testName>SafetyCaseInstanceList › handlers mounted() waits for all promises to resolve finish before mounting</testName>
          <skipped>false</skipped>
          <failedSince>0</failedSince>
        </case>
      </cases>
    </suite>
    <suite>
      <file>/tmp/jenkins-e606f5ec/workspace/nloop_main/junits/nui-unit-tests.xml</file>
      <name>ArtifactViewsSelector</name>
      <duration>9.727</duration>
      <timestamp>2022-10-04T19:50:22</timestamp>
      <time>9.727</time>
      <nodeId>630</nodeId>
      <enclosingBlocks>
        <string>629</string>
      </enclosingBlocks>
      <enclosingBlockNames>
        <string>Declarative: Post Actions</string>
      </enclosingBlockNames>
      <cases>
        <case>
          <duration>1.046</duration>
          <className>nui.ArtifactViewsSelector</className>
          <testName>ArtifactViewsSelector should present default selections</testName>
          <skipped>false</skipped>
          <failedSince>0</failedSince>
        </case>
        <case>
          <duration>1.616</duration>
          <className>nui.ArtifactViewsSelector</className>
          <testName>ArtifactViewsSelector should present default item as well as provided views</testName>
          <skipped>false</skipped>
          <failedSince>0</failedSince>
        </case>
        <case>
          <duration>1.201</duration>
          <className>nui.ArtifactViewsSelector</className>
          <testName>ArtifactViewsSelector closes the dropdown when an existing view gets updated</testName>
          <skipped>false</skipped>
          <failedSince>0</failedSince>
        </case>
        <case>
          <duration>1.198</duration>
          <className>nui.ArtifactViewsSelector</className>
          <testName>ArtifactViewsSelector closes the dropdown and updates the active view when a new view gets created</testName>
          <skipped>false</skipped>
          <failedSince>0</failedSince>
        </case>
        <case>
          <duration>1.09</duration>
          <className>nui.ArtifactViewsSelector</className>
          <testName>ArtifactViewsSelector selects the default view if the active view is deleted and closes the dropdown when the manage modal is exited</testName>
          <skipped>false</skipped>
          <failedSince>0</failedSince>
        </case>
        <case>
          <duration>1.063</duration>
          <className>nui.ArtifactViewsSelector</className>
          <testName>ArtifactViewsSelector does not change the active view when a view is deleted and is not the active view</testName>
          <skipped>false</skipped>
          <failedSince>0</failedSince>
        </case>
        <case>
          <duration>0.665</duration>
          <className>nui.ArtifactViewsSelector</className>
          <testName>ArtifactViewsSelector clears an edited view when the selected view changes</testName>
          <skipped>false</skipped>
          <failedSince>0</failedSince>
        </case>
      </cases>
    </suite>
    <suite>
      <file>/tmp/jenkins-e606f5ec/workspace/nloop_main/junits/nui-unit-tests.xml</file>
      <name>ParameterDiscrete</name>
      <duration>2.206</duration>
      <timestamp>2022-10-04T19:50:33</timestamp>
      <time>2.206</time>
      <nodeId>630</nodeId>
      <enclosingBlocks>
        <string>629</string>
      </enclosingBlocks>
      <enclosingBlockNames>
        <string>Declarative: Post Actions</string>
      </enclosingBlockNames>
      <cases>
        <case>
          <duration>0.151</duration>
          <className>nui.ParameterDiscrete</className>
          <testName>ParameterDiscrete exists</testName>
          <skipped>false</skipped>
          <failedSince>0</failedSince>
        </case>
        <case>
          <duration>0.127</duration>
          <className>nui.ParameterDiscrete</className>
          <testName>ParameterDiscrete › given read only is false the instruction label should be visible</testName>
          <skipped>false</skipped>
          <failedSince>0</failedSince>
        </case>
        <case>
          <duration>0.144</duration>
          <className>nui.ParameterDiscrete</className>
          <testName>ParameterDiscrete › given read only is false › when copy test case is true should add discrete value dots to the discrete slider </testName>
          <skipped>false</skipped>
          <failedSince>0</failedSince>
        </case>
        <case>
          <duration>0.177</duration>
          <className>nui.ParameterDiscrete</className>
          <testName>ParameterDiscrete › given read only is true › when there is a concrete value  should create discrete dots</testName>
          <skipped>false</skipped>
          <failedSince>0</failedSince>
        </case>
        <case>
          <duration>0.171</duration>
          <className>nui.ParameterDiscrete</className>
          <testName>ParameterDiscrete › given read only is true › when there is a concrete value  should create discrete dots if the value is zero</testName>
          <skipped>false</skipped>
          <failedSince>0</failedSince>
        </case>
        <case>
          <duration>0.008</duration>
          <className>nui.ParameterDiscrete</className>
          <testName>ParameterDiscrete › methods › value adjusted to percent  should return a percentage based on the concrete value, min, and max</testName>
          <skipped>false</skipped>
          <failedSince>0</failedSince>
        </case>
        <case>
          <duration>0.002</duration>
          <className>nui.ParameterDiscrete</className>
          <testName>ParameterDiscrete › methods › value adjusted to percent  should return 100 if the concrete value is higher than the max</testName>
          <skipped>false</skipped>
          <failedSince>0</failedSince>
        </case>
        <case>
          <duration>0.002</duration>
          <className>nui.ParameterDiscrete</className>
          <testName>ParameterDiscrete › methods › value adjusted to percent  should return 0 if the concrete value is less than the min</testName>
          <skipped>false</skipped>
          <failedSince>0</failedSince>
        </case>
        <case>
          <duration>0.002</duration>
          <className>nui.ParameterDiscrete</className>
          <testName>ParameterDiscrete › methods › value adjusted to percent  should return 0 if the min and max values are equal to each other </testName>
          <skipped>false</skipped>
          <failedSince>0</failedSince>
        </case>
        <case>
          <duration>0.128</duration>
          <className>nui.ParameterDiscrete</className>
          <testName>ParameterDiscrete › methods › when read only is true should add a discrete dot element to the discrete slider with a remove handler</testName>
          <skipped>false</skipped>
          <failedSince>0</failedSince>
        </case>
      </cases>
    </suite>
    <suite>
      <file>/tmp/jenkins-e606f5ec/workspace/nloop_main/junits/nui-unit-tests.xml</file>
      <name>DetailsPanel</name>
      <duration>12.271</duration>
      <timestamp>2022-10-04T19:50:27</timestamp>
      <time>12.271</time>
      <nodeId>630</nodeId>
      <enclosingBlocks>
        <string>629</string>
      </enclosingBlocks>
      <enclosingBlockNames>
        <string>Declarative: Post Actions</string>
      </enclosingBlockNames>
      <cases>
        <case>
          <duration>1.515</duration>
          <className>nui.DetailsPanel</className>
          <testName>DetailsPanel gets a resolved CAE node when instanceId is set</testName>
          <skipped>false</skipped>
          <failedSince>0</failedSince>
        </case>
        <case>
          <duration>0.726</duration>
          <className>nui.DetailsPanel</className>
          <testName>DetailsPanel gets a CAE node when templateId is set</testName>
          <skipped>false</skipped>
          <failedSince>0</failedSince>
        </case>
        <case>
          <duration>0.991</duration>
          <className>nui.DetailsPanel</className>
          <testName>DetailsPanel gets a resolved CAE node when selectedTreeNode changes</testName>
          <skipped>false</skipped>
          <failedSince>0</failedSince>
        </case>
        <case>
          <duration>1.659</duration>
          <className>nui.DetailsPanel</className>
          <testName>DetailsPanel gets a CAE node when selectedTreeNode changes</testName>
          <skipped>false</skipped>
          <failedSince>0</failedSince>
        </case>
        <case>
          <duration>1.317</duration>
          <className>nui.DetailsPanel</className>
          <testName>DetailsPanel gets selected SPI node data when selectedTreeNode changes</testName>
          <skipped>false</skipped>
          <failedSince>0</failedSince>
        </case>
        <case>
          <duration>1.59</duration>
          <className>nui.DetailsPanel</className>
          <testName>DetailsPanel clears the selected tree node on close</testName>
          <skipped>false</skipped>
          <failedSince>0</failedSince>
        </case>
        <case>
          <duration>1.187</duration>
          <className>nui.DetailsPanel</className>
          <testName>DetailsPanel mounts the spi status bar if an instance id was passed in</testName>
          <skipped>false</skipped>
          <failedSince>0</failedSince>
        </case>
        <case>
          <duration>1.11</duration>
          <className>nui.DetailsPanel</className>
          <testName>DetailsPanel does not mount the spi status bar if no template id was passed in</testName>
          <skipped>false</skipped>
          <failedSince>0</failedSince>
        </case>
      </cases>
    </suite>
    <suite>
      <file>/tmp/jenkins-e606f5ec/workspace/nloop_main/junits/nui-unit-tests.xml</file>
      <name>ArtifactViewsSaveModal</name>
      <duration>11.672</duration>
      <timestamp>2022-10-04T19:50:28</timestamp>
      <time>11.672</time>
      <nodeId>630</nodeId>
      <enclosingBlocks>
        <string>629</string>
      </enclosingBlocks>
      <enclosingBlockNames>
        <string>Declarative: Post Actions</string>
      </enclosingBlockNames>
      <cases>
        <case>
          <duration>3.731</duration>
          <className>nui.ArtifactViewsSaveModal</className>
          <testName>ArtifactViewsSaveModal saves the artifact view with the active view headers</testName>
          <skipped>false</skipped>
          <failedSince>0</failedSince>
        </case>
        <case>
          <duration>1.168</duration>
          <className>nui.ArtifactViewsSaveModal</className>
          <testName>ArtifactViewsSaveModal selects the current active view by default</testName>
          <skipped>false</skipped>
          <failedSince>0</failedSince>
        </case>
        <case>
          <duration>1.061</duration>
          <className>nui.ArtifactViewsSaveModal</className>
          <testName>ArtifactViewsSaveModal selects the first view if the active view is public</testName>
          <skipped>false</skipped>
          <failedSince>0</failedSince>
        </case>
        <case>
          <duration>0.953</duration>
          <className>nui.ArtifactViewsSaveModal</className>
          <testName>ArtifactViewsSaveModal updates with any edited headers</testName>
          <skipped>false</skipped>
          <failedSince>0</failedSince>
        </case>
        <case>
          <duration>0.926</duration>
          <className>nui.ArtifactViewsSaveModal</className>
          <testName>ArtifactViewsSaveModal handles the error when save fails</testName>
          <skipped>false</skipped>
          <failedSince>0</failedSince>
        </case>
      </cases>
    </suite>
    <suite>
      <file>/tmp/jenkins-e606f5ec/workspace/nloop_main/junits/nui-unit-tests.xml</file>
      <name>ArtifactArchivedTable</name>
      <duration>4.595</duration>
      <timestamp>2022-10-04T19:50:36</timestamp>
      <time>4.595</time>
      <nodeId>630</nodeId>
      <enclosingBlocks>
        <string>629</string>
      </enclosingBlocks>
      <enclosingBlockNames>
        <string>Declarative: Post Actions</string>
      </enclosingBlockNames>
      <cases>
        <case>
          <duration>0.178</duration>
          <className>nui.ArtifactArchivedTable</className>
          <testName>ArtifactArchivedTable should exist </testName>
          <skipped>false</skipped>
          <failedSince>0</failedSince>
        </case>
        <case>
          <duration>1.441</duration>
          <className>nui.ArtifactArchivedTable</className>
          <testName>ArtifactArchivedTable › settings a user should be able to remove or restore an artifact if they have permission</testName>
          <skipped>false</skipped>
          <failedSince>0</failedSince>
        </case>
        <case>
          <duration>0.908</duration>
          <className>nui.ArtifactArchivedTable</className>
          <testName>ArtifactArchivedTable › settings a user should not be able to remove or restore an artifact if they do not have permission</testName>
          <skipped>false</skipped>
          <failedSince>0</failedSince>
        </case>
        <case>
          <duration>0.144</duration>
          <className>nui.ArtifactArchivedTable</className>
          <testName>ArtifactArchivedTable › computed provides set table heights at certain window widths</testName>
          <skipped>false</skipped>
          <failedSince>0</failedSince>
        </case>
        <case>
          <duration>0.013</duration>
          <className>nui.ArtifactArchivedTable</className>
          <testName>ArtifactArchivedTable › methods should handle the restoration of the artifact domain</testName>
          <skipped>false</skipped>
          <failedSince>0</failedSince>
        </case>
        <case>
          <duration>0.027</duration>
          <className>nui.ArtifactArchivedTable</className>
          <testName>ArtifactArchivedTable › methods should handle the failure of restoring the artifact domain</testName>
          <skipped>false</skipped>
          <failedSince>0</failedSince>
        </case>
        <case>
          <duration>0.011</duration>
          <className>nui.ArtifactArchivedTable</className>
          <testName>ArtifactArchivedTable › methods should handle the removal of the artifact domain</testName>
          <skipped>false</skipped>
          <failedSince>0</failedSince>
        </case>
        <case>
          <duration>0.003</duration>
          <className>nui.ArtifactArchivedTable</className>
          <testName>ArtifactArchivedTable › methods should handle the failure of removing the artifact domain</testName>
          <skipped>false</skipped>
          <failedSince>0</failedSince>
        </case>
        <case>
          <duration>0.079</duration>
          <className>nui.ArtifactArchivedTable</className>
          <testName>ArtifactArchivedTable › mounted should set the delete permission to true if the user has that permission</testName>
          <skipped>false</skipped>
          <failedSince>0</failedSince>
        </case>
      </cases>
    </suite>
    <suite>
      <file>/tmp/jenkins-e606f5ec/workspace/nloop_main/junits/nui-unit-tests.xml</file>
      <name>status color utility</name>
      <duration>1.545</duration>
      <timestamp>2022-10-04T19:50:42</timestamp>
      <time>1.545</time>
      <nodeId>630</nodeId>
      <enclosingBlocks>
        <string>629</string>
      </enclosingBlocks>
      <enclosingBlockNames>
        <string>Declarative: Post Actions</string>
      </enclosingBlockNames>
      <cases>
        <case>
          <duration>0.002</duration>
          <className>nui.status color utility</className>
          <testName>status color utility › test case status colors should return the failure status class if there is a failure</testName>
          <skipped>false</skipped>
          <failedSince>0</failedSince>
        </case>
        <case>
          <duration>0.001</duration>
          <className>nui.status color utility</className>
          <testName>status color utility › test case status colors should return the error status class if there is an error</testName>
          <skipped>false</skipped>
          <failedSince>0</failedSince>
        </case>
        <case>
          <duration>0.001</duration>
          <className>nui.status color utility</className>
          <testName>status color utility › test case status colors should set the success status class if there is a success</testName>
          <skipped>false</skipped>
          <failedSince>0</failedSince>
        </case>
        <case>
          <duration>0.001</duration>
          <className>nui.status color utility</className>
          <testName>status color utility › test case status colors should set the in progress status class if there is a in progress</testName>
          <skipped>false</skipped>
          <failedSince>0</failedSince>
        </case>
        <case>
          <duration>0.001</duration>
          <className>nui.status color utility</className>
          <testName>status color utility › test case status colors should set the in progress status class if there is no full status</testName>
          <skipped>false</skipped>
          <failedSince>0</failedSince>
        </case>
        <case>
          <duration>0.006</duration>
          <className>nui.status color utility</className>
          <testName>status color utility › test case list status colors should return grey if the list is empty</testName>
          <skipped>false</skipped>
          <failedSince>0</failedSince>
        </case>
        <case>
          <duration>0.001</duration>
          <className>nui.status color utility</className>
          <testName>status color utility › test case list status colors should return green if every status is a success</testName>
          <skipped>false</skipped>
          <failedSince>0</failedSince>
        </case>
        <case>
          <duration>0.001</duration>
          <className>nui.status color utility</className>
          <testName>status color utility › test case list status colors should return red if any status is error</testName>
          <skipped>false</skipped>
          <failedSince>0</failedSince>
        </case>
        <case>
          <duration>0.002</duration>
          <className>nui.status color utility</className>
          <testName>status color utility › test case list status colors should return orange if any status is failure without errors</testName>
          <skipped>false</skipped>
          <failedSince>0</failedSince>
        </case>
        <case>
          <duration>0.0</duration>
          <className>nui.status color utility</className>
          <testName>status color utility › test case list status colors should return grey if there are any in progress status with no failures or errors</testName>
          <skipped>false</skipped>
          <failedSince>0</failedSince>
        </case>
        <case>
          <duration>0.0</duration>
          <className>nui.status color utility</className>
          <testName>status color utility › test case list status colors should return grey if there is a string which is not a registered status</testName>
          <skipped>false</skipped>
          <failedSince>0</failedSince>
        </case>
        <case>
          <duration>0.001</duration>
          <className>nui.status color utility</className>
          <testName>status color utility › tds status colors by status count should return the failure status class if there is a failure</testName>
          <skipped>false</skipped>
          <failedSince>0</failedSince>
        </case>
        <case>
          <duration>0.001</duration>
          <className>nui.status color utility</className>
          <testName>status color utility › tds status colors by status count should return the error status class if there is an error</testName>
          <skipped>false</skipped>
          <failedSince>0</failedSince>
        </case>
        <case>
          <duration>0.001</duration>
          <className>nui.status color utility</className>
          <testName>status color utility › tds status colors by status count should set the success status class if there is a success</testName>
          <skipped>false</skipped>
          <failedSince>0</failedSince>
        </case>
        <case>
          <duration>0.001</duration>
          <className>nui.status color utility</className>
          <testName>status color utility › tds status colors by status count should set the in progress status class if there is a in progress</testName>
          <skipped>false</skipped>
          <failedSince>0</failedSince>
        </case>
        <case>
          <duration>0.0</duration>
          <className>nui.status color utility</className>
          <testName>status color utility › tds status colors by status count should set the in progress status class if there is no full status</testName>
          <skipped>false</skipped>
          <failedSince>0</failedSince>
        </case>
        <case>
          <duration>0.0</duration>
          <className>nui.status color utility</className>
          <testName>status color utility › get color should return green for success</testName>
          <skipped>false</skipped>
          <failedSince>0</failedSince>
        </case>
        <case>
          <duration>0.001</duration>
          <className>nui.status color utility</className>
          <testName>status color utility › get color should return orange for failure</testName>
          <skipped>false</skipped>
          <failedSince>0</failedSince>
        </case>
        <case>
          <duration>0.004</duration>
          <className>nui.status color utility</className>
          <testName>status color utility › get color should return grey for in progress</testName>
          <skipped>false</skipped>
          <failedSince>0</failedSince>
        </case>
        <case>
          <duration>0.001</duration>
          <className>nui.status color utility</className>
          <testName>status color utility › get color should return red for error</testName>
          <skipped>false</skipped>
          <failedSince>0</failedSince>
        </case>
        <case>
          <duration>0.0</duration>
          <className>nui.status color utility</className>
          <testName>status color utility › get color should return grey for anything else</testName>
          <skipped>false</skipped>
          <failedSince>0</failedSince>
        </case>
        <case>
          <duration>0.003</duration>
          <className>nui.status color utility</className>
          <testName>status color utility › Dashboard line color should return green if the node is satisfied</testName>
          <skipped>false</skipped>
          <failedSince>0</failedSince>
        </case>
        <case>
          <duration>0.002</duration>
          <className>nui.status color utility</className>
          <testName>status color utility › Dashboard line color should return red if the node is not satisfied</testName>
          <skipped>false</skipped>
          <failedSince>0</failedSince>
        </case>
        <case>
          <duration>0.001</duration>
          <className>nui.status color utility</className>
          <testName>status color utility › Dashboard line color should return red if the node is errored</testName>
          <skipped>false</skipped>
          <failedSince>0</failedSince>
        </case>
        <case>
          <duration>0.0</duration>
          <className>nui.status color utility</className>
          <testName>status color utility › Dashboard line color should return red if the node is no data</testName>
          <skipped>false</skipped>
          <failedSince>0</failedSince>
        </case>
        <case>
          <duration>0.001</duration>
          <className>nui.status color utility</className>
          <testName>status color utility › Dashboard line color should return grey if the node is in any other state</testName>
          <skipped>false</skipped>
          <failedSince>0</failedSince>
        </case>
      </cases>
    </suite>
    <suite>
      <file>/tmp/jenkins-e606f5ec/workspace/nloop_main/junits/nui-unit-tests.xml</file>
      <name>QueueJobStatus</name>
      <duration>6.309</duration>
      <timestamp>2022-10-04T19:50:41</timestamp>
      <time>6.309</time>
      <nodeId>630</nodeId>
      <enclosingBlocks>
        <string>629</string>
      </enclosingBlocks>
      <enclosingBlockNames>
        <string>Declarative: Post Actions</string>
      </enclosingBlockNames>
      <cases>
        <case>
          <duration>1.346</duration>
          <className>nui.QueueJobStatus</className>
          <testName>QueueJobStatus renders error status functionality correctly</testName>
          <skipped>false</skipped>
          <failedSince>0</failedSince>
        </case>
        <case>
          <duration>0.552</duration>
          <className>nui.QueueJobStatus</className>
          <testName>QueueJobStatus renders successful status functionality correctly</testName>
          <skipped>false</skipped>
          <failedSince>0</failedSince>
        </case>
        <case>
          <duration>0.57</duration>
          <className>nui.QueueJobStatus</className>
          <testName>QueueJobStatus renders in progress status functionality correctly</testName>
          <skipped>false</skipped>
          <failedSince>0</failedSince>
        </case>
        <case>
          <duration>1.383</duration>
          <className>nui.QueueJobStatus</className>
          <testName>QueueJobStatus error status modal remains open after polling completed</testName>
          <skipped>false</skipped>
          <failedSince>0</failedSince>
        </case>
      </cases>
    </suite>
    <suite>
      <file>/tmp/jenkins-e606f5ec/workspace/nloop_main/junits/nui-unit-tests.xml</file>
      <name>ParameterStringMap</name>
      <duration>3.378</duration>
      <timestamp>2022-10-04T19:50:44</timestamp>
      <time>3.378</time>
      <nodeId>630</nodeId>
      <enclosingBlocks>
        <string>629</string>
      </enclosingBlocks>
      <enclosingBlockNames>
        <string>Declarative: Post Actions</string>
      </enclosingBlockNames>
      <cases>
        <case>
          <duration>0.066</duration>
          <className>nui.ParameterStringMap</className>
          <testName>ParameterStringMap should have an icon with tool tip if the parameter has a description</testName>
          <skipped>false</skipped>
          <failedSince>0</failedSince>
        </case>
        <case>
          <duration>0.01</duration>
          <className>nui.ParameterStringMap</className>
          <testName>ParameterStringMap should not have a tool tip if the parameter has no description</testName>
          <skipped>false</skipped>
          <failedSince>0</failedSince>
        </case>
        <case>
          <duration>0.408</duration>
          <className>nui.ParameterStringMap</className>
          <testName>ParameterStringMap should not show close icon when readonly is true</testName>
          <skipped>false</skipped>
          <failedSince>0</failedSince>
        </case>
        <case>
          <duration>0.158</duration>
          <className>nui.ParameterStringMap</className>
          <testName>ParameterStringMap › computed  should return parameter values from stringMapInputs when parameter prop has no value  </testName>
          <skipped>false</skipped>
          <failedSince>0</failedSince>
        </case>
        <case>
          <duration>0.123</duration>
          <className>nui.ParameterStringMap</className>
          <testName>ParameterStringMap › computed  should return parameter values from parameter prop if parameter prop has value  </testName>
          <skipped>false</skipped>
          <failedSince>0</failedSince>
        </case>
        <case>
          <duration>0.465</duration>
          <className>nui.ParameterStringMap</className>
          <testName>ParameterStringMap › methods should add key value input</testName>
          <skipped>false</skipped>
          <failedSince>0</failedSince>
        </case>
        <case>
          <duration>0.641</duration>
          <className>nui.ParameterStringMap</className>
          <testName>ParameterStringMap › methods should delete key value input</testName>
          <skipped>false</skipped>
          <failedSince>0</failedSince>
        </case>
        <case>
          <duration>0.029</duration>
          <className>nui.ParameterStringMap</className>
          <testName>ParameterStringMap › destroyed should clear the parameter values by id when destroyed </testName>
          <skipped>false</skipped>
          <failedSince>0</failedSince>
        </case>
      </cases>
    </suite>
    <suite>
      <file>/tmp/jenkins-e606f5ec/workspace/nloop_main/junits/nui-unit-tests.xml</file>
      <name>TestJiraQueryResultsModal</name>
      <duration>12.904</duration>
      <timestamp>2022-10-04T19:50:41</timestamp>
      <time>12.904</time>
      <nodeId>630</nodeId>
      <enclosingBlocks>
        <string>629</string>
      </enclosingBlocks>
      <enclosingBlockNames>
        <string>Declarative: Post Actions</string>
      </enclosingBlockNames>
      <cases>
        <case>
          <duration>1.038</duration>
          <className>nui.TestJiraQueryResultsModal</className>
          <testName>TestJiraQueryResultsModal disables the save button if component_version_map is not set</testName>
          <skipped>false</skipped>
          <failedSince>0</failedSince>
        </case>
        <case>
          <duration>1.203</duration>
          <className>nui.TestJiraQueryResultsModal</className>
          <testName>TestJiraQueryResultsModal enables the save button if component_version_map is set</testName>
          <skipped>false</skipped>
          <failedSince>0</failedSince>
        </case>
        <case>
          <duration>1.417</duration>
          <className>nui.TestJiraQueryResultsModal</className>
          <testName>TestJiraQueryResultsModal sends a test request if component_version_map is set</testName>
          <skipped>false</skipped>
          <failedSince>0</failedSince>
        </case>
        <case>
          <duration>2.042</duration>
          <className>nui.TestJiraQueryResultsModal</className>
          <testName>TestJiraQueryResultsModal shows an error if the API errors</testName>
          <skipped>false</skipped>
          <failedSince>0</failedSince>
        </case>
        <case>
          <duration>2.04</duration>
          <className>nui.TestJiraQueryResultsModal</className>
          <testName>TestJiraQueryResultsModal shows an error if the Jira API errors</testName>
          <skipped>false</skipped>
          <failedSince>0</failedSince>
        </case>
        <case>
          <duration>1.946</duration>
          <className>nui.TestJiraQueryResultsModal</className>
          <testName>TestJiraQueryResultsModal shows multipule errors if jira API has multipule errors</testName>
          <skipped>false</skipped>
          <failedSince>0</failedSince>
        </case>
        <case>
          <duration>1.636</duration>
          <className>nui.TestJiraQueryResultsModal</className>
          <testName>TestJiraQueryResultsModal closes the dialog and resets the model when the cancel button is clicked</testName>
          <skipped>false</skipped>
          <failedSince>0</failedSince>
        </case>
      </cases>
    </suite>
    <suite>
      <file>/tmp/jenkins-e606f5ec/workspace/nloop_main/junits/nui-unit-tests.xml</file>
      <name>CreateTraceabilitySet</name>
      <duration>15.475</duration>
      <timestamp>2022-10-04T19:50:49</timestamp>
      <time>15.475</time>
      <nodeId>630</nodeId>
      <enclosingBlocks>
        <string>629</string>
      </enclosingBlocks>
      <enclosingBlockNames>
        <string>Declarative: Post Actions</string>
      </enclosingBlockNames>
      <cases>
        <case>
          <duration>1.776</duration>
          <className>nui.CreateTraceabilitySet</className>
          <testName>CreateTraceabilitySet › validation is valid when all required fields are populated</testName>
          <skipped>false</skipped>
          <failedSince>0</failedSince>
        </case>
        <case>
          <duration>2.484</duration>
          <className>nui.CreateTraceabilitySet</className>
          <testName>CreateTraceabilitySet › validation is not valid if name is missing</testName>
          <skipped>false</skipped>
          <failedSince>0</failedSince>
        </case>
        <case>
          <duration>1.424</duration>
          <className>nui.CreateTraceabilitySet</className>
          <testName>CreateTraceabilitySet › validation is not valid if version is missing</testName>
          <skipped>false</skipped>
          <failedSince>0</failedSince>
        </case>
        <case>
          <duration>0.804</duration>
          <className>nui.CreateTraceabilitySet</className>
          <testName>CreateTraceabilitySet › validation is not valid if fromArtifactSets is missing</testName>
          <skipped>false</skipped>
          <failedSince>0</failedSince>
        </case>
        <case>
          <duration>1.421</duration>
          <className>nui.CreateTraceabilitySet</className>
          <testName>CreateTraceabilitySet › validation is not valid if toArtifactSets is missing</testName>
          <skipped>false</skipped>
          <failedSince>0</failedSince>
        </case>
        <case>
          <duration>1.887</duration>
          <className>nui.CreateTraceabilitySet</className>
          <testName>CreateTraceabilitySet displays the correct traceability schema name</testName>
          <skipped>false</skipped>
          <failedSince>0</failedSince>
        </case>
        <case>
          <duration>0.784</duration>
          <className>nui.CreateTraceabilitySet</className>
          <testName>CreateTraceabilitySet shows an error banner if the create traceability set api throws</testName>
          <skipped>false</skipped>
          <failedSince>0</failedSince>
        </case>
        <case>
          <duration>0.637</duration>
          <className>nui.CreateTraceabilitySet</className>
          <testName>CreateTraceabilitySet disables the create and export button while the form is invalid</testName>
          <skipped>false</skipped>
          <failedSince>0</failedSince>
        </case>
        <case>
          <duration>0.487</duration>
          <className>nui.CreateTraceabilitySet</className>
          <testName>CreateTraceabilitySet calls the createAndExport function and redirects when the model is valid and the create and export button is clicked</testName>
          <skipped>false</skipped>
          <failedSince>0</failedSince>
        </case>
      </cases>
    </suite>
    <suite>
      <file>/tmp/jenkins-e606f5ec/workspace/nloop_main/junits/nui-unit-tests.xml</file>
      <name>ParameterDiscreteDot</name>
      <duration>2.23</duration>
      <timestamp>2022-10-04T19:51:06</timestamp>
      <time>2.23</time>
      <nodeId>630</nodeId>
      <enclosingBlocks>
        <string>629</string>
      </enclosingBlocks>
      <enclosingBlockNames>
        <string>Declarative: Post Actions</string>
      </enclosingBlockNames>
      <cases>
        <case>
          <duration>0.118</duration>
          <className>nui.ParameterDiscreteDot</className>
          <testName>ParameterDiscreteDot should exist</testName>
          <skipped>false</skipped>
          <failedSince>0</failedSince>
        </case>
        <case>
          <duration>0.118</duration>
          <className>nui.ParameterDiscreteDot</className>
          <testName>ParameterDiscreteDot › computed  should format the percent </testName>
          <skipped>false</skipped>
          <failedSince>0</failedSince>
        </case>
        <case>
          <duration>0.07</duration>
          <className>nui.ParameterDiscreteDot</className>
          <testName>ParameterDiscreteDot › computed  should know if its the concrete value </testName>
          <skipped>false</skipped>
          <failedSince>0</failedSince>
        </case>
        <case>
          <duration>0.119</duration>
          <className>nui.ParameterDiscreteDot</className>
          <testName>ParameterDiscreteDot › computed  › rect width  should return 20 for a single character value </testName>
          <skipped>false</skipped>
          <failedSince>0</failedSince>
        </case>
        <case>
          <duration>0.076</duration>
          <className>nui.ParameterDiscreteDot</className>
          <testName>ParameterDiscreteDot › computed  › rect width  should return 30 for a two character value </testName>
          <skipped>false</skipped>
          <failedSince>0</failedSince>
        </case>
        <case>
          <duration>0.109</duration>
          <className>nui.ParameterDiscreteDot</className>
          <testName>ParameterDiscreteDot › computed  › rect width  should return 36 for a three character value</testName>
          <skipped>false</skipped>
          <failedSince>0</failedSince>
        </case>
        <case>
          <duration>0.101</duration>
          <className>nui.ParameterDiscreteDot</className>
          <testName>ParameterDiscreteDot › computed  › rect width  should return a number multiplied by ten for any value with more than three characters</testName>
          <skipped>false</skipped>
          <failedSince>0</failedSince>
        </case>
        <case>
          <duration>0.08</duration>
          <className>nui.ParameterDiscreteDot</className>
          <testName>ParameterDiscreteDot › computed  should format the value and round to nearest hundredth and include a *</testName>
          <skipped>false</skipped>
          <failedSince>0</failedSince>
        </case>
        <case>
          <duration>0.071</duration>
          <className>nui.ParameterDiscreteDot</className>
          <testName>ParameterDiscreteDot › computed  should return the same value if no formatting is needed </testName>
          <skipped>false</skipped>
          <failedSince>0</failedSince>
        </case>
        <case>
          <duration>0.105</duration>
          <className>nui.ParameterDiscreteDot</className>
          <testName>ParameterDiscreteDot › computed  › given read only is true should return a string to set the radius to 10 </testName>
          <skipped>false</skipped>
          <failedSince>0</failedSince>
        </case>
        <case>
          <duration>0.07</duration>
          <className>nui.ParameterDiscreteDot</className>
          <testName>ParameterDiscreteDot › computed  › given read only is true should return a string to set the radius to 8 </testName>
          <skipped>false</skipped>
          <failedSince>0</failedSince>
        </case>
        <case>
          <duration>0.082</duration>
          <className>nui.ParameterDiscreteDot</className>
          <testName>ParameterDiscreteDot › computed  › given read only is true should assign the correct css class to the svg circle and text</testName>
          <skipped>false</skipped>
          <failedSince>0</failedSince>
        </case>
        <case>
          <duration>0.124</duration>
          <className>nui.ParameterDiscreteDot</className>
          <testName>ParameterDiscreteDot › computed  › given read only is false mouseout and mouseover should be null</testName>
          <skipped>false</skipped>
          <failedSince>0</failedSince>
        </case>
        <case>
          <duration>0.174</duration>
          <className>nui.ParameterDiscreteDot</className>
          <testName>ParameterDiscreteDot › computed  › given read only is false should assign the correct css class to the svg circle and text</testName>
          <skipped>false</skipped>
          <failedSince>0</failedSince>
        </case>
      </cases>
    </suite>
    <suite>
      <file>/tmp/jenkins-e606f5ec/workspace/nloop_main/junits/nui-unit-tests.xml</file>
      <name>CreateProjectModal</name>
      <duration>18.758</duration>
      <timestamp>2022-10-04T19:50:49</timestamp>
      <time>18.758</time>
      <nodeId>630</nodeId>
      <enclosingBlocks>
        <string>629</string>
      </enclosingBlocks>
      <enclosingBlockNames>
        <string>Declarative: Post Actions</string>
      </enclosingBlockNames>
      <cases>
        <case>
          <duration>0.96</duration>
          <className>nui.CreateProjectModal</className>
          <testName>CreateProjectModal should exists</testName>
          <skipped>false</skipped>
          <failedSince>0</failedSince>
        </case>
        <case>
          <duration>6.526</duration>
          <className>nui.CreateProjectModal</className>
          <testName>CreateProjectModal should close modal window</testName>
          <skipped>false</skipped>
          <failedSince>0</failedSince>
        </case>
        <case>
          <duration>0.285</duration>
          <className>nui.CreateProjectModal</className>
          <testName>CreateProjectModal mounts a button as the activator</testName>
          <skipped>false</skipped>
          <failedSince>0</failedSince>
        </case>
        <case>
          <duration>1.913</duration>
          <className>nui.CreateProjectModal</className>
          <testName>CreateProjectModal validates fields</testName>
          <skipped>false</skipped>
          <failedSince>0</failedSince>
        </case>
        <case>
          <duration>1.39</duration>
          <className>nui.CreateProjectModal</className>
          <testName>CreateProjectModal should call save when the form is valid</testName>
          <skipped>false</skipped>
          <failedSince>0</failedSince>
        </case>
        <case>
          <duration>1.929</duration>
          <className>nui.CreateProjectModal</className>
          <testName>CreateProjectModal should call save when enter key is used to create project and form is valid</testName>
          <skipped>false</skipped>
          <failedSince>0</failedSince>
        </case>
        <case>
          <duration>1.691</duration>
          <className>nui.CreateProjectModal</className>
          <testName>CreateProjectModal should show an error if the create action throws</testName>
          <skipped>false</skipped>
          <failedSince>0</failedSince>
        </case>
      </cases>
    </suite>
    <suite>
      <file>/tmp/jenkins-e606f5ec/workspace/nloop_main/junits/nui-unit-tests.xml</file>
      <name>ManageUsers</name>
      <duration>15.547</duration>
      <timestamp>2022-10-04T19:50:56</timestamp>
      <time>15.547</time>
      <nodeId>630</nodeId>
      <enclosingBlocks>
        <string>629</string>
      </enclosingBlocks>
      <enclosingBlockNames>
        <string>Declarative: Post Actions</string>
      </enclosingBlockNames>
      <cases>
        <case>
          <duration>0.44</duration>
          <className>nui.ManageUsers</className>
          <testName>ManageUsers does not get system settings when ENABLE_PAUSE_BUTTON is not true</testName>
          <skipped>false</skipped>
          <failedSince>0</failedSince>
        </case>
        <case>
          <duration>0.317</duration>
          <className>nui.ManageUsers</className>
          <testName>ManageUsers gets system settings when ENABLE_PAUSE_BUTTON is true</testName>
          <skipped>false</skipped>
          <failedSince>0</failedSince>
        </case>
        <case>
          <duration>0.208</duration>
          <className>nui.ManageUsers</className>
          <testName>ManageUsers exists</testName>
          <skipped>false</skipped>
          <failedSince>0</failedSince>
        </case>
        <case>
          <duration>2.927</duration>
          <className>nui.ManageUsers</className>
          <testName>ManageUsers should draw the confirmation modal when the delete users button is clicked</testName>
          <skipped>false</skipped>
          <failedSince>0</failedSince>
        </case>
        <case>
          <duration>3.086</duration>
          <className>nui.ManageUsers</className>
          <testName>ManageUsers should open then close the confirmation modal when a user is deleted</testName>
          <skipped>false</skipped>
          <failedSince>0</failedSince>
        </case>
        <case>
          <duration>0.194</duration>
          <className>nui.ManageUsers</className>
          <testName>ManageUsers should call deleteUsers with selectedUser params</testName>
          <skipped>false</skipped>
          <failedSince>0</failedSince>
        </case>
        <case>
          <duration>0.314</duration>
          <className>nui.ManageUsers</className>
          <testName>ManageUsers should clear the selected users after deleted has been called</testName>
          <skipped>false</skipped>
          <failedSince>0</failedSince>
        </case>
        <case>
          <duration>2.321</duration>
          <className>nui.ManageUsers</className>
          <testName>ManageUsers should disable the delete button if the currently logged in user is selected</testName>
          <skipped>false</skipped>
          <failedSince>0</failedSince>
        </case>
        <case>
          <duration>1.445</duration>
          <className>nui.ManageUsers</className>
          <testName>ManageUsers › given the idp auth module is true then I expect manage users to be read only</testName>
          <skipped>false</skipped>
          <failedSince>0</failedSince>
        </case>
      </cases>
    </suite>
    <suite>
      <file>/tmp/jenkins-e606f5ec/workspace/nloop_main/junits/nui-unit-tests.xml</file>
      <name>TestCaseImplementationModal</name>
      <duration>3.747</duration>
      <timestamp>2022-10-04T19:51:09</timestamp>
      <time>3.747</time>
      <nodeId>630</nodeId>
      <enclosingBlocks>
        <string>629</string>
      </enclosingBlocks>
      <enclosingBlockNames>
        <string>Declarative: Post Actions</string>
      </enclosingBlockNames>
      <cases>
        <case>
          <duration>0.55</duration>
          <className>nui.TestCaseImplementationModal</className>
          <testName>TestCaseImplementationModal exists</testName>
          <skipped>false</skipped>
          <failedSince>0</failedSince>
        </case>
        <case>
          <duration>0.346</duration>
          <className>nui.TestCaseImplementationModal</className>
          <testName>TestCaseImplementationModal › computed it should build a header for runtime evaluators </testName>
          <skipped>false</skipped>
          <failedSince>0</failedSince>
        </case>
        <case>
          <duration>0.206</duration>
          <className>nui.TestCaseImplementationModal</className>
          <testName>TestCaseImplementationModal › computed it should return runtime evaluators</testName>
          <skipped>false</skipped>
          <failedSince>0</failedSince>
        </case>
        <case>
          <duration>0.358</duration>
          <className>nui.TestCaseImplementationModal</className>
          <testName>TestCaseImplementationModal › computed it should return runtime evaluators when there are no measurements</testName>
          <skipped>false</skipped>
          <failedSince>0</failedSince>
        </case>
        <case>
          <duration>0.241</duration>
          <className>nui.TestCaseImplementationModal</className>
          <testName>TestCaseImplementationModal › computed › when the vuetify breakpoint name is lg should return a number for height based on that name</testName>
          <skipped>false</skipped>
          <failedSince>0</failedSince>
        </case>
        <case>
          <duration>0.133</duration>
          <className>nui.TestCaseImplementationModal</className>
          <testName>TestCaseImplementationModal › computed › when the vuetify breakpoint name is xl should return a number for height based on that name</testName>
          <skipped>false</skipped>
          <failedSince>0</failedSince>
        </case>
      </cases>
    </suite>
    <suite>
      <file>/tmp/jenkins-e606f5ec/workspace/nloop_main/junits/nui-unit-tests.xml</file>
      <name>Requirements</name>
      <duration>6.988</duration>
      <timestamp>2022-10-04T19:51:09</timestamp>
      <time>6.988</time>
      <nodeId>630</nodeId>
      <enclosingBlocks>
        <string>629</string>
      </enclosingBlocks>
      <enclosingBlockNames>
        <string>Declarative: Post Actions</string>
      </enclosingBlockNames>
      <cases>
        <case>
          <duration>0.228</duration>
          <className>nui.Requirements</className>
          <testName>Requirements exists</testName>
          <skipped>false</skipped>
          <failedSince>0</failedSince>
        </case>
        <case>
          <duration>0.136</duration>
          <className>nui.Requirements</className>
          <testName>Requirements should display a v-file-input if the user has permission and there are no requirements for the project</testName>
          <skipped>false</skipped>
          <failedSince>0</failedSince>
        </case>
        <case>
          <duration>0.008</duration>
          <className>nui.Requirements</className>
          <testName>Requirements › methods  should import a json of requirements </testName>
          <skipped>false</skipped>
          <failedSince>0</failedSince>
        </case>
        <case>
          <duration>0.24</duration>
          <className>nui.Requirements</className>
          <testName>Requirements › mounted  mounts</testName>
          <skipped>false</skipped>
          <failedSince>0</failedSince>
        </case>
        <case>
          <duration>0.067</duration>
          <className>nui.Requirements</className>
          <testName>Requirements › mounted  mounts when there are no projects</testName>
          <skipped>false</skipped>
          <failedSince>0</failedSince>
        </case>
        <case>
          <duration>0.093</duration>
          <className>nui.Requirements</className>
          <testName>Requirements › mounted  should init the virtual test house component</testName>
          <skipped>false</skipped>
          <failedSince>0</failedSince>
        </case>
        <case>
          <duration>0.11</duration>
          <className>nui.Requirements</className>
          <testName>Requirements › mounted  should end the poll </testName>
          <skipped>false</skipped>
          <failedSince>0</failedSince>
        </case>
      </cases>
    </suite>
    <suite>
      <file>/tmp/jenkins-e606f5ec/workspace/nloop_main/junits/nui-unit-tests.xml</file>
      <name>ArtifactViewsManageModal</name>
      <duration>10.149</duration>
      <timestamp>2022-10-04T19:51:13</timestamp>
      <time>10.149</time>
      <nodeId>630</nodeId>
      <enclosingBlocks>
        <string>629</string>
      </enclosingBlocks>
      <enclosingBlockNames>
        <string>Declarative: Post Actions</string>
      </enclosingBlockNames>
      <cases>
        <case>
          <duration>1.321</duration>
          <className>nui.ArtifactViewsManageModal</className>
          <testName>ArtifactViewsManageModal opens a dialog containing a table rendering the expected information</testName>
          <skipped>false</skipped>
          <failedSince>0</failedSince>
        </case>
        <case>
          <duration>1.763</duration>
          <className>nui.ArtifactViewsManageModal</className>
          <testName>ArtifactViewsManageModal deletes the selected row</testName>
          <skipped>false</skipped>
          <failedSince>0</failedSince>
        </case>
        <case>
          <duration>1.268</duration>
          <className>nui.ArtifactViewsManageModal</className>
          <testName>ArtifactViewsManageModal only allows 1 row to be in a delete state at a time</testName>
          <skipped>false</skipped>
          <failedSince>0</failedSince>
        </case>
        <case>
          <duration>2.131</duration>
          <className>nui.ArtifactViewsManageModal</className>
          <testName>ArtifactViewsManageModal hides the delete confirm/cancel buttons on cancel</testName>
          <skipped>false</skipped>
          <failedSince>0</failedSince>
        </case>
        <case>
          <duration>1.572</duration>
          <className>nui.ArtifactViewsManageModal</className>
          <testName>ArtifactViewsManageModal shows an error notification if delete fails</testName>
          <skipped>false</skipped>
          <failedSince>0</failedSince>
        </case>
        <case>
          <duration>0.509</duration>
          <className>nui.ArtifactViewsManageModal</className>
          <testName>ArtifactViewsManageModal closes the modal</testName>
          <skipped>false</skipped>
          <failedSince>0</failedSince>
        </case>
      </cases>
    </suite>
    <suite>
      <file>/tmp/jenkins-e606f5ec/workspace/nloop_main/junits/nui-unit-tests.xml</file>
      <name>EditTabularArtifactViewColumns</name>
      <duration>7.297</duration>
      <timestamp>2022-10-04T19:51:18</timestamp>
      <time>7.297</time>
      <nodeId>630</nodeId>
      <enclosingBlocks>
        <string>629</string>
      </enclosingBlocks>
      <enclosingBlockNames>
        <string>Declarative: Post Actions</string>
      </enclosingBlockNames>
      <cases>
        <case>
          <duration>0.565</duration>
          <className>nui.EditTabularArtifactViewColumns</className>
          <testName>EditTabularArtifactViewColumns should display all relevant information to the view</testName>
          <skipped>false</skipped>
          <failedSince>0</failedSince>
        </case>
        <case>
          <duration>0.491</duration>
          <className>nui.EditTabularArtifactViewColumns</className>
          <testName>EditTabularArtifactViewColumns › methods should apply error when trying to update the artifact item headers</testName>
          <skipped>false</skipped>
          <failedSince>0</failedSince>
        </case>
        <case>
          <duration>0.865</duration>
          <className>nui.EditTabularArtifactViewColumns</className>
          <testName>EditTabularArtifactViewColumns › methods should apply error when trying to update the artifact item headers with no visibilty</testName>
          <skipped>false</skipped>
          <failedSince>0</failedSince>
        </case>
        <case>
          <duration>0.581</duration>
          <className>nui.EditTabularArtifactViewColumns</className>
          <testName>EditTabularArtifactViewColumns › methods should update the artifact item headers when called </testName>
          <skipped>false</skipped>
          <failedSince>0</failedSince>
        </case>
        <case>
          <duration>0.766</duration>
          <className>nui.EditTabularArtifactViewColumns</className>
          <testName>EditTabularArtifactViewColumns › methods should update the headers model triggered by header manager component</testName>
          <skipped>false</skipped>
          <failedSince>0</failedSince>
        </case>
        <case>
          <duration>0.922</duration>
          <className>nui.EditTabularArtifactViewColumns</className>
          <testName>EditTabularArtifactViewColumns › methods should navigate back when go to artifact set details is called </testName>
          <skipped>false</skipped>
          <failedSince>0</failedSince>
        </case>
      </cases>
    </suite>
    <suite>
      <file>/tmp/jenkins-e606f5ec/workspace/nloop_main/junits/nui-unit-tests.xml</file>
      <name>Error Service</name>
      <duration>1.893</duration>
      <timestamp>2022-10-04T19:51:26</timestamp>
      <time>0.796</time>
      <nodeId>630</nodeId>
      <enclosingBlocks>
        <string>629</string>
      </enclosingBlocks>
      <enclosingBlockNames>
        <string>Declarative: Post Actions</string>
      </enclosingBlockNames>
      <cases>
        <case>
          <duration>0.009</duration>
          <className>nui.Error Service</className>
          <testName>Error Service should log the user out if the refresh endpoint returns 401 </testName>
          <skipped>false</skipped>
          <failedSince>0</failedSince>
        </case>
        <case>
          <duration>0.006</duration>
          <className>nui.Error Service</className>
          <testName>Error Service should handle the refresh token endpoint failing </testName>
          <skipped>false</skipped>
          <failedSince>0</failedSince>
        </case>
        <case>
          <duration>0.002</duration>
          <className>nui.Error Service</className>
          <testName>Error Service should handle the retry request failing </testName>
          <skipped>false</skipped>
          <failedSince>0</failedSince>
        </case>
        <case>
          <duration>0.004</duration>
          <className>nui.Error Service</className>
          <testName>Error Service should handle an error with a status code of 401</testName>
          <skipped>false</skipped>
          <failedSince>0</failedSince>
        </case>
        <case>
          <duration>0.012</duration>
          <className>nui.Error Service</className>
          <testName>Error Service should retry a request that failed the first time</testName>
          <skipped>false</skipped>
          <failedSince>0</failedSince>
        </case>
        <case>
          <duration>0.002</duration>
          <className>nui.Error Service</className>
          <testName>Error Service should handle an error with a status code other than 401</testName>
          <skipped>false</skipped>
          <failedSince>0</failedSince>
        </case>
        <case>
          <duration>0.003</duration>
          <className>nui.Error Service</className>
          <testName>Error Service should handle an error with a status of 500</testName>
          <skipped>false</skipped>
          <failedSince>0</failedSince>
        </case>
        <case>
          <duration>0.133</duration>
          <className>nui.Error Service</className>
          <testName>Error Service should handle an error with a status of 422</testName>
          <skipped>false</skipped>
          <failedSince>0</failedSince>
        </case>
        <case>
          <duration>0.001</duration>
          <className>nui.Error Service</className>
          <testName>Error Service should handle an error with a status of 409</testName>
          <skipped>false</skipped>
          <failedSince>0</failedSince>
        </case>
        <case>
          <duration>0.001</duration>
          <className>nui.Error Service</className>
          <testName>Error Service should handle an error with a status of 404</testName>
          <skipped>false</skipped>
          <failedSince>0</failedSince>
        </case>
        <case>
          <duration>0.002</duration>
          <className>nui.Error Service</className>
          <testName>Error Service should handle an error with a status of 400</testName>
          <skipped>false</skipped>
          <failedSince>0</failedSince>
        </case>
        <case>
          <duration>0.01</duration>
          <className>nui.Error Service</className>
          <testName>Error Service should handle non specific status codes by default </testName>
          <skipped>false</skipped>
          <failedSince>0</failedSince>
        </case>
      </cases>
    </suite>
    <suite>
      <file>/tmp/jenkins-e606f5ec/workspace/nloop_main/junits/nui-unit-tests.xml</file>
      <name>ReportsToolbarTitle</name>
      <duration>2.422</duration>
      <timestamp>2022-10-04T19:51:24</timestamp>
      <time>2.422</time>
      <nodeId>630</nodeId>
      <enclosingBlocks>
        <string>629</string>
      </enclosingBlocks>
      <enclosingBlockNames>
        <string>Declarative: Post Actions</string>
      </enclosingBlockNames>
      <cases>
        <case>
          <duration>0.163</duration>
          <className>nui.ReportsToolbarTitle</className>
          <testName>ReportsToolbarTitle exists</testName>
          <skipped>false</skipped>
          <failedSince>0</failedSince>
        </case>
        <case>
          <duration>0.076</duration>
          <className>nui.ReportsToolbarTitle</className>
          <testName>ReportsToolbarTitle builds a title for the test case header in the tds report view</testName>
          <skipped>false</skipped>
          <failedSince>0</failedSince>
        </case>
        <case>
          <duration>0.084</duration>
          <className>nui.ReportsToolbarTitle</className>
          <testName>ReportsToolbarTitle builds a title for the test case implementation header in the tds report view</testName>
          <skipped>false</skipped>
          <failedSince>0</failedSince>
        </case>
        <case>
          <duration>0.102</duration>
          <className>nui.ReportsToolbarTitle</className>
          <testName>ReportsToolbarTitle builds a title for the test case header in the spi report view</testName>
          <skipped>false</skipped>
          <failedSince>0</failedSince>
        </case>
        <case>
          <duration>0.097</duration>
          <className>nui.ReportsToolbarTitle</className>
          <testName>ReportsToolbarTitle builds a title for the test case implementation header in the spi report view</testName>
          <skipped>false</skipped>
          <failedSince>0</failedSince>
        </case>
        <case>
          <duration>0.099</duration>
          <className>nui.ReportsToolbarTitle</className>
          <testName>ReportsToolbarTitle › builds a title for the requirements test case data table when the table name is for tds</testName>
          <skipped>false</skipped>
          <failedSince>0</failedSince>
        </case>
        <case>
          <duration>0.133</duration>
          <className>nui.ReportsToolbarTitle</className>
          <testName>ReportsToolbarTitle › builds a title for the requirements test case data table when the table name is for qos</testName>
          <skipped>false</skipped>
          <failedSince>0</failedSince>
        </case>
        <case>
          <duration>0.15</duration>
          <className>nui.ReportsToolbarTitle</className>
          <testName>ReportsToolbarTitle › builds a title for the requirements test case data table when the table name is for functional </testName>
          <skipped>false</skipped>
          <failedSince>0</failedSince>
        </case>
        <case>
          <duration>0.05</duration>
          <className>nui.ReportsToolbarTitle</className>
          <testName>ReportsToolbarTitle › builds a title for the requirements test case data table when the table name is for definition</testName>
          <skipped>false</skipped>
          <failedSince>0</failedSince>
        </case>
        <case>
          <duration>0.077</duration>
          <className>nui.ReportsToolbarTitle</className>
          <testName>ReportsToolbarTitle returns an empty string if the wrong table name is provided</testName>
          <skipped>false</skipped>
          <failedSince>0</failedSince>
        </case>
      </cases>
    </suite>
    <suite>
      <file>/tmp/jenkins-e606f5ec/workspace/nloop_main/junits/nui-unit-tests.xml</file>
      <name>CreateArtifactSetModal</name>
      <duration>13.259</duration>
      <timestamp>2022-10-04T19:51:13</timestamp>
      <time>13.259</time>
      <nodeId>630</nodeId>
      <enclosingBlocks>
        <string>629</string>
      </enclosingBlocks>
      <enclosingBlockNames>
        <string>Declarative: Post Actions</string>
      </enclosingBlockNames>
      <cases>
        <case>
          <duration>0.553</duration>
          <className>nui.CreateArtifactSetModal</className>
          <testName>CreateArtifactSetModal exists</testName>
          <skipped>false</skipped>
          <failedSince>0</failedSince>
        </case>
        <case>
          <duration>1.626</duration>
          <className>nui.CreateArtifactSetModal</className>
          <testName>CreateArtifactSetModal mounts elements</testName>
          <skipped>false</skipped>
          <failedSince>0</failedSince>
        </case>
        <case>
          <duration>1.772</duration>
          <className>nui.CreateArtifactSetModal</className>
          <testName>CreateArtifactSetModal › saveArtifactSet › form Validation is valid when fields are filled</testName>
          <skipped>false</skipped>
          <failedSince>0</failedSince>
        </case>
        <case>
          <duration>1.923</duration>
          <className>nui.CreateArtifactSetModal</className>
          <testName>CreateArtifactSetModal › saveArtifactSet › form Validation is invalid when name is missing</testName>
          <skipped>false</skipped>
          <failedSince>0</failedSince>
        </case>
        <case>
          <duration>1.14</duration>
          <className>nui.CreateArtifactSetModal</className>
          <testName>CreateArtifactSetModal › saveArtifactSet › form Validation is invalid when schema is missing</testName>
          <skipped>false</skipped>
          <failedSince>0</failedSince>
        </case>
        <case>
          <duration>1.434</duration>
          <className>nui.CreateArtifactSetModal</className>
          <testName>CreateArtifactSetModal › saveArtifactSet › form Validation is invalid when version is missing</testName>
          <skipped>false</skipped>
          <failedSince>0</failedSince>
        </case>
        <case>
          <duration>1.677</duration>
          <className>nui.CreateArtifactSetModal</className>
          <testName>CreateArtifactSetModal › saveArtifactSet › form Validation cancels successfully</testName>
          <skipped>false</skipped>
          <failedSince>0</failedSince>
        </case>
        <case>
          <duration>1.294</duration>
          <className>nui.CreateArtifactSetModal</className>
          <testName>CreateArtifactSetModal › saveArtifactSet › form Validation resets the form</testName>
          <skipped>false</skipped>
          <failedSince>0</failedSince>
        </case>
      </cases>
    </suite>
    <suite>
      <file>/tmp/jenkins-e606f5ec/workspace/nloop_main/junits/nui-unit-tests.xml</file>
      <name>ProjectList</name>
      <duration>6.565</duration>
      <timestamp>2022-10-04T19:51:29</timestamp>
      <time>6.565</time>
      <nodeId>630</nodeId>
      <enclosingBlocks>
        <string>629</string>
      </enclosingBlocks>
      <enclosingBlockNames>
        <string>Declarative: Post Actions</string>
      </enclosingBlockNames>
      <cases>
        <case>
          <duration>0.156</duration>
          <className>nui.ProjectList</className>
          <testName>ProjectList mounts skeleton</testName>
          <skipped>false</skipped>
          <failedSince>0</failedSince>
        </case>
        <case>
          <duration>0.123</duration>
          <className>nui.ProjectList</className>
          <testName>ProjectList mounts card</testName>
          <skipped>false</skipped>
          <failedSince>0</failedSince>
        </case>
        <case>
          <duration>0.183</duration>
          <className>nui.ProjectList</className>
          <testName>ProjectList sorts projects from newest to oldest by created_at</testName>
          <skipped>false</skipped>
          <failedSince>0</failedSince>
        </case>
        <case>
          <duration>0.149</duration>
          <className>nui.ProjectList</className>
          <testName>ProjectList › handlers calls updateProject with the provided args</testName>
          <skipped>false</skipped>
          <failedSince>0</failedSince>
        </case>
        <case>
          <duration>0.176</duration>
          <className>nui.ProjectList</className>
          <testName>ProjectList › handlers shows an error when updateProject throws</testName>
          <skipped>false</skipped>
          <failedSince>0</failedSince>
        </case>
        <case>
          <duration>0.097</duration>
          <className>nui.ProjectList</className>
          <testName>ProjectList › handlers calls deleteProject with the provided id</testName>
          <skipped>false</skipped>
          <failedSince>0</failedSince>
        </case>
        <case>
          <duration>0.108</duration>
          <className>nui.ProjectList</className>
          <testName>ProjectList › handlers shows an error when deleteProject throws</testName>
          <skipped>false</skipped>
          <failedSince>0</failedSince>
        </case>
      </cases>
    </suite>
    <suite>
      <file>/tmp/jenkins-e606f5ec/workspace/nloop_main/junits/nui-unit-tests.xml</file>
      <name>ManageArtifactSchemasTable</name>
      <duration>9.854</duration>
      <timestamp>2022-10-04T19:51:27</timestamp>
      <time>9.854</time>
      <nodeId>630</nodeId>
      <enclosingBlocks>
        <string>629</string>
      </enclosingBlocks>
      <enclosingBlockNames>
        <string>Declarative: Post Actions</string>
      </enclosingBlockNames>
      <cases>
        <case>
          <duration>0.302</duration>
          <className>nui.ManageArtifactSchemasTable</className>
          <testName>ManageArtifactSchemasTable should get artifact schemas on creation</testName>
          <skipped>false</skipped>
          <failedSince>0</failedSince>
        </case>
        <case>
          <duration>1.941</duration>
          <className>nui.ManageArtifactSchemasTable</className>
          <testName>ManageArtifactSchemasTable connects the remove menu option to the store delete action</testName>
          <skipped>false</skipped>
          <failedSince>0</failedSince>
        </case>
        <case>
          <duration>0.977</duration>
          <className>nui.ManageArtifactSchemasTable</className>
          <testName>ManageArtifactSchemasTable handles an error thrown from the store delete action</testName>
          <skipped>false</skipped>
          <failedSince>0</failedSince>
        </case>
        <case>
          <duration>1.32</duration>
          <className>nui.ManageArtifactSchemasTable</className>
          <testName>ManageArtifactSchemasTable connects the archive menu option to the store archive action</testName>
          <skipped>false</skipped>
          <failedSince>0</failedSince>
        </case>
        <case>
          <duration>0.719</duration>
          <className>nui.ManageArtifactSchemasTable</className>
          <testName>ManageArtifactSchemasTable handles an error thrown from the store delete action</testName>
          <skipped>false</skipped>
          <failedSince>0</failedSince>
        </case>
        <case>
          <duration>0.918</duration>
          <className>nui.ManageArtifactSchemasTable</className>
          <testName>ManageArtifactSchemasTable clears any errors when the confirmation modal is closed</testName>
          <skipped>false</skipped>
          <failedSince>0</failedSince>
        </case>
      </cases>
    </suite>
    <suite>
      <file>/tmp/jenkins-e606f5ec/workspace/nloop_main/junits/nui-unit-tests.xml</file>
      <name>CreateFarch</name>
      <duration>11.132</duration>
      <timestamp>2022-10-04T19:51:29</timestamp>
      <time>11.132</time>
      <nodeId>630</nodeId>
      <enclosingBlocks>
        <string>629</string>
      </enclosingBlocks>
      <enclosingBlockNames>
        <string>Declarative: Post Actions</string>
      </enclosingBlockNames>
      <cases>
        <case>
          <duration>2.524</duration>
          <className>nui.CreateFarch</className>
          <testName>CreateFarch validates data entry fields</testName>
          <skipped>false</skipped>
          <failedSince>0</failedSince>
        </case>
        <case>
          <duration>0.872</duration>
          <className>nui.CreateFarch</className>
          <testName>CreateFarch does not allow non-json files to be uploaded</testName>
          <skipped>false</skipped>
          <failedSince>0</failedSince>
        </case>
        <case>
          <duration>1.297</duration>
          <className>nui.CreateFarch</className>
          <testName>CreateFarch should show an error if the json file is missing</testName>
          <skipped>false</skipped>
          <failedSince>0</failedSince>
        </case>
        <case>
          <duration>1.385</duration>
          <className>nui.CreateFarch</className>
          <testName>CreateFarch calls data store correctly on save</testName>
          <skipped>false</skipped>
          <failedSince>0</failedSince>
        </case>
        <case>
          <duration>1.25</duration>
          <className>nui.CreateFarch</className>
          <testName>CreateFarch resets the modal state on cancel</testName>
          <skipped>false</skipped>
          <failedSince>0</failedSince>
        </case>
      </cases>
    </suite>
    <suite>
      <file>/tmp/jenkins-e606f5ec/workspace/nloop_main/junits/nui-unit-tests.xml</file>
      <name>ConfirmationModal</name>
      <duration>5.205</duration>
      <timestamp>2022-10-04T19:51:38</timestamp>
      <time>5.205</time>
      <nodeId>630</nodeId>
      <enclosingBlocks>
        <string>629</string>
      </enclosingBlocks>
      <enclosingBlockNames>
        <string>Declarative: Post Actions</string>
      </enclosingBlockNames>
      <cases>
        <case>
          <duration>0.918</duration>
          <className>nui.ConfirmationModal</className>
          <testName>ConfirmationModal should display the correct text</testName>
          <skipped>false</skipped>
          <failedSince>0</failedSince>
        </case>
        <case>
          <duration>0.93</duration>
          <className>nui.ConfirmationModal</className>
          <testName>ConfirmationModal should display the correct text and confirmByName text/fields</testName>
          <skipped>false</skipped>
          <failedSince>0</failedSince>
        </case>
        <case>
          <duration>0.516</duration>
          <className>nui.ConfirmationModal</className>
          <testName>ConfirmationModal displays the banner notification when there is an error</testName>
          <skipped>false</skipped>
          <failedSince>0</failedSince>
        </case>
        <case>
          <duration>0.788</duration>
          <className>nui.ConfirmationModal</className>
          <testName>ConfirmationModal calls the reset form callback on close</testName>
          <skipped>false</skipped>
          <failedSince>0</failedSince>
        </case>
        <case>
          <duration>0.779</duration>
          <className>nui.ConfirmationModal</className>
          <testName>ConfirmationModal close the confirmation modal on confirm button click</testName>
          <skipped>false</skipped>
          <failedSince>0</failedSince>
        </case>
      </cases>
    </suite>
    <suite>
      <file>/tmp/jenkins-e606f5ec/workspace/nloop_main/junits/nui-unit-tests.xml</file>
      <name>CreateSystemVersionModal</name>
      <duration>11.297</duration>
      <timestamp>2022-10-04T19:51:36</timestamp>
      <time>11.297</time>
      <nodeId>630</nodeId>
      <enclosingBlocks>
        <string>629</string>
      </enclosingBlocks>
      <enclosingBlockNames>
        <string>Declarative: Post Actions</string>
      </enclosingBlockNames>
      <cases>
        <case>
          <duration>0.587</duration>
          <className>nui.CreateSystemVersionModal</className>
          <testName>CreateSystemVersionModal should exists</testName>
          <skipped>false</skipped>
          <failedSince>0</failedSince>
        </case>
        <case>
          <duration>1.711</duration>
          <className>nui.CreateSystemVersionModal</className>
          <testName>CreateSystemVersionModal should close modal window</testName>
          <skipped>false</skipped>
          <failedSince>0</failedSince>
        </case>
        <case>
          <duration>0.338</duration>
          <className>nui.CreateSystemVersionModal</className>
          <testName>CreateSystemVersionModal mounts a button as the activator</testName>
          <skipped>false</skipped>
          <failedSince>0</failedSince>
        </case>
        <case>
          <duration>1.812</duration>
          <className>nui.CreateSystemVersionModal</className>
          <testName>CreateSystemVersionModal validates fields</testName>
          <skipped>false</skipped>
          <failedSince>0</failedSince>
        </case>
        <case>
          <duration>2.265</duration>
          <className>nui.CreateSystemVersionModal</className>
          <testName>CreateSystemVersionModal should call save when the form is valid</testName>
          <skipped>false</skipped>
          <failedSince>0</failedSince>
        </case>
        <case>
          <duration>1.799</duration>
          <className>nui.CreateSystemVersionModal</className>
          <testName>CreateSystemVersionModal should show an error if the json is invalid</testName>
          <skipped>false</skipped>
          <failedSince>0</failedSince>
        </case>
        <case>
          <duration>1.527</duration>
          <className>nui.CreateSystemVersionModal</className>
          <testName>CreateSystemVersionModal should show an error if the create action throws</testName>
          <skipped>false</skipped>
          <failedSince>0</failedSince>
        </case>
      </cases>
    </suite>
    <suite>
      <file>/tmp/jenkins-e606f5ec/workspace/nloop_main/junits/nui-unit-tests.xml</file>
      <name>TestCaseImplementationDataTable</name>
      <duration>2.737</duration>
      <timestamp>2022-10-04T19:51:49</timestamp>
      <time>2.737</time>
      <nodeId>630</nodeId>
      <enclosingBlocks>
        <string>629</string>
      </enclosingBlocks>
      <enclosingBlockNames>
        <string>Declarative: Post Actions</string>
      </enclosingBlockNames>
      <cases>
        <case>
          <duration>0.074</duration>
          <className>nui.TestCaseImplementationDataTable</className>
          <testName>TestCaseImplementationDataTable exists</testName>
          <skipped>false</skipped>
          <failedSince>0</failedSince>
        </case>
        <case>
          <duration>0.018</duration>
          <className>nui.TestCaseImplementationDataTable</className>
          <testName>TestCaseImplementationDataTable › computed loading is determined if the test case name matches value of the loading tci</testName>
          <skipped>false</skipped>
          <failedSince>0</failedSince>
        </case>
        <case>
          <duration>0.028</duration>
          <className>nui.TestCaseImplementationDataTable</className>
          <testName>TestCaseImplementationDataTable › methods should open the tci modal and set the selected tci</testName>
          <skipped>false</skipped>
          <failedSince>0</failedSince>
        </case>
        <case>
          <duration>0.044</duration>
          <className>nui.TestCaseImplementationDataTable</className>
          <testName>TestCaseImplementationDataTable › methods should open the tci modal and set the selected tci if the table is spi </testName>
          <skipped>false</skipped>
          <failedSince>0</failedSince>
        </case>
        <case>
          <duration>0.003</duration>
          <className>nui.TestCaseImplementationDataTable</className>
          <testName>TestCaseImplementationDataTable › methods should return the tci spi full status if the report table is spi report </testName>
          <skipped>false</skipped>
          <failedSince>0</failedSince>
        </case>
        <case>
          <duration>0.007</duration>
          <className>nui.TestCaseImplementationDataTable</className>
          <testName>TestCaseImplementationDataTable › methods should return the full status if the table is not the spi report </testName>
          <skipped>false</skipped>
          <failedSince>0</failedSince>
        </case>
        <case>
          <duration>0.002</duration>
          <className>nui.TestCaseImplementationDataTable</className>
          <testName>TestCaseImplementationDataTable › methods should return the status color</testName>
          <skipped>false</skipped>
          <failedSince>0</failedSince>
        </case>
        <case>
          <duration>0.003</duration>
          <className>nui.TestCaseImplementationDataTable</className>
          <testName>TestCaseImplementationDataTable › methods should humanize the status message </testName>
          <skipped>false</skipped>
          <failedSince>0</failedSince>
        </case>
      </cases>
    </suite>
    <suite>
      <file>/tmp/jenkins-e606f5ec/workspace/nloop_main/junits/nui-unit-tests.xml</file>
      <name>ArtifactViewsSaveAsModal</name>
      <duration>11.728</duration>
      <timestamp>2022-10-04T19:51:44</timestamp>
      <time>11.728</time>
      <nodeId>630</nodeId>
      <enclosingBlocks>
        <string>629</string>
      </enclosingBlocks>
      <enclosingBlockNames>
        <string>Declarative: Post Actions</string>
      </enclosingBlockNames>
      <cases>
        <case>
          <duration>1.216</duration>
          <className>nui.ArtifactViewsSaveAsModal</className>
          <testName>ArtifactViewsSaveAsModal opens the dialog in a clear state</testName>
          <skipped>false</skipped>
          <failedSince>0</failedSince>
        </case>
        <case>
          <duration>0.221</duration>
          <className>nui.ArtifactViewsSaveAsModal</className>
          <testName>ArtifactViewsSaveAsModal › save saves the view with correct parameters</testName>
          <skipped>false</skipped>
          <failedSince>0</failedSince>
        </case>
        <case>
          <duration>1.657</duration>
          <className>nui.ArtifactViewsSaveAsModal</className>
          <testName>ArtifactViewsSaveAsModal › save does not save if the name is invalid</testName>
          <skipped>false</skipped>
          <failedSince>0</failedSince>
        </case>
        <case>
          <duration>5.467</duration>
          <className>nui.ArtifactViewsSaveAsModal</className>
          <testName>ArtifactViewsSaveAsModal › save saves if the name is valid</testName>
          <skipped>false</skipped>
          <errorStackTrace>: Timeout - Async callback was not invoked within the 5000ms timeout specified by jest.setTimeout.Timeout - Async callback was not invoked within the 5000ms timeout specified by jest.setTimeout.Error:
    at new Spec (/workspace/src/nui/node_modules/jest-jasmine2/build/jasmine/Spec.js:116:22)
    at new Spec (/workspace/src/nui/node_modules/jest-jasmine2/build/setup_jest_globals.js:80:9)
    at specFactory (/workspace/src/nui/node_modules/jest-jasmine2/build/jasmine/Env.js:575:24)
    at Env.it (/workspace/src/nui/node_modules/jest-jasmine2/build/jasmine/Env.js:644:24)
    at Env.it (/workspace/src/nui/node_modules/jest-jasmine2/build/jasmineAsyncInstall.js:132:23)
    at it (/workspace/src/nui/node_modules/jest-jasmine2/build/jasmine/jasmineLight.js:93:21)
    at Suite.&lt;anonymous&gt; (/workspace/src/nui/tests/unit/components/tabular-artifacts/artifactViewsSaveAsModal.spec.js:143:5)
    at addSpecsToSuite (/workspace/src/nui/node_modules/jest-jasmine2/build/jasmine/Env.js:496:51)
    at Env.describe (/workspace/src/nui/node_modules/jest-jasmine2/build/jasmine/Env.js:466:11)
    at describe (/workspace/src/nui/node_modules/jest-jasmine2/build/jasmine/jasmineLight.js:81:18)
    at Suite.&lt;anonymous&gt; (/workspace/src/nui/tests/unit/components/tabular-artifacts/artifactViewsSaveAsModal.spec.js:70:3)
    at addSpecsToSuite (/workspace/src/nui/node_modules/jest-jasmine2/build/jasmine/Env.js:496:51)
    at Env.describe (/workspace/src/nui/node_modules/jest-jasmine2/build/jasmine/Env.js:466:11)
    at describe (/workspace/src/nui/node_modules/jest-jasmine2/build/jasmine/jasmineLight.js:81:18)
    at Object.&lt;anonymous&gt; (/workspace/src/nui/tests/unit/components/tabular-artifacts/artifactViewsSaveAsModal.spec.js:34:1)
    at Runtime._execModule (/workspace/src/nui/node_modules/jest-runtime/build/index.js:867:68)
    at Runtime._loadModule (/workspace/src/nui/node_modules/jest-runtime/build/index.js:577:12)
    at Runtime.requireModule (/workspace/src/nui/node_modules/jest-runtime/build/index.js:433:10)
    at /workspace/src/nui/node_modules/jest-jasmine2/build/index.js:202:13
    at Generator.next (&lt;anonymous&gt;)
    at asyncGeneratorStep (/workspace/src/nui/node_modules/jest-jasmine2/build/index.js:27:24)
    at _next (/workspace/src/nui/node_modules/jest-jasmine2/build/index.js:47:9)
    at /workspace/src/nui/node_modules/jest-jasmine2/build/index.js:52:7
    at new Promise (&lt;anonymous&gt;)
    at /workspace/src/nui/node_modules/jest-jasmine2/build/index.js:44:12
    at jasmine2 (/workspace/src/nui/node_modules/jest-jasmine2/build/index.js:60:19)
    at /workspace/src/nui/node_modules/jest-runner/build/runTest.js:385:24
    at Generator.next (&lt;anonymous&gt;)
    at asyncGeneratorStep (/workspace/src/nui/node_modules/jest-runner/build/runTest.js:161:24)
    at _next (/workspace/src/nui/node_modules/jest-runner/build/runTest.js:181:9)
    at processTicksAndRejections (internal/process/task_queues.js:95:5)</errorStackTrace>
          <failedSince>680</failedSince>
        </case>
        <case>
          <duration>0.577</duration>
          <className>nui.ArtifactViewsSaveAsModal</className>
          <testName>ArtifactViewsSaveAsModal › save shows an error if save fails</testName>
          <skipped>false</skipped>
          <errorStackTrace>Error: expect(jest.fn()).toHaveBeenCalledWith(...expected)

Expected: Anything, ObjectContaining {&quot;view&quot;: ObjectContaining {&quot;name&quot;: &quot;name with whitespace after&quot;}}
Received: {&quot;commit&quot;: [Function boundCommit], &quot;dispatch&quot;: [Function boundDispatch], &quot;getters&quot;: {&quot;accountId&quot;: [Function anonymous], &quot;artifactViews&quot;: {&quot;foo&quot;: {&quot;headers&quot;: {&quot;column_ids&quot;: [&quot;1&quot;, &quot;2&quot;]}}}, &quot;editedArtifactView&quot;: null}, &quot;rootGetters&quot;: {&quot;accountId&quot;: [Function anonymous], &quot;artifactViews&quot;: {&quot;foo&quot;: {&quot;headers&quot;: {&quot;column_ids&quot;: [&quot;1&quot;, &quot;2&quot;]}}}, &quot;editedArtifactView&quot;: null}, &quot;rootState&quot;: {}, &quot;state&quot;: {}}, {&quot;artifactDomainId&quot;: &quot;2&quot;, &quot;artifactSchemaId&quot;: &quot;artifact-schema-id&quot;, &quot;projectId&quot;: &quot;project-id&quot;, &quot;view&quot;: {&quot;artifact_schema_id&quot;: &quot;artifact-schema-id&quot;, &quot;created_by&quot;: &quot;account-id&quot;, &quot;headers&quot;: {&quot;column_ids&quot;: [&quot;1&quot;, &quot;2&quot;]}, &quot;name&quot;: &quot;name&quot;, &quot;public&quot;: false}}

Number of calls: 1
    at Object.&lt;anonymous&gt; (/workspace/src/nui/tests/unit/components/tabular-artifacts/artifactViewsSaveAsModal.spec.js:162:44)
    at runNextTicks (internal/process/task_queues.js:60:5)
    at processImmediate (internal/timers.js:437:9)</errorStackTrace>
          <failedSince>680</failedSince>
        </case>
      </cases>
    </suite>
    <suite>
      <file>/tmp/jenkins-e606f5ec/workspace/nloop_main/junits/nui-unit-tests.xml</file>
      <name>UpdateUserPasswordModal</name>
      <duration>14.169</duration>
      <timestamp>2022-10-04T19:51:42</timestamp>
      <time>14.169</time>
      <nodeId>630</nodeId>
      <enclosingBlocks>
        <string>629</string>
      </enclosingBlocks>
      <enclosingBlockNames>
        <string>Declarative: Post Actions</string>
      </enclosingBlockNames>
      <cases>
        <case>
          <duration>0.35</duration>
          <className>nui.UpdateUserPasswordModal</className>
          <testName>UpdateUserPasswordModal mounts</testName>
          <skipped>false</skipped>
          <failedSince>0</failedSince>
        </case>
        <case>
          <duration>0.208</duration>
          <className>nui.UpdateUserPasswordModal</className>
          <testName>UpdateUserPasswordModal opens the dialog when the activator is clicked</testName>
          <skipped>false</skipped>
          <failedSince>0</failedSince>
        </case>
        <case>
          <duration>0.196</duration>
          <className>nui.UpdateUserPasswordModal</className>
          <testName>UpdateUserPasswordModal disabled the dialog if the disabled prop is true</testName>
          <skipped>false</skipped>
          <failedSince>0</failedSince>
        </case>
        <case>
          <duration>1.128</duration>
          <className>nui.UpdateUserPasswordModal</className>
          <testName>UpdateUserPasswordModal submits the id, username, and password when updating the user</testName>
          <skipped>false</skipped>
          <failedSince>0</failedSince>
        </case>
        <case>
          <duration>2.239</duration>
          <className>nui.UpdateUserPasswordModal</className>
          <testName>UpdateUserPasswordModal shows an error if updateUser throws an error</testName>
          <skipped>false</skipped>
          <failedSince>0</failedSince>
        </case>
        <case>
          <duration>0.83</duration>
          <className>nui.UpdateUserPasswordModal</className>
          <testName>UpdateUserPasswordModal disables the save button while the password is invalid</testName>
          <skipped>false</skipped>
          <failedSince>0</failedSince>
        </case>
        <case>
          <duration>1.566</duration>
          <className>nui.UpdateUserPasswordModal</className>
          <testName>UpdateUserPasswordModal closes the modal when cancel is clicked</testName>
          <skipped>false</skipped>
          <failedSince>0</failedSince>
        </case>
        <case>
          <duration>2.702</duration>
          <className>nui.UpdateUserPasswordModal</className>
          <testName>UpdateUserPasswordModal does not try to save if the form is invalid</testName>
          <skipped>false</skipped>
          <failedSince>0</failedSince>
        </case>
        <case>
          <duration>3.439</duration>
          <className>nui.UpdateUserPasswordModal</className>
          <testName>UpdateUserPasswordModal re-validates whenever password or confirmPassword are updated</testName>
          <skipped>false</skipped>
          <failedSince>0</failedSince>
        </case>
      </cases>
    </suite>
    <suite>
      <file>/tmp/jenkins-e606f5ec/workspace/nloop_main/junits/nui-unit-tests.xml</file>
      <name>ArtifactSetViewManager</name>
      <duration>5.431</duration>
      <timestamp>2022-10-04T19:51:54</timestamp>
      <time>5.431</time>
      <nodeId>630</nodeId>
      <enclosingBlocks>
        <string>629</string>
      </enclosingBlocks>
      <enclosingBlockNames>
        <string>Declarative: Post Actions</string>
      </enclosingBlockNames>
      <cases>
        <case>
          <duration>0.492</duration>
          <className>nui.ArtifactSetViewManager</className>
          <testName>ArtifactSetViewManager initialize data</testName>
          <skipped>false</skipped>
          <failedSince>0</failedSince>
        </case>
        <case>
          <duration>0.689</duration>
          <className>nui.ArtifactSetViewManager</className>
          <testName>ArtifactSetViewManager › computed should form defaultHeaders for draggable component</testName>
          <skipped>false</skipped>
          <failedSince>0</failedSince>
        </case>
        <case>
          <duration>0.546</duration>
          <className>nui.ArtifactSetViewManager</className>
          <testName>ArtifactSetViewManager › methods should toggle visibility of header</testName>
          <skipped>false</skipped>
          <failedSince>0</failedSince>
        </case>
        <case>
          <duration>0.902</duration>
          <className>nui.ArtifactSetViewManager</className>
          <testName>ArtifactSetViewManager › methods should toggle visibility of child header and relay to parent header</testName>
          <skipped>false</skipped>
          <failedSince>0</failedSince>
        </case>
        <case>
          <duration>1.054</duration>
          <className>nui.ArtifactSetViewManager</className>
          <testName>ArtifactSetViewManager › methods should toggle visibility of parent header and relay to children</testName>
          <skipped>false</skipped>
          <failedSince>0</failedSince>
        </case>
      </cases>
    </suite>
    <suite>
      <file>/tmp/jenkins-e606f5ec/workspace/nloop_main/junits/nui-unit-tests.xml</file>
      <name>Safety case template store</name>
      <duration>3.467</duration>
      <timestamp>2022-10-04T19:51:57</timestamp>
      <time>3.467</time>
      <nodeId>630</nodeId>
      <enclosingBlocks>
        <string>629</string>
      </enclosingBlocks>
      <enclosingBlockNames>
        <string>Declarative: Post Actions</string>
      </enclosingBlockNames>
      <cases>
        <case>
          <duration>0.003</duration>
          <className>nui.Safety case template store</className>
          <testName>Safety case template store › getters should return safetycase template by project id</testName>
          <skipped>false</skipped>
          <failedSince>0</failedSince>
        </case>
        <case>
          <duration>0.0</duration>
          <className>nui.Safety case template store</className>
          <testName>Safety case template store › getters should return an empty array if the project id is not in the dict</testName>
          <skipped>false</skipped>
          <failedSince>0</failedSince>
        </case>
        <case>
          <duration>0.001</duration>
          <className>nui.Safety case template store</className>
          <testName>Safety case template store › actions should GET templates for the projectId</testName>
          <skipped>false</skipped>
          <failedSince>0</failedSince>
        </case>
        <case>
          <duration>0.022</duration>
          <className>nui.Safety case template store</className>
          <testName>Safety case template store › actions should POST to the correct URL with the template object for a JSON SCT</testName>
          <skipped>false</skipped>
          <failedSince>0</failedSince>
        </case>
        <case>
          <duration>0.012</duration>
          <className>nui.Safety case template store</className>
          <testName>Safety case template store › actions should throw the error returned by the POST</testName>
          <skipped>false</skipped>
          <failedSince>0</failedSince>
        </case>
        <case>
          <duration>0.021</duration>
          <className>nui.Safety case template store</className>
          <testName>Safety case template store › actions should PATCH the updated safety case template</testName>
          <skipped>false</skipped>
          <failedSince>0</failedSince>
        </case>
        <case>
          <duration>0.03</duration>
          <className>nui.Safety case template store</className>
          <testName>Safety case template store › actions should DELETE safety case template</testName>
          <skipped>false</skipped>
          <failedSince>0</failedSince>
        </case>
        <case>
          <duration>0.001</duration>
          <className>nui.Safety case template store</className>
          <testName>Safety case template store › mutations should sort the safety case templates by most recent</testName>
          <skipped>false</skipped>
          <failedSince>0</failedSince>
        </case>
      </cases>
    </suite>
    <suite>
      <file>/tmp/jenkins-e606f5ec/workspace/nloop_main/junits/nui-unit-tests.xml</file>
      <name>Safety case instance store</name>
      <duration>1.744</duration>
      <timestamp>2022-10-04T19:52:03</timestamp>
      <time>1.744</time>
      <nodeId>630</nodeId>
      <enclosingBlocks>
        <string>629</string>
      </enclosingBlocks>
      <enclosingBlockNames>
        <string>Declarative: Post Actions</string>
      </enclosingBlockNames>
      <cases>
        <case>
          <duration>0.008</duration>
          <className>nui.Safety case instance store</className>
          <testName>Safety case instance store › getters should return safetycase instance by project id</testName>
          <skipped>false</skipped>
          <failedSince>0</failedSince>
        </case>
        <case>
          <duration>0.002</duration>
          <className>nui.Safety case instance store</className>
          <testName>Safety case instance store › getters should return an empty array if the project id is not in the dict</testName>
          <skipped>false</skipped>
          <failedSince>0</failedSince>
        </case>
        <case>
          <duration>0.002</duration>
          <className>nui.Safety case instance store</className>
          <testName>Safety case instance store › getters should find safety case instance for a given project that exists within state</testName>
          <skipped>false</skipped>
          <failedSince>0</failedSince>
        </case>
        <case>
          <duration>0.028</duration>
          <className>nui.Safety case instance store</className>
          <testName>Safety case instance store › actions should POST to the correct URL with the safety case instance object</testName>
          <skipped>false</skipped>
          <failedSince>0</failedSince>
        </case>
        <case>
          <duration>0.035</duration>
          <className>nui.Safety case instance store</className>
          <testName>Safety case instance store › actions should PATCH to the correct URL with the safety case instance object</testName>
          <skipped>false</skipped>
          <failedSince>0</failedSince>
        </case>
        <case>
          <duration>0.022</duration>
          <className>nui.Safety case instance store</className>
          <testName>Safety case instance store › actions should GET instances for the projectId</testName>
          <skipped>false</skipped>
          <failedSince>0</failedSince>
        </case>
        <case>
          <duration>0.007</duration>
          <className>nui.Safety case instance store</className>
          <testName>Safety case instance store › actions should DELETE instance by id</testName>
          <skipped>false</skipped>
          <failedSince>0</failedSince>
        </case>
        <case>
          <duration>0.001</duration>
          <className>nui.Safety case instance store</className>
          <testName>Safety case instance store › mutations should sort the safety case instances by most recent</testName>
          <skipped>false</skipped>
          <failedSince>0</failedSince>
        </case>
      </cases>
    </suite>
    <suite>
      <file>/tmp/jenkins-e606f5ec/workspace/nloop_main/junits/nui-unit-tests.xml</file>
      <name>Reports</name>
      <duration>7.145</duration>
      <timestamp>2022-10-04T19:51:57</timestamp>
      <time>7.145</time>
      <nodeId>630</nodeId>
      <enclosingBlocks>
        <string>629</string>
      </enclosingBlocks>
      <enclosingBlockNames>
        <string>Declarative: Post Actions</string>
      </enclosingBlockNames>
      <cases>
        <case>
          <duration>0.489</duration>
          <className>nui.Reports</className>
          <testName>Reports exists</testName>
          <skipped>false</skipped>
          <failedSince>0</failedSince>
        </case>
        <case>
          <duration>0.154</duration>
          <className>nui.Reports</className>
          <testName>Reports › created › when there are no params in the url then it should init the reports view component </testName>
          <skipped>false</skipped>
          <failedSince>0</failedSince>
        </case>
        <case>
          <duration>0.391</duration>
          <className>nui.Reports</className>
          <testName>Reports › created › when there are params in the url for a static link then it should init values based on the params</testName>
          <skipped>false</skipped>
          <failedSince>0</failedSince>
        </case>
        <case>
          <duration>0.216</duration>
          <className>nui.Reports</className>
          <testName>Reports › created should end the poll</testName>
          <skipped>false</skipped>
          <failedSince>0</failedSince>
        </case>
      </cases>
    </suite>
    <suite>
      <file>/tmp/jenkins-e606f5ec/workspace/nloop_main/junits/nui-unit-tests.xml</file>
      <name>Traceability Store</name>
      <duration>3.146</duration>
      <timestamp>2022-10-04T19:52:03</timestamp>
      <time>3.146</time>
      <nodeId>630</nodeId>
      <enclosingBlocks>
        <string>629</string>
      </enclosingBlocks>
      <enclosingBlockNames>
        <string>Declarative: Post Actions</string>
      </enclosingBlockNames>
      <cases>
        <case>
          <duration>0.004</duration>
          <className>nui.Traceability Store</className>
          <testName>Traceability Store › state sets a default state</testName>
          <skipped>false</skipped>
          <failedSince>0</failedSince>
        </case>
        <case>
          <duration>0.001</duration>
          <className>nui.Traceability Store</className>
          <testName>Traceability Store › schemas should return schemas stored in state</testName>
          <skipped>false</skipped>
          <failedSince>0</failedSince>
        </case>
        <case>
          <duration>0.003</duration>
          <className>nui.Traceability Store</className>
          <testName>Traceability Store › schemas should GET schemas from the API by project id + global, maps artifact names, and commits the response</testName>
          <skipped>false</skipped>
          <failedSince>0</failedSince>
        </case>
        <case>
          <duration>0.004</duration>
          <className>nui.Traceability Store</className>
          <testName>Traceability Store › schemas sets the state to the provided schemas</testName>
          <skipped>false</skipped>
          <failedSince>0</failedSince>
        </case>
        <case>
          <duration>0.002</duration>
          <className>nui.Traceability Store</className>
          <testName>Traceability Store › schemas posts to the correct endpoint</testName>
          <skipped>false</skipped>
          <failedSince>0</failedSince>
        </case>
        <case>
          <duration>0.002</duration>
          <className>nui.Traceability Store</className>
          <testName>Traceability Store › sets should DELETE the correct endpoint, dispatch proper actions for archive</testName>
          <skipped>false</skipped>
          <failedSince>0</failedSince>
        </case>
        <case>
          <duration>0.002</duration>
          <className>nui.Traceability Store</className>
          <testName>Traceability Store › sets should DELETE the correct endpoint, dispatch proper actions for delete</testName>
          <skipped>false</skipped>
          <failedSince>0</failedSince>
        </case>
        <case>
          <duration>0.001</duration>
          <className>nui.Traceability Store</className>
          <testName>Traceability Store › set versions should return versions from state</testName>
          <skipped>false</skipped>
          <failedSince>0</failedSince>
        </case>
        <case>
          <duration>0.002</duration>
          <className>nui.Traceability Store</className>
          <testName>Traceability Store › set versions GETs versions for the specified set and commits them</testName>
          <skipped>false</skipped>
          <failedSince>0</failedSince>
        </case>
      </cases>
    </suite>
    <suite>
      <file>/tmp/jenkins-e606f5ec/workspace/nloop_main/junits/nui-unit-tests.xml</file>
      <name>ProjectSelect</name>
      <duration>2.114</duration>
      <timestamp>2022-10-04T19:52:06</timestamp>
      <time>2.114</time>
      <nodeId>630</nodeId>
      <enclosingBlocks>
        <string>629</string>
      </enclosingBlocks>
      <enclosingBlockNames>
        <string>Declarative: Post Actions</string>
      </enclosingBlockNames>
      <cases>
        <case>
          <duration>0.144</duration>
          <className>nui.ProjectSelect</className>
          <testName>ProjectSelect exists</testName>
          <skipped>false</skipped>
          <failedSince>0</failedSince>
        </case>
        <case>
          <duration>0.141</duration>
          <className>nui.ProjectSelect</className>
          <testName>ProjectSelect should have the appropriate label</testName>
          <skipped>false</skipped>
          <failedSince>0</failedSince>
        </case>
        <case>
          <duration>0.195</duration>
          <className>nui.ProjectSelect</className>
          <testName>ProjectSelect › computed  should have sorted projects</testName>
          <skipped>false</skipped>
          <failedSince>0</failedSince>
        </case>
        <case>
          <duration>0.104</duration>
          <className>nui.ProjectSelect</className>
          <testName>ProjectSelect › computed  should get the selected project id</testName>
          <skipped>false</skipped>
          <failedSince>0</failedSince>
        </case>
        <case>
          <duration>0.247</duration>
          <className>nui.ProjectSelect</className>
          <testName>ProjectSelect › computed  should set the selected project</testName>
          <skipped>false</skipped>
          <failedSince>0</failedSince>
        </case>
      </cases>
    </suite>
    <suite>
      <file>/tmp/jenkins-e606f5ec/workspace/nloop_main/junits/nui-unit-tests.xml</file>
      <name>Measurement Selection</name>
      <duration>3.928</duration>
      <timestamp>2022-10-04T19:52:07</timestamp>
      <time>3.928</time>
      <nodeId>630</nodeId>
      <enclosingBlocks>
        <string>629</string>
      </enclosingBlocks>
      <enclosingBlockNames>
        <string>Declarative: Post Actions</string>
      </enclosingBlockNames>
      <cases>
        <case>
          <duration>0.172</duration>
          <className>nui.Measurement Selection</className>
          <testName>Measurement Selection exists</testName>
          <skipped>false</skipped>
          <failedSince>0</failedSince>
        </case>
        <case>
          <duration>0.239</duration>
          <className>nui.Measurement Selection</className>
          <testName>Measurement Selection loads and displays all the measurements</testName>
          <skipped>false</skipped>
          <failedSince>0</failedSince>
        </case>
        <case>
          <duration>0.213</duration>
          <className>nui.Measurement Selection</className>
          <testName>Measurement Selection loads and displays all the operators</testName>
          <skipped>false</skipped>
          <failedSince>0</failedSince>
        </case>
        <case>
          <duration>0.552</duration>
          <className>nui.Measurement Selection</className>
          <testName>Measurement Selection loads a threshold config if type is threshold</testName>
          <skipped>false</skipped>
          <failedSince>0</failedSince>
        </case>
        <case>
          <duration>0.272</duration>
          <className>nui.Measurement Selection</className>
          <testName>Measurement Selection does not load a threshold config if type is not threshold</testName>
          <skipped>false</skipped>
          <failedSince>0</failedSince>
        </case>
        <case>
          <duration>0.482</duration>
          <className>nui.Measurement Selection</className>
          <testName>Measurement Selection loads an interval config if type is interval</testName>
          <skipped>false</skipped>
          <failedSince>0</failedSince>
        </case>
        <case>
          <duration>0.584</duration>
          <className>nui.Measurement Selection</className>
          <testName>Measurement Selection does not load a interval config if type is threshold</testName>
          <skipped>false</skipped>
          <failedSince>0</failedSince>
        </case>
        <case>
          <duration>0.182</duration>
          <className>nui.Measurement Selection</className>
          <testName>Measurement Selection does not display the measurements without testcase type selected</testName>
          <skipped>false</skipped>
          <failedSince>0</failedSince>
        </case>
      </cases>
    </suite>
    <suite>
      <file>/tmp/jenkins-e606f5ec/workspace/nloop_main/junits/nui-unit-tests.xml</file>
      <name>SPIStatusTable</name>
      <duration>4.448</duration>
      <timestamp>2022-10-04T19:52:09</timestamp>
      <time>4.448</time>
      <nodeId>630</nodeId>
      <enclosingBlocks>
        <string>629</string>
      </enclosingBlocks>
      <enclosingBlockNames>
        <string>Declarative: Post Actions</string>
      </enclosingBlockNames>
      <cases>
        <case>
          <duration>0.778</duration>
          <className>nui.SPIStatusTable</className>
          <testName>SPIStatusTable mounts the table with up to 3 rows when collapsed</testName>
          <skipped>false</skipped>
          <failedSince>0</failedSince>
        </case>
        <case>
          <duration>1.023</duration>
          <className>nui.SPIStatusTable</className>
          <testName>SPIStatusTable mounts the table with all rows when expanded</testName>
          <skipped>false</skipped>
          <failedSince>0</failedSince>
        </case>
        <case>
          <duration>0.808</duration>
          <className>nui.SPIStatusTable</className>
          <testName>SPIStatusTable getItemCellStyle applies when spis are &gt; 1</testName>
          <skipped>false</skipped>
          <failedSince>0</failedSince>
        </case>
        <case>
          <duration>0.363</duration>
          <className>nui.SPIStatusTable</className>
          <testName>SPIStatusTable getItemCellStyle applies nothing when spi length is less than 2</testName>
          <skipped>false</skipped>
          <failedSince>0</failedSince>
        </case>
        <case>
          <duration>0.165</duration>
          <className>nui.SPIStatusTable</className>
          <testName>SPIStatusTable does not configure a fixed width if fixedWidth is false</testName>
          <skipped>false</skipped>
          <failedSince>0</failedSince>
        </case>
      </cases>
    </suite>
    <suite>
      <file>/tmp/jenkins-e606f5ec/workspace/nloop_main/junits/nui-unit-tests.xml</file>
      <name>Sparkline</name>
      <duration>2.07</duration>
      <timestamp>2022-10-04T19:52:15</timestamp>
      <time>2.07</time>
      <nodeId>630</nodeId>
      <enclosingBlocks>
        <string>629</string>
      </enclosingBlocks>
      <enclosingBlockNames>
        <string>Declarative: Post Actions</string>
      </enclosingBlockNames>
      <cases>
        <case>
          <duration>0.141</duration>
          <className>nui.Sparkline</className>
          <testName>Sparkline mounts</testName>
          <skipped>false</skipped>
          <failedSince>0</failedSince>
        </case>
        <case>
          <duration>0.037</duration>
          <className>nui.Sparkline</className>
          <testName>Sparkline draws a red border and red line if node.threshold.status is not satisfied</testName>
          <skipped>false</skipped>
          <failedSince>0</failedSince>
        </case>
        <case>
          <duration>0.074</duration>
          <className>nui.Sparkline</className>
          <testName>Sparkline draws a red border if the node is in an error state</testName>
          <skipped>false</skipped>
          <failedSince>0</failedSince>
        </case>
        <case>
          <duration>0.04</duration>
          <className>nui.Sparkline</className>
          <testName>Sparkline draws a red border if the node is in a no-data state</testName>
          <skipped>false</skipped>
          <failedSince>0</failedSince>
        </case>
        <case>
          <duration>0.035</duration>
          <className>nui.Sparkline</className>
          <testName>Sparkline draws a green border and red line if node.threshold.status is satisfied</testName>
          <skipped>false</skipped>
          <failedSince>0</failedSince>
        </case>
        <case>
          <duration>0.035</duration>
          <className>nui.Sparkline</className>
          <testName>Sparkline draws a grey border if node.status is empty</testName>
          <skipped>false</skipped>
          <failedSince>0</failedSince>
        </case>
        <case>
          <duration>0.033</duration>
          <className>nui.Sparkline</className>
          <testName>Sparkline shows a no-data box when the node has no data</testName>
          <skipped>false</skipped>
          <failedSince>0</failedSince>
        </case>
        <case>
          <duration>0.057</duration>
          <className>nui.Sparkline</className>
          <testName>Sparkline shows an error box when the node is in an error state</testName>
          <skipped>false</skipped>
          <failedSince>0</failedSince>
        </case>
        <case>
          <duration>0.033</duration>
          <className>nui.Sparkline</className>
          <testName>Sparkline uses a computed range for the y-axis</testName>
          <skipped>false</skipped>
          <failedSince>0</failedSince>
        </case>
        <case>
          <duration>0.077</duration>
          <className>nui.Sparkline</className>
          <testName>Sparkline displays annotation lines if only one datapoint exists</testName>
          <skipped>false</skipped>
          <failedSince>0</failedSince>
        </case>
        <case>
          <duration>0.045</duration>
          <className>nui.Sparkline</className>
          <testName>Sparkline does displays annotation lines if multiple datapoints exist</testName>
          <skipped>false</skipped>
          <failedSince>0</failedSince>
        </case>
      </cases>
    </suite>
    <suite>
      <file>/tmp/jenkins-e606f5ec/workspace/nloop_main/junits/nui-unit-tests.xml</file>
      <name>JiraQueryFormInputs</name>
      <duration>4.779</duration>
      <timestamp>2022-10-04T19:52:13</timestamp>
      <time>4.779</time>
      <nodeId>630</nodeId>
      <enclosingBlocks>
        <string>629</string>
      </enclosingBlocks>
      <enclosingBlockNames>
        <string>Declarative: Post Actions</string>
      </enclosingBlockNames>
      <cases>
        <case>
          <duration>0.371</duration>
          <className>nui.JiraQueryFormInputs</className>
          <testName>JiraQueryFormInputs computed property for component_versions_template sets/gets properly</testName>
          <skipped>false</skipped>
          <failedSince>0</failedSince>
        </case>
        <case>
          <duration>0.263</duration>
          <className>nui.JiraQueryFormInputs</className>
          <testName>JiraQueryFormInputs computed property for jql_template sets/gets properly</testName>
          <skipped>false</skipped>
          <failedSince>0</failedSince>
        </case>
        <case>
          <duration>0.428</duration>
          <className>nui.JiraQueryFormInputs</className>
          <testName>JiraQueryFormInputs computed property for field map sets/gets properly</testName>
          <skipped>false</skipped>
          <failedSince>0</failedSince>
        </case>
        <case>
          <duration>0.198</duration>
          <className>nui.JiraQueryFormInputs</className>
          <testName>JiraQueryFormInputs › validation rules for jira query form inputs should validate the &apos;componentVersion&apos; rule for scenario &apos;undefined component version&apos; equals &apos;false&apos;</testName>
          <skipped>false</skipped>
          <failedSince>0</failedSince>
        </case>
        <case>
          <duration>0.169</duration>
          <className>nui.JiraQueryFormInputs</className>
          <testName>JiraQueryFormInputs › validation rules for jira query form inputs should validate the &apos;componentVersion&apos; rule for scenario &apos;bad component version json&apos; equals &apos;false&apos;</testName>
          <skipped>false</skipped>
          <failedSince>0</failedSince>
        </case>
        <case>
          <duration>0.256</duration>
          <className>nui.JiraQueryFormInputs</className>
          <testName>JiraQueryFormInputs › validation rules for jira query form inputs should validate the &apos;componentVersion&apos; rule for scenario &apos;valid component version json&apos; equals &apos;true&apos;</testName>
          <skipped>false</skipped>
          <failedSince>0</failedSince>
        </case>
        <case>
          <duration>0.109</duration>
          <className>nui.JiraQueryFormInputs</className>
          <testName>JiraQueryFormInputs › validation rules for jira query form inputs should validate the &apos;fieldMap&apos; rule for scenario &apos;undefined field map&apos; equals &apos;false&apos;</testName>
          <skipped>false</skipped>
          <failedSince>0</failedSince>
        </case>
        <case>
          <duration>0.206</duration>
          <className>nui.JiraQueryFormInputs</className>
          <testName>JiraQueryFormInputs › validation rules for jira query form inputs should validate the &apos;fieldMap&apos; rule for scenario &apos;bad field map json&apos; equals &apos;false&apos;</testName>
          <skipped>false</skipped>
          <failedSince>0</failedSince>
        </case>
        <case>
          <duration>0.117</duration>
          <className>nui.JiraQueryFormInputs</className>
          <testName>JiraQueryFormInputs › validation rules for jira query form inputs should validate the &apos;fieldMap&apos; rule for scenario &apos;valid field map json&apos; equals &apos;true&apos;</testName>
          <skipped>false</skipped>
          <failedSince>0</failedSince>
        </case>
        <case>
          <duration>0.441</duration>
          <className>nui.JiraQueryFormInputs</className>
          <testName>JiraQueryFormInputs › validation rules for jira query form inputs should validate the &apos;jqlTemplate&apos; rule for scenario &apos;valid jql template&apos; equals &apos;true&apos;</testName>
          <skipped>false</skipped>
          <failedSince>0</failedSince>
        </case>
        <case>
          <duration>0.497</duration>
          <className>nui.JiraQueryFormInputs</className>
          <testName>JiraQueryFormInputs › validation rules for jira query form inputs should validate the &apos;jqlTemplate&apos; rule for scenario &apos;empty invalid jql template&apos; equals &apos;false&apos;</testName>
          <skipped>false</skipped>
          <failedSince>0</failedSince>
        </case>
        <case>
          <duration>0.214</duration>
          <className>nui.JiraQueryFormInputs</className>
          <testName>JiraQueryFormInputs › validation rules for jira query form inputs should validate the &apos;jqlTemplate&apos; rule for scenario &apos;undefined invalid jql template&apos; equals &apos;false&apos;</testName>
          <skipped>false</skipped>
          <failedSince>0</failedSince>
        </case>
      </cases>
    </suite>
    <suite>
      <file>/tmp/jenkins-e606f5ec/workspace/nloop_main/junits/nui-unit-tests.xml</file>
      <name>NewUserModal</name>
      <duration>12.679</duration>
      <timestamp>2022-10-04T19:52:07</timestamp>
      <time>12.679</time>
      <nodeId>630</nodeId>
      <enclosingBlocks>
        <string>629</string>
      </enclosingBlocks>
      <enclosingBlockNames>
        <string>Declarative: Post Actions</string>
      </enclosingBlockNames>
      <cases>
        <case>
          <duration>0.898</duration>
          <className>nui.NewUserModal</className>
          <testName>NewUserModal mounts a button as the activator</testName>
          <skipped>false</skipped>
          <failedSince>0</failedSince>
        </case>
        <case>
          <duration>1.987</duration>
          <className>nui.NewUserModal</className>
          <testName>NewUserModal opens the dialog when the activator is pressed</testName>
          <skipped>false</skipped>
          <failedSince>0</failedSince>
        </case>
        <case>
          <duration>0.662</duration>
          <className>nui.NewUserModal</className>
          <testName>NewUserModal disables the activator when the disabled prop is true</testName>
          <skipped>false</skipped>
          <failedSince>0</failedSince>
        </case>
        <case>
          <duration>3.571</duration>
          <className>nui.NewUserModal</className>
          <testName>NewUserModal validates passwords</testName>
          <skipped>false</skipped>
          <failedSince>0</failedSince>
        </case>
        <case>
          <duration>1.607</duration>
          <className>nui.NewUserModal</className>
          <testName>NewUserModal validates password and confirmPassword are equal</testName>
          <skipped>false</skipped>
          <failedSince>0</failedSince>
        </case>
        <case>
          <duration>2.514</duration>
          <className>nui.NewUserModal</className>
          <testName>NewUserModal calls the createUser store action when the Add button is pressed</testName>
          <skipped>false</skipped>
          <failedSince>0</failedSince>
        </case>
      </cases>
    </suite>
    <suite>
      <file>/tmp/jenkins-e606f5ec/workspace/nloop_main/junits/nui-unit-tests.xml</file>
      <name>NewTestCaseSelections</name>
      <duration>1.859</duration>
      <timestamp>2022-10-04T19:52:18</timestamp>
      <time>1.859</time>
      <nodeId>630</nodeId>
      <enclosingBlocks>
        <string>629</string>
      </enclosingBlocks>
      <enclosingBlockNames>
        <string>Declarative: Post Actions</string>
      </enclosingBlockNames>
      <cases>
        <case>
          <duration>0.173</duration>
          <className>nui.NewTestCaseSelections</className>
          <testName>NewTestCaseSelections exists</testName>
          <skipped>false</skipped>
          <failedSince>0</failedSince>
        </case>
        <case>
          <duration>0.082</duration>
          <className>nui.NewTestCaseSelections</className>
          <testName>NewTestCaseSelections › computed › selected logical scenario should get the selected scenario</testName>
          <skipped>false</skipped>
          <failedSince>0</failedSince>
        </case>
        <case>
          <duration>0.211</duration>
          <className>nui.NewTestCaseSelections</className>
          <testName>NewTestCaseSelections › computed › selected logical scenario should set the logical scenario</testName>
          <skipped>false</skipped>
          <failedSince>0</failedSince>
        </case>
        <case>
          <duration>0.071</duration>
          <className>nui.NewTestCaseSelections</className>
          <testName>NewTestCaseSelections › computed › selected test platform  should get the selected platform</testName>
          <skipped>false</skipped>
          <failedSince>0</failedSince>
        </case>
        <case>
          <duration>0.156</duration>
          <className>nui.NewTestCaseSelections</className>
          <testName>NewTestCaseSelections › computed › selected test platform  should set the selected platform</testName>
          <skipped>false</skipped>
          <failedSince>0</failedSince>
        </case>
        <case>
          <duration>0.074</duration>
          <className>nui.NewTestCaseSelections</className>
          <testName>NewTestCaseSelections › computed › selected test case type should get the selected test case type</testName>
          <skipped>false</skipped>
          <failedSince>0</failedSince>
        </case>
      </cases>
    </suite>
    <suite>
      <file>/tmp/jenkins-e606f5ec/workspace/nloop_main/junits/nui-unit-tests.xml</file>
      <name>filter store</name>
      <duration>2.493</duration>
      <timestamp>2022-10-04T19:52:27</timestamp>
      <time>2.493</time>
      <nodeId>630</nodeId>
      <enclosingBlocks>
        <string>629</string>
      </enclosingBlocks>
      <enclosingBlockNames>
        <string>Declarative: Post Actions</string>
      </enclosingBlockNames>
      <cases>
        <case>
          <duration>0.051</duration>
          <className>nui.filter store</className>
          <testName>filter store › state should have a default state </testName>
          <skipped>false</skipped>
          <failedSince>0</failedSince>
        </case>
        <case>
          <duration>0.039</duration>
          <className>nui.filter store</className>
          <testName>filter store › getters should get the state of a filter</testName>
          <skipped>false</skipped>
          <failedSince>0</failedSince>
        </case>
        <case>
          <duration>0.001</duration>
          <className>nui.filter store</className>
          <testName>filter store › getters should get the state of the a filter by id</testName>
          <skipped>false</skipped>
          <failedSince>0</failedSince>
        </case>
        <case>
          <duration>0.068</duration>
          <className>nui.filter store</className>
          <testName>filter store › getters should get the filters for the test case data table</testName>
          <skipped>false</skipped>
          <failedSince>0</failedSince>
        </case>
        <case>
          <duration>0.001</duration>
          <className>nui.filter store</className>
          <testName>filter store › getters should get the test design specification filters </testName>
          <skipped>false</skipped>
          <failedSince>0</failedSince>
        </case>
        <case>
          <duration>0.001</duration>
          <className>nui.filter store</className>
          <testName>filter store › getters should get the sut requirement filters</testName>
          <skipped>false</skipped>
          <failedSince>0</failedSince>
        </case>
        <case>
          <duration>0.028</duration>
          <className>nui.filter store</className>
          <testName>filter store › getters should get the requirement filters </testName>
          <skipped>false</skipped>
          <failedSince>0</failedSince>
        </case>
        <case>
          <duration>0.003</duration>
          <className>nui.filter store</className>
          <testName>filter store › actions should set the filter state </testName>
          <skipped>false</skipped>
          <failedSince>0</failedSince>
        </case>
        <case>
          <duration>0.002</duration>
          <className>nui.filter store</className>
          <testName>filter store › actions should set the filter state by id</testName>
          <skipped>false</skipped>
          <failedSince>0</failedSince>
        </case>
        <case>
          <duration>0.024</duration>
          <className>nui.filter store</className>
          <testName>filter store › mutations should set the filter state </testName>
          <skipped>false</skipped>
          <failedSince>0</failedSince>
        </case>
        <case>
          <duration>0.001</duration>
          <className>nui.filter store</className>
          <testName>filter store › mutations should set the filter state by id</testName>
          <skipped>false</skipped>
          <failedSince>0</failedSince>
        </case>
      </cases>
    </suite>
    <suite>
      <file>/tmp/jenkins-e606f5ec/workspace/nloop_main/junits/nui-unit-tests.xml</file>
      <name>ArtifactsDropdown</name>
      <duration>12.239</duration>
      <timestamp>2022-10-04T19:52:19</timestamp>
      <time>12.239</time>
      <nodeId>630</nodeId>
      <enclosingBlocks>
        <string>629</string>
      </enclosingBlocks>
      <enclosingBlockNames>
        <string>Declarative: Post Actions</string>
      </enclosingBlockNames>
      <cases>
        <case>
          <duration>0.256</duration>
          <className>nui.ArtifactsDropdown</className>
          <testName>ArtifactsDropdown exists</testName>
          <skipped>false</skipped>
          <failedSince>0</failedSince>
        </case>
        <case>
          <duration>0.269</duration>
          <className>nui.ArtifactsDropdown</className>
          <testName>ArtifactsDropdown mounts farch and traceability buttons</testName>
          <skipped>false</skipped>
          <failedSince>0</failedSince>
        </case>
        <case>
          <duration>0.42</duration>
          <className>nui.ArtifactsDropdown</className>
          <testName>ArtifactsDropdown mounts generic artifact buttons when data exists in store</testName>
          <skipped>false</skipped>
          <failedSince>0</failedSince>
        </case>
        <case>
          <duration>2.903</duration>
          <className>nui.ArtifactsDropdown</className>
          <testName>ArtifactsDropdown › methods should go to the artifact domain</testName>
          <skipped>false</skipped>
          <failedSince>0</failedSince>
        </case>
        <case>
          <duration>1.559</duration>
          <className>nui.ArtifactsDropdown</className>
          <testName>ArtifactsDropdown › methods should go to traceability</testName>
          <skipped>false</skipped>
          <failedSince>0</failedSince>
        </case>
        <case>
          <duration>1.792</duration>
          <className>nui.ArtifactsDropdown</className>
          <testName>ArtifactsDropdown › methods should go to farch</testName>
          <skipped>false</skipped>
          <failedSince>0</failedSince>
        </case>
        <case>
          <duration>1.278</duration>
          <className>nui.ArtifactsDropdown</className>
          <testName>ArtifactsDropdown › methods should go to artifacts</testName>
          <skipped>false</skipped>
          <failedSince>0</failedSince>
        </case>
      </cases>
    </suite>
    <suite>
      <file>/tmp/jenkins-e606f5ec/workspace/nloop_main/junits/nui-unit-tests.xml</file>
      <name>Connector</name>
      <duration>10.676</duration>
      <timestamp>2022-10-04T19:52:22</timestamp>
      <time>10.676</time>
      <nodeId>630</nodeId>
      <enclosingBlocks>
        <string>629</string>
      </enclosingBlocks>
      <enclosingBlockNames>
        <string>Declarative: Post Actions</string>
      </enclosingBlockNames>
      <cases>
        <case>
          <duration>0.359</duration>
          <className>nui.Connector</className>
          <testName>Connector mounts</testName>
          <skipped>false</skipped>
          <failedSince>0</failedSince>
        </case>
        <case>
          <duration>1.261</duration>
          <className>nui.Connector</className>
          <testName>Connector mounts</testName>
          <skipped>false</skipped>
          <failedSince>0</failedSince>
        </case>
        <case>
          <duration>0.599</duration>
          <className>nui.Connector</className>
          <testName>Connector mounts JSON block if connector type is json</testName>
          <skipped>false</skipped>
          <failedSince>0</failedSince>
        </case>
        <case>
          <duration>0.703</duration>
          <className>nui.Connector</className>
          <testName>Connector does not mount JSON block if connector type is not json</testName>
          <skipped>false</skipped>
          <failedSince>0</failedSince>
        </case>
        <case>
          <duration>0.028</duration>
          <className>nui.Connector</className>
          <testName>Connector should redirect to projects page if project id is invalid</testName>
          <skipped>false</skipped>
          <failedSince>0</failedSince>
        </case>
        <case>
          <duration>0.063</duration>
          <className>nui.Connector</className>
          <testName>Connector should redirect to projects page if connector id is invalid</testName>
          <skipped>false</skipped>
          <failedSince>0</failedSince>
        </case>
      </cases>
    </suite>
    <suite>
      <file>/tmp/jenkins-e606f5ec/workspace/nloop_main/junits/nui-unit-tests.xml</file>
      <name>SPIStatusBarContainer</name>
      <duration>3.244</duration>
      <timestamp>2022-10-04T19:52:34</timestamp>
      <time>3.244</time>
      <nodeId>630</nodeId>
      <enclosingBlocks>
        <string>629</string>
      </enclosingBlocks>
      <enclosingBlockNames>
        <string>Declarative: Post Actions</string>
      </enclosingBlockNames>
      <cases>
        <case>
          <duration>0.528</duration>
          <className>nui.SPIStatusBarContainer</className>
          <testName>SPIStatusBarContainer should mount a SPIStatusBar</testName>
          <skipped>false</skipped>
          <failedSince>0</failedSince>
        </case>
        <case>
          <duration>0.061</duration>
          <className>nui.SPIStatusBarContainer</className>
          <testName>SPIStatusBarContainer should hide the title if showTitle is false</testName>
          <skipped>false</skipped>
          <failedSince>0</failedSince>
        </case>
        <case>
          <duration>0.076</duration>
          <className>nui.SPIStatusBarContainer</className>
          <testName>SPIStatusBarContainer should show the title by default</testName>
          <skipped>false</skipped>
          <failedSince>0</failedSince>
        </case>
        <case>
          <duration>0.076</duration>
          <className>nui.SPIStatusBarContainer</className>
          <testName>SPIStatusBarContainer should hide the disclaimer text if showDisclaimer is false</testName>
          <skipped>false</skipped>
          <failedSince>0</failedSince>
        </case>
        <case>
          <duration>0.073</duration>
          <className>nui.SPIStatusBarContainer</className>
          <testName>SPIStatusBarContainer should show the disclaimer text by default</testName>
          <skipped>false</skipped>
          <failedSince>0</failedSince>
        </case>
        <case>
          <duration>0.714</duration>
          <className>nui.SPIStatusBarContainer</className>
          <testName>SPIStatusBarContainer should request overall statuses on mount if no spiId is passed in</testName>
          <skipped>false</skipped>
          <failedSince>0</failedSince>
        </case>
        <case>
          <duration>0.724</duration>
          <className>nui.SPIStatusBarContainer</className>
          <testName>SPIStatusBarContainer should request subtree statuses on mount if spiId is passed in</testName>
          <skipped>false</skipped>
          <failedSince>0</failedSince>
        </case>
      </cases>
    </suite>
    <suite>
      <file>/tmp/jenkins-e606f5ec/workspace/nloop_main/junits/nui-unit-tests.xml</file>
      <name>CreateFarchVersion</name>
      <duration>9.105</duration>
      <timestamp>2022-10-04T19:52:31</timestamp>
      <time>9.105</time>
      <nodeId>630</nodeId>
      <enclosingBlocks>
        <string>629</string>
      </enclosingBlocks>
      <enclosingBlockNames>
        <string>Declarative: Post Actions</string>
      </enclosingBlockNames>
      <cases>
        <case>
          <duration>0.059</duration>
          <className>nui.CreateFarchVersion</className>
          <testName>CreateFarchVersion mounts</testName>
          <skipped>false</skipped>
          <failedSince>0</failedSince>
        </case>
        <case>
          <duration>1.762</duration>
          <className>nui.CreateFarchVersion</className>
          <testName>CreateFarchVersion validates data entry fields</testName>
          <skipped>false</skipped>
          <failedSince>0</failedSince>
        </case>
        <case>
          <duration>1.868</duration>
          <className>nui.CreateFarchVersion</className>
          <testName>CreateFarchVersion does not allow a non-json file to be upload</testName>
          <skipped>false</skipped>
          <failedSince>0</failedSince>
        </case>
        <case>
          <duration>3.654</duration>
          <className>nui.CreateFarchVersion</className>
          <testName>CreateFarchVersion calls data store correctly on save</testName>
          <skipped>false</skipped>
          <failedSince>0</failedSince>
        </case>
      </cases>
    </suite>
    <suite>
      <file>/tmp/jenkins-e606f5ec/workspace/nloop_main/junits/nui-unit-tests.xml</file>
      <name>ArtifactSetSelector</name>
      <duration>2.356</duration>
      <timestamp>2022-10-04T19:52:38</timestamp>
      <time>2.356</time>
      <nodeId>630</nodeId>
      <enclosingBlocks>
        <string>629</string>
      </enclosingBlocks>
      <enclosingBlockNames>
        <string>Declarative: Post Actions</string>
      </enclosingBlockNames>
      <cases>
        <case>
          <duration>0.339</duration>
          <className>nui.ArtifactSetSelector</className>
          <testName>ArtifactSetSelector should filter out draft artifact sets from the version lists</testName>
          <skipped>false</skipped>
          <failedSince>0</failedSince>
        </case>
        <case>
          <duration>0.525</duration>
          <className>nui.ArtifactSetSelector</className>
          <testName>ArtifactSetSelector should not prepopulate any artifact sets when the &quot;None&quot; option for ancestor version is selected</testName>
          <skipped>false</skipped>
          <failedSince>0</failedSince>
        </case>
        <case>
          <duration>0.493</duration>
          <className>nui.ArtifactSetSelector</className>
          <testName>ArtifactSetSelector should prepopulate any artifact sets when a valid ancestor version is selected</testName>
          <skipped>false</skipped>
          <failedSince>0</failedSince>
        </case>
      </cases>
    </suite>
    <suite>
      <file>/tmp/jenkins-e606f5ec/workspace/nloop_main/junits/nui-unit-tests.xml</file>
      <name>SubHeader</name>
      <duration>2.367</duration>
      <timestamp>2022-10-04T19:52:42</timestamp>
      <time>2.367</time>
      <nodeId>630</nodeId>
      <enclosingBlocks>
        <string>629</string>
      </enclosingBlocks>
      <enclosingBlockNames>
        <string>Declarative: Post Actions</string>
      </enclosingBlockNames>
      <cases>
        <case>
          <duration>0.133</duration>
          <className>nui.SubHeader</className>
          <testName>SubHeader exists</testName>
          <skipped>false</skipped>
          <failedSince>0</failedSince>
        </case>
        <case>
          <duration>0.112</duration>
          <className>nui.SubHeader</className>
          <testName>SubHeader should have the appropriate labels for the selection elements</testName>
          <skipped>false</skipped>
          <failedSince>0</failedSince>
        </case>
        <case>
          <duration>0.069</duration>
          <className>nui.SubHeader</className>
          <testName>SubHeader should disable TEST CASE button when all test platforms are disabled</testName>
          <skipped>false</skipped>
          <failedSince>0</failedSince>
        </case>
        <case>
          <duration>0.266</duration>
          <className>nui.SubHeader</className>
          <testName>SubHeader › computed should filter test design specifications by project id </testName>
          <skipped>false</skipped>
          <failedSince>0</failedSince>
        </case>
        <case>
          <duration>0.168</duration>
          <className>nui.SubHeader</className>
          <testName>SubHeader › computed should get the selected test design specification </testName>
          <skipped>false</skipped>
          <failedSince>0</failedSince>
        </case>
        <case>
          <duration>0.188</duration>
          <className>nui.SubHeader</className>
          <testName>SubHeader › computed should set the selected test design specification</testName>
          <skipped>false</skipped>
          <failedSince>0</failedSince>
        </case>
        <case>
          <duration>0.003</duration>
          <className>nui.SubHeader</className>
          <testName>SubHeader › methods should open the new test case modal</testName>
          <skipped>false</skipped>
          <failedSince>0</failedSince>
        </case>
      </cases>
    </suite>
    <suite>
      <file>/tmp/jenkins-e606f5ec/workspace/nloop_main/junits/nui-unit-tests.xml</file>
      <name>CreateNewArtifactDomain</name>
      <duration>12.702</duration>
      <timestamp>2022-10-04T19:52:33</timestamp>
      <time>12.702</time>
      <nodeId>630</nodeId>
      <enclosingBlocks>
        <string>629</string>
      </enclosingBlocks>
      <enclosingBlockNames>
        <string>Declarative: Post Actions</string>
      </enclosingBlockNames>
      <cases>
        <case>
          <duration>0.728</duration>
          <className>nui.CreateNewArtifactDomain</className>
          <testName>CreateNewArtifactDomain should mount</testName>
          <skipped>false</skipped>
          <failedSince>0</failedSince>
        </case>
        <case>
          <duration>2.236</duration>
          <className>nui.CreateNewArtifactDomain</className>
          <testName>CreateNewArtifactDomain opens the modal window</testName>
          <skipped>false</skipped>
          <failedSince>0</failedSince>
        </case>
        <case>
          <duration>2.2</duration>
          <className>nui.CreateNewArtifactDomain</className>
          <testName>CreateNewArtifactDomain should close the modal window</testName>
          <skipped>false</skipped>
          <failedSince>0</failedSince>
        </case>
        <case>
          <duration>2.41</duration>
          <className>nui.CreateNewArtifactDomain</className>
          <testName>CreateNewArtifactDomain › validates fields has no fields</testName>
          <skipped>false</skipped>
          <failedSince>0</failedSince>
        </case>
        <case>
          <duration>1.351</duration>
          <className>nui.CreateNewArtifactDomain</className>
          <testName>CreateNewArtifactDomain › validates fields missing name field</testName>
          <skipped>false</skipped>
          <failedSince>0</failedSince>
        </case>
        <case>
          <duration>1.449</duration>
          <className>nui.CreateNewArtifactDomain</className>
          <testName>CreateNewArtifactDomain › validates fields is missing description field</testName>
          <skipped>false</skipped>
          <failedSince>0</failedSince>
        </case>
        <case>
          <duration>0.191</duration>
          <className>nui.CreateNewArtifactDomain</className>
          <testName>CreateNewArtifactDomain › methods should add the artifact domain if successful</testName>
          <skipped>false</skipped>
          <failedSince>0</failedSince>
        </case>
        <case>
          <duration>0.046</duration>
          <className>nui.CreateNewArtifactDomain</className>
          <testName>CreateNewArtifactDomain › methods should show the error if unsuccessful</testName>
          <skipped>false</skipped>
          <failedSince>0</failedSince>
        </case>
      </cases>
    </suite>
    <suite>
      <file>/tmp/jenkins-e606f5ec/workspace/nloop_main/junits/nui-unit-tests.xml</file>
      <name>VirtualTestHouse</name>
      <duration>3.958</duration>
      <timestamp>2022-10-04T19:52:42</timestamp>
      <time>3.958</time>
      <nodeId>630</nodeId>
      <enclosingBlocks>
        <string>629</string>
      </enclosingBlocks>
      <enclosingBlockNames>
        <string>Declarative: Post Actions</string>
      </enclosingBlockNames>
      <cases>
        <case>
          <duration>0.099</duration>
          <className>nui.VirtualTestHouse</className>
          <testName>VirtualTestHouse exists</testName>
          <skipped>false</skipped>
          <failedSince>0</failedSince>
        </case>
        <case>
          <duration>0.082</duration>
          <className>nui.VirtualTestHouse</className>
          <testName>VirtualTestHouse › mounted  mounts</testName>
          <skipped>false</skipped>
          <failedSince>0</failedSince>
        </case>
        <case>
          <duration>0.12</duration>
          <className>nui.VirtualTestHouse</className>
          <testName>VirtualTestHouse › mounted  mounts when there are no projects</testName>
          <skipped>false</skipped>
          <failedSince>0</failedSince>
        </case>
        <case>
          <duration>0.14</duration>
          <className>nui.VirtualTestHouse</className>
          <testName>VirtualTestHouse › mounted  should init the virtual test house component</testName>
          <skipped>false</skipped>
          <failedSince>0</failedSince>
        </case>
        <case>
          <duration>0.063</duration>
          <className>nui.VirtualTestHouse</className>
          <testName>VirtualTestHouse › mounted  should end the poll </testName>
          <skipped>false</skipped>
          <failedSince>0</failedSince>
        </case>
        <case>
          <duration>0.081</duration>
          <className>nui.VirtualTestHouse</className>
          <testName>VirtualTestHouse › before route leaves  should clear the tds prompt</testName>
          <skipped>false</skipped>
          <failedSince>0</failedSince>
        </case>
      </cases>
    </suite>
    <suite>
      <file>/tmp/jenkins-e606f5ec/workspace/nloop_main/junits/nui-unit-tests.xml</file>
      <name>Artifact Domain Store</name>
      <duration>1.347</duration>
      <timestamp>2022-10-04T19:52:47</timestamp>
      <time>1.347</time>
      <nodeId>630</nodeId>
      <enclosingBlocks>
        <string>629</string>
      </enclosingBlocks>
      <enclosingBlockNames>
        <string>Declarative: Post Actions</string>
      </enclosingBlockNames>
      <cases>
        <case>
          <duration>0.002</duration>
          <className>nui.Artifact Domain Store</className>
          <testName>Artifact Domain Store › getters should return all artifact domains, queried by archived flag</testName>
          <skipped>false</skipped>
          <failedSince>0</failedSince>
        </case>
        <case>
          <duration>0.002</duration>
          <className>nui.Artifact Domain Store</className>
          <testName>Artifact Domain Store › actions should get all artifact domains</testName>
          <skipped>false</skipped>
          <failedSince>0</failedSince>
        </case>
        <case>
          <duration>0.008</duration>
          <className>nui.Artifact Domain Store</className>
          <testName>Artifact Domain Store › actions should get a single artifact domain</testName>
          <skipped>false</skipped>
          <failedSince>0</failedSince>
        </case>
        <case>
          <duration>0.002</duration>
          <className>nui.Artifact Domain Store</className>
          <testName>Artifact Domain Store › actions should create an artifact domain</testName>
          <skipped>false</skipped>
          <failedSince>0</failedSince>
        </case>
        <case>
          <duration>0.001</duration>
          <className>nui.Artifact Domain Store</className>
          <testName>Artifact Domain Store › actions should archive a domain</testName>
          <skipped>false</skipped>
          <failedSince>0</failedSince>
        </case>
        <case>
          <duration>0.002</duration>
          <className>nui.Artifact Domain Store</className>
          <testName>Artifact Domain Store › actions should delete single artifact domain</testName>
          <skipped>false</skipped>
          <failedSince>0</failedSince>
        </case>
        <case>
          <duration>0.006</duration>
          <className>nui.Artifact Domain Store</className>
          <testName>Artifact Domain Store › actions should restore a domain</testName>
          <skipped>false</skipped>
          <failedSince>0</failedSince>
        </case>
        <case>
          <duration>0.004</duration>
          <className>nui.Artifact Domain Store</className>
          <testName>Artifact Domain Store › actions should update a domain</testName>
          <skipped>false</skipped>
          <failedSince>0</failedSince>
        </case>
        <case>
          <duration>0.01</duration>
          <className>nui.Artifact Domain Store</className>
          <testName>Artifact Domain Store › actions should create an artifact schema</testName>
          <skipped>false</skipped>
          <failedSince>0</failedSince>
        </case>
      </cases>
    </suite>
    <suite>
      <file>/tmp/jenkins-e606f5ec/workspace/nloop_main/junits/nui-unit-tests.xml</file>
      <name>Connectors store</name>
      <duration>1.846</duration>
      <timestamp>2022-10-04T19:52:47</timestamp>
      <time>1.846</time>
      <nodeId>630</nodeId>
      <enclosingBlocks>
        <string>629</string>
      </enclosingBlocks>
      <enclosingBlockNames>
        <string>Declarative: Post Actions</string>
      </enclosingBlockNames>
      <cases>
        <case>
          <duration>0.002</duration>
          <className>nui.Connectors store</className>
          <testName>Connectors store › getters should return connectors by project id</testName>
          <skipped>false</skipped>
          <failedSince>0</failedSince>
        </case>
        <case>
          <duration>0.006</duration>
          <className>nui.Connectors store</className>
          <testName>Connectors store › actions should delete connector by id and dispatch a get</testName>
          <skipped>false</skipped>
          <failedSince>0</failedSince>
        </case>
        <case>
          <duration>0.002</duration>
          <className>nui.Connectors store</className>
          <testName>Connectors store › actions should patch connector by id and dispatch a get</testName>
          <skipped>false</skipped>
          <failedSince>0</failedSince>
        </case>
        <case>
          <duration>0.011</duration>
          <className>nui.Connectors store</className>
          <testName>Connectors store › actions should post connector and dispatch a get</testName>
          <skipped>false</skipped>
          <failedSince>0</failedSince>
        </case>
        <case>
          <duration>0.001</duration>
          <className>nui.Connectors store</className>
          <testName>Connectors store › actions should delete query by id and dispatch a get by id</testName>
          <skipped>false</skipped>
          <failedSince>0</failedSince>
        </case>
        <case>
          <duration>0.019</duration>
          <className>nui.Connectors store</className>
          <testName>Connectors store › actions should patch query by id and dispatch a get by id</testName>
          <skipped>false</skipped>
          <failedSince>0</failedSince>
        </case>
        <case>
          <duration>0.012</duration>
          <className>nui.Connectors store</className>
          <testName>Connectors store › actions should post query and dispatch a get by id</testName>
          <skipped>false</skipped>
          <failedSince>0</failedSince>
        </case>
        <case>
          <duration>0.003</duration>
          <className>nui.Connectors store</className>
          <testName>Connectors store › actions should propagate message in the response body when the api errors</testName>
          <skipped>false</skipped>
          <failedSince>0</failedSince>
        </case>
      </cases>
    </suite>
    <suite>
      <file>/tmp/jenkins-e606f5ec/workspace/nloop_main/junits/nui-unit-tests.xml</file>
      <name>RequirementsTable</name>
      <duration>3.854</duration>
      <timestamp>2022-10-04T19:52:45</timestamp>
      <time>3.854</time>
      <nodeId>630</nodeId>
      <enclosingBlocks>
        <string>629</string>
      </enclosingBlocks>
      <enclosingBlockNames>
        <string>Declarative: Post Actions</string>
      </enclosingBlockNames>
      <cases>
        <case>
          <duration>0.369</duration>
          <className>nui.RequirementsTable</className>
          <testName>RequirementsTable mounts</testName>
          <skipped>false</skipped>
          <failedSince>0</failedSince>
        </case>
        <case>
          <duration>0.388</duration>
          <className>nui.RequirementsTable</className>
          <testName>RequirementsTable has the correct title and number of requirements</testName>
          <skipped>false</skipped>
          <failedSince>0</failedSince>
        </case>
        <case>
          <duration>0.233</duration>
          <className>nui.RequirementsTable</className>
          <testName>RequirementsTable has an anchor tag with a link for the item id</testName>
          <skipped>false</skipped>
          <failedSince>0</failedSince>
        </case>
        <case>
          <duration>0.313</duration>
          <className>nui.RequirementsTable</className>
          <testName>RequirementsTable should expand a row when clicked</testName>
          <skipped>false</skipped>
          <failedSince>0</failedSince>
        </case>
        <case>
          <duration>0.466</duration>
          <className>nui.RequirementsTable</className>
          <testName>RequirementsTable should disable expansion if there are no available requirements to show</testName>
          <skipped>false</skipped>
          <failedSince>0</failedSince>
        </case>
        <case>
          <duration>0.005</duration>
          <className>nui.RequirementsTable</className>
          <testName>RequirementsTable › methods should disable the test case icon if there are no test cases </testName>
          <skipped>false</skipped>
          <failedSince>0</failedSince>
        </case>
        <case>
          <duration>0.007</duration>
          <className>nui.RequirementsTable</className>
          <testName>RequirementsTable › methods should create a list of requirements based on the links of the row</testName>
          <skipped>false</skipped>
          <failedSince>0</failedSince>
        </case>
      </cases>
    </suite>
    <suite>
      <file>/tmp/jenkins-e606f5ec/workspace/nloop_main/junits/nui-unit-tests.xml</file>
      <name>TraceabilitySchemas</name>
      <duration>6.616</duration>
      <timestamp>2022-10-04T19:52:50</timestamp>
      <time>6.616</time>
      <nodeId>630</nodeId>
      <enclosingBlocks>
        <string>629</string>
      </enclosingBlocks>
      <enclosingBlockNames>
        <string>Declarative: Post Actions</string>
      </enclosingBlockNames>
      <cases>
        <case>
          <duration>1.458</duration>
          <className>nui.TraceabilitySchemas</className>
          <testName>TraceabilitySchemas shows a list containing the schemas returned by the store</testName>
          <skipped>false</skipped>
          <failedSince>0</failedSince>
        </case>
        <case>
          <duration>0.851</duration>
          <className>nui.TraceabilitySchemas</className>
          <testName>TraceabilitySchemas shows a message indicating there are no schema</testName>
          <skipped>false</skipped>
          <failedSince>0</failedSince>
        </case>
        <case>
          <duration>0.96</duration>
          <className>nui.TraceabilitySchemas</className>
          <testName>TraceabilitySchemas shows a button saying Back to Project Page</testName>
          <skipped>false</skipped>
          <failedSince>0</failedSince>
        </case>
        <case>
          <duration>0.587</duration>
          <className>nui.TraceabilitySchemas</className>
          <testName>TraceabilitySchemas does not show a button saying Create New Schema when the user does not have permission</testName>
          <skipped>false</skipped>
          <failedSince>0</failedSince>
        </case>
        <case>
          <duration>0.409</duration>
          <className>nui.TraceabilitySchemas</className>
          <testName>TraceabilitySchemas shows a button saying Create New Schema only when the user has permission</testName>
          <skipped>false</skipped>
          <failedSince>0</failedSince>
        </case>
      </cases>
    </suite>
    <suite>
      <file>/tmp/jenkins-e606f5ec/workspace/nloop_main/junits/nui-unit-tests.xml</file>
      <name>SafetyCaseTemplateViewer</name>
      <duration>10.55</duration>
      <timestamp>2022-10-04T19:52:50</timestamp>
      <time>10.55</time>
      <nodeId>630</nodeId>
      <enclosingBlocks>
        <string>629</string>
      </enclosingBlocks>
      <enclosingBlockNames>
        <string>Declarative: Post Actions</string>
      </enclosingBlockNames>
      <cases>
        <case>
          <duration>0.493</duration>
          <className>nui.SafetyCaseTemplateViewer</className>
          <testName>SafetyCaseTemplateViewer mounts</testName>
          <skipped>false</skipped>
          <failedSince>0</failedSince>
        </case>
        <case>
          <duration>0.369</duration>
          <className>nui.SafetyCaseTemplateViewer</className>
          <testName>SafetyCaseTemplateViewer should redirect to projects page if project id is invalid</testName>
          <skipped>false</skipped>
          <failedSince>0</failedSince>
        </case>
        <case>
          <duration>0.376</duration>
          <className>nui.SafetyCaseTemplateViewer</className>
          <testName>SafetyCaseTemplateViewer should redirect to projects page if safety case template id is invalid</testName>
          <skipped>false</skipped>
          <failedSince>0</failedSince>
        </case>
      </cases>
    </suite>
    <suite>
      <file>/tmp/jenkins-e606f5ec/workspace/nloop_main/junits/nui-unit-tests.xml</file>
      <name>MeasurementsGrid</name>
      <duration>12.245</duration>
      <timestamp>2022-10-04T19:52:50</timestamp>
      <time>12.245</time>
      <nodeId>630</nodeId>
      <enclosingBlocks>
        <string>629</string>
      </enclosingBlocks>
      <enclosingBlockNames>
        <string>Declarative: Post Actions</string>
      </enclosingBlockNames>
      <cases>
        <case>
          <duration>0.529</duration>
          <className>nui.MeasurementsGrid</className>
          <testName>MeasurementsGrid exists</testName>
          <skipped>false</skipped>
          <failedSince>0</failedSince>
        </case>
        <case>
          <duration>4.021</duration>
          <className>nui.MeasurementsGrid</className>
          <testName>MeasurementsGrid displays a operator type threshold</testName>
          <skipped>false</skipped>
          <failedSince>0</failedSince>
        </case>
        <case>
          <duration>2.927</duration>
          <className>nui.MeasurementsGrid</className>
          <testName>MeasurementsGrid displays a operator type intervals</testName>
          <skipped>false</skipped>
          <failedSince>0</failedSince>
        </case>
        <case>
          <duration>1.231</duration>
          <className>nui.MeasurementsGrid</className>
          <testName>MeasurementsGrid displays None if operator is not available </testName>
          <skipped>false</skipped>
          <failedSince>0</failedSince>
        </case>
        <case>
          <duration>0.441</duration>
          <className>nui.MeasurementsGrid</className>
          <testName>MeasurementsGrid display name if one is available</testName>
          <skipped>false</skipped>
          <failedSince>0</failedSince>
        </case>
        <case>
          <duration>0.571</duration>
          <className>nui.MeasurementsGrid</className>
          <testName>MeasurementsGrid display Missing Value if name is not available</testName>
          <skipped>false</skipped>
          <failedSince>0</failedSince>
        </case>
        <case>
          <duration>0.228</duration>
          <className>nui.MeasurementsGrid</className>
          <testName>MeasurementsGrid display No Runtime Evaluators Found message when no data is available</testName>
          <skipped>false</skipped>
          <failedSince>0</failedSince>
        </case>
        <case>
          <duration>0.007</duration>
          <className>nui.MeasurementsGrid</className>
          <testName>MeasurementsGrid › methods should get the status color</testName>
          <skipped>false</skipped>
          <failedSince>0</failedSince>
        </case>
      </cases>
    </suite>
    <suite>
      <file>/tmp/jenkins-e606f5ec/workspace/nloop_main/junits/nui-unit-tests.xml</file>
      <name>Drawer</name>
      <duration>5.078</duration>
      <timestamp>2022-10-04T19:52:59</timestamp>
      <time>5.078</time>
      <nodeId>630</nodeId>
      <enclosingBlocks>
        <string>629</string>
      </enclosingBlocks>
      <enclosingBlockNames>
        <string>Declarative: Post Actions</string>
      </enclosingBlockNames>
      <cases>
        <case>
          <duration>0.206</duration>
          <className>nui.Drawer</className>
          <testName>Drawer exists and visible</testName>
          <skipped>false</skipped>
          <failedSince>0</failedSince>
        </case>
        <case>
          <duration>0.266</duration>
          <className>nui.Drawer</className>
          <testName>Drawer should close drawer</testName>
          <skipped>false</skipped>
          <failedSince>0</failedSince>
        </case>
        <case>
          <duration>0.15</duration>
          <className>nui.Drawer</className>
          <testName>Drawer should not include a VTH link if the frisbee module is disabled</testName>
          <skipped>false</skipped>
          <failedSince>0</failedSince>
        </case>
        <case>
          <duration>0.209</duration>
          <className>nui.Drawer</className>
          <testName>Drawer should not include a reports link if the frisbee module is disabled</testName>
          <skipped>false</skipped>
          <failedSince>0</failedSince>
        </case>
        <case>
          <duration>0.127</duration>
          <className>nui.Drawer</className>
          <testName>Drawer should not include a trace link if the poc trace comparision is disabled</testName>
          <skipped>false</skipped>
          <failedSince>0</failedSince>
        </case>
        <case>
          <duration>0.214</duration>
          <className>nui.Drawer</className>
          <testName>Drawer should not include a profile link if the idp auth module is enabled</testName>
          <skipped>false</skipped>
          <failedSince>0</failedSince>
        </case>
        <case>
          <duration>0.161</duration>
          <className>nui.Drawer</className>
          <testName>Drawer should logout when user clicks logout button</testName>
          <skipped>false</skipped>
          <failedSince>0</failedSince>
        </case>
        <case>
          <duration>0.346</duration>
          <className>nui.Drawer</className>
          <testName>Drawer should hide the tool tip over the username if its shorter than 21 characters</testName>
          <skipped>false</skipped>
          <failedSince>0</failedSince>
        </case>
        <case>
          <duration>0.415</duration>
          <className>nui.Drawer</className>
          <testName>Drawer should have a tool tip for usernames over 21 characters</testName>
          <skipped>false</skipped>
          <failedSince>0</failedSince>
        </case>
      </cases>
    </suite>
    <suite>
      <file>/tmp/jenkins-e606f5ec/workspace/nloop_main/junits/nui-unit-tests.xml</file>
      <name>SummaryStatusBar</name>
      <duration>1.981</duration>
      <timestamp>2022-10-04T19:53:05</timestamp>
      <time>1.981</time>
      <nodeId>630</nodeId>
      <enclosingBlocks>
        <string>629</string>
      </enclosingBlocks>
      <enclosingBlockNames>
        <string>Declarative: Post Actions</string>
      </enclosingBlockNames>
      <cases>
        <case>
          <duration>0.187</duration>
          <className>nui.SummaryStatusBar</className>
          <testName>SummaryStatusBar displays counts correctly</testName>
          <skipped>false</skipped>
          <failedSince>0</failedSince>
        </case>
        <case>
          <duration>0.2</duration>
          <className>nui.SummaryStatusBar</className>
          <testName>SummaryStatusBar displays total correctly</testName>
          <skipped>false</skipped>
          <failedSince>0</failedSince>
        </case>
        <case>
          <duration>0.229</duration>
          <className>nui.SummaryStatusBar</className>
          <testName>SummaryStatusBar displays proper icon</testName>
          <skipped>false</skipped>
          <failedSince>0</failedSince>
        </case>
        <case>
          <duration>0.225</duration>
          <className>nui.SummaryStatusBar</className>
          <testName>SummaryStatusBar hides labels correctly</testName>
          <skipped>false</skipped>
          <failedSince>0</failedSince>
        </case>
      </cases>
    </suite>
    <suite>
      <file>/tmp/jenkins-e606f5ec/workspace/nloop_main/junits/nui-unit-tests.xml</file>
      <name>ExportTraceabilitySetVersionModal</name>
      <duration>6.244</duration>
      <timestamp>2022-10-04T19:53:02</timestamp>
      <time>6.244</time>
      <nodeId>630</nodeId>
      <enclosingBlocks>
        <string>629</string>
      </enclosingBlocks>
      <enclosingBlockNames>
        <string>Declarative: Post Actions</string>
      </enclosingBlockNames>
      <cases>
        <case>
          <duration>2.316</duration>
          <className>nui.ExportTraceabilitySetVersionModal</className>
          <testName>ExportTraceabilitySetVersionModal exports when the form is valid</testName>
          <skipped>false</skipped>
          <failedSince>0</failedSince>
        </case>
        <case>
          <duration>1.882</duration>
          <className>nui.ExportTraceabilitySetVersionModal</className>
          <testName>ExportTraceabilitySetVersionModal shows an error banner if the export api throws</testName>
          <skipped>false</skipped>
          <failedSince>0</failedSince>
        </case>
        <case>
          <duration>0.891</duration>
          <className>nui.ExportTraceabilitySetVersionModal</className>
          <testName>ExportTraceabilitySetVersionModal setVersions should be populated with a list of versions aranged in order of their creation</testName>
          <skipped>false</skipped>
          <failedSince>0</failedSince>
        </case>
      </cases>
    </suite>
    <suite>
      <file>/tmp/jenkins-e606f5ec/workspace/nloop_main/junits/nui-unit-tests.xml</file>
      <name>SSLForm</name>
      <duration>9.292</duration>
      <timestamp>2022-10-04T19:53:04</timestamp>
      <time>9.292</time>
      <nodeId>630</nodeId>
      <enclosingBlocks>
        <string>629</string>
      </enclosingBlocks>
      <enclosingBlockNames>
        <string>Declarative: Post Actions</string>
      </enclosingBlockNames>
      <cases>
        <case>
          <duration>0.985</duration>
          <className>nui.SSLForm</className>
          <testName>SSLForm mounts</testName>
          <skipped>false</skipped>
          <failedSince>0</failedSince>
        </case>
        <case>
          <duration>0.431</duration>
          <className>nui.SSLForm</className>
          <testName>SSLForm mounts</testName>
          <skipped>false</skipped>
          <failedSince>0</failedSince>
        </case>
        <case>
          <duration>0.551</duration>
          <className>nui.SSLForm</className>
          <testName>SSLForm hides root-certificate when mode is REQUIRE</testName>
          <skipped>false</skipped>
          <failedSince>0</failedSince>
        </case>
        <case>
          <duration>0.634</duration>
          <className>nui.SSLForm</className>
          <testName>SSLForm emits an update event when the model changes</testName>
          <skipped>false</skipped>
          <failedSince>0</failedSince>
        </case>
        <case>
          <duration>1.028</duration>
          <className>nui.SSLForm</className>
          <testName>SSLForm emits a validate event when the model changes</testName>
          <skipped>false</skipped>
          <failedSince>0</failedSince>
        </case>
        <case>
          <duration>0.731</duration>
          <className>nui.SSLForm</className>
          <testName>SSLForm › validation should validate mode for input null to false</testName>
          <skipped>false</skipped>
          <failedSince>0</failedSince>
        </case>
        <case>
          <duration>0.518</duration>
          <className>nui.SSLForm</className>
          <testName>SSLForm › validation should validate mode for input verify-full to true</testName>
          <skipped>false</skipped>
          <failedSince>0</failedSince>
        </case>
        <case>
          <duration>0.407</duration>
          <className>nui.SSLForm</className>
          <testName>SSLForm › validation should validate root_certificate for input null to false</testName>
          <skipped>false</skipped>
          <failedSince>0</failedSince>
        </case>
        <case>
          <duration>0.42</duration>
          <className>nui.SSLForm</className>
          <testName>SSLForm › validation should validate root_certificate for input a cert to true</testName>
          <skipped>false</skipped>
          <failedSince>0</failedSince>
        </case>
        <case>
          <duration>0.497</duration>
          <className>nui.SSLForm</className>
          <testName>SSLForm › validation should validate client_certificate for input null to true</testName>
          <skipped>false</skipped>
          <failedSince>0</failedSince>
        </case>
        <case>
          <duration>0.461</duration>
          <className>nui.SSLForm</className>
          <testName>SSLForm › validation should validate client_certificate for input null to true</testName>
          <skipped>false</skipped>
          <failedSince>0</failedSince>
        </case>
        <case>
          <duration>0.32</duration>
          <className>nui.SSLForm</className>
          <testName>SSLForm › validation should validate client_certificate for input null to false</testName>
          <skipped>false</skipped>
          <failedSince>0</failedSince>
        </case>
        <case>
          <duration>0.317</duration>
          <className>nui.SSLForm</className>
          <testName>SSLForm › validation should validate client_certificate_key for input null to true</testName>
          <skipped>false</skipped>
          <failedSince>0</failedSince>
        </case>
        <case>
          <duration>0.278</duration>
          <className>nui.SSLForm</className>
          <testName>SSLForm › validation should validate client_certificate_key for input null to true</testName>
          <skipped>false</skipped>
          <failedSince>0</failedSince>
        </case>
        <case>
          <duration>0.377</duration>
          <className>nui.SSLForm</className>
          <testName>SSLForm › validation should validate client_certificate_key for input null to false</testName>
          <skipped>false</skipped>
          <failedSince>0</failedSince>
        </case>
      </cases>
    </suite>
    <suite>
      <file>/tmp/jenkins-e606f5ec/workspace/nloop_main/junits/nui-unit-tests.xml</file>
      <name>TabularArtifactSet</name>
      <duration>5.318</duration>
      <timestamp>2022-10-04T19:53:09</timestamp>
      <time>5.318</time>
      <nodeId>630</nodeId>
      <enclosingBlocks>
        <string>629</string>
      </enclosingBlocks>
      <enclosingBlockNames>
        <string>Declarative: Post Actions</string>
      </enclosingBlockNames>
      <cases>
        <case>
          <duration>1.107</duration>
          <className>nui.TabularArtifactSet</className>
          <testName>TabularArtifactSet mounts element</testName>
          <skipped>false</skipped>
          <failedSince>0</failedSince>
        </case>
        <case>
          <duration>0.206</duration>
          <className>nui.TabularArtifactSet</className>
          <testName>TabularArtifactSet › computes text renders header</testName>
          <skipped>false</skipped>
          <failedSince>0</failedSince>
        </case>
        <case>
          <duration>0.112</duration>
          <className>nui.TabularArtifactSet</className>
          <testName>TabularArtifactSet › computes text renders header if no plural_name</testName>
          <skipped>false</skipped>
          <failedSince>0</failedSince>
        </case>
        <case>
          <duration>0.917</duration>
          <className>nui.TabularArtifactSet</className>
          <testName>TabularArtifactSet › methods should go to the manage artifact schemas page route by project id and artifact domain id</testName>
          <skipped>false</skipped>
          <failedSince>0</failedSince>
        </case>
      </cases>
    </suite>
    <suite>
      <file>/tmp/jenkins-e606f5ec/workspace/nloop_main/junits/nui-unit-tests.xml</file>
      <name>CreateJiraConnectorForm</name>
      <duration>6.145</duration>
      <timestamp>2022-10-04T19:53:09</timestamp>
      <time>6.145</time>
      <nodeId>630</nodeId>
      <enclosingBlocks>
        <string>629</string>
      </enclosingBlocks>
      <enclosingBlockNames>
        <string>Declarative: Post Actions</string>
      </enclosingBlockNames>
      <cases>
        <case>
          <duration>1.047</duration>
          <className>nui.CreateJiraConnectorForm</className>
          <testName>CreateJiraConnectorForm should mount without errors</testName>
          <skipped>false</skipped>
          <failedSince>0</failedSince>
        </case>
        <case>
          <duration>0.553</duration>
          <className>nui.CreateJiraConnectorForm</className>
          <testName>CreateJiraConnectorForm has configuration properties mapped to the correct input field</testName>
          <skipped>false</skipped>
          <failedSince>0</failedSince>
        </case>
        <case>
          <duration>0.332</duration>
          <className>nui.CreateJiraConnectorForm</className>
          <testName>CreateJiraConnectorForm should emit an update event for the database property on changed input</testName>
          <skipped>false</skipped>
          <failedSince>0</failedSince>
        </case>
        <case>
          <duration>0.404</duration>
          <className>nui.CreateJiraConnectorForm</className>
          <testName>CreateJiraConnectorForm › validation rules are setup correctly should validate the url for input isvalid to true</testName>
          <skipped>false</skipped>
          <failedSince>0</failedSince>
        </case>
        <case>
          <duration>0.203</duration>
          <className>nui.CreateJiraConnectorForm</className>
          <testName>CreateJiraConnectorForm › validation rules are setup correctly should validate the url for input null to false</testName>
          <skipped>false</skipped>
          <failedSince>0</failedSince>
        </case>
        <case>
          <duration>0.297</duration>
          <className>nui.CreateJiraConnectorForm</className>
          <testName>CreateJiraConnectorForm › validation rules are setup correctly should validate the url for input  to false</testName>
          <skipped>false</skipped>
          <failedSince>0</failedSince>
        </case>
        <case>
          <duration>0.193</duration>
          <className>nui.CreateJiraConnectorForm</className>
          <testName>CreateJiraConnectorForm › validation rules are setup correctly should validate the username for input is valid to true</testName>
          <skipped>false</skipped>
          <failedSince>0</failedSince>
        </case>
        <case>
          <duration>0.308</duration>
          <className>nui.CreateJiraConnectorForm</className>
          <testName>CreateJiraConnectorForm › validation rules are setup correctly should validate the username for input null to false</testName>
          <skipped>false</skipped>
          <failedSince>0</failedSince>
        </case>
        <case>
          <duration>0.36</duration>
          <className>nui.CreateJiraConnectorForm</className>
          <testName>CreateJiraConnectorForm › validation rules are setup correctly should validate the username for input  to false</testName>
          <skipped>false</skipped>
          <failedSince>0</failedSince>
        </case>
        <case>
          <duration>0.198</duration>
          <className>nui.CreateJiraConnectorForm</className>
          <testName>CreateJiraConnectorForm › validation rules are setup correctly should validate the api_token for input is valid token to true</testName>
          <skipped>false</skipped>
          <failedSince>0</failedSince>
        </case>
        <case>
          <duration>0.324</duration>
          <className>nui.CreateJiraConnectorForm</className>
          <testName>CreateJiraConnectorForm › validation rules are setup correctly should validate the api_token for input null to false</testName>
          <skipped>false</skipped>
          <failedSince>0</failedSince>
        </case>
        <case>
          <duration>0.533</duration>
          <className>nui.CreateJiraConnectorForm</className>
          <testName>CreateJiraConnectorForm › validation rules are setup correctly should validate the api_token for input  to false</testName>
          <skipped>false</skipped>
          <failedSince>0</failedSince>
        </case>
      </cases>
    </suite>
    <suite>
      <file>/tmp/jenkins-e606f5ec/workspace/nloop_main/junits/nui-unit-tests.xml</file>
      <name>custom sort</name>
      <duration>1.258</duration>
      <timestamp>2022-10-04T19:53:15</timestamp>
      <time>1.258</time>
      <nodeId>630</nodeId>
      <enclosingBlocks>
        <string>629</string>
      </enclosingBlocks>
      <enclosingBlockNames>
        <string>Declarative: Post Actions</string>
      </enclosingBlockNames>
      <cases>
        <case>
          <duration>0.007</duration>
          <className>nui.custom sort</className>
          <testName>custom sort › data table custom sort  should sort asc by status</testName>
          <skipped>false</skipped>
          <failedSince>0</failedSince>
        </case>
        <case>
          <duration>0.002</duration>
          <className>nui.custom sort</className>
          <testName>custom sort › data table custom sort  should sort dsc by status</testName>
          <skipped>false</skipped>
          <failedSince>0</failedSince>
        </case>
        <case>
          <duration>0.002</duration>
          <className>nui.custom sort</className>
          <testName>custom sort › data table custom sort  should sort by name if the values are equal</testName>
          <skipped>false</skipped>
          <failedSince>0</failedSince>
        </case>
        <case>
          <duration>0.015</duration>
          <className>nui.custom sort</className>
          <testName>custom sort › data table custom sort  should sort by name (desc) if the values are equal</testName>
          <skipped>false</skipped>
          <failedSince>0</failedSince>
        </case>
        <case>
          <duration>0.002</duration>
          <className>nui.custom sort</className>
          <testName>custom sort › data table custom sort  should not sort if the sort by is not status</testName>
          <skipped>false</skipped>
          <failedSince>0</failedSince>
        </case>
        <case>
          <duration>0.006</duration>
          <className>nui.custom sort</className>
          <testName>custom sort › sut custom sort  should sort asc by status</testName>
          <skipped>false</skipped>
          <failedSince>0</failedSince>
        </case>
        <case>
          <duration>0.003</duration>
          <className>nui.custom sort</className>
          <testName>custom sort › sut custom sort  should sort dsc by status</testName>
          <skipped>false</skipped>
          <failedSince>0</failedSince>
        </case>
        <case>
          <duration>0.001</duration>
          <className>nui.custom sort</className>
          <testName>custom sort › sut custom sort  should not sort if the values are equal</testName>
          <skipped>false</skipped>
          <failedSince>0</failedSince>
        </case>
        <case>
          <duration>0.0</duration>
          <className>nui.custom sort</className>
          <testName>custom sort › sut custom sort  should not sort if the sort by is not status</testName>
          <skipped>false</skipped>
          <failedSince>0</failedSince>
        </case>
      </cases>
    </suite>
    <suite>
      <file>/tmp/jenkins-e606f5ec/workspace/nloop_main/junits/nui-unit-tests.xml</file>
      <name>SUTRequirementsDataTable</name>
      <duration>3.151</duration>
      <timestamp>2022-10-04T19:53:16</timestamp>
      <time>3.151</time>
      <nodeId>630</nodeId>
      <enclosingBlocks>
        <string>629</string>
      </enclosingBlocks>
      <enclosingBlockNames>
        <string>Declarative: Post Actions</string>
      </enclosingBlockNames>
      <cases>
        <case>
          <duration>0.266</duration>
          <className>nui.SUTRequirementsDataTable</className>
          <testName>SUTRequirementsDataTable exists</testName>
          <skipped>false</skipped>
          <failedSince>0</failedSince>
        </case>
        <case>
          <duration>0.165</duration>
          <className>nui.SUTRequirementsDataTable</className>
          <testName>SUTRequirementsDataTable › watch should update the expanded row if there is a query id and suts</testName>
          <skipped>false</skipped>
          <failedSince>0</failedSince>
        </case>
        <case>
          <duration>0.136</duration>
          <className>nui.SUTRequirementsDataTable</className>
          <testName>SUTRequirementsDataTable › watch should keep watching if there are no suts yet</testName>
          <skipped>false</skipped>
          <failedSince>0</failedSince>
        </case>
        <case>
          <duration>0.053</duration>
          <className>nui.SUTRequirementsDataTable</className>
          <testName>SUTRequirementsDataTable › methods › status color should get the status color class by status count</testName>
          <skipped>false</skipped>
          <failedSince>0</failedSince>
        </case>
      </cases>
    </suite>
    <suite>
      <file>/tmp/jenkins-e606f5ec/workspace/nloop_main/junits/nui-unit-tests.xml</file>
      <name>platformEvaluationTupleSets store</name>
      <duration>2.342</duration>
      <timestamp>2022-10-04T19:53:20</timestamp>
      <time>2.342</time>
      <nodeId>630</nodeId>
      <enclosingBlocks>
        <string>629</string>
      </enclosingBlocks>
      <enclosingBlockNames>
        <string>Declarative: Post Actions</string>
      </enclosingBlockNames>
      <cases>
        <case>
          <duration>0.001</duration>
          <className>nui.platformEvaluationTupleSets store</className>
          <testName>platformEvaluationTupleSets store › state should have a default state</testName>
          <skipped>false</skipped>
          <failedSince>0</failedSince>
        </case>
        <case>
          <duration>0.006</duration>
          <className>nui.platformEvaluationTupleSets store</className>
          <testName>getters should get platformEvaluationTupleSets </testName>
          <skipped>false</skipped>
          <failedSince>0</failedSince>
        </case>
        <case>
          <duration>0.001</duration>
          <className>nui.platformEvaluationTupleSets store</className>
          <testName>getters should get platformEvaluationTupleSets by id </testName>
          <skipped>false</skipped>
          <failedSince>0</failedSince>
        </case>
        <case>
          <duration>0.002</duration>
          <className>nui.platformEvaluationTupleSets store</className>
          <testName>actions should GET all platform evaluation tuple sets</testName>
          <skipped>false</skipped>
          <failedSince>0</failedSince>
        </case>
        <case>
          <duration>0.002</duration>
          <className>nui.platformEvaluationTupleSets store</className>
          <testName>actions should create platform evaluation tuple set</testName>
          <skipped>false</skipped>
          <failedSince>0</failedSince>
        </case>
        <case>
          <duration>0.001</duration>
          <className>nui.platformEvaluationTupleSets store</className>
          <testName>actions should DELETE a platform evalution tuple set</testName>
          <skipped>false</skipped>
          <failedSince>0</failedSince>
        </case>
        <case>
          <duration>0.001</duration>
          <className>nui.platformEvaluationTupleSets store</className>
          <testName>mutations should set the platformEvaluationTupleSets </testName>
          <skipped>false</skipped>
          <failedSince>0</failedSince>
        </case>
      </cases>
    </suite>
    <suite>
      <file>/tmp/jenkins-e606f5ec/workspace/nloop_main/junits/nui-unit-tests.xml</file>
      <name>safety performance indicators store</name>
      <duration>1.4</duration>
      <timestamp>2022-10-04T19:53:24</timestamp>
      <time>1.4</time>
      <nodeId>630</nodeId>
      <enclosingBlocks>
        <string>629</string>
      </enclosingBlocks>
      <enclosingBlockNames>
        <string>Declarative: Post Actions</string>
      </enclosingBlockNames>
      <cases>
        <case>
          <duration>0.002</duration>
          <className>nui.safety performance indicators store</className>
          <testName>safety performance indicators store › state should have a default state</testName>
          <skipped>false</skipped>
          <failedSince>0</failedSince>
        </case>
        <case>
          <duration>0.009</duration>
          <className>nui.safety performance indicators store</className>
          <testName>getters should get safety performance indicators </testName>
          <skipped>false</skipped>
          <failedSince>0</failedSince>
        </case>
        <case>
          <duration>0.036</duration>
          <className>nui.safety performance indicators store</className>
          <testName>getters should get safety performance indicator statuses</testName>
          <skipped>false</skipped>
          <failedSince>0</failedSince>
        </case>
        <case>
          <duration>0.002</duration>
          <className>nui.safety performance indicators store</className>
          <testName>actions should GET flat safety performance indicators for project id</testName>
          <skipped>false</skipped>
          <failedSince>0</failedSince>
        </case>
        <case>
          <duration>0.001</duration>
          <className>nui.safety performance indicators store</className>
          <testName>actions should GET flat safety performance indicators statuses by project id and systen version</testName>
          <skipped>false</skipped>
          <failedSince>0</failedSince>
        </case>
        <case>
          <duration>0.029</duration>
          <className>nui.safety performance indicators store</className>
          <testName>actions should create safety performance indicator</testName>
          <skipped>false</skipped>
          <failedSince>0</failedSince>
        </case>
        <case>
          <duration>0.001</duration>
          <className>nui.safety performance indicators store</className>
          <testName>mutations should set the safety performance indicators </testName>
          <skipped>false</skipped>
          <failedSince>0</failedSince>
        </case>
      </cases>
    </suite>
    <suite>
      <file>/tmp/jenkins-e606f5ec/workspace/nloop_main/junits/nui-unit-tests.xml</file>
      <name>ConnectorQueryTable</name>
      <duration>6.695</duration>
      <timestamp>2022-10-04T19:53:21</timestamp>
      <time>6.695</time>
      <nodeId>630</nodeId>
      <enclosingBlocks>
        <string>629</string>
      </enclosingBlocks>
      <enclosingBlockNames>
        <string>Declarative: Post Actions</string>
      </enclosingBlockNames>
      <cases>
        <case>
          <duration>0.443</duration>
          <className>nui.ConnectorQueryTable</className>
          <testName>ConnectorQueryTable mounts</testName>
          <skipped>false</skipped>
          <failedSince>0</failedSince>
        </case>
        <case>
          <duration>0.875</duration>
          <className>nui.ConnectorQueryTable</className>
          <testName>ConnectorQueryTable renders a row for each query</testName>
          <skipped>false</skipped>
          <failedSince>0</failedSince>
        </case>
        <case>
          <duration>0.821</duration>
          <className>nui.ConnectorQueryTable</className>
          <testName>ConnectorQueryTable mounts a settings gear icon for each row</testName>
          <skipped>false</skipped>
          <failedSince>0</failedSince>
        </case>
        <case>
          <duration>1.255</duration>
          <className>nui.ConnectorQueryTable</className>
          <testName>ConnectorQueryTable mounts a status table as the expanded template</testName>
          <skipped>false</skipped>
          <failedSince>0</failedSince>
        </case>
        <case>
          <duration>0.793</duration>
          <className>nui.ConnectorQueryTable</className>
          <testName>ConnectorQueryTable does not show a menu if the user lacks permission</testName>
          <skipped>false</skipped>
          <failedSince>0</failedSince>
        </case>
        <case>
          <duration>0.267</duration>
          <className>nui.ConnectorQueryTable</className>
          <testName>ConnectorQueryTable › handlers deletes queries</testName>
          <skipped>false</skipped>
          <failedSince>0</failedSince>
        </case>
        <case>
          <duration>0.197</duration>
          <className>nui.ConnectorQueryTable</className>
          <testName>ConnectorQueryTable › handlers updates queries</testName>
          <skipped>false</skipped>
          <failedSince>0</failedSince>
        </case>
      </cases>
    </suite>
    <suite>
      <file>/tmp/jenkins-e606f5ec/workspace/nloop_main/junits/nui-unit-tests.xml</file>
      <name>PlatformEvaluationTuple</name>
      <duration>11.479</duration>
      <timestamp>2022-10-04T19:53:17</timestamp>
      <time>11.479</time>
      <nodeId>630</nodeId>
      <enclosingBlocks>
        <string>629</string>
      </enclosingBlocks>
      <enclosingBlockNames>
        <string>Declarative: Post Actions</string>
      </enclosingBlockNames>
      <cases>
        <case>
          <duration>2.41</duration>
          <className>nui.PlatformEvaluationTuple</className>
          <testName>PlatformEvaluationTuple should show all PET table fields</testName>
          <skipped>false</skipped>
          <failedSince>0</failedSince>
        </case>
        <case>
          <duration>2.029</duration>
          <className>nui.PlatformEvaluationTuple</className>
          <testName>PlatformEvaluationTuple renders a row for PET</testName>
          <skipped>false</skipped>
          <failedSince>0</failedSince>
        </case>
        <case>
          <duration>1.861</duration>
          <className>nui.PlatformEvaluationTuple</className>
          <testName>PlatformEvaluationTuple should show None if PET fields are missing</testName>
          <skipped>false</skipped>
          <failedSince>0</failedSince>
        </case>
        <case>
          <duration>1.426</duration>
          <className>nui.PlatformEvaluationTuple</className>
          <testName>PlatformEvaluationTuple › methods should go to the PETSETS page</testName>
          <skipped>false</skipped>
          <failedSince>0</failedSince>
        </case>
      </cases>
    </suite>
    <suite>
      <file>/tmp/jenkins-e606f5ec/workspace/nloop_main/junits/nui-unit-tests.xml</file>
      <name>JsonViewModal</name>
      <duration>2.059</duration>
      <timestamp>2022-10-04T19:53:29</timestamp>
      <time>2.059</time>
      <nodeId>630</nodeId>
      <enclosingBlocks>
        <string>629</string>
      </enclosingBlocks>
      <enclosingBlockNames>
        <string>Declarative: Post Actions</string>
      </enclosingBlockNames>
      <cases>
        <case>
          <duration>0.216</duration>
          <className>nui.JsonViewModal</className>
          <testName>JsonViewModal exists</testName>
          <skipped>false</skipped>
          <failedSince>0</failedSince>
        </case>
        <case>
          <duration>0.621</duration>
          <className>nui.JsonViewModal</className>
          <testName>JsonViewModal closes the modal</testName>
          <skipped>false</skipped>
          <failedSince>0</failedSince>
        </case>
        <case>
          <duration>0.107</duration>
          <className>nui.JsonViewModal</className>
          <testName>JsonViewModal › computed  should pretty print the json template</testName>
          <skipped>false</skipped>
          <failedSince>0</failedSince>
        </case>
        <case>
          <duration>0.002</duration>
          <className>nui.JsonViewModal</className>
          <testName>JsonViewModal › methods  should copy the template</testName>
          <skipped>false</skipped>
          <failedSince>0</failedSince>
        </case>
        <case>
          <duration>0.006</duration>
          <className>nui.JsonViewModal</className>
          <testName>JsonViewModal › methods  should catch an error when copying the template</testName>
          <skipped>false</skipped>
          <failedSince>0</failedSince>
        </case>
        <case>
          <duration>0.006</duration>
          <className>nui.JsonViewModal</className>
          <testName>JsonViewModal › methods  should download the template to a json file</testName>
          <skipped>false</skipped>
          <failedSince>0</failedSince>
        </case>
      </cases>
    </suite>
    <suite>
      <file>/tmp/jenkins-e606f5ec/workspace/nloop_main/junits/nui-unit-tests.xml</file>
      <name>Fault Node</name>
      <duration>6.962</duration>
      <timestamp>2022-10-04T19:53:27</timestamp>
      <time>6.962</time>
      <nodeId>630</nodeId>
      <enclosingBlocks>
        <string>629</string>
      </enclosingBlocks>
      <enclosingBlockNames>
        <string>Declarative: Post Actions</string>
      </enclosingBlockNames>
      <cases>
        <case>
          <duration>0.212</duration>
          <className>nui.Fault Node</className>
          <testName>Fault Node displays a node of correct shape with a title and icon for the selected status</testName>
          <skipped>false</skipped>
          <failedSince>0</failedSince>
        </case>
        <case>
          <duration>0.172</duration>
          <className>nui.Fault Node</className>
          <testName>Fault Node displays the error state icon on a node in the error state</testName>
          <skipped>false</skipped>
          <failedSince>0</failedSince>
        </case>
      </cases>
    </suite>
    <suite>
      <file>/tmp/jenkins-e606f5ec/workspace/nloop_main/junits/nui-unit-tests.xml</file>
      <name>CreatePlatformEvaluationSetModal</name>
      <duration>19.771</duration>
      <timestamp>2022-10-04T19:53:29</timestamp>
      <time>7.945</time>
      <nodeId>630</nodeId>
      <enclosingBlocks>
        <string>629</string>
      </enclosingBlocks>
      <enclosingBlockNames>
        <string>Declarative: Post Actions</string>
      </enclosingBlockNames>
      <cases>
        <case>
          <duration>1.376</duration>
          <className>nui.CreatePlatformEvaluationSetModal</className>
          <testName>CreatePlatformEvaluationSetModal should close modal window</testName>
          <skipped>false</skipped>
          <failedSince>0</failedSince>
        </case>
        <case>
          <duration>1.342</duration>
          <className>nui.CreatePlatformEvaluationSetModal</className>
          <testName>CreatePlatformEvaluationSetModal mounts a button as the activator</testName>
          <skipped>false</skipped>
          <failedSince>0</failedSince>
        </case>
        <case>
          <duration>2.247</duration>
          <className>nui.CreatePlatformEvaluationSetModal</className>
          <testName>CreatePlatformEvaluationSetModal should call save when the form is valid</testName>
          <skipped>false</skipped>
          <failedSince>0</failedSince>
        </case>
        <case>
          <duration>1.842</duration>
          <className>nui.CreatePlatformEvaluationSetModal</className>
          <testName>CreatePlatformEvaluationSetModal should reset fields the form when cleared</testName>
          <skipped>false</skipped>
          <failedSince>0</failedSince>
        </case>
        <case>
          <duration>6.403</duration>
          <className>nui.CreatePlatformEvaluationSetModal</className>
          <testName>CreatePlatformEvaluationSetModal should close modal window</testName>
          <skipped>false</skipped>
          <failedSince>0</failedSince>
        </case>
        <case>
          <duration>0.972</duration>
          <className>nui.CreatePlatformEvaluationSetModal</className>
          <testName>CreatePlatformEvaluationSetModal mounts a button as the activator</testName>
          <skipped>false</skipped>
          <failedSince>0</failedSince>
        </case>
        <case>
          <duration>1.367</duration>
          <className>nui.CreatePlatformEvaluationSetModal</className>
          <testName>CreatePlatformEvaluationSetModal should call save when the form is valid</testName>
          <skipped>false</skipped>
          <failedSince>0</failedSince>
        </case>
        <case>
          <duration>1.402</duration>
          <className>nui.CreatePlatformEvaluationSetModal</className>
          <testName>CreatePlatformEvaluationSetModal should reset fields the form when cleared</testName>
          <skipped>false</skipped>
          <failedSince>0</failedSince>
        </case>
      </cases>
    </suite>
    <suite>
      <file>/tmp/jenkins-e606f5ec/workspace/nloop_main/junits/nui-unit-tests.xml</file>
      <name>Profile</name>
      <duration>5.874</duration>
      <timestamp>2022-10-04T19:53:32</timestamp>
      <time>5.874</time>
      <nodeId>630</nodeId>
      <enclosingBlocks>
        <string>629</string>
      </enclosingBlocks>
      <enclosingBlockNames>
        <string>Declarative: Post Actions</string>
      </enclosingBlockNames>
      <cases>
        <case>
          <duration>0.843</duration>
          <className>nui.Profile</className>
          <testName>Profile mounts</testName>
          <skipped>false</skipped>
          <failedSince>0</failedSince>
        </case>
        <case>
          <duration>1.315</duration>
          <className>nui.Profile</className>
          <testName>Profile submits password and id to the store when handling updateUserPassword</testName>
          <skipped>false</skipped>
          <failedSince>0</failedSince>
        </case>
        <case>
          <duration>0.999</duration>
          <className>nui.Profile</className>
          <testName>Profile re-validates whenever password or confirmPassword are updated</testName>
          <skipped>false</skipped>
          <failedSince>0</failedSince>
        </case>
        <case>
          <duration>1.257</duration>
          <className>nui.Profile</className>
          <testName>Profile revealing password on current password does not reveal other passwords</testName>
          <skipped>false</skipped>
          <failedSince>0</failedSince>
        </case>
      </cases>
    </suite>
    <suite>
      <file>/tmp/jenkins-e606f5ec/workspace/nloop_main/junits/nui-unit-tests.xml</file>
      <name>platformEvaluationTuple store</name>
      <duration>2.228</duration>
      <timestamp>2022-10-04T19:53:38</timestamp>
      <time>2.228</time>
      <nodeId>630</nodeId>
      <enclosingBlocks>
        <string>629</string>
      </enclosingBlocks>
      <enclosingBlockNames>
        <string>Declarative: Post Actions</string>
      </enclosingBlockNames>
      <cases>
        <case>
          <duration>0.034</duration>
          <className>nui.platformEvaluationTuple store</className>
          <testName>platformEvaluationTuple store › state should have a default state</testName>
          <skipped>false</skipped>
          <failedSince>0</failedSince>
        </case>
        <case>
          <duration>0.008</duration>
          <className>nui.platformEvaluationTuple store</className>
          <testName>getters should get platformEvaluationTuple </testName>
          <skipped>false</skipped>
          <failedSince>0</failedSince>
        </case>
        <case>
          <duration>0.008</duration>
          <className>nui.platformEvaluationTuple store</className>
          <testName>getters should get platformEvaluationTuple by id </testName>
          <skipped>false</skipped>
          <failedSince>0</failedSince>
        </case>
        <case>
          <duration>0.005</duration>
          <className>nui.platformEvaluationTuple store</className>
          <testName>actions should GET all platformEvaluationTuples</testName>
          <skipped>false</skipped>
          <failedSince>0</failedSince>
        </case>
        <case>
          <duration>0.002</duration>
          <className>nui.platformEvaluationTuple store</className>
          <testName>actions should POST a platformEvaluationTuple</testName>
          <skipped>false</skipped>
          <failedSince>0</failedSince>
        </case>
        <case>
          <duration>0.001</duration>
          <className>nui.platformEvaluationTuple store</className>
          <testName>actions should DELETE a platformEvaluationTuple</testName>
          <skipped>false</skipped>
          <failedSince>0</failedSince>
        </case>
        <case>
          <duration>0.001</duration>
          <className>nui.platformEvaluationTuple store</className>
          <testName>mutations should set the platformEvaluationTuple </testName>
          <skipped>false</skipped>
          <failedSince>0</failedSince>
        </case>
      </cases>
    </suite>
    <suite>
      <file>/tmp/jenkins-e606f5ec/workspace/nloop_main/junits/nui-unit-tests.xml</file>
      <name>Project</name>
      <duration>3.166</duration>
      <timestamp>2022-10-04T19:53:41</timestamp>
      <time>3.166</time>
      <nodeId>630</nodeId>
      <enclosingBlocks>
        <string>629</string>
      </enclosingBlocks>
      <enclosingBlockNames>
        <string>Declarative: Post Actions</string>
      </enclosingBlockNames>
      <cases>
        <case>
          <duration>0.141</duration>
          <className>nui.Project</className>
          <testName>Project mounts</testName>
          <skipped>false</skipped>
          <failedSince>0</failedSince>
        </case>
        <case>
          <duration>0.213</duration>
          <className>nui.Project</className>
          <testName>Project should redirect to projects page if project id is invalid</testName>
          <skipped>false</skipped>
          <failedSince>0</failedSince>
        </case>
        <case>
          <duration>0.003</duration>
          <className>nui.Project</className>
          <testName>Project should handle updates when update is successful</testName>
          <skipped>false</skipped>
          <failedSince>0</failedSince>
        </case>
        <case>
          <duration>0.014</duration>
          <className>nui.Project</className>
          <testName>Project should handle error when update is unsuccessful</testName>
          <skipped>false</skipped>
          <failedSince>0</failedSince>
        </case>
      </cases>
    </suite>
    <suite>
      <file>/tmp/jenkins-e606f5ec/workspace/nloop_main/junits/nui-unit-tests.xml</file>
      <name>ImportArtifactSetVersion</name>
      <duration>6.163</duration>
      <timestamp>2022-10-04T19:53:39</timestamp>
      <time>6.163</time>
      <nodeId>630</nodeId>
      <enclosingBlocks>
        <string>629</string>
      </enclosingBlocks>
      <enclosingBlockNames>
        <string>Declarative: Post Actions</string>
      </enclosingBlockNames>
      <cases>
        <case>
          <duration>2.768</duration>
          <className>nui.ImportArtifactSetVersion</className>
          <testName>ImportArtifactSetVersion should import the artifact set version by file</testName>
          <skipped>false</skipped>
          <failedSince>0</failedSince>
        </case>
        <case>
          <duration>2.003</duration>
          <className>nui.ImportArtifactSetVersion</className>
          <testName>ImportArtifactSetVersion should handle the import failing</testName>
          <skipped>false</skipped>
          <failedSince>0</failedSince>
        </case>
      </cases>
    </suite>
    <suite>
      <file>/tmp/jenkins-e606f5ec/workspace/nloop_main/junits/nui-unit-tests.xml</file>
      <name>TraceabilitySetVersion</name>
      <duration>11.078</duration>
      <timestamp>2022-10-04T19:53:39</timestamp>
      <time>11.078</time>
      <nodeId>630</nodeId>
      <enclosingBlocks>
        <string>629</string>
      </enclosingBlocks>
      <enclosingBlockNames>
        <string>Declarative: Post Actions</string>
      </enclosingBlockNames>
      <cases>
        <case>
          <duration>2.916</duration>
          <className>nui.TraceabilitySetVersion</className>
          <testName>TraceabilitySetVersion includes a button that navigates back to the traceability set list</testName>
          <skipped>false</skipped>
          <failedSince>0</failedSince>
        </case>
        <case>
          <duration>2.464</duration>
          <className>nui.TraceabilitySetVersion</className>
          <testName>TraceabilitySetVersion shows the import button if the user has traceability permissions</testName>
          <skipped>false</skipped>
          <failedSince>0</failedSince>
        </case>
        <case>
          <duration>2.053</duration>
          <className>nui.TraceabilitySetVersion</className>
          <testName>TraceabilitySetVersion does not show the import button if the user does not have traceability permissions</testName>
          <skipped>false</skipped>
          <failedSince>0</failedSince>
        </case>
        <case>
          <duration>1.834</duration>
          <className>nui.TraceabilitySetVersion</className>
          <testName>TraceabilitySetVersion lists traceability set versions</testName>
          <skipped>false</skipped>
          <failedSince>0</failedSince>
        </case>
      </cases>
    </suite>
    <suite>
      <file>/tmp/jenkins-e606f5ec/workspace/nloop_main/junits/nui-unit-tests.xml</file>
      <name>PlatformEvaluationHistogram</name>
      <duration>5.235</duration>
      <timestamp>2022-10-04T19:53:45</timestamp>
      <time>5.235</time>
      <nodeId>630</nodeId>
      <enclosingBlocks>
        <string>629</string>
      </enclosingBlocks>
      <enclosingBlockNames>
        <string>Declarative: Post Actions</string>
      </enclosingBlockNames>
      <cases>
        <case>
          <duration>1.185</duration>
          <className>nui.PlatformEvaluationHistogram</className>
          <testName>PlatformEvaluationHistogram should render a tile based on the tuple name</testName>
          <skipped>false</skipped>
          <failedSince>0</failedSince>
        </case>
        <case>
          <duration>0.706</duration>
          <className>nui.PlatformEvaluationHistogram</className>
          <testName>PlatformEvaluationHistogram should render a scatter plot</testName>
          <skipped>false</skipped>
          <failedSince>0</failedSince>
        </case>
        <case>
          <duration>0.421</duration>
          <className>nui.PlatformEvaluationHistogram</className>
          <testName>PlatformEvaluationHistogram should creata a data array that represents a histogram</testName>
          <skipped>false</skipped>
          <failedSince>0</failedSince>
        </case>
        <case>
          <duration>0.307</duration>
          <className>nui.PlatformEvaluationHistogram</className>
          <testName>PlatformEvaluationHistogram should generate a measurements list</testName>
          <skipped>false</skipped>
          <failedSince>0</failedSince>
        </case>
        <case>
          <duration>0.576</duration>
          <className>nui.PlatformEvaluationHistogram</className>
          <testName>PlatformEvaluationHistogram should generate a histogram data array that coorelates to the correct measurement number</testName>
          <skipped>false</skipped>
          <failedSince>0</failedSince>
        </case>
      </cases>
    </suite>
    <suite>
      <file>/tmp/jenkins-e606f5ec/workspace/nloop_main/junits/nui-unit-tests.xml</file>
      <name>PerformanceWarningModal</name>
      <duration>7.61</duration>
      <timestamp>2022-10-04T19:53:47</timestamp>
      <time>7.61</time>
      <nodeId>630</nodeId>
      <enclosingBlocks>
        <string>629</string>
      </enclosingBlocks>
      <enclosingBlockNames>
        <string>Declarative: Post Actions</string>
      </enclosingBlockNames>
      <cases>
        <case>
          <duration>0.907</duration>
          <className>nui.PerformanceWarningModal</className>
          <testName>PerformanceWarningModal mounts</testName>
          <skipped>false</skipped>
          <failedSince>0</failedSince>
        </case>
        <case>
          <duration>0.787</duration>
          <className>nui.PerformanceWarningModal</className>
          <testName>PerformanceWarningModal returns correct config for WARN status</testName>
          <skipped>false</skipped>
          <failedSince>0</failedSince>
        </case>
        <case>
          <duration>0.556</duration>
          <className>nui.PerformanceWarningModal</className>
          <testName>PerformanceWarningModal returns correct config for FAIL status</testName>
          <skipped>false</skipped>
          <failedSince>0</failedSince>
        </case>
        <case>
          <duration>1.6</duration>
          <className>nui.PerformanceWarningModal</className>
          <testName>PerformanceWarningModal calls the onIgnoreWarning callback when ignoring the warning</testName>
          <skipped>false</skipped>
          <failedSince>0</failedSince>
        </case>
        <case>
          <duration>0.911</duration>
          <className>nui.PerformanceWarningModal</className>
          <testName>PerformanceWarningModal opens the time range modal when editing time range config</testName>
          <skipped>false</skipped>
          <failedSince>0</failedSince>
        </case>
        <case>
          <duration>1.015</duration>
          <className>nui.PerformanceWarningModal</className>
          <testName>PerformanceWarningModal does not show an ignore button if the status is FAIL</testName>
          <skipped>false</skipped>
          <failedSince>0</failedSince>
        </case>
      </cases>
    </suite>
    <suite>
      <file>/tmp/jenkins-e606f5ec/workspace/nloop_main/junits/nui-unit-tests.xml</file>
      <name>chart utils</name>
      <duration>1.707</duration>
      <timestamp>2022-10-04T19:53:53</timestamp>
      <time>1.707</time>
      <nodeId>630</nodeId>
      <enclosingBlocks>
        <string>629</string>
      </enclosingBlocks>
      <enclosingBlockNames>
        <string>Declarative: Post Actions</string>
      </enclosingBlockNames>
      <cases>
        <case>
          <duration>0.063</duration>
          <className>nui.chart utils</className>
          <testName>chart utils › getYAxisScale should compute a buffered max and min based on the range in the data</testName>
          <skipped>false</skipped>
          <failedSince>0</failedSince>
        </case>
        <case>
          <duration>0.001</duration>
          <className>nui.chart utils</className>
          <testName>chart utils › getYAxisScale should use the threshold to calculate range when it is the extreme min</testName>
          <skipped>false</skipped>
          <failedSince>0</failedSince>
        </case>
        <case>
          <duration>0.0</duration>
          <className>nui.chart utils</className>
          <testName>chart utils › getYAxisScale should ignore the threshold if it is not a number</testName>
          <skipped>false</skipped>
          <failedSince>0</failedSince>
        </case>
        <case>
          <duration>0.003</duration>
          <className>nui.chart utils</className>
          <testName>chart utils › getYAxisScale should use the threshold to calculate range when it is the extreme max</testName>
          <skipped>false</skipped>
          <failedSince>0</failedSince>
        </case>
        <case>
          <duration>0.008</duration>
          <className>nui.chart utils</className>
          <testName>chart utils › getYAxisScale should use the configured min over the calculated min</testName>
          <skipped>false</skipped>
          <failedSince>0</failedSince>
        </case>
        <case>
          <duration>0.002</duration>
          <className>nui.chart utils</className>
          <testName>chart utils › getYAxisScale should use the configured max over the calculated min</testName>
          <skipped>false</skipped>
          <failedSince>0</failedSince>
        </case>
        <case>
          <duration>0.001</duration>
          <className>nui.chart utils</className>
          <testName>chart utils › getYAxisScale should use both configured max and min values</testName>
          <skipped>false</skipped>
          <failedSince>0</failedSince>
        </case>
        <case>
          <duration>0.001</duration>
          <className>nui.chart utils</className>
          <testName>chart utils › getYAxisScale should return an empty object if the node is null</testName>
          <skipped>false</skipped>
          <failedSince>0</failedSince>
        </case>
        <case>
          <duration>0.001</duration>
          <className>nui.chart utils</className>
          <testName>chart utils › getYAxisScale should return an empty object if the node is undefined</testName>
          <skipped>false</skipped>
          <failedSince>0</failedSince>
        </case>
      </cases>
    </suite>
    <suite>
      <file>/tmp/jenkins-e606f5ec/workspace/nloop_main/junits/nui-unit-tests.xml</file>
      <name>TestDesignSpecificationDataTable</name>
      <duration>3.955</duration>
      <timestamp>2022-10-04T19:53:56</timestamp>
      <time>3.955</time>
      <nodeId>630</nodeId>
      <enclosingBlocks>
        <string>629</string>
      </enclosingBlocks>
      <enclosingBlockNames>
        <string>Declarative: Post Actions</string>
      </enclosingBlockNames>
      <cases>
        <case>
          <duration>0.197</duration>
          <className>nui.TestDesignSpecificationDataTable</className>
          <testName>TestDesignSpecificationDataTable exists</testName>
          <skipped>false</skipped>
          <failedSince>0</failedSince>
        </case>
        <case>
          <duration>1.183</duration>
          <className>nui.TestDesignSpecificationDataTable</className>
          <testName>TestDesignSpecificationDataTable should have the correct title </testName>
          <skipped>false</skipped>
          <failedSince>0</failedSince>
        </case>
        <case>
          <duration>0.312</duration>
          <className>nui.TestDesignSpecificationDataTable</className>
          <testName>TestDesignSpecificationDataTable › watch should expand the row if there is a query id and tds</testName>
          <skipped>false</skipped>
          <failedSince>0</failedSince>
        </case>
        <case>
          <duration>0.137</duration>
          <className>nui.TestDesignSpecificationDataTable</className>
          <testName>TestDesignSpecificationDataTable › watch should keep watching if there are no tds</testName>
          <skipped>false</skipped>
          <failedSince>0</failedSince>
        </case>
        <case>
          <duration>0.003</duration>
          <className>nui.TestDesignSpecificationDataTable</className>
          <testName>TestDesignSpecificationDataTable › methods should get the status color</testName>
          <skipped>false</skipped>
          <failedSince>0</failedSince>
        </case>
      </cases>
    </suite>
    <suite>
      <file>/tmp/jenkins-e606f5ec/workspace/nloop_main/junits/nui-unit-tests.xml</file>
      <name>PlatformEvaluationTupleSets</name>
      <duration>8.802</duration>
      <timestamp>2022-10-04T19:53:52</timestamp>
      <time>8.802</time>
      <nodeId>630</nodeId>
      <enclosingBlocks>
        <string>629</string>
      </enclosingBlocks>
      <enclosingBlockNames>
        <string>Declarative: Post Actions</string>
      </enclosingBlockNames>
      <cases>
        <case>
          <duration>1.711</duration>
          <className>nui.PlatformEvaluationTupleSets</className>
          <testName>PlatformEvaluationTupleSets should show all PETS table fields</testName>
          <skipped>false</skipped>
          <failedSince>0</failedSince>
        </case>
        <case>
          <duration>1.858</duration>
          <className>nui.PlatformEvaluationTupleSets</className>
          <testName>PlatformEvaluationTupleSets renders a row for each platform evaluation tuple set</testName>
          <skipped>false</skipped>
          <failedSince>0</failedSince>
        </case>
        <case>
          <duration>1.883</duration>
          <className>nui.PlatformEvaluationTupleSets</className>
          <testName>PlatformEvaluationTupleSets should show None if PETS fields are missing</testName>
          <skipped>false</skipped>
          <failedSince>0</failedSince>
        </case>
      </cases>
    </suite>
    <suite>
      <file>/tmp/jenkins-e606f5ec/workspace/nloop_main/junits/nui-unit-tests.xml</file>
      <name>ArtifactSchemaDetailModal</name>
      <duration>5.382</duration>
      <timestamp>2022-10-04T19:53:56</timestamp>
      <time>5.382</time>
      <nodeId>630</nodeId>
      <enclosingBlocks>
        <string>629</string>
      </enclosingBlocks>
      <enclosingBlockNames>
        <string>Declarative: Post Actions</string>
      </enclosingBlockNames>
      <cases>
        <case>
          <duration>0.087</duration>
          <className>nui.ArtifactSchemaDetailModal</className>
          <testName>ArtifactSchemaDetailModal allows name and description to be edited</testName>
          <skipped>false</skipped>
          <failedSince>0</failedSince>
        </case>
        <case>
          <duration>0.485</duration>
          <className>nui.ArtifactSchemaDetailModal</className>
          <testName>ArtifactSchemaDetailModal makes name and description readonly</testName>
          <skipped>false</skipped>
          <failedSince>0</failedSince>
        </case>
        <case>
          <duration>0.005</duration>
          <className>nui.ArtifactSchemaDetailModal</className>
          <testName>ArtifactSchemaDetailModal downloads the schema</testName>
          <skipped>false</skipped>
          <failedSince>0</failedSince>
        </case>
        <case>
          <duration>1.657</duration>
          <className>nui.ArtifactSchemaDetailModal</className>
          <testName>ArtifactSchemaDetailModal closes the dialog</testName>
          <skipped>false</skipped>
          <failedSince>0</failedSince>
        </case>
      </cases>
    </suite>
    <suite>
      <file>/tmp/jenkins-e606f5ec/workspace/nloop_main/junits/nui-unit-tests.xml</file>
      <name>ArtifactSetTreeList</name>
      <duration>1.162</duration>
      <timestamp>2022-10-04T19:54:02</timestamp>
      <time>1.162</time>
      <nodeId>630</nodeId>
      <enclosingBlocks>
        <string>629</string>
      </enclosingBlocks>
      <enclosingBlockNames>
        <string>Declarative: Post Actions</string>
      </enclosingBlockNames>
      <cases>
        <case>
          <duration>0.239</duration>
          <className>nui.ArtifactSetTreeList</className>
          <testName>ArtifactSetTreeList Shows a row for each tree of the correct artifact domain in the selected version</testName>
          <skipped>false</skipped>
          <failedSince>0</failedSince>
        </case>
        <case>
          <duration>0.126</duration>
          <className>nui.ArtifactSetTreeList</className>
          <testName>ArtifactSetTreeList shows a no-data message when there are no selected trees</testName>
          <skipped>false</skipped>
          <failedSince>0</failedSince>
        </case>
      </cases>
    </suite>
    <suite>
      <file>/tmp/jenkins-e606f5ec/workspace/nloop_main/junits/nui-unit-tests.xml</file>
      <name>Permissions</name>
      <duration>3.182</duration>
      <timestamp>2022-10-04T19:54:01</timestamp>
      <time>3.182</time>
      <nodeId>630</nodeId>
      <enclosingBlocks>
        <string>629</string>
      </enclosingBlocks>
      <enclosingBlockNames>
        <string>Declarative: Post Actions</string>
      </enclosingBlockNames>
      <cases>
        <case>
          <duration>0.036</duration>
          <className>nui.Permissions</className>
          <testName>Permissions mounts</testName>
          <skipped>false</skipped>
          <failedSince>0</failedSince>
        </case>
        <case>
          <duration>0.047</duration>
          <className>nui.Permissions</className>
          <testName>Permissions › mounted should get all permissions</testName>
          <skipped>false</skipped>
          <failedSince>0</failedSince>
        </case>
        <case>
          <duration>0.942</duration>
          <className>nui.Permissions</className>
          <testName>Permissions › mounted should disable the switches if the idp auth is enabled</testName>
          <skipped>false</skipped>
          <failedSince>0</failedSince>
        </case>
        <case>
          <duration>0.055</duration>
          <className>nui.Permissions</className>
          <testName>Permissions › computed should get user permissions</testName>
          <skipped>false</skipped>
          <failedSince>0</failedSince>
        </case>
        <case>
          <duration>0.01</duration>
          <className>nui.Permissions</className>
          <testName>Permissions › methods should update the user permission</testName>
          <skipped>false</skipped>
          <failedSince>0</failedSince>
        </case>
        <case>
          <duration>0.012</duration>
          <className>nui.Permissions</className>
          <testName>Permissions › methods should delete the user permission </testName>
          <skipped>false</skipped>
          <failedSince>0</failedSince>
        </case>
        <case>
          <duration>0.002</duration>
          <className>nui.Permissions</className>
          <testName>Permissions › methods should change the data table header to snake case</testName>
          <skipped>false</skipped>
          <failedSince>0</failedSince>
        </case>
      </cases>
    </suite>
    <suite>
      <file>/tmp/jenkins-e606f5ec/workspace/nloop_main/junits/nui-unit-tests.xml</file>
      <name>ParameterRange</name>
      <duration>1.553</duration>
      <timestamp>2022-10-04T19:54:06</timestamp>
      <time>1.553</time>
      <nodeId>630</nodeId>
      <enclosingBlocks>
        <string>629</string>
      </enclosingBlocks>
      <enclosingBlockNames>
        <string>Declarative: Post Actions</string>
      </enclosingBlockNames>
      <cases>
        <case>
          <duration>0.023</duration>
          <className>nui.ParameterRange</className>
          <testName>ParameterRange exists</testName>
          <skipped>false</skipped>
          <failedSince>0</failedSince>
        </case>
        <case>
          <duration>0.054</duration>
          <className>nui.ParameterRange</className>
          <testName>ParameterRange should have an icon with tool tip if the parameter has a description</testName>
          <skipped>false</skipped>
          <failedSince>0</failedSince>
        </case>
        <case>
          <duration>0.038</duration>
          <className>nui.ParameterRange</className>
          <testName>ParameterRange should not have a tool tip if the parameter has no description</testName>
          <skipped>false</skipped>
          <failedSince>0</failedSince>
        </case>
        <case>
          <duration>0.031</duration>
          <className>nui.ParameterRange</className>
          <testName>ParameterRange should expect the parameter label to be humanized </testName>
          <skipped>false</skipped>
          <failedSince>0</failedSince>
        </case>
        <case>
          <duration>0.04</duration>
          <className>nui.ParameterRange</className>
          <testName>ParameterRange › computed  should return a concrete value if parameter value is a number</testName>
          <skipped>false</skipped>
          <failedSince>0</failedSince>
        </case>
        <case>
          <duration>0.262</duration>
          <className>nui.ParameterRange</className>
          <testName>ParameterRange › destroyed should clear the parameter values by id when destroyed </testName>
          <skipped>false</skipped>
          <failedSince>0</failedSince>
        </case>
      </cases>
    </suite>
    <suite>
      <file>/tmp/jenkins-e606f5ec/workspace/nloop_main/junits/nui-unit-tests.xml</file>
      <name>ArtifactSetEditExistingDraftModal</name>
      <duration>7.879</duration>
      <timestamp>2022-10-04T19:54:02</timestamp>
      <time>7.879</time>
      <nodeId>630</nodeId>
      <enclosingBlocks>
        <string>629</string>
      </enclosingBlocks>
      <enclosingBlockNames>
        <string>Declarative: Post Actions</string>
      </enclosingBlockNames>
      <cases>
        <case>
          <duration>2.821</duration>
          <className>nui.ArtifactSetEditExistingDraftModal</className>
          <testName>ArtifactSetEditExistingDraftModal calls the provided callback when deleting the draft</testName>
          <skipped>false</skipped>
          <failedSince>0</failedSince>
        </case>
        <case>
          <duration>0.565</duration>
          <className>nui.ArtifactSetEditExistingDraftModal</className>
          <testName>ArtifactSetEditExistingDraftModal displays an error when delete throws</testName>
          <skipped>false</skipped>
          <failedSince>0</failedSince>
        </case>
        <case>
          <duration>3.119</duration>
          <className>nui.ArtifactSetEditExistingDraftModal</className>
          <testName>ArtifactSetEditExistingDraftModal calls the edit callback when the user edits the existing draft</testName>
          <skipped>false</skipped>
          <failedSince>0</failedSince>
        </case>
      </cases>
    </suite>
    <suite>
      <file>/tmp/jenkins-e606f5ec/workspace/nloop_main/junits/nui-unit-tests.xml</file>
      <name>ArtifactVersionUpdateModal</name>
      <duration>6.989</duration>
      <timestamp>2022-10-04T19:54:07</timestamp>
      <time>6.989</time>
      <nodeId>630</nodeId>
      <enclosingBlocks>
        <string>629</string>
      </enclosingBlocks>
      <enclosingBlockNames>
        <string>Declarative: Post Actions</string>
      </enclosingBlockNames>
      <cases>
        <case>
          <duration>3.46</duration>
          <className>nui.ArtifactVersionUpdateModal</className>
          <testName>ArtifactVersionUpdateModal publishes the new version to the store</testName>
          <skipped>false</skipped>
          <failedSince>0</failedSince>
        </case>
        <case>
          <duration>1.721</duration>
          <className>nui.ArtifactVersionUpdateModal</className>
          <testName>ArtifactVersionUpdateModal propagates an error and does not emit a update event when updating fails</testName>
          <skipped>false</skipped>
          <failedSince>0</failedSince>
        </case>
      </cases>
    </suite>
    <suite>
      <file>/tmp/jenkins-e606f5ec/workspace/nloop_main/junits/nui-unit-tests.xml</file>
      <name>SafetyCaseInstanceDetails</name>
      <duration>4.679</duration>
      <timestamp>2022-10-04T19:54:13</timestamp>
      <time>4.679</time>
      <nodeId>630</nodeId>
      <enclosingBlocks>
        <string>629</string>
      </enclosingBlocks>
      <enclosingBlockNames>
        <string>Declarative: Post Actions</string>
      </enclosingBlockNames>
      <cases>
        <case>
          <duration>0.195</duration>
          <className>nui.SafetyCaseInstanceDetails</className>
          <testName>SafetyCaseInstanceDetails exists</testName>
          <skipped>false</skipped>
          <failedSince>0</failedSince>
        </case>
        <case>
          <duration>1.133</duration>
          <className>nui.SafetyCaseInstanceDetails</className>
          <testName>SafetyCaseInstanceDetails closes the modal</testName>
          <skipped>false</skipped>
          <failedSince>0</failedSince>
        </case>
        <case>
          <duration>0.15</duration>
          <className>nui.SafetyCaseInstanceDetails</className>
          <testName>SafetyCaseInstanceDetails displays the correct display name of the saftey case template</testName>
          <skipped>false</skipped>
          <failedSince>0</failedSince>
        </case>
        <case>
          <duration>0.151</duration>
          <className>nui.SafetyCaseInstanceDetails</className>
          <testName>SafetyCaseInstanceDetails displays the correct display name of the system version</testName>
          <skipped>false</skipped>
          <failedSince>0</failedSince>
        </case>
      </cases>
    </suite>
    <suite>
      <file>/tmp/jenkins-e606f5ec/workspace/nloop_main/junits/nui-unit-tests.xml</file>
      <name>Login</name>
      <duration>3.892</duration>
      <timestamp>2022-10-04T19:54:16</timestamp>
      <time>3.892</time>
      <nodeId>630</nodeId>
      <enclosingBlocks>
        <string>629</string>
      </enclosingBlocks>
      <enclosingBlockNames>
        <string>Declarative: Post Actions</string>
      </enclosingBlockNames>
      <cases>
        <case>
          <duration>0.198</duration>
          <className>nui.Login</className>
          <testName>Login mounts</testName>
          <skipped>false</skipped>
          <failedSince>0</failedSince>
        </case>
        <case>
          <duration>0.644</duration>
          <className>nui.Login</className>
          <testName>Login submits username and password to the store when handling login</testName>
          <skipped>false</skipped>
          <failedSince>0</failedSince>
        </case>
        <case>
          <duration>0.429</duration>
          <className>nui.Login</className>
          <testName>Login redirects to redirect url after login</testName>
          <skipped>false</skipped>
          <failedSince>0</failedSince>
        </case>
        <case>
          <duration>0.708</duration>
          <className>nui.Login</className>
          <testName>Login › given a user has be redirected to the login page because of an expired token › when the snackbar for the refresh token is true then I should see a snackbar for the refresh token</testName>
          <skipped>false</skipped>
          <failedSince>0</failedSince>
        </case>
      </cases>
    </suite>
    <suite>
      <file>/tmp/jenkins-e606f5ec/workspace/nloop_main/junits/nui-unit-tests.xml</file>
      <name>OperatorThresholdConfiguration</name>
      <duration>2.211</duration>
      <timestamp>2022-10-04T19:54:19</timestamp>
      <time>2.211</time>
      <nodeId>630</nodeId>
      <enclosingBlocks>
        <string>629</string>
      </enclosingBlocks>
      <enclosingBlockNames>
        <string>Declarative: Post Actions</string>
      </enclosingBlockNames>
      <cases>
        <case>
          <duration>0.189</duration>
          <className>nui.OperatorThresholdConfiguration</className>
          <testName>OperatorThresholdConfiguration exists</testName>
          <skipped>false</skipped>
          <failedSince>0</failedSince>
        </case>
        <case>
          <duration>0.192</duration>
          <className>nui.OperatorThresholdConfiguration</className>
          <testName>OperatorThresholdConfiguration › computed should set the threshold value in the config</testName>
          <skipped>false</skipped>
          <failedSince>0</failedSince>
        </case>
        <case>
          <duration>0.411</duration>
          <className>nui.OperatorThresholdConfiguration</className>
          <testName>OperatorThresholdConfiguration should set the threshold direction in the config</testName>
          <skipped>false</skipped>
          <failedSince>0</failedSince>
        </case>
        <case>
          <duration>0.208</duration>
          <className>nui.OperatorThresholdConfiguration</className>
          <testName>OperatorThresholdConfiguration should set the threshold value in the config</testName>
          <skipped>false</skipped>
          <failedSince>0</failedSince>
        </case>
      </cases>
    </suite>
    <suite>
      <file>/tmp/jenkins-e606f5ec/workspace/nloop_main/junits/nui-unit-tests.xml</file>
      <name>SvgContainer</name>
      <duration>1.773</duration>
      <timestamp>2022-10-04T19:54:21</timestamp>
      <time>1.773</time>
      <nodeId>630</nodeId>
      <enclosingBlocks>
        <string>629</string>
      </enclosingBlocks>
      <enclosingBlockNames>
        <string>Declarative: Post Actions</string>
      </enclosingBlockNames>
      <cases>
        <case>
          <duration>0.039</duration>
          <className>nui.SvgContainer</className>
          <testName>SvgContainer updates the viewport with the correct viewable coordinates</testName>
          <skipped>false</skipped>
          <failedSince>0</failedSince>
        </case>
        <case>
          <duration>0.023</duration>
          <className>nui.SvgContainer</className>
          <testName>SvgContainer updates the viewport when handling a zoom</testName>
          <skipped>false</skipped>
          <failedSince>0</failedSince>
        </case>
        <case>
          <duration>0.007</duration>
          <className>nui.SvgContainer</className>
          <testName>SvgContainer updates the viewport when the window resizes</testName>
          <skipped>false</skipped>
          <failedSince>0</failedSince>
        </case>
      </cases>
    </suite>
    <suite>
      <file>/tmp/jenkins-e606f5ec/workspace/nloop_main/junits/nui-unit-tests.xml</file>
      <name>ViewJiraConnectorQuery</name>
      <duration>1.499</duration>
      <timestamp>2022-10-04T19:54:22</timestamp>
      <time>1.499</time>
      <nodeId>630</nodeId>
      <enclosingBlocks>
        <string>629</string>
      </enclosingBlocks>
      <enclosingBlockNames>
        <string>Declarative: Post Actions</string>
      </enclosingBlockNames>
      <cases>
        <case>
          <duration>0.392</duration>
          <className>nui.ViewJiraConnectorQuery</className>
          <testName>ViewJiraConnectorQuery fields are rendered in their correct dom elements</testName>
          <skipped>false</skipped>
          <failedSince>0</failedSince>
        </case>
        <case>
          <duration>0.211</duration>
          <className>nui.ViewJiraConnectorQuery</className>
          <testName>ViewJiraConnectorQuery renders empty series start date as empty</testName>
          <skipped>false</skipped>
          <failedSince>0</failedSince>
        </case>
      </cases>
    </suite>
    <suite>
      <file>/tmp/jenkins-e606f5ec/workspace/nloop_main/junits/nui-unit-tests.xml</file>
      <name>MarkdownRender</name>
      <duration>1.074</duration>
      <timestamp>2022-10-04T19:54:23</timestamp>
      <time>1.074</time>
      <nodeId>630</nodeId>
      <enclosingBlocks>
        <string>629</string>
      </enclosingBlocks>
      <enclosingBlockNames>
        <string>Declarative: Post Actions</string>
      </enclosingBlockNames>
      <cases>
        <case>
          <duration>0.178</duration>
          <className>nui.MarkdownRender</className>
          <testName>MarkdownRender mounts</testName>
          <skipped>false</skipped>
          <failedSince>0</failedSince>
        </case>
        <case>
          <duration>0.018</duration>
          <className>nui.MarkdownRender</className>
          <testName>MarkdownRender renders empty</testName>
          <skipped>false</skipped>
          <failedSince>0</failedSince>
        </case>
        <case>
          <duration>0.051</duration>
          <className>nui.MarkdownRender</className>
          <testName>MarkdownRender renders markdown controls</testName>
          <skipped>false</skipped>
          <failedSince>0</failedSince>
        </case>
        <case>
          <duration>0.002</duration>
          <className>nui.MarkdownRender</className>
          <testName>MarkdownRender renders markdown html</testName>
          <skipped>false</skipped>
          <failedSince>0</failedSince>
        </case>
        <case>
          <duration>0.002</duration>
          <className>nui.MarkdownRender</className>
          <testName>MarkdownRender escape html characters when there is &lt;no value&gt;</testName>
          <skipped>false</skipped>
          <failedSince>0</failedSince>
        </case>
      </cases>
    </suite>
    <suite>
      <file>/tmp/jenkins-e606f5ec/workspace/nloop_main/junits/nui-unit-tests.xml</file>
      <name>test determine status from SPI statuses  </name>
      <duration>1.064</duration>
      <timestamp>2022-10-04T19:54:25</timestamp>
      <time>1.064</time>
      <nodeId>630</nodeId>
      <enclosingBlocks>
        <string>629</string>
      </enclosingBlocks>
      <enclosingBlockNames>
        <string>Declarative: Post Actions</string>
      </enclosingBlockNames>
      <cases>
        <case>
          <duration>0.002</duration>
          <className>nui.test determine status from SPI statuses  </className>
          <testName>test determine status from SPI statuses   should return ERROR if input status list is empty</testName>
          <skipped>false</skipped>
          <failedSince>0</failedSince>
        </case>
        <case>
          <duration>0.002</duration>
          <className>nui.test determine status from SPI statuses  </className>
          <testName>test determine status from SPI statuses   should return SATISFIED if all statuses are SATISFIED</testName>
          <skipped>false</skipped>
          <failedSince>0</failedSince>
        </case>
        <case>
          <duration>0.003</duration>
          <className>nui.test determine status from SPI statuses  </className>
          <testName>test determine status from SPI statuses   should return ERROR if ERROR is anywhere in list</testName>
          <skipped>false</skipped>
          <failedSince>0</failedSince>
        </case>
        <case>
          <duration>0.002</duration>
          <className>nui.test determine status from SPI statuses  </className>
          <testName>test determine status from SPI statuses   should return NOT_SATISFIED if NOT_SATISFIED is in list and ERROR is not in list</testName>
          <skipped>false</skipped>
          <failedSince>0</failedSince>
        </case>
        <case>
          <duration>0.002</duration>
          <className>nui.test determine status from SPI statuses  </className>
          <testName>test determine status from SPI statuses   should return NO_DATA if NO_DATA is in list and ERROR and NOT_SATISFIED are not in list</testName>
          <skipped>false</skipped>
          <failedSince>0</failedSince>
        </case>
      </cases>
    </suite>
    <suite>
      <file>/tmp/jenkins-e606f5ec/workspace/nloop_main/junits/nui-unit-tests.xml</file>
      <name>DashboardRoot</name>
      <duration>1.309</duration>
      <timestamp>2022-10-04T19:54:27</timestamp>
      <time>1.309</time>
      <nodeId>630</nodeId>
      <enclosingBlocks>
        <string>629</string>
      </enclosingBlocks>
      <enclosingBlockNames>
        <string>Declarative: Post Actions</string>
      </enclosingBlockNames>
      <cases>
        <case>
          <duration>0.117</duration>
          <className>nui.DashboardRoot</className>
          <testName>DashboardRoot mounts</testName>
          <skipped>false</skipped>
          <failedSince>0</failedSince>
        </case>
        <case>
          <duration>0.076</duration>
          <className>nui.DashboardRoot</className>
          <testName>DashboardRoot renders a sparkline for each input defined in the root node</testName>
          <skipped>false</skipped>
          <failedSince>0</failedSince>
        </case>
        <case>
          <duration>0.012</duration>
          <className>nui.DashboardRoot</className>
          <testName>DashboardRoot navigates to the url if the clicked node contains a link</testName>
          <skipped>false</skipped>
          <failedSince>0</failedSince>
        </case>
        <case>
          <duration>0.003</duration>
          <className>nui.DashboardRoot</className>
          <testName>DashboardRoot opens the modal if the clicked node does not contain a link</testName>
          <skipped>false</skipped>
          <failedSince>0</failedSince>
        </case>
      </cases>
    </suite>
    <suite>
      <file>/tmp/jenkins-e606f5ec/workspace/nloop_main/junits/nui-unit-tests.xml</file>
      <name>ManageFarchVersionsModal</name>
      <duration>5.297</duration>
      <timestamp>2022-10-04T19:54:24</timestamp>
      <time>5.297</time>
      <nodeId>630</nodeId>
      <enclosingBlocks>
        <string>629</string>
      </enclosingBlocks>
      <enclosingBlockNames>
        <string>Declarative: Post Actions</string>
      </enclosingBlockNames>
      <cases>
        <case>
          <duration>2.282</duration>
          <className>nui.ManageFarchVersionsModal</className>
          <testName>ManageFarchVersionsModal deletes the farch version</testName>
          <skipped>false</skipped>
          <failedSince>0</failedSince>
        </case>
        <case>
          <duration>1.342</duration>
          <className>nui.ManageFarchVersionsModal</className>
          <testName>ManageFarchVersionsModal shows an error if you try to delete the last version</testName>
          <skipped>false</skipped>
          <failedSince>0</failedSince>
        </case>
      </cases>
    </suite>
    <suite>
      <file>/tmp/jenkins-e606f5ec/workspace/nloop_main/junits/nui-unit-tests.xml</file>
      <name>Poll module</name>
      <duration>0.941</duration>
      <timestamp>2022-10-04T19:54:29</timestamp>
      <time>0.941</time>
      <nodeId>630</nodeId>
      <enclosingBlocks>
        <string>629</string>
      </enclosingBlocks>
      <enclosingBlockNames>
        <string>Declarative: Post Actions</string>
      </enclosingBlockNames>
      <cases>
        <case>
          <duration>0.016</duration>
          <className>nui.Poll module</className>
          <testName>Poll module › getters should return polling methods</testName>
          <skipped>false</skipped>
          <failedSince>0</failedSince>
        </case>
        <case>
          <duration>0.006</duration>
          <className>nui.Poll module</className>
          <testName>Poll module › actions should register a poll</testName>
          <skipped>false</skipped>
          <failedSince>0</failedSince>
        </case>
        <case>
          <duration>0.004</duration>
          <className>nui.Poll module</className>
          <testName>Poll module › actions should remove a poll</testName>
          <skipped>false</skipped>
          <failedSince>0</failedSince>
        </case>
        <case>
          <duration>0.036</duration>
          <className>nui.Poll module</className>
          <testName>Poll module › actions should poll on an interval</testName>
          <skipped>false</skipped>
          <failedSince>0</failedSince>
        </case>
        <case>
          <duration>0.002</duration>
          <className>nui.Poll module</className>
          <testName>Poll module › actions should call all functions on pollFunctions</testName>
          <skipped>false</skipped>
          <failedSince>0</failedSince>
        </case>
        <case>
          <duration>0.035</duration>
          <className>nui.Poll module</className>
          <testName>Poll module › actions should call function in pollFunctions that throws an error</testName>
          <skipped>false</skipped>
          <failedSince>0</failedSince>
        </case>
      </cases>
    </suite>
    <suite>
      <file>/tmp/jenkins-e606f5ec/workspace/nloop_main/junits/nui-unit-tests.xml</file>
      <name>ArtifactDomains</name>
      <duration>2.82</duration>
      <timestamp>2022-10-04T19:54:27</timestamp>
      <time>2.82</time>
      <nodeId>630</nodeId>
      <enclosingBlocks>
        <string>629</string>
      </enclosingBlocks>
      <enclosingBlockNames>
        <string>Declarative: Post Actions</string>
      </enclosingBlockNames>
      <cases>
        <case>
          <duration>0.429</duration>
          <className>nui.ArtifactDomains</className>
          <testName>ArtifactDomains exists</testName>
          <skipped>false</skipped>
          <failedSince>0</failedSince>
        </case>
        <case>
          <duration>0.223</duration>
          <className>nui.ArtifactDomains</className>
          <testName>ArtifactDomains › computed provides the project name to the back to project button or a default if loading</testName>
          <skipped>false</skipped>
          <failedSince>0</failedSince>
        </case>
        <case>
          <duration>0.016</duration>
          <className>nui.ArtifactDomains</className>
          <testName>ArtifactDomains › methods should go to the project route by project id</testName>
          <skipped>false</skipped>
          <failedSince>0</failedSince>
        </case>
        <case>
          <duration>0.416</duration>
          <className>nui.ArtifactDomains</className>
          <testName>ArtifactDomains › created should init projects and artifact domains on creation</testName>
          <skipped>false</skipped>
          <failedSince>0</failedSince>
        </case>
      </cases>
    </suite>
    <suite>
      <file>/tmp/jenkins-e606f5ec/workspace/nloop_main/junits/nui-unit-tests.xml</file>
      <name>ReportsSubHeader</name>
      <duration>0.667</duration>
      <timestamp>2022-10-04T19:54:30</timestamp>
      <time>0.667</time>
      <nodeId>630</nodeId>
      <enclosingBlocks>
        <string>629</string>
      </enclosingBlocks>
      <enclosingBlockNames>
        <string>Declarative: Post Actions</string>
      </enclosingBlockNames>
      <cases>
        <case>
          <duration>0.029</duration>
          <className>nui.ReportsSubHeader</className>
          <testName>ReportsSubHeader exists</testName>
          <skipped>false</skipped>
          <failedSince>0</failedSince>
        </case>
        <case>
          <duration>0.077</duration>
          <className>nui.ReportsSubHeader</className>
          <testName>ReportsSubHeader › computed should have the appropriate labels for the selection elements</testName>
          <skipped>false</skipped>
          <failedSince>0</failedSince>
        </case>
        <case>
          <duration>0.042</duration>
          <className>nui.ReportsSubHeader</className>
          <testName>ReportsSubHeader › computed should get the selected report view</testName>
          <skipped>false</skipped>
          <failedSince>0</failedSince>
        </case>
        <case>
          <duration>0.033</duration>
          <className>nui.ReportsSubHeader</className>
          <testName>ReportsSubHeader › computed should set the selected report view </testName>
          <skipped>false</skipped>
          <failedSince>0</failedSince>
        </case>
      </cases>
    </suite>
    <suite>
      <file>/tmp/jenkins-e606f5ec/workspace/nloop_main/junits/nui-unit-tests.xml</file>
      <name>ColumnSort</name>
      <duration>1.093</duration>
      <timestamp>2022-10-04T19:54:30</timestamp>
      <time>1.093</time>
      <nodeId>630</nodeId>
      <enclosingBlocks>
        <string>629</string>
      </enclosingBlocks>
      <enclosingBlockNames>
        <string>Declarative: Post Actions</string>
      </enclosingBlockNames>
      <cases>
        <case>
          <duration>0.121</duration>
          <className>nui.ColumnSort</className>
          <testName>ColumnSort exists</testName>
          <skipped>false</skipped>
          <failedSince>0</failedSince>
        </case>
        <case>
          <duration>0.016</duration>
          <className>nui.ColumnSort</className>
          <testName>ColumnSort › methods should set the current test case sorting option</testName>
          <skipped>false</skipped>
          <failedSince>0</failedSince>
        </case>
        <case>
          <duration>0.004</duration>
          <className>nui.ColumnSort</className>
          <testName>ColumnSort › methods should set the current test case platform sorting option</testName>
          <skipped>false</skipped>
          <failedSince>0</failedSince>
        </case>
      </cases>
    </suite>
    <suite>
      <file>/tmp/jenkins-e606f5ec/workspace/nloop_main/junits/nui-unit-tests.xml</file>
      <name>Operator Selection</name>
      <duration>1.626</duration>
      <timestamp>2022-10-04T19:54:31</timestamp>
      <time>1.626</time>
      <nodeId>630</nodeId>
      <enclosingBlocks>
        <string>629</string>
      </enclosingBlocks>
      <enclosingBlockNames>
        <string>Declarative: Post Actions</string>
      </enclosingBlockNames>
      <cases>
        <case>
          <duration>0.499</duration>
          <className>nui.Operator Selection</className>
          <testName>Operator Selection exists</testName>
          <skipped>false</skipped>
          <failedSince>0</failedSince>
        </case>
        <case>
          <duration>0.071</duration>
          <className>nui.Operator Selection</className>
          <testName>Operator Selection › computed should return selected operator</testName>
          <skipped>false</skipped>
          <failedSince>0</failedSince>
        </case>
      </cases>
    </suite>
    <suite>
      <file>/tmp/jenkins-e606f5ec/workspace/nloop_main/junits/nui-unit-tests.xml</file>
      <name>CountsToolbar</name>
      <duration>0.748</duration>
      <timestamp>2022-10-04T19:54:33</timestamp>
      <time>0.748</time>
      <nodeId>630</nodeId>
      <enclosingBlocks>
        <string>629</string>
      </enclosingBlocks>
      <enclosingBlockNames>
        <string>Declarative: Post Actions</string>
      </enclosingBlockNames>
      <cases>
        <case>
          <duration>0.042</duration>
          <className>nui.CountsToolbar</className>
          <testName>CountsToolbar exists</testName>
          <skipped>false</skipped>
          <failedSince>0</failedSince>
        </case>
        <case>
          <duration>0.004</duration>
          <className>nui.CountsToolbar</className>
          <testName>CountsToolbar › methods should outline the vuetify chip if the filter state is true</testName>
          <skipped>false</skipped>
          <failedSince>0</failedSince>
        </case>
        <case>
          <duration>0.005</duration>
          <className>nui.CountsToolbar</className>
          <testName>CountsToolbar › methods should toggle the filter </testName>
          <skipped>false</skipped>
          <failedSince>0</failedSince>
        </case>
      </cases>
    </suite>
    <suite>
      <file>/tmp/jenkins-e606f5ec/workspace/nloop_main/junits/nui-unit-tests.xml</file>
      <name>Queue Job Store</name>
      <duration>0.728</duration>
      <timestamp>2022-10-04T19:54:33</timestamp>
      <time>0.728</time>
      <nodeId>630</nodeId>
      <enclosingBlocks>
        <string>629</string>
      </enclosingBlocks>
      <enclosingBlockNames>
        <string>Declarative: Post Actions</string>
      </enclosingBlockNames>
      <cases>
        <case>
          <duration>0.004</duration>
          <className>nui.Queue Job Store</className>
          <testName>Queue Job Store › getters should get the queue job by correct params</testName>
          <skipped>false</skipped>
          <failedSince>0</failedSince>
        </case>
        <case>
          <duration>0.012</duration>
          <className>nui.Queue Job Store</className>
          <testName>Queue Job Store › actions should get most recent queue job</testName>
          <skipped>false</skipped>
          <failedSince>0</failedSince>
        </case>
      </cases>
    </suite>
    <suite>
      <file>/tmp/jenkins-e606f5ec/workspace/nloop_main/junits/nui-unit-tests.xml</file>
      <name>RequirementSelection </name>
      <duration>1.549</duration>
      <timestamp>2022-10-04T19:54:33</timestamp>
      <time>1.549</time>
      <nodeId>630</nodeId>
      <enclosingBlocks>
        <string>629</string>
      </enclosingBlocks>
      <enclosingBlockNames>
        <string>Declarative: Post Actions</string>
      </enclosingBlockNames>
      <cases>
        <case>
          <duration>0.046</duration>
          <className>nui.RequirementSelection </className>
          <testName>RequirementSelection  exists</testName>
          <skipped>false</skipped>
          <failedSince>0</failedSince>
        </case>
        <case>
          <duration>0.064</duration>
          <className>nui.RequirementSelection </className>
          <testName>RequirementSelection  › computed  should add a clear selection option if you have selected a requirement</testName>
          <skipped>false</skipped>
          <failedSince>0</failedSince>
        </case>
        <case>
          <duration>0.037</duration>
          <className>nui.RequirementSelection </className>
          <testName>RequirementSelection  › computed  should get the selected codebeamer id</testName>
          <skipped>false</skipped>
          <failedSince>0</failedSince>
        </case>
        <case>
          <duration>0.057</duration>
          <className>nui.RequirementSelection </className>
          <testName>RequirementSelection  › computed  should set the selected codebeamer id </testName>
          <skipped>false</skipped>
          <failedSince>0</failedSince>
        </case>
        <case>
          <duration>0.075</duration>
          <className>nui.RequirementSelection </className>
          <testName>RequirementSelection  › computed  should clear the selected requirement id</testName>
          <skipped>false</skipped>
          <failedSince>0</failedSince>
        </case>
      </cases>
    </suite>
    <suite>
      <file>/tmp/jenkins-e606f5ec/workspace/nloop_main/junits/nui-unit-tests.xml</file>
      <name>StaticFileQueryFormInputs</name>
      <duration>1.965</duration>
      <timestamp>2022-10-04T19:54:35</timestamp>
      <time>1.965</time>
      <nodeId>630</nodeId>
      <enclosingBlocks>
        <string>629</string>
      </enclosingBlocks>
      <enclosingBlockNames>
        <string>Declarative: Post Actions</string>
      </enclosingBlockNames>
      <cases>
        <case>
          <duration>0.322</duration>
          <className>nui.StaticFileQueryFormInputs</className>
          <testName>StaticFileQueryFormInputs › file size upload rules for filesize 1024 and default of 20mb should validate the &apos;file&apos; rule for scenario &apos;undefined file&apos; equals &apos;false&apos;</testName>
          <skipped>false</skipped>
          <failedSince>0</failedSince>
        </case>
        <case>
          <duration>0.187</duration>
          <className>nui.StaticFileQueryFormInputs</className>
          <testName>StaticFileQueryFormInputs › file size upload rules for filesize 1024 and default of 20mb should validate the &apos;file&apos; rule for scenario &apos;file size is exactly 20 MB&apos; equals &apos;true&apos;</testName>
          <skipped>false</skipped>
          <failedSince>0</failedSince>
        </case>
        <case>
          <duration>0.456</duration>
          <className>nui.StaticFileQueryFormInputs</className>
          <testName>StaticFileQueryFormInputs › file size upload rules for filesize 1024 and default of 20mb should validate the &apos;file&apos; rule for scenario &apos;file size is greater than 20 MB&apos; equals &apos;false&apos;</testName>
          <skipped>false</skipped>
          <failedSince>0</failedSince>
        </case>
        <case>
          <duration>0.385</duration>
          <className>nui.StaticFileQueryFormInputs</className>
          <testName>StaticFileQueryFormInputs › file size upload rules for filesize 1024 and default of 20mb should validate the &apos;file&apos; rule for scenario &apos;file size is less than 20 MB&apos; equals &apos;true&apos;</testName>
          <skipped>false</skipped>
          <failedSince>0</failedSince>
        </case>
      </cases>
    </suite>
    <suite>
      <file>/tmp/jenkins-e606f5ec/workspace/nloop_main/junits/nui-unit-tests.xml</file>
      <name>System module</name>
      <duration>1.11</duration>
      <timestamp>2022-10-04T19:54:36</timestamp>
      <time>1.11</time>
      <nodeId>630</nodeId>
      <enclosingBlocks>
        <string>629</string>
      </enclosingBlocks>
      <enclosingBlockNames>
        <string>Declarative: Post Actions</string>
      </enclosingBlockNames>
      <cases>
        <case>
          <duration>0.002</duration>
          <className>nui.System module</className>
          <testName>System module should return true if live updating is enabled</testName>
          <skipped>false</skipped>
          <failedSince>0</failedSince>
        </case>
        <case>
          <duration>0.001</duration>
          <className>nui.System module</className>
          <testName>System module should return false if live updating is disabled</testName>
          <skipped>false</skipped>
          <failedSince>0</failedSince>
        </case>
        <case>
          <duration>0.002</duration>
          <className>nui.System module</className>
          <testName>System module should PATCH with the opposite of the current state (on -&gt; off)</testName>
          <skipped>false</skipped>
          <failedSince>0</failedSince>
        </case>
        <case>
          <duration>0.002</duration>
          <className>nui.System module</className>
          <testName>System module should PATCH with the opposite of the current state (off -&gt; on)</testName>
          <skipped>false</skipped>
          <failedSince>0</failedSince>
        </case>
        <case>
          <duration>0.001</duration>
          <className>nui.System module</className>
          <testName>System module should GET system settings</testName>
          <skipped>false</skipped>
          <failedSince>0</failedSince>
        </case>
        <case>
          <duration>0.001</duration>
          <className>nui.System module</className>
          <testName>System module should set liveUpdateState</testName>
          <skipped>false</skipped>
          <failedSince>0</failedSince>
        </case>
      </cases>
    </suite>
    <suite>
      <file>/tmp/jenkins-e606f5ec/workspace/nloop_main/junits/nui-unit-tests.xml</file>
      <name>Functional Architecture</name>
      <duration>2.628</duration>
      <timestamp>2022-10-04T19:54:35</timestamp>
      <time>2.628</time>
      <nodeId>630</nodeId>
      <enclosingBlocks>
        <string>629</string>
      </enclosingBlocks>
      <enclosingBlockNames>
        <string>Declarative: Post Actions</string>
      </enclosingBlockNames>
      <cases>
        <case>
          <duration>0.348</duration>
          <className>nui.Functional Architecture</className>
          <testName>Functional Architecture mounts</testName>
          <skipped>false</skipped>
          <failedSince>0</failedSince>
        </case>
        <case>
          <duration>0.117</duration>
          <className>nui.Functional Architecture</className>
          <testName>Functional Architecture mounts data table</testName>
          <skipped>false</skipped>
          <failedSince>0</failedSince>
        </case>
        <case>
          <duration>0.058</duration>
          <className>nui.Functional Architecture</className>
          <testName>Functional Architecture displays error message when no data in table</testName>
          <skipped>false</skipped>
          <failedSince>0</failedSince>
        </case>
      </cases>
    </suite>
    <suite>
      <file>/tmp/jenkins-e606f5ec/workspace/nloop_main/junits/nui-unit-tests.xml</file>
      <name>Alert</name>
      <duration>1.054</duration>
      <timestamp>2022-10-04T19:54:38</timestamp>
      <time>1.054</time>
      <nodeId>630</nodeId>
      <enclosingBlocks>
        <string>629</string>
      </enclosingBlocks>
      <enclosingBlockNames>
        <string>Declarative: Post Actions</string>
      </enclosingBlockNames>
      <cases>
        <case>
          <duration>0.025</duration>
          <className>nui.Alert</className>
          <testName>Alert exists</testName>
          <skipped>false</skipped>
          <failedSince>0</failedSince>
        </case>
        <case>
          <duration>0.033</duration>
          <className>nui.Alert</className>
          <testName>Alert › computed should get the alert state</testName>
          <skipped>false</skipped>
          <failedSince>0</failedSince>
        </case>
        <case>
          <duration>0.013</duration>
          <className>nui.Alert</className>
          <testName>Alert › computed should set the alert state </testName>
          <skipped>false</skipped>
          <failedSince>0</failedSince>
        </case>
        <case>
          <duration>0.002</duration>
          <className>nui.Alert</className>
          <testName>Alert › methods should dismiss the alert </testName>
          <skipped>false</skipped>
          <failedSince>0</failedSince>
        </case>
      </cases>
    </suite>
    <suite>
      <file>/tmp/jenkins-e606f5ec/workspace/nloop_main/junits/nui-unit-tests.xml</file>
      <name>ViewStaticFileConnectorQuery</name>
      <duration>1.302</duration>
      <timestamp>2022-10-04T19:54:38</timestamp>
      <time>1.302</time>
      <nodeId>630</nodeId>
      <enclosingBlocks>
        <string>629</string>
      </enclosingBlocks>
      <enclosingBlockNames>
        <string>Declarative: Post Actions</string>
      </enclosingBlockNames>
      <cases>
        <case>
          <duration>0.307</duration>
          <className>nui.ViewStaticFileConnectorQuery</className>
          <testName>ViewStaticFileConnectorQuery fields are correctly in their proper control</testName>
          <skipped>false</skipped>
          <failedSince>0</failedSince>
        </case>
        <case>
          <duration>0.009</duration>
          <className>nui.ViewStaticFileConnectorQuery</className>
          <testName>ViewStaticFileConnectorQuery getFileType returns readable string or empty if not found</testName>
          <skipped>false</skipped>
          <failedSince>0</failedSince>
        </case>
      </cases>
    </suite>
    <suite>
      <file>/tmp/jenkins-e606f5ec/workspace/nloop_main/junits/nui-unit-tests.xml</file>
      <name>Fault Trees</name>
      <duration>2.172</duration>
      <timestamp>2022-10-04T19:54:38</timestamp>
      <time>2.172</time>
      <nodeId>630</nodeId>
      <enclosingBlocks>
        <string>629</string>
      </enclosingBlocks>
      <enclosingBlockNames>
        <string>Declarative: Post Actions</string>
      </enclosingBlockNames>
      <cases>
        <case>
          <duration>0.106</duration>
          <className>nui.Fault Trees</className>
          <testName>Fault Trees mounts</testName>
          <skipped>false</skipped>
          <failedSince>0</failedSince>
        </case>
        <case>
          <duration>0.094</duration>
          <className>nui.Fault Trees</className>
          <testName>Fault Trees mounts data table</testName>
          <skipped>false</skipped>
          <failedSince>0</failedSince>
        </case>
        <case>
          <duration>0.107</duration>
          <className>nui.Fault Trees</className>
          <testName>Fault Trees displays error message when no data in table</testName>
          <skipped>false</skipped>
          <failedSince>0</failedSince>
        </case>
      </cases>
    </suite>
    <suite>
      <file>/tmp/jenkins-e606f5ec/workspace/nloop_main/junits/nui-unit-tests.xml</file>
      <name>OperatorIntervalConfiguration</name>
      <duration>1.306</duration>
      <timestamp>2022-10-04T19:54:41</timestamp>
      <time>1.306</time>
      <nodeId>630</nodeId>
      <enclosingBlocks>
        <string>629</string>
      </enclosingBlocks>
      <enclosingBlockNames>
        <string>Declarative: Post Actions</string>
      </enclosingBlockNames>
      <cases>
        <case>
          <duration>0.283</duration>
          <className>nui.OperatorIntervalConfiguration</className>
          <testName>OperatorIntervalConfiguration › computed should set the lower bound in the config</testName>
          <skipped>false</skipped>
          <failedSince>0</failedSince>
        </case>
        <case>
          <duration>0.122</duration>
          <className>nui.OperatorIntervalConfiguration</className>
          <testName>OperatorIntervalConfiguration should set the upper bound in the config</testName>
          <skipped>false</skipped>
          <failedSince>0</failedSince>
        </case>
      </cases>
    </suite>
    <suite>
      <file>/tmp/jenkins-e606f5ec/workspace/nloop_main/junits/nui-unit-tests.xml</file>
      <name>ListItem</name>
      <duration>1.977</duration>
      <timestamp>2022-10-04T19:54:41</timestamp>
      <time>1.977</time>
      <nodeId>630</nodeId>
      <enclosingBlocks>
        <string>629</string>
      </enclosingBlocks>
      <enclosingBlockNames>
        <string>Declarative: Post Actions</string>
      </enclosingBlockNames>
      <cases>
        <case>
          <duration>0.205</duration>
          <className>nui.ListItem</className>
          <testName>ListItem mounts</testName>
          <skipped>false</skipped>
          <failedSince>0</failedSince>
        </case>
        <case>
          <duration>0.571</duration>
          <className>nui.ListItem</className>
          <testName>ListItem does not show a list of items unless the component is expanded</testName>
          <skipped>false</skipped>
          <failedSince>0</failedSince>
        </case>
        <case>
          <duration>0.303</duration>
          <className>nui.ListItem</className>
          <testName>ListItem shows a row for each item in the item array</testName>
          <skipped>false</skipped>
          <failedSince>0</failedSince>
        </case>
      </cases>
    </suite>
    <suite>
      <file>/tmp/jenkins-e606f5ec/workspace/nloop_main/junits/nui-unit-tests.xml</file>
      <name>PrivateApp</name>
      <duration>2.547</duration>
      <timestamp>2022-10-04T19:54:41</timestamp>
      <time>2.547</time>
      <nodeId>630</nodeId>
      <enclosingBlocks>
        <string>629</string>
      </enclosingBlocks>
      <enclosingBlockNames>
        <string>Declarative: Post Actions</string>
      </enclosingBlockNames>
      <cases>
        <case>
          <duration>0.143</duration>
          <className>nui.PrivateApp</className>
          <testName>PrivateApp exists</testName>
          <skipped>false</skipped>
          <failedSince>0</failedSince>
        </case>
        <case>
          <duration>0.094</duration>
          <className>nui.PrivateApp</className>
          <testName>PrivateApp should check for expired token every 30s</testName>
          <skipped>false</skipped>
          <failedSince>0</failedSince>
        </case>
        <case>
          <duration>0.13</duration>
          <className>nui.PrivateApp</className>
          <testName>PrivateApp should log out and redirect to login page after 24hr</testName>
          <skipped>false</skipped>
          <failedSince>0</failedSince>
        </case>
        <case>
          <duration>0.126</duration>
          <className>nui.PrivateApp</className>
          <testName>PrivateApp should stop polling and clear the log in interval on destroy</testName>
          <skipped>false</skipped>
          <failedSince>0</failedSince>
        </case>
      </cases>
    </suite>
    <suite>
      <file>/tmp/jenkins-e606f5ec/workspace/nloop_main/junits/nui-unit-tests.xml</file>
      <name>ManageArtifactSchemas</name>
      <duration>1.364</duration>
      <timestamp>2022-10-04T19:54:43</timestamp>
      <time>1.364</time>
      <nodeId>630</nodeId>
      <enclosingBlocks>
        <string>629</string>
      </enclosingBlocks>
      <enclosingBlockNames>
        <string>Declarative: Post Actions</string>
      </enclosingBlockNames>
      <cases>
        <case>
          <duration>0.072</duration>
          <className>nui.ManageArtifactSchemas</className>
          <testName>ManageArtifactSchemas exists</testName>
          <skipped>false</skipped>
          <failedSince>0</failedSince>
        </case>
        <case>
          <duration>0.002</duration>
          <className>nui.ManageArtifactSchemas</className>
          <testName>ManageArtifactSchemas › methods should go to the artifact domain page route by project id and artifact domain id</testName>
          <skipped>false</skipped>
          <failedSince>0</failedSince>
        </case>
        <case>
          <duration>0.002</duration>
          <className>nui.ManageArtifactSchemas</className>
          <testName>ManageArtifactSchemas › methods should handle success properly</testName>
          <skipped>false</skipped>
          <failedSince>0</failedSince>
        </case>
      </cases>
    </suite>
    <suite>
      <file>/tmp/jenkins-e606f5ec/workspace/nloop_main/junits/nui-unit-tests.xml</file>
      <name>BannerNotification</name>
      <duration>2.135</duration>
      <timestamp>2022-10-04T19:54:44</timestamp>
      <time>2.135</time>
      <nodeId>630</nodeId>
      <enclosingBlocks>
        <string>629</string>
      </enclosingBlocks>
      <enclosingBlockNames>
        <string>Declarative: Post Actions</string>
      </enclosingBlockNames>
      <cases>
        <case>
          <duration>0.698</duration>
          <className>nui.BannerNotification</className>
          <testName>BannerNotification mounts</testName>
          <skipped>false</skipped>
          <failedSince>0</failedSince>
        </case>
        <case>
          <duration>0.12</duration>
          <className>nui.BannerNotification</className>
          <testName>BannerNotification › Type to color and icon mapping maps type success to valid color and icon</testName>
          <skipped>false</skipped>
          <failedSince>0</failedSince>
        </case>
        <case>
          <duration>0.129</duration>
          <className>nui.BannerNotification</className>
          <testName>BannerNotification › Type to color and icon mapping maps type error to valid color and icon</testName>
          <skipped>false</skipped>
          <failedSince>0</failedSince>
        </case>
        <case>
          <duration>0.158</duration>
          <className>nui.BannerNotification</className>
          <testName>BannerNotification › Type to color and icon mapping maps type warning to valid color and icon</testName>
          <skipped>false</skipped>
          <failedSince>0</failedSince>
        </case>
      </cases>
    </suite>
    <suite>
      <file>/tmp/jenkins-e606f5ec/workspace/nloop_main/junits/nui-unit-tests.xml</file>
      <name>ViewQueryModal</name>
      <duration>2.278</duration>
      <timestamp>2022-10-04T19:54:44</timestamp>
      <time>2.278</time>
      <nodeId>630</nodeId>
      <enclosingBlocks>
        <string>629</string>
      </enclosingBlocks>
      <enclosingBlockNames>
        <string>Declarative: Post Actions</string>
      </enclosingBlockNames>
      <cases>
        <case>
          <duration>0.19</duration>
          <className>nui.ViewQueryModal</className>
          <testName>ViewQueryModal mounts</testName>
          <skipped>false</skipped>
          <failedSince>0</failedSince>
        </case>
        <case>
          <duration>0.971</duration>
          <className>nui.ViewQueryModal</className>
          <testName>ViewQueryModal closes the modal</testName>
          <skipped>false</skipped>
          <failedSince>0</failedSince>
        </case>
      </cases>
    </suite>
    <suite>
      <file>/tmp/jenkins-e606f5ec/workspace/nloop_main/junits/nui-unit-tests.xml</file>
      <name>ViewJsonConnectorQuery</name>
      <duration>1.143</duration>
      <timestamp>2022-10-04T19:54:46</timestamp>
      <time>1.143</time>
      <nodeId>630</nodeId>
      <enclosingBlocks>
        <string>629</string>
      </enclosingBlocks>
      <enclosingBlockNames>
        <string>Declarative: Post Actions</string>
      </enclosingBlockNames>
      <cases>
        <case>
          <duration>0.412</duration>
          <className>nui.ViewJsonConnectorQuery</className>
          <testName>ViewJsonConnectorQuery fields are correctly in their proper control</testName>
          <skipped>false</skipped>
          <failedSince>0</failedSince>
        </case>
      </cases>
    </suite>
    <suite>
      <file>/tmp/jenkins-e606f5ec/workspace/nloop_main/junits/nui-unit-tests.xml</file>
      <name>status counts</name>
      <duration>0.865</duration>
      <timestamp>2022-10-04T19:54:47</timestamp>
      <time>0.865</time>
      <nodeId>630</nodeId>
      <enclosingBlocks>
        <string>629</string>
      </enclosingBlocks>
      <enclosingBlockNames>
        <string>Declarative: Post Actions</string>
      </enclosingBlockNames>
      <cases>
        <case>
          <duration>0.001</duration>
          <className>nui.status counts</className>
          <testName>status counts › full status count should provide the total counts from a list of items with full status</testName>
          <skipped>false</skipped>
          <failedSince>0</failedSince>
        </case>
        <case>
          <duration>0.0</duration>
          <className>nui.status counts</className>
          <testName>status counts › create full status should return an empty string if counts are undefined</testName>
          <skipped>false</skipped>
          <failedSince>0</failedSince>
        </case>
        <case>
          <duration>0.001</duration>
          <className>nui.status counts</className>
          <testName>status counts › create full status should return error if the counts have an error of at least one</testName>
          <skipped>false</skipped>
          <failedSince>0</failedSince>
        </case>
        <case>
          <duration>0.001</duration>
          <className>nui.status counts</className>
          <testName>status counts › create full status should return failure if there are no errors and at least one failure</testName>
          <skipped>false</skipped>
          <failedSince>0</failedSince>
        </case>
        <case>
          <duration>0.0</duration>
          <className>nui.status counts</className>
          <testName>status counts › create full status should return in progress if there are no errors, failures, and at least one in progress</testName>
          <skipped>false</skipped>
          <failedSince>0</failedSince>
        </case>
        <case>
          <duration>0.017</duration>
          <className>nui.status counts</className>
          <testName>status counts › create full status should return success if there is at least one success and no other status counts</testName>
          <skipped>false</skipped>
          <failedSince>0</failedSince>
        </case>
      </cases>
    </suite>
    <suite>
      <file>/tmp/jenkins-e606f5ec/workspace/nloop_main/junits/nui-unit-tests.xml</file>
      <name>ViewSqlConnectorQuery</name>
      <duration>1.215</duration>
      <timestamp>2022-10-04T19:54:47</timestamp>
      <time>1.215</time>
      <nodeId>630</nodeId>
      <enclosingBlocks>
        <string>629</string>
      </enclosingBlocks>
      <enclosingBlockNames>
        <string>Declarative: Post Actions</string>
      </enclosingBlockNames>
      <cases>
        <case>
          <duration>0.582</duration>
          <className>nui.ViewSqlConnectorQuery</className>
          <testName>ViewSqlConnectorQuery fields are correctly in their proper control</testName>
          <skipped>false</skipped>
          <failedSince>0</failedSince>
        </case>
      </cases>
    </suite>
    <suite>
      <file>/tmp/jenkins-e606f5ec/workspace/nloop_main/junits/nui-unit-tests.xml</file>
      <name>metrics requested connector utility</name>
      <duration>0.903</duration>
      <timestamp>2022-10-04T19:54:48</timestamp>
      <time>0.903</time>
      <nodeId>630</nodeId>
      <enclosingBlocks>
        <string>629</string>
      </enclosingBlocks>
      <enclosingBlockNames>
        <string>Declarative: Post Actions</string>
      </enclosingBlockNames>
      <cases>
        <case>
          <duration>0.002</duration>
          <className>nui.metrics requested connector utility</className>
          <testName>metrics requested connector utility calculates the number of metrics between 2 dates a week apart with a poll rate of 60s</testName>
          <skipped>false</skipped>
          <failedSince>0</failedSince>
        </case>
        <case>
          <duration>0.001</duration>
          <className>nui.metrics requested connector utility</className>
          <testName>metrics requested connector utility calculates the number of metrics between 2 dates a week apart with a poll rate of 1200s</testName>
          <skipped>false</skipped>
          <failedSince>0</failedSince>
        </case>
        <case>
          <duration>0.005</duration>
          <className>nui.metrics requested connector utility</className>
          <testName>metrics requested connector utility calculates the number of metrics requested between 2 dates a day apart with a poll rate of 60s</testName>
          <skipped>false</skipped>
          <failedSince>0</failedSince>
        </case>
        <case>
          <duration>0.001</duration>
          <className>nui.metrics requested connector utility</className>
          <testName>metrics requested connector utility calculates the number of metrics requested between 2 dates a day apart with a poll rate of 1200s</testName>
          <skipped>false</skipped>
          <failedSince>0</failedSince>
        </case>
        <case>
          <duration>0.008</duration>
          <className>nui.metrics requested connector utility</className>
          <testName>convert to date object connector utility converts a datetime string into the correct date</testName>
          <skipped>false</skipped>
          <failedSince>0</failedSince>
        </case>
      </cases>
    </suite>
    <suite>
      <file>/tmp/jenkins-e606f5ec/workspace/nloop_main/junits/nui-unit-tests.xml</file>
      <name>test case platform status  </name>
      <duration>0.854</duration>
      <timestamp>2022-10-04T19:54:50</timestamp>
      <time>0.854</time>
      <nodeId>630</nodeId>
      <enclosingBlocks>
        <string>629</string>
      </enclosingBlocks>
      <enclosingBlockNames>
        <string>Declarative: Post Actions</string>
      </enclosingBlockNames>
      <cases>
        <case>
          <duration>0.001</duration>
          <className>nui.test case platform status  </className>
          <testName>test case platform status   should return status in_progress if the test-case status list is empty</testName>
          <skipped>false</skipped>
          <failedSince>0</failedSince>
        </case>
        <case>
          <duration>0.001</duration>
          <className>nui.test case platform status  </className>
          <testName>test case platform status   should return status success if every test-case status in the list is success</testName>
          <skipped>false</skipped>
          <failedSince>0</failedSince>
        </case>
        <case>
          <duration>0.001</duration>
          <className>nui.test case platform status  </className>
          <testName>test case platform status   should return status error if any test-case status in the list is error</testName>
          <skipped>false</skipped>
          <failedSince>0</failedSince>
        </case>
        <case>
          <duration>0.003</duration>
          <className>nui.test case platform status  </className>
          <testName>test case platform status   should return status failure if any test-case status in the list is error</testName>
          <skipped>false</skipped>
          <failedSince>0</failedSince>
        </case>
        <case>
          <duration>0.003</duration>
          <className>nui.test case platform status  </className>
          <testName>test case platform status   should return status in_progress if any test-case status in the list is in_progress with no failures or errors</testName>
          <skipped>false</skipped>
          <failedSince>0</failedSince>
        </case>
        <case>
          <duration>0.001</duration>
          <className>nui.test case platform status  </className>
          <testName>test case platform status   should return status in_progress if test-case status is a string which is not a registered status</testName>
          <skipped>false</skipped>
          <failedSince>0</failedSince>
        </case>
      </cases>
    </suite>
    <suite>
      <file>/tmp/jenkins-e606f5ec/workspace/nloop_main/junits/nui-unit-tests.xml</file>
      <name>TextWrapper</name>
      <duration>1.407</duration>
      <timestamp>2022-10-04T19:54:50</timestamp>
      <time>1.407</time>
      <nodeId>630</nodeId>
      <enclosingBlocks>
        <string>629</string>
      </enclosingBlocks>
      <enclosingBlockNames>
        <string>Declarative: Post Actions</string>
      </enclosingBlockNames>
      <cases>
        <case>
          <duration>0.297</duration>
          <className>nui.TextWrapper</className>
          <testName>TextWrapper mounts with the slot text</testName>
          <skipped>false</skipped>
          <failedSince>0</failedSince>
        </case>
        <case>
          <duration>0.091</duration>
          <className>nui.TextWrapper</className>
          <testName>TextWrapper sets truncated text class and wraps to one line by default</testName>
          <skipped>false</skipped>
          <failedSince>0</failedSince>
        </case>
        <case>
          <duration>0.132</duration>
          <className>nui.TextWrapper</className>
          <testName>TextWrapper should set the style appropriately based on passed in values for 2 lines</testName>
          <skipped>false</skipped>
          <failedSince>0</failedSince>
        </case>
        <case>
          <duration>0.05</duration>
          <className>nui.TextWrapper</className>
          <testName>TextWrapper should set the style appropriately based on passed in values for 1 line</testName>
          <skipped>false</skipped>
          <failedSince>0</failedSince>
        </case>
      </cases>
    </suite>
    <suite>
      <file>/tmp/jenkins-e606f5ec/workspace/nloop_main/junits/nui-unit-tests.xml</file>
      <name>ArtifactDomainsArchived</name>
      <duration>1.71</duration>
      <timestamp>2022-10-04T19:54:50</timestamp>
      <time>1.71</time>
      <nodeId>630</nodeId>
      <enclosingBlocks>
        <string>629</string>
      </enclosingBlocks>
      <enclosingBlockNames>
        <string>Declarative: Post Actions</string>
      </enclosingBlockNames>
      <cases>
        <case>
          <duration>0.106</duration>
          <className>nui.ArtifactDomainsArchived</className>
          <testName>ArtifactDomainsArchived should exist </testName>
          <skipped>false</skipped>
          <failedSince>0</failedSince>
        </case>
        <case>
          <duration>0.002</duration>
          <className>nui.ArtifactDomainsArchived</className>
          <testName>ArtifactDomainsArchived › methods should go back to the artifacts view</testName>
          <skipped>false</skipped>
          <failedSince>0</failedSince>
        </case>
        <case>
          <duration>0.065</duration>
          <className>nui.ArtifactDomainsArchived</className>
          <testName>ArtifactDomainsArchived › created it should get artifact domains with archived on create</testName>
          <skipped>false</skipped>
          <failedSince>0</failedSince>
        </case>
      </cases>
    </suite>
    <suite>
      <file>/tmp/jenkins-e606f5ec/workspace/nloop_main/junits/nui-unit-tests.xml</file>
      <name>Api Service</name>
      <duration>0.472</duration>
      <timestamp>2022-10-04T19:54:52</timestamp>
      <time>0.472</time>
      <nodeId>630</nodeId>
      <enclosingBlocks>
        <string>629</string>
      </enclosingBlocks>
      <enclosingBlockNames>
        <string>Declarative: Post Actions</string>
      </enclosingBlockNames>
      <cases>
        <case>
          <duration>0.002</duration>
          <className>nui.Api Service</className>
          <testName>Api Service exists</testName>
          <skipped>false</skipped>
          <failedSince>0</failedSince>
        </case>
        <case>
          <duration>0.002</duration>
          <className>nui.Api Service</className>
          <testName>Api Service should return a response if successful</testName>
          <skipped>false</skipped>
          <failedSince>0</failedSince>
        </case>
        <case>
          <duration>0.0</duration>
          <className>nui.Api Service</className>
          <testName>Api Service should use the error service is there is an error</testName>
          <skipped>false</skipped>
          <failedSince>0</failedSince>
        </case>
      </cases>
    </suite>
    <suite>
      <file>/tmp/jenkins-e606f5ec/workspace/nloop_main/junits/nui-unit-tests.xml</file>
      <name>reports store</name>
      <duration>0.516</duration>
      <timestamp>2022-10-04T19:54:52</timestamp>
      <time>0.516</time>
      <nodeId>630</nodeId>
      <enclosingBlocks>
        <string>629</string>
      </enclosingBlocks>
      <enclosingBlockNames>
        <string>Declarative: Post Actions</string>
      </enclosingBlockNames>
      <cases>
        <case>
          <duration>0.002</duration>
          <className>nui.reports store</className>
          <testName>reports store › state should have a default state </testName>
          <skipped>false</skipped>
          <failedSince>0</failedSince>
        </case>
        <case>
          <duration>0.001</duration>
          <className>nui.reports store</className>
          <testName>reports store › getters should get the selected report view </testName>
          <skipped>false</skipped>
          <failedSince>0</failedSince>
        </case>
        <case>
          <duration>0.001</duration>
          <className>nui.reports store</className>
          <testName>reports store › actions should set the selected report view</testName>
          <skipped>false</skipped>
          <failedSince>0</failedSince>
        </case>
      </cases>
    </suite>
    <suite>
      <file>/tmp/jenkins-e606f5ec/workspace/nloop_main/junits/nui-unit-tests.xml</file>
      <name>SpiSubHeader</name>
      <duration>1.463</duration>
      <timestamp>2022-10-04T19:54:52</timestamp>
      <time>1.463</time>
      <nodeId>630</nodeId>
      <enclosingBlocks>
        <string>629</string>
      </enclosingBlocks>
      <enclosingBlockNames>
        <string>Declarative: Post Actions</string>
      </enclosingBlockNames>
      <cases>
        <case>
          <duration>0.123</duration>
          <className>nui.SpiSubHeader</className>
          <testName>SpiSubHeader › methods should route back to requirement view</testName>
          <skipped>false</skipped>
          <failedSince>0</failedSince>
        </case>
        <case>
          <duration>0.157</duration>
          <className>nui.SpiSubHeader</className>
          <testName>SpiSubHeader › computed should return spi names</testName>
          <skipped>false</skipped>
          <failedSince>0</failedSince>
        </case>
      </cases>
    </suite>
    <suite>
      <file>/tmp/jenkins-e606f5ec/workspace/nloop_main/junits/nui-unit-tests.xml</file>
      <name>Edge</name>
      <duration>0.798</duration>
      <timestamp>2022-10-04T19:54:53</timestamp>
      <time>0.798</time>
      <nodeId>630</nodeId>
      <enclosingBlocks>
        <string>629</string>
      </enclosingBlocks>
      <enclosingBlockNames>
        <string>Declarative: Post Actions</string>
      </enclosingBlockNames>
      <cases>
        <case>
          <duration>0.105</duration>
          <className>nui.Edge</className>
          <testName>Edge correctly computes a path from a source to a single child</testName>
          <skipped>false</skipped>
          <failedSince>0</failedSince>
        </case>
        <case>
          <duration>0.066</duration>
          <className>nui.Edge</className>
          <testName>Edge correctly computes a path to multiple children</testName>
          <skipped>false</skipped>
          <failedSince>0</failedSince>
        </case>
      </cases>
    </suite>
    <suite>
      <file>/tmp/jenkins-e606f5ec/workspace/nloop_main/junits/nui-unit-tests.xml</file>
      <name>Date filters</name>
      <duration>0.702</duration>
      <timestamp>2022-10-04T19:54:53</timestamp>
      <time>0.702</time>
      <nodeId>630</nodeId>
      <enclosingBlocks>
        <string>629</string>
      </enclosingBlocks>
      <enclosingBlockNames>
        <string>Declarative: Post Actions</string>
      </enclosingBlockNames>
      <cases>
        <case>
          <duration>0.004</duration>
          <className>nui.Date filters</className>
          <testName>Date filters › formatDate correctly formats an en-US date</testName>
          <skipped>false</skipped>
          <failedSince>0</failedSince>
        </case>
        <case>
          <duration>0.002</duration>
          <className>nui.Date filters</className>
          <testName>Date filters › formatDate correctly formats a de date</testName>
          <skipped>false</skipped>
          <failedSince>0</failedSince>
        </case>
        <case>
          <duration>0.001</duration>
          <className>nui.Date filters</className>
          <testName>Date filters › formatDate returns an empty string if the date is not valid</testName>
          <skipped>false</skipped>
          <failedSince>0</failedSince>
        </case>
        <case>
          <duration>0.001</duration>
          <className>nui.Date filters</className>
          <testName>Date filters › formatDateTime correctly formats an en-US datetime</testName>
          <skipped>false</skipped>
          <failedSince>0</failedSince>
        </case>
        <case>
          <duration>0.001</duration>
          <className>nui.Date filters</className>
          <testName>Date filters › formatDateTime correctly formats a de datetime</testName>
          <skipped>false</skipped>
          <failedSince>0</failedSince>
        </case>
        <case>
          <duration>0.006</duration>
          <className>nui.Date filters</className>
          <testName>Date filters › formatDateTime returns an empty string if the datetime is not valid</testName>
          <skipped>false</skipped>
          <failedSince>0</failedSince>
        </case>
      </cases>
    </suite>
    <suite>
      <file>/tmp/jenkins-e606f5ec/workspace/nloop_main/junits/nui-unit-tests.xml</file>
      <name>SPIStatusIcon</name>
      <duration>1.582</duration>
      <timestamp>2022-10-04T19:54:54</timestamp>
      <time>1.582</time>
      <nodeId>630</nodeId>
      <enclosingBlocks>
        <string>629</string>
      </enclosingBlocks>
      <enclosingBlockNames>
        <string>Declarative: Post Actions</string>
      </enclosingBlockNames>
      <cases>
        <case>
          <duration>0.17</duration>
          <className>nui.SPIStatusIcon</className>
          <testName>SPIStatusIcon should show a check_circle icon for satisfied</testName>
          <skipped>false</skipped>
          <failedSince>0</failedSince>
        </case>
        <case>
          <duration>0.12</duration>
          <className>nui.SPIStatusIcon</className>
          <testName>SPIStatusIcon should show a check_circle icon for satisfied</testName>
          <skipped>false</skipped>
          <failedSince>0</failedSince>
        </case>
        <case>
          <duration>0.07</duration>
          <className>nui.SPIStatusIcon</className>
          <testName>SPIStatusIcon should show a check_circle icon for satisfied</testName>
          <skipped>false</skipped>
          <failedSince>0</failedSince>
        </case>
        <case>
          <duration>0.156</duration>
          <className>nui.SPIStatusIcon</className>
          <testName>SPIStatusIcon should show a check_circle icon for satisfied</testName>
          <skipped>false</skipped>
          <failedSince>0</failedSince>
        </case>
      </cases>
    </suite>
    <suite>
      <file>/tmp/jenkins-e606f5ec/workspace/nloop_main/junits/nui-unit-tests.xml</file>
      <name>TextItem</name>
      <duration>1.043</duration>
      <timestamp>2022-10-04T19:54:55</timestamp>
      <time>1.043</time>
      <nodeId>630</nodeId>
      <enclosingBlocks>
        <string>629</string>
      </enclosingBlocks>
      <enclosingBlockNames>
        <string>Declarative: Post Actions</string>
      </enclosingBlockNames>
      <cases>
        <case>
          <duration>0.179</duration>
          <className>nui.TextItem</className>
          <testName>TextItem mounts</testName>
          <skipped>false</skipped>
          <failedSince>0</failedSince>
        </case>
        <case>
          <duration>0.244</duration>
          <className>nui.TextItem</className>
          <testName>TextItem does not show the content unless the component is expanded</testName>
          <skipped>false</skipped>
          <failedSince>0</failedSince>
        </case>
      </cases>
    </suite>
    <suite>
      <file>/tmp/jenkins-e606f5ec/workspace/nloop_main/junits/nui-unit-tests.xml</file>
      <name>TestCaseImplementation</name>
      <duration>3.751</duration>
      <timestamp>2022-10-04T19:54:55</timestamp>
      <time>3.751</time>
      <nodeId>630</nodeId>
      <enclosingBlocks>
        <string>629</string>
      </enclosingBlocks>
      <enclosingBlockNames>
        <string>Declarative: Post Actions</string>
      </enclosingBlockNames>
      <cases>
        <case>
          <duration>0.028</duration>
          <className>nui.TestCaseImplementation</className>
          <testName>TestCaseImplementation exists</testName>
          <skipped>false</skipped>
          <failedSince>0</failedSince>
        </case>
        <case>
          <duration>2.593</duration>
          <className>nui.TestCaseImplementation</className>
          <testName>TestCaseImplementation reveals pagination when there are more than five tcis</testName>
          <skipped>false</skipped>
          <failedSince>0</failedSince>
        </case>
      </cases>
    </suite>
    <suite>
      <file>/tmp/jenkins-e606f5ec/workspace/nloop_main/junits/nui-unit-tests.xml</file>
      <name>alert store</name>
      <duration>1.447</duration>
      <timestamp>2022-10-04T19:54:57</timestamp>
      <time>1.447</time>
      <nodeId>630</nodeId>
      <enclosingBlocks>
        <string>629</string>
      </enclosingBlocks>
      <enclosingBlockNames>
        <string>Declarative: Post Actions</string>
      </enclosingBlockNames>
      <cases>
        <case>
          <duration>0.028</duration>
          <className>nui.alert store</className>
          <testName>alert store › state should have an empty default state</testName>
          <skipped>false</skipped>
          <failedSince>0</failedSince>
        </case>
        <case>
          <duration>0.027</duration>
          <className>nui.alert store</className>
          <testName>alert store › getters should get the state of every alert</testName>
          <skipped>false</skipped>
          <failedSince>0</failedSince>
        </case>
        <case>
          <duration>0.002</duration>
          <className>nui.alert store</className>
          <testName>alert store › actions and mutations should set alert state by name</testName>
          <skipped>false</skipped>
          <failedSince>0</failedSince>
        </case>
      </cases>
    </suite>
    <suite>
      <file>/tmp/jenkins-e606f5ec/workspace/nloop_main/junits/nui-unit-tests.xml</file>
      <name>sharedWarning methods</name>
      <duration>2.743</duration>
      <timestamp>2022-10-04T19:54:59</timestamp>
      <time>2.743</time>
      <nodeId>630</nodeId>
      <enclosingBlocks>
        <string>629</string>
      </enclosingBlocks>
      <enclosingBlockNames>
        <string>Declarative: Post Actions</string>
      </enclosingBlockNames>
      <cases>
        <case>
          <duration>0.038</duration>
          <className>nui.sharedWarning methods</className>
          <testName>sharedWarning methods getSafetyCaseInstanceDeleteWarningText returns correct text for - </testName>
          <skipped>false</skipped>
          <failedSince>0</failedSince>
        </case>
        <case>
          <duration>0.001</duration>
          <className>nui.sharedWarning methods</className>
          <testName>sharedWarning methods getSafetyCaseInstanceDeleteWarningText returns correct text for - [object Object]</testName>
          <skipped>false</skipped>
          <failedSince>0</failedSince>
        </case>
        <case>
          <duration>0.001</duration>
          <className>nui.sharedWarning methods</className>
          <testName>sharedWarning methods getSafetyCaseInstanceDeleteWarningText returns correct text for - [object Object],[object Object],[object Object],[object Object],[object Object],[object Object],[object Object],[object Object],[object Object],[object Object],[object Object],[object Object],[object Object],[object Object],[object Object],[object Object],[object Object],[object Object],[object Object],[object Object],[object Object],[object Object],[object Object],[object Object],[object Object],[object Object],[object Object],[object Object],[object Object],[object Object],[object Object],[object Object],[object Object],[object Object],[object Object],[object Object],[object Object],[object Object],[object Object],[object Object],[object Object],[object Object],[object Object],[object Object],[object Object],[object Object],[object Object],[object Object],[object Object],[object Object],[object Object],[object Object],[object Object]</testName>
          <skipped>false</skipped>
          <failedSince>0</failedSince>
        </case>
      </cases>
    </suite>
    <suite>
      <file>/tmp/jenkins-e606f5ec/workspace/nloop_main/junits/nui-unit-tests.xml</file>
      <name>modals store</name>
      <duration>0.898</duration>
      <timestamp>2022-10-04T19:55:01</timestamp>
      <time>0.898</time>
      <nodeId>630</nodeId>
      <enclosingBlocks>
        <string>629</string>
      </enclosingBlocks>
      <enclosingBlockNames>
        <string>Declarative: Post Actions</string>
      </enclosingBlockNames>
      <cases>
        <case>
          <duration>0.026</duration>
          <className>nui.modals store</className>
          <testName>modals store › state should have a default state</testName>
          <skipped>false</skipped>
          <failedSince>0</failedSince>
        </case>
        <case>
          <duration>0.035</duration>
          <className>nui.modals store</className>
          <testName>modals store › getters should get the state of every modal</testName>
          <skipped>false</skipped>
          <failedSince>0</failedSince>
        </case>
        <case>
          <duration>0.018</duration>
          <className>nui.modals store</className>
          <testName>modals store › actions should set the state by modal name</testName>
          <skipped>false</skipped>
          <failedSince>0</failedSince>
        </case>
      </cases>
    </suite>
    <suite>
      <file>/tmp/jenkins-e606f5ec/workspace/nloop_main/junits/nui-unit-tests.xml</file>
      <name>MeasurementList</name>
      <duration>2.729</duration>
      <timestamp>2022-10-04T19:55:02</timestamp>
      <time>2.729</time>
      <nodeId>630</nodeId>
      <enclosingBlocks>
        <string>629</string>
      </enclosingBlocks>
      <enclosingBlockNames>
        <string>Declarative: Post Actions</string>
      </enclosingBlockNames>
      <cases>
        <case>
          <duration>0.28</duration>
          <className>nui.MeasurementList</className>
          <testName>MeasurementList exists</testName>
          <skipped>false</skipped>
          <failedSince>0</failedSince>
        </case>
        <case>
          <duration>0.222</duration>
          <className>nui.MeasurementList</className>
          <testName>MeasurementList › computed should return info when measurement list is empty</testName>
          <skipped>false</skipped>
          <failedSince>0</failedSince>
        </case>
        <case>
          <duration>0.201</duration>
          <className>nui.MeasurementList</className>
          <testName>MeasurementList › computed should return not return info message when all conditions are met </testName>
          <skipped>false</skipped>
          <failedSince>0</failedSince>
        </case>
      </cases>
    </suite>
    <suite>
      <file>/tmp/jenkins-e606f5ec/workspace/nloop_main/junits/nui-unit-tests.xml</file>
      <name>Notifications</name>
      <duration>2.193</duration>
      <timestamp>2022-10-04T19:55:03</timestamp>
      <time>2.193</time>
      <nodeId>630</nodeId>
      <enclosingBlocks>
        <string>629</string>
      </enclosingBlocks>
      <enclosingBlockNames>
        <string>Declarative: Post Actions</string>
      </enclosingBlockNames>
      <cases>
        <case>
          <duration>0.278</duration>
          <className>nui.Notifications</className>
          <testName>Notifications exists</testName>
          <skipped>false</skipped>
          <failedSince>0</failedSince>
        </case>
        <case>
          <duration>0.278</duration>
          <className>nui.Notifications</className>
          <testName>Notifications provides a list of alerts</testName>
          <skipped>false</skipped>
          <failedSince>0</failedSince>
        </case>
      </cases>
    </suite>
    <suite>
      <file>/tmp/jenkins-e606f5ec/workspace/nloop_main/junits/nui-unit-tests.xml</file>
      <name>TestClaim</name>
      <duration>1.745</duration>
      <timestamp>2022-10-04T19:55:06</timestamp>
      <time>1.745</time>
      <nodeId>630</nodeId>
      <enclosingBlocks>
        <string>629</string>
      </enclosingBlocks>
      <enclosingBlockNames>
        <string>Declarative: Post Actions</string>
      </enclosingBlockNames>
      <cases>
        <case>
          <duration>0.171</duration>
          <className>nui.TestClaim</className>
          <testName>TestClaim exists</testName>
          <skipped>false</skipped>
          <failedSince>0</failedSince>
        </case>
        <case>
          <duration>0.046</duration>
          <className>nui.TestClaim</className>
          <testName>TestClaim › computed  should get the test claim</testName>
          <skipped>false</skipped>
          <failedSince>0</failedSince>
        </case>
        <case>
          <duration>0.15</duration>
          <className>nui.TestClaim</className>
          <testName>TestClaim › computed  should set the test claim</testName>
          <skipped>false</skipped>
          <failedSince>0</failedSince>
        </case>
      </cases>
    </suite>
    <suite>
      <file>/tmp/jenkins-e606f5ec/workspace/nloop_main/junits/nui-unit-tests.xml</file>
      <name>time filter</name>
      <duration>1.053</duration>
      <timestamp>2022-10-04T19:55:07</timestamp>
      <time>1.053</time>
      <nodeId>630</nodeId>
      <enclosingBlocks>
        <string>629</string>
      </enclosingBlocks>
      <enclosingBlockNames>
        <string>Declarative: Post Actions</string>
      </enclosingBlockNames>
      <cases>
        <case>
          <duration>0.028</duration>
          <className>nui.time filter</className>
          <testName>time filter creates the correct error message depending on the minimum evaluation time</testName>
          <skipped>false</skipped>
          <failedSince>0</failedSince>
        </case>
        <case>
          <duration>0.001</duration>
          <className>nui.time filter</className>
          <testName>time filter should add time units</testName>
          <skipped>false</skipped>
          <failedSince>0</failedSince>
        </case>
      </cases>
    </suite>
    <suite>
      <file>/tmp/jenkins-e606f5ec/workspace/nloop_main/junits/nui-unit-tests.xml</file>
      <name>Fault Diagram</name>
      <duration>2.873</duration>
      <timestamp>2022-10-04T19:55:06</timestamp>
      <time>2.873</time>
      <nodeId>630</nodeId>
      <enclosingBlocks>
        <string>629</string>
      </enclosingBlocks>
      <enclosingBlockNames>
        <string>Declarative: Post Actions</string>
      </enclosingBlockNames>
      <cases>
        <case>
          <duration>0.123</duration>
          <className>nui.Fault Diagram</className>
          <testName>Fault Diagram displays the correct number of fault nodes when they exist</testName>
          <skipped>false</skipped>
          <failedSince>0</failedSince>
        </case>
        <case>
          <duration>0.069</duration>
          <className>nui.Fault Diagram</className>
          <testName>Fault Diagram displays no nodes when they do not exist</testName>
          <skipped>false</skipped>
          <failedSince>0</failedSince>
        </case>
      </cases>
    </suite>
    <suite>
      <file>/tmp/jenkins-e606f5ec/workspace/nloop_main/junits/nui-unit-tests.xml</file>
      <name>Circle</name>
      <duration>1.173</duration>
      <timestamp>2022-10-04T19:55:09</timestamp>
      <time>1.173</time>
      <nodeId>630</nodeId>
      <enclosingBlocks>
        <string>629</string>
      </enclosingBlocks>
      <enclosingBlockNames>
        <string>Declarative: Post Actions</string>
      </enclosingBlockNames>
      <cases>
        <case>
          <duration>0.28</duration>
          <className>nui.Circle</className>
          <testName>Circle emits onClick to this.node</testName>
          <skipped>false</skipped>
          <failedSince>0</failedSince>
        </case>
      </cases>
    </suite>
    <suite>
      <file>/tmp/jenkins-e606f5ec/workspace/nloop_main/junits/nui-unit-tests.xml</file>
      <name>RemovalModal</name>
      <duration>1.224</duration>
      <timestamp>2022-10-04T19:55:09</timestamp>
      <time>1.224</time>
      <nodeId>630</nodeId>
      <enclosingBlocks>
        <string>629</string>
      </enclosingBlocks>
      <enclosingBlockNames>
        <string>Declarative: Post Actions</string>
      </enclosingBlockNames>
      <cases>
        <case>
          <duration>0.257</duration>
          <className>nui.RemovalModal</className>
          <testName>RemovalModal exists</testName>
          <skipped>false</skipped>
          <failedSince>0</failedSince>
        </case>
        <case>
          <duration>0.031</duration>
          <className>nui.RemovalModal</className>
          <testName>RemovalModal close the modal</testName>
          <skipped>false</skipped>
          <failedSince>0</failedSince>
        </case>
      </cases>
    </suite>
    <suite>
      <file>/tmp/jenkins-e606f5ec/workspace/nloop_main/junits/nui-unit-tests.xml</file>
      <name>Rectangle</name>
      <duration>0.775</duration>
      <timestamp>2022-10-04T19:55:11</timestamp>
      <time>0.775</time>
      <nodeId>630</nodeId>
      <enclosingBlocks>
        <string>629</string>
      </enclosingBlocks>
      <enclosingBlockNames>
        <string>Declarative: Post Actions</string>
      </enclosingBlockNames>
      <cases>
        <case>
          <duration>0.164</duration>
          <className>nui.Rectangle</className>
          <testName>Rectangle emits onClick to this.node</testName>
          <skipped>false</skipped>
          <failedSince>0</failedSince>
        </case>
      </cases>
    </suite>
    <suite>
      <file>/tmp/jenkins-e606f5ec/workspace/nloop_main/junits/nui-unit-tests.xml</file>
      <name>Container</name>
      <duration>1.737</duration>
      <timestamp>2022-10-04T19:55:11</timestamp>
      <time>1.737</time>
      <nodeId>630</nodeId>
      <enclosingBlocks>
        <string>629</string>
      </enclosingBlocks>
      <enclosingBlockNames>
        <string>Declarative: Post Actions</string>
      </enclosingBlockNames>
      <cases>
        <case>
          <duration>0.579</duration>
          <className>nui.Container</className>
          <testName>Container emits onClick to this.node</testName>
          <skipped>false</skipped>
          <failedSince>0</failedSince>
        </case>
      </cases>
    </suite>
    <suite>
      <file>/tmp/jenkins-e606f5ec/workspace/nloop_main/junits/nui-unit-tests.xml</file>
      <name>Diamond</name>
      <duration>1.465</duration>
      <timestamp>2022-10-04T19:55:12</timestamp>
      <time>1.465</time>
      <nodeId>630</nodeId>
      <enclosingBlocks>
        <string>629</string>
      </enclosingBlocks>
      <enclosingBlockNames>
        <string>Declarative: Post Actions</string>
      </enclosingBlockNames>
      <cases>
        <case>
          <duration>0.346</duration>
          <className>nui.Diamond</className>
          <testName>Diamond emits onClick to this.node</testName>
          <skipped>false</skipped>
          <failedSince>0</failedSince>
        </case>
      </cases>
    </suite>
    <suite>
      <file>/tmp/jenkins-e606f5ec/workspace/nloop_main/junits/nui-unit-tests.xml</file>
      <name>OrGate</name>
      <duration>0.748</duration>
      <timestamp>2022-10-04T19:55:14</timestamp>
      <time>0.748</time>
      <nodeId>630</nodeId>
      <enclosingBlocks>
        <string>629</string>
      </enclosingBlocks>
      <enclosingBlockNames>
        <string>Declarative: Post Actions</string>
      </enclosingBlockNames>
      <cases>
        <case>
          <duration>0.132</duration>
          <className>nui.OrGate</className>
          <testName>OrGate emits onClick to this.node</testName>
          <skipped>false</skipped>
          <failedSince>0</failedSince>
        </case>
      </cases>
    </suite>
    <suite>
      <file>/tmp/jenkins-e606f5ec/workspace/nloop_main/junits/nui-unit-tests.xml</file>
      <name>AndGate</name>
      <duration>1.259</duration>
      <timestamp>2022-10-04T19:55:14</timestamp>
      <time>1.259</time>
      <nodeId>630</nodeId>
      <enclosingBlocks>
        <string>629</string>
      </enclosingBlocks>
      <enclosingBlockNames>
        <string>Declarative: Post Actions</string>
      </enclosingBlockNames>
      <cases>
        <case>
          <duration>0.205</duration>
          <className>nui.AndGate</className>
          <testName>AndGate emits onClick to this.node</testName>
          <skipped>false</skipped>
          <failedSince>0</failedSince>
        </case>
      </cases>
    </suite>
    <suite>
      <file>/tmp/jenkins-e606f5ec/workspace/nloop_main/junits/nui-unit-tests.xml</file>
      <name>TestCaseParameters</name>
      <duration>1.343</duration>
      <timestamp>2022-10-04T19:55:14</timestamp>
      <time>1.343</time>
      <nodeId>630</nodeId>
      <enclosingBlocks>
        <string>629</string>
      </enclosingBlocks>
      <enclosingBlockNames>
        <string>Declarative: Post Actions</string>
      </enclosingBlockNames>
      <cases>
        <case>
          <duration>0.051</duration>
          <className>nui.TestCaseParameters</className>
          <testName>TestCaseParameters exists</testName>
          <skipped>false</skipped>
          <failedSince>0</failedSince>
        </case>
        <case>
          <duration>0.022</duration>
          <className>nui.TestCaseParameters</className>
          <testName>TestCaseParameters shows a message if not read only and there are no available parameters </testName>
          <skipped>false</skipped>
          <failedSince>0</failedSince>
        </case>
      </cases>
    </suite>
    <suite>
      <file>/tmp/jenkins-e606f5ec/workspace/nloop_main/junits/nui-unit-tests.xml</file>
      <name>House</name>
      <duration>1.066</duration>
      <timestamp>2022-10-04T19:55:15</timestamp>
      <time>1.066</time>
      <nodeId>630</nodeId>
      <enclosingBlocks>
        <string>629</string>
      </enclosingBlocks>
      <enclosingBlockNames>
        <string>Declarative: Post Actions</string>
      </enclosingBlockNames>
      <cases>
        <case>
          <duration>0.191</duration>
          <className>nui.House</className>
          <testName>House emits onClick to this.node</testName>
          <skipped>false</skipped>
          <failedSince>0</failedSince>
        </case>
      </cases>
    </suite>
    <suite>
      <file>/tmp/jenkins-e606f5ec/workspace/nloop_main/junits/nui-unit-tests.xml</file>
      <name>Oval</name>
      <duration>1.011</duration>
      <timestamp>2022-10-04T19:55:16</timestamp>
      <time>1.011</time>
      <nodeId>630</nodeId>
      <enclosingBlocks>
        <string>629</string>
      </enclosingBlocks>
      <enclosingBlockNames>
        <string>Declarative: Post Actions</string>
      </enclosingBlockNames>
      <cases>
        <case>
          <duration>0.165</duration>
          <className>nui.Oval</className>
          <testName>Oval emits onClick to this.node</testName>
          <skipped>false</skipped>
          <failedSince>0</failedSince>
        </case>
      </cases>
    </suite>
    <suite>
      <file>/tmp/jenkins-e606f5ec/workspace/nloop_main/junits/nui-unit-tests.xml</file>
      <name>CAETableContainer</name>
      <duration>1.064</duration>
      <timestamp>2022-10-04T19:55:17</timestamp>
      <time>1.064</time>
      <nodeId>630</nodeId>
      <enclosingBlocks>
        <string>629</string>
      </enclosingBlocks>
      <enclosingBlockNames>
        <string>Declarative: Post Actions</string>
      </enclosingBlockNames>
      <cases>
        <case>
          <duration>0.203</duration>
          <className>nui.CAETableContainer</className>
          <testName>CAETableContainer should mount a CAETable</testName>
          <skipped>false</skipped>
          <failedSince>0</failedSince>
        </case>
      </cases>
    </suite>
    <suite>
      <file>/tmp/jenkins-e606f5ec/workspace/nloop_main/junits/nui-unit-tests.xml</file>
      <name>TestCaseMonitor</name>
      <duration>1.146</duration>
      <timestamp>2022-10-04T19:55:18</timestamp>
      <time>1.146</time>
      <nodeId>630</nodeId>
      <enclosingBlocks>
        <string>629</string>
      </enclosingBlocks>
      <enclosingBlockNames>
        <string>Declarative: Post Actions</string>
      </enclosingBlockNames>
      <cases>
        <case>
          <duration>0.18</duration>
          <className>nui.TestCaseMonitor</className>
          <testName>TestCaseMonitor logs render</testName>
          <skipped>false</skipped>
          <failedSince>0</failedSince>
        </case>
        <case>
          <duration>0.023</duration>
          <className>nui.TestCaseMonitor</className>
          <testName>TestCaseMonitor no data renders</testName>
          <skipped>false</skipped>
          <failedSince>0</failedSince>
        </case>
      </cases>
    </suite>
    <suite>
      <file>/tmp/jenkins-e606f5ec/workspace/nloop_main/junits/nui-unit-tests.xml</file>
      <name>TextModal</name>
      <duration>1.235</duration>
      <timestamp>2022-10-04T19:55:18</timestamp>
      <time>1.235</time>
      <nodeId>630</nodeId>
      <enclosingBlocks>
        <string>629</string>
      </enclosingBlocks>
      <enclosingBlockNames>
        <string>Declarative: Post Actions</string>
      </enclosingBlockNames>
      <cases>
        <case>
          <duration>0.127</duration>
          <className>nui.TextModal</className>
          <testName>TextModal exists</testName>
          <skipped>false</skipped>
          <failedSince>0</failedSince>
        </case>
      </cases>
    </suite>
    <suite>
      <file>/tmp/jenkins-e606f5ec/workspace/nloop_main/junits/nui-unit-tests.xml</file>
      <name>ParameterDiscreteSlider</name>
      <duration>1.423</duration>
      <timestamp>2022-10-04T19:55:19</timestamp>
      <time>1.423</time>
      <nodeId>630</nodeId>
      <enclosingBlocks>
        <string>629</string>
      </enclosingBlocks>
      <enclosingBlockNames>
        <string>Declarative: Post Actions</string>
      </enclosingBlockNames>
      <cases>
        <case>
          <duration>0.226</duration>
          <className>nui.ParameterDiscreteSlider</className>
          <testName>ParameterDiscreteSlider should exist</testName>
          <skipped>false</skipped>
          <failedSince>0</failedSince>
        </case>
      </cases>
    </suite>
    <suite>
      <file>/tmp/jenkins-e606f5ec/workspace/nloop_main/junits/nui-unit-tests.xml</file>
      <name>RequirementsSubheader </name>
      <duration>1.4</duration>
      <timestamp>2022-10-04T19:55:20</timestamp>
      <time>1.4</time>
      <nodeId>630</nodeId>
      <enclosingBlocks>
        <string>629</string>
      </enclosingBlocks>
      <enclosingBlockNames>
        <string>Declarative: Post Actions</string>
      </enclosingBlockNames>
      <cases>
        <case>
          <duration>0.043</duration>
          <className>nui.RequirementsSubheader </className>
          <testName>RequirementsSubheader  exists</testName>
          <skipped>false</skipped>
          <failedSince>0</failedSince>
        </case>
        <case>
          <duration>0.072</duration>
          <className>nui.RequirementsSubheader </className>
          <testName>RequirementsSubheader  shows a status color key when viewing requirements</testName>
          <skipped>false</skipped>
          <failedSince>0</failedSince>
        </case>
      </cases>
    </suite>
    <suite>
      <file>/tmp/jenkins-e606f5ec/workspace/nloop_main/junits/nui-unit-tests.xml</file>
      <name>to fixed</name>
      <duration>0.706</duration>
      <timestamp>2022-10-04T19:55:22</timestamp>
      <time>0.706</time>
      <nodeId>630</nodeId>
      <enclosingBlocks>
        <string>629</string>
      </enclosingBlocks>
      <enclosingBlockNames>
        <string>Declarative: Post Actions</string>
      </enclosingBlockNames>
      <cases>
        <case>
          <duration>0.009</duration>
          <className>nui.to fixed</className>
          <testName>to fixed should return the value if it cannot be cast to a number</testName>
          <skipped>false</skipped>
          <failedSince>0</failedSince>
        </case>
        <case>
          <duration>0.001</duration>
          <className>nui.to fixed</className>
          <testName>to fixed should return an integer if the value is an integer</testName>
          <skipped>false</skipped>
          <failedSince>0</failedSince>
        </case>
        <case>
          <duration>0.001</duration>
          <className>nui.to fixed</className>
          <testName>to fixed should return a float as a string to two decimal points by default</testName>
          <skipped>false</skipped>
          <failedSince>0</failedSince>
        </case>
        <case>
          <duration>0.008</duration>
          <className>nui.to fixed</className>
          <testName>to fixed should return a float as a string with the decimal provided</testName>
          <skipped>false</skipped>
          <failedSince>0</failedSince>
        </case>
      </cases>
    </suite>
    <suite>
      <file>/tmp/jenkins-e606f5ec/workspace/nloop_main/junits/nui-unit-tests.xml</file>
      <name>ParameterRangeTick</name>
      <duration>0.727</duration>
      <timestamp>2022-10-04T19:55:22</timestamp>
      <time>0.727</time>
      <nodeId>630</nodeId>
      <enclosingBlocks>
        <string>629</string>
      </enclosingBlocks>
      <enclosingBlockNames>
        <string>Declarative: Post Actions</string>
      </enclosingBlockNames>
      <cases>
        <case>
          <duration>0.025</duration>
          <className>nui.ParameterRangeTick</className>
          <testName>ParameterRangeTick exists</testName>
          <skipped>false</skipped>
          <failedSince>0</failedSince>
        </case>
      </cases>
    </suite>
    <suite>
      <file>/tmp/jenkins-e606f5ec/workspace/nloop_main/junits/nui-unit-tests.xml</file>
      <name>Projects</name>
      <duration>1.489</duration>
      <timestamp>2022-10-04T19:55:22</timestamp>
      <time>1.489</time>
      <nodeId>630</nodeId>
      <enclosingBlocks>
        <string>629</string>
      </enclosingBlocks>
      <enclosingBlockNames>
        <string>Declarative: Post Actions</string>
      </enclosingBlockNames>
      <cases>
        <case>
          <duration>0.086</duration>
          <className>nui.Projects</className>
          <testName>Projects mounts</testName>
          <skipped>false</skipped>
          <failedSince>0</failedSince>
        </case>
      </cases>
    </suite>
    <suite>
      <file>/tmp/jenkins-e606f5ec/workspace/nloop_main/junits/nui-unit-tests.xml</file>
      <name>App</name>
      <duration>1.141</duration>
      <timestamp>2022-10-04T19:55:23</timestamp>
      <time>1.141</time>
      <nodeId>630</nodeId>
      <enclosingBlocks>
        <string>629</string>
      </enclosingBlocks>
      <enclosingBlockNames>
        <string>Declarative: Post Actions</string>
      </enclosingBlockNames>
      <cases>
        <case>
          <duration>0.072</duration>
          <className>nui.App</className>
          <testName>App mounts and polls for test platforms, test case runs, and test case implementations</testName>
          <skipped>false</skipped>
          <failedSince>0</failedSince>
        </case>
      </cases>
    </suite>
    <suite>
      <file>/tmp/jenkins-e606f5ec/workspace/nloop_main/junits/nui-unit-tests.xml</file>
      <name>toMap utilities</name>
      <duration>0.834</duration>
      <timestamp>2022-10-04T19:55:24</timestamp>
      <time>0.834</time>
      <nodeId>630</nodeId>
      <enclosingBlocks>
        <string>629</string>
      </enclosingBlocks>
      <enclosingBlockNames>
        <string>Declarative: Post Actions</string>
      </enclosingBlockNames>
      <cases>
        <case>
          <duration>0.01</duration>
          <className>nui.toMap utilities</className>
          <testName>toMap utilities maps an array of objects to a map keyed by id</testName>
          <skipped>false</skipped>
          <failedSince>0</failedSince>
        </case>
      </cases>
    </suite>
    <suite>
      <file>/tmp/jenkins-e606f5ec/workspace/nloop_main/junits/nui-unit-tests.xml</file>
      <name>TopNav</name>
      <duration>1.196</duration>
      <timestamp>2022-10-04T19:55:25</timestamp>
      <time>1.196</time>
      <nodeId>630</nodeId>
      <enclosingBlocks>
        <string>629</string>
      </enclosingBlocks>
      <enclosingBlockNames>
        <string>Declarative: Post Actions</string>
      </enclosingBlockNames>
      <cases>
        <case>
          <duration>0.035</duration>
          <className>nui.TopNav</className>
          <testName>TopNav exists</testName>
          <skipped>false</skipped>
          <failedSince>0</failedSince>
        </case>
      </cases>
    </suite>
    <suite>
      <file>/tmp/jenkins-e606f5ec/workspace/nloop_main/junits/nui-unit-tests.xml</file>
      <name>readFile utility</name>
      <duration>0.829</duration>
      <timestamp>2022-10-04T19:55:25</timestamp>
      <time>0.829</time>
      <nodeId>630</nodeId>
      <enclosingBlocks>
        <string>629</string>
      </enclosingBlocks>
      <enclosingBlockNames>
        <string>Declarative: Post Actions</string>
      </enclosingBlockNames>
      <cases>
        <case>
          <duration>0.156</duration>
          <className>nui.readFile utility</className>
          <testName>readFile utility should read file</testName>
          <skipped>false</skipped>
          <failedSince>0</failedSince>
        </case>
      </cases>
    </suite>
    <suite>
      <file>/tmp/jenkins-e606f5ec/workspace/nloop_main/junits/nui-unit-tests.xml</file>
      <name>QueryStatusIcon</name>
      <duration>1.001</duration>
      <timestamp>2022-10-04T19:55:26</timestamp>
      <time>1.001</time>
      <nodeId>630</nodeId>
      <enclosingBlocks>
        <string>629</string>
      </enclosingBlocks>
      <enclosingBlockNames>
        <string>Declarative: Post Actions</string>
      </enclosingBlockNames>
      <cases>
        <case>
          <duration>0.278</duration>
          <className>nui.QueryStatusIcon</className>
          <testName>QueryStatusIcon mounts</testName>
          <skipped>false</skipped>
          <failedSince>0</failedSince>
        </case>
      </cases>
    </suite>
    <suite>
      <file>/tmp/jenkins-e606f5ec/workspace/nloop_main/junits/nui-unit-tests.xml</file>
      <name>VTHColumn</name>
      <duration>1.037</duration>
      <timestamp>2022-10-04T19:55:27</timestamp>
      <time>1.037</time>
      <nodeId>630</nodeId>
      <enclosingBlocks>
        <string>629</string>
      </enclosingBlocks>
      <enclosingBlockNames>
        <string>Declarative: Post Actions</string>
      </enclosingBlockNames>
      <cases>
        <case>
          <duration>0.057</duration>
          <className>nui.VTHColumn</className>
          <testName>VTHColumn exists</testName>
          <skipped>false</skipped>
          <failedSince>0</failedSince>
        </case>
      </cases>
    </suite>
    <suite>
      <file>/tmp/jenkins-e606f5ec/workspace/nloop_main/junits/nui-unit-tests.xml</file>
      <name>ErrorPage</name>
      <duration>0.588</duration>
      <timestamp>2022-10-04T19:55:28</timestamp>
      <time>0.588</time>
      <nodeId>630</nodeId>
      <enclosingBlocks>
        <string>629</string>
      </enclosingBlocks>
      <enclosingBlockNames>
        <string>Declarative: Post Actions</string>
      </enclosingBlockNames>
      <cases>
        <case>
          <duration>0.011</duration>
          <className>nui.ErrorPage</className>
          <testName>ErrorPage exists</testName>
          <skipped>false</skipped>
          <failedSince>0</failedSince>
        </case>
      </cases>
    </suite>
    <suite>
      <file>/tmp/jenkins-e606f5ec/workspace/nloop_main/junits/pkg-unit-tests.xml</file>
      <name>pkg-unit.farchgen</name>
      <duration>1.41</duration>
      <timestamp>2022-10-04T19:31:40Z</timestamp>
      <time>1.410000</time>
      <nodeId>630</nodeId>
      <enclosingBlocks>
        <string>629</string>
      </enclosingBlocks>
      <enclosingBlockNames>
        <string>Declarative: Post Actions</string>
      </enclosingBlockNames>
      <cases>
        <case>
          <duration>0.0</duration>
          <className>pkg-unit.farchgen</className>
          <testName>TestFARCHVizGeneration</testName>
          <skipped>false</skipped>
          <failedSince>0</failedSince>
        </case>
        <case>
          <duration>0.0</duration>
          <className>pkg-unit.farchgen</className>
          <testName>TestLinkDirections</testName>
          <skipped>false</skipped>
          <failedSince>0</failedSince>
        </case>
        <case>
          <duration>0.0</duration>
          <className>pkg-unit.farchgen</className>
          <testName>TestTreeBuilder</testName>
          <skipped>false</skipped>
          <failedSince>0</failedSince>
        </case>
        <case>
          <duration>0.16</duration>
          <className>pkg-unit.farchgen</className>
          <testName>TestFTAGeneration</testName>
          <skipped>false</skipped>
          <failedSince>0</failedSince>
        </case>
        <case>
          <duration>0.0</duration>
          <className>pkg-unit.farchgen</className>
          <testName>TestGenerateFTAViz</testName>
          <skipped>false</skipped>
          <failedSince>0</failedSince>
        </case>
        <case>
          <duration>0.01</duration>
          <className>pkg-unit.farchgen</className>
          <testName>TestGeneratorAlgoEndToEndSimple</testName>
          <skipped>false</skipped>
          <failedSince>0</failedSince>
        </case>
        <case>
          <duration>0.14</duration>
          <className>pkg-unit.farchgen</className>
          <testName>TestGeneratorAlgoEndToEndComplex</testName>
          <skipped>false</skipped>
          <failedSince>0</failedSince>
        </case>
        <case>
          <duration>0.95</duration>
          <className>pkg-unit.farchgen</className>
          <testName>TestGeneratorAlgoEndToEnd2CASA</testName>
          <skipped>false</skipped>
          <failedSince>0</failedSince>
        </case>
        <case>
          <duration>0.02</duration>
          <className>pkg-unit.farchgen</className>
          <testName>TestGeneratorEndToEndNoModelrefs</testName>
          <skipped>false</skipped>
          <failedSince>0</failedSince>
        </case>
        <case>
          <duration>0.09</duration>
          <className>pkg-unit.farchgen</className>
          <testName>TestGeneratorEndToEndExampleFarch</testName>
          <skipped>false</skipped>
          <failedSince>0</failedSince>
        </case>
        <case>
          <duration>0.0</duration>
          <className>pkg-unit.farchgen</className>
          <testName>TestCacheable</testName>
          <skipped>false</skipped>
          <failedSince>0</failedSince>
        </case>
        <case>
          <duration>0.0</duration>
          <className>pkg-unit.farchgen</className>
          <testName>TestInstantiation</testName>
          <skipped>false</skipped>
          <failedSince>0</failedSince>
        </case>
        <case>
          <duration>0.0</duration>
          <className>pkg-unit.farchgen</className>
          <testName>TestIFaultNode</testName>
          <skipped>false</skipped>
          <failedSince>0</failedSince>
        </case>
        <case>
          <duration>0.0</duration>
          <className>pkg-unit.farchgen</className>
          <testName>TestFindNodeByDescription</testName>
          <skipped>false</skipped>
          <failedSince>0</failedSince>
        </case>
        <case>
          <duration>0.0</duration>
          <className>pkg-unit.farchgen</className>
          <testName>TestHazardInstantiation</testName>
          <skipped>false</skipped>
          <failedSince>0</failedSince>
        </case>
        <case>
          <duration>0.0</duration>
          <className>pkg-unit.farchgen</className>
          <testName>TestFaultModelInstantiation</testName>
          <skipped>false</skipped>
          <failedSince>0</failedSince>
        </case>
        <case>
          <duration>0.01</duration>
          <className>pkg-unit.farchgen</className>
          <testName>TestCheckIdentifier</testName>
          <skipped>false</skipped>
          <failedSince>0</failedSince>
        </case>
        <case>
          <duration>0.0</duration>
          <className>pkg-unit.farchgen</className>
          <testName>TestIsListUnique</testName>
          <skipped>false</skipped>
          <failedSince>0</failedSince>
        </case>
        <case>
          <duration>0.0</duration>
          <className>pkg-unit.farchgen</className>
          <testName>TestValidateTypes</testName>
          <skipped>false</skipped>
          <failedSince>0</failedSince>
        </case>
        <case>
          <duration>0.01</duration>
          <className>pkg-unit.farchgen</className>
          <testName>TestValidateDefinitions</testName>
          <skipped>false</skipped>
          <failedSince>0</failedSince>
        </case>
        <case>
          <duration>0.0</duration>
          <className>pkg-unit.farchgen</className>
          <testName>TestValidateDeclaration</testName>
          <skipped>false</skipped>
          <failedSince>0</failedSince>
        </case>
        <case>
          <duration>0.0</duration>
          <className>pkg-unit.farchgen</className>
          <testName>TestValidateInputOutput</testName>
          <skipped>false</skipped>
          <failedSince>0</failedSince>
        </case>
        <case>
          <duration>0.02</duration>
          <className>pkg-unit.farchgen</className>
          <testName>TestValidateFARCH</testName>
          <skipped>false</skipped>
          <failedSince>0</failedSince>
        </case>
        <case>
          <duration>0.0</duration>
          <className>pkg-unit.farchgen</className>
          <testName>TestValidateHazardAnalysisAndFarchModel</testName>
          <skipped>false</skipped>
          <failedSince>0</failedSince>
        </case>
        <case>
          <duration>0.0</duration>
          <className>pkg-unit.farchgen</className>
          <testName>TestValidateFaultNodeStructure</testName>
          <skipped>false</skipped>
          <failedSince>0</failedSince>
        </case>
        <case>
          <duration>0.0</duration>
          <className>pkg-unit.farchgen</className>
          <testName>TestValidateHazardFaultNodeModelRefsRecursive</testName>
          <skipped>false</skipped>
          <failedSince>0</failedSince>
        </case>
        <case>
          <duration>0.0</duration>
          <className>pkg-unit.farchgen</className>
          <testName>TestValidateDefinitionFaultNodeModelRefs</testName>
          <skipped>false</skipped>
          <failedSince>0</failedSince>
        </case>
        <case>
          <duration>0.0</duration>
          <className>pkg-unit.farchgen</className>
          <testName>TestValidateAnnotations</testName>
          <skipped>false</skipped>
          <failedSince>0</failedSince>
        </case>
      </cases>
    </suite>
    <suite>
      <file>/tmp/jenkins-e606f5ec/workspace/nloop_main/junits/sql-connector-unit-tests.xml</file>
      <name>github.com_EdgeCaseResearch_nloop_sqlconnector_service</name>
      <duration>0.07</duration>
      <timestamp>2022-10-04T19:42:49Z</timestamp>
      <time>0.070000</time>
      <nodeId>630</nodeId>
      <enclosingBlocks>
        <string>629</string>
      </enclosingBlocks>
      <enclosingBlockNames>
        <string>Declarative: Post Actions</string>
      </enclosingBlockNames>
      <cases>
        <case>
          <duration>0.03</duration>
          <className>github.com/EdgeCaseResearch/nloop/sqlconnector/service</className>
          <testName>TestClientServiceSuite/TestGetMetricsStreaming</testName>
          <skipped>false</skipped>
          <failedSince>0</failedSince>
        </case>
        <case>
          <duration>0.0</duration>
          <className>github.com/EdgeCaseResearch/nloop/sqlconnector/service</className>
          <testName>TestClientServiceSuite/TestGetMetricsStreaming_ImplicitValueType</testName>
          <skipped>false</skipped>
          <failedSince>0</failedSince>
        </case>
        <case>
          <duration>0.0</duration>
          <className>github.com/EdgeCaseResearch/nloop/sqlconnector/service</className>
          <testName>TestClientServiceSuite/TestGetMetricsStreaming_MappingResults</testName>
          <skipped>false</skipped>
          <failedSince>0</failedSince>
        </case>
        <case>
          <duration>0.0</duration>
          <className>github.com/EdgeCaseResearch/nloop/sqlconnector/service</className>
          <testName>TestClientServiceSuite/TestGetMetricsStreaming_SSHEnabledPassword</testName>
          <skipped>false</skipped>
          <failedSince>0</failedSince>
        </case>
        <case>
          <duration>0.0</duration>
          <className>github.com/EdgeCaseResearch/nloop/sqlconnector/service</className>
          <testName>TestClientServiceSuite/TestGetMetricsStreaming_SSHEnabledPrivateKey</testName>
          <skipped>false</skipped>
          <failedSince>0</failedSince>
        </case>
        <case>
          <duration>0.0</duration>
          <className>github.com/EdgeCaseResearch/nloop/sqlconnector/service</className>
          <testName>TestClientServiceSuite/TestGetMetricsStreaming_SSHError</testName>
          <skipped>false</skipped>
          <failedSince>0</failedSince>
        </case>
        <case>
          <duration>0.0</duration>
          <className>github.com/EdgeCaseResearch/nloop/sqlconnector/service</className>
          <testName>TestClientServiceSuite/TestResolveSQLTemplate</testName>
          <skipped>false</skipped>
          <failedSince>0</failedSince>
        </case>
        <case>
          <duration>0.04</duration>
          <className>github.com/EdgeCaseResearch/nloop/sqlconnector/service</className>
          <testName>TestClientServiceSuite</testName>
          <skipped>false</skipped>
          <failedSince>0</failedSince>
        </case>
      </cases>
    </suite>
    <suite>
      <file>/tmp/jenkins-e606f5ec/workspace/nloop_main/junits/sql-connector-unit-tests.xml</file>
      <name>github.com_EdgeCaseResearch_nloop_sqlconnector_service_config</name>
      <duration>0.0</duration>
      <timestamp>2022-10-04T19:42:49Z</timestamp>
      <time>0.000000</time>
      <nodeId>630</nodeId>
      <enclosingBlocks>
        <string>629</string>
      </enclosingBlocks>
      <enclosingBlockNames>
        <string>Declarative: Post Actions</string>
      </enclosingBlockNames>
      <cases>
        <case>
          <duration>0.0</duration>
          <className>github.com/EdgeCaseResearch/nloop/sqlconnector/service/config</className>
          <testName>TestLoadVaultConfig</testName>
          <skipped>false</skipped>
          <failedSince>0</failedSince>
        </case>
        <case>
          <duration>0.0</duration>
          <className>github.com/EdgeCaseResearch/nloop/sqlconnector/service/config</className>
          <testName>TestLoadVaultConfig_ConfigsNotSet</testName>
          <skipped>false</skipped>
          <failedSince>0</failedSince>
        </case>
        <case>
          <duration>0.0</duration>
          <className>github.com/EdgeCaseResearch/nloop/sqlconnector/service/config</className>
          <testName>TestLoadVaultConfig_SingleConfigNotSet</testName>
          <skipped>false</skipped>
          <failedSince>0</failedSince>
        </case>
      </cases>
    </suite>
    <suite>
      <file>/tmp/jenkins-e606f5ec/workspace/nloop_main/junits/sql-connector-unit-tests.xml</file>
      <name>github.com_EdgeCaseResearch_nloop_sqlconnector_service_config_env</name>
      <duration>0.0</duration>
      <timestamp>2022-10-04T19:42:49Z</timestamp>
      <time>0.000000</time>
      <nodeId>630</nodeId>
      <enclosingBlocks>
        <string>629</string>
      </enclosingBlocks>
      <enclosingBlockNames>
        <string>Declarative: Post Actions</string>
      </enclosingBlockNames>
      <cases>
        <case>
          <duration>0.0</duration>
          <className>github.com/EdgeCaseResearch/nloop/sqlconnector/service/config/env</className>
          <testName>TestGetEnv</testName>
          <skipped>false</skipped>
          <failedSince>0</failedSince>
        </case>
        <case>
          <duration>0.0</duration>
          <className>github.com/EdgeCaseResearch/nloop/sqlconnector/service/config/env</className>
          <testName>TestGetEnvInt</testName>
          <skipped>false</skipped>
          <failedSince>0</failedSince>
        </case>
      </cases>
    </suite>
    <suite>
      <file>/tmp/jenkins-e606f5ec/workspace/nloop_main/junits/sql-connector-unit-tests.xml</file>
      <name>github.com_EdgeCaseResearch_nloop_sqlconnector_service_handlers_rest</name>
      <duration>0.07</duration>
      <timestamp>2022-10-04T19:42:49Z</timestamp>
      <time>0.070000</time>
      <nodeId>630</nodeId>
      <enclosingBlocks>
        <string>629</string>
      </enclosingBlocks>
      <enclosingBlockNames>
        <string>Declarative: Post Actions</string>
      </enclosingBlockNames>
      <cases>
        <case>
          <duration>0.01</duration>
          <className>github.com/EdgeCaseResearch/nloop/sqlconnector/service/handlers/rest</className>
          <testName>TestSQLConnectorHandlerSuite/TestPostMetricsRequest</testName>
          <skipped>false</skipped>
          <failedSince>0</failedSince>
        </case>
        <case>
          <duration>0.0</duration>
          <className>github.com/EdgeCaseResearch/nloop/sqlconnector/service/handlers/rest</className>
          <testName>TestSQLConnectorHandlerSuite/TestPostMetricsRequest_DisallowedSQL</testName>
          <skipped>false</skipped>
          <failedSince>0</failedSince>
        </case>
        <case>
          <duration>0.0</duration>
          <className>github.com/EdgeCaseResearch/nloop/sqlconnector/service/handlers/rest</className>
          <testName>TestSQLConnectorHandlerSuite/TestPostMetricsRequest_InvalidJSON</testName>
          <skipped>false</skipped>
          <failedSince>0</failedSince>
        </case>
        <case>
          <duration>0.0</duration>
          <className>github.com/EdgeCaseResearch/nloop/sqlconnector/service/handlers/rest</className>
          <testName>TestSQLConnectorHandlerSuite/TestPostMetricsRequest_RequiredInputParams</testName>
          <skipped>false</skipped>
          <failedSince>0</failedSince>
        </case>
        <case>
          <duration>0.0</duration>
          <className>github.com/EdgeCaseResearch/nloop/sqlconnector/service/handlers/rest</className>
          <testName>TestSQLConnectorHandlerSuite/TestPostMetricsRequest_RequiredParams</testName>
          <skipped>false</skipped>
          <failedSince>0</failedSince>
        </case>
        <case>
          <duration>0.0</duration>
          <className>github.com/EdgeCaseResearch/nloop/sqlconnector/service/handlers/rest</className>
          <testName>TestSQLConnectorHandlerSuite/TestPostMetricsRequest_RequiredParams_Streaming</testName>
          <skipped>false</skipped>
          <failedSince>0</failedSince>
        </case>
        <case>
          <duration>0.0</duration>
          <className>github.com/EdgeCaseResearch/nloop/sqlconnector/service/handlers/rest</className>
          <testName>TestSQLConnectorHandlerSuite/TestPostMetricsRequest_ServiceError</testName>
          <skipped>false</skipped>
          <failedSince>0</failedSince>
        </case>
        <case>
          <duration>0.02</duration>
          <className>github.com/EdgeCaseResearch/nloop/sqlconnector/service/handlers/rest</className>
          <testName>TestSQLConnectorHandlerSuite/TestPostMetricsRequest_ValidationErrors</testName>
          <skipped>false</skipped>
          <failedSince>0</failedSince>
        </case>
        <case>
          <duration>0.04</duration>
          <className>github.com/EdgeCaseResearch/nloop/sqlconnector/service/handlers/rest</className>
          <testName>TestSQLConnectorHandlerSuite</testName>
          <skipped>false</skipped>
          <failedSince>0</failedSince>
        </case>
      </cases>
    </suite>
    <suite>
      <file>/tmp/jenkins-e606f5ec/workspace/nloop_main/junits/sql-connector-unit-tests.xml</file>
      <name>github.com_EdgeCaseResearch_nloop_sqlconnector_service_handlers_rest_utils</name>
      <duration>0.0</duration>
      <timestamp>2022-10-04T19:42:49Z</timestamp>
      <time>0.000000</time>
      <nodeId>630</nodeId>
      <enclosingBlocks>
        <string>629</string>
      </enclosingBlocks>
      <enclosingBlockNames>
        <string>Declarative: Post Actions</string>
      </enclosingBlockNames>
      <cases>
        <case>
          <duration>0.0</duration>
          <className>github.com/EdgeCaseResearch/nloop/sqlconnector/service/handlers/rest/utils</className>
          <testName>TestValidateSqlReadOnly</testName>
          <skipped>false</skipped>
          <failedSince>0</failedSince>
        </case>
        <case>
          <duration>0.0</duration>
          <className>github.com/EdgeCaseResearch/nloop/sqlconnector/service/handlers/rest/utils</className>
          <testName>TestValidateSqlReadOnly_DisallowedKeywords</testName>
          <skipped>false</skipped>
          <failedSince>0</failedSince>
        </case>
        <case>
          <duration>0.0</duration>
          <className>github.com/EdgeCaseResearch/nloop/sqlconnector/service/handlers/rest/utils</className>
          <testName>TestValidateJSONSchema</testName>
          <skipped>false</skipped>
          <failedSince>0</failedSince>
        </case>
        <case>
          <duration>0.0</duration>
          <className>github.com/EdgeCaseResearch/nloop/sqlconnector/service/handlers/rest/utils</className>
          <testName>TestValidateJSONSchema_Malformed</testName>
          <skipped>false</skipped>
          <failedSince>0</failedSince>
        </case>
        <case>
          <duration>0.0</duration>
          <className>github.com/EdgeCaseResearch/nloop/sqlconnector/service/handlers/rest/utils</className>
          <testName>TestValidateJSONSchema_MissingRequired</testName>
          <skipped>false</skipped>
          <failedSince>0</failedSince>
        </case>
        <case>
          <duration>0.0</duration>
          <className>github.com/EdgeCaseResearch/nloop/sqlconnector/service/handlers/rest/utils</className>
          <testName>TestValidateJSONSchema_Invalid</testName>
          <skipped>false</skipped>
          <failedSince>0</failedSince>
        </case>
      </cases>
    </suite>
    <suite>
      <file>/tmp/jenkins-e606f5ec/workspace/nloop_main/junits/sql-connector-unit-tests.xml</file>
      <name>github.com_EdgeCaseResearch_nloop_sqlconnector_service_sshtunnel</name>
      <duration>16.03</duration>
      <timestamp>2022-10-04T19:42:49Z</timestamp>
      <time>16.030000</time>
      <nodeId>630</nodeId>
      <enclosingBlocks>
        <string>629</string>
      </enclosingBlocks>
      <enclosingBlockNames>
        <string>Declarative: Post Actions</string>
      </enclosingBlockNames>
      <cases>
        <case>
          <duration>2.54</duration>
          <className>github.com/EdgeCaseResearch/nloop/sqlconnector/service/sshtunnel</className>
          <testName>TestSSHTunnelServiceSuite/TestStart_AuthBadPassword</testName>
          <skipped>false</skipped>
          <failedSince>0</failedSince>
        </case>
        <case>
          <duration>0.38</duration>
          <className>github.com/EdgeCaseResearch/nloop/sqlconnector/service/sshtunnel</className>
          <testName>TestSSHTunnelServiceSuite/TestStart_AuthBadPrivateKey</testName>
          <skipped>false</skipped>
          <failedSince>0</failedSince>
        </case>
        <case>
          <duration>1.83</duration>
          <className>github.com/EdgeCaseResearch/nloop/sqlconnector/service/sshtunnel</className>
          <testName>TestSSHTunnelServiceSuite/TestStart_AuthPassword</testName>
          <skipped>false</skipped>
          <failedSince>0</failedSince>
        </case>
        <case>
          <duration>2.34</duration>
          <className>github.com/EdgeCaseResearch/nloop/sqlconnector/service/sshtunnel</className>
          <testName>TestSSHTunnelServiceSuite/TestStart_AuthPrivateKey</testName>
          <skipped>false</skipped>
          <failedSince>0</failedSince>
        </case>
        <case>
          <duration>0.31</duration>
          <className>github.com/EdgeCaseResearch/nloop/sqlconnector/service/sshtunnel</className>
          <testName>TestSSHTunnelServiceSuite/TestStart_NetListenError</testName>
          <skipped>false</skipped>
          <failedSince>0</failedSince>
        </case>
        <case>
          <duration>0.62</duration>
          <className>github.com/EdgeCaseResearch/nloop/sqlconnector/service/sshtunnel</className>
          <testName>TestSSHTunnelServiceSuite/TestStart_SSHDialError</testName>
          <skipped>false</skipped>
          <failedSince>0</failedSince>
        </case>
        <case>
          <duration>8.01</duration>
          <className>github.com/EdgeCaseResearch/nloop/sqlconnector/service/sshtunnel</className>
          <testName>TestSSHTunnelServiceSuite</testName>
          <skipped>false</skipped>
          <failedSince>0</failedSince>
        </case>
      </cases>
    </suite>
    <suite>
      <file>/tmp/jenkins-e606f5ec/workspace/nloop_main/junits/sql-connector-unit-tests.xml</file>
      <name>github.com_EdgeCaseResearch_nloop_sqlconnector_service_utils</name>
      <duration>0.01</duration>
      <timestamp>2022-10-04T19:42:49Z</timestamp>
      <time>0.010000</time>
      <nodeId>630</nodeId>
      <enclosingBlocks>
        <string>629</string>
      </enclosingBlocks>
      <enclosingBlockNames>
        <string>Declarative: Post Actions</string>
      </enclosingBlockNames>
      <cases>
        <case>
          <duration>0.0</duration>
          <className>github.com/EdgeCaseResearch/nloop/sqlconnector/service/utils</className>
          <testName>TestSqlConnectorRepositoryTestSuite/TestCleanup</testName>
          <skipped>false</skipped>
          <failedSince>0</failedSince>
        </case>
        <case>
          <duration>0.0</duration>
          <className>github.com/EdgeCaseResearch/nloop/sqlconnector/service/utils</className>
          <testName>TestSqlConnectorRepositoryTestSuite/TestCreateFile</testName>
          <skipped>false</skipped>
          <failedSince>0</failedSince>
        </case>
        <case>
          <duration>0.0</duration>
          <className>github.com/EdgeCaseResearch/nloop/sqlconnector/service/utils</className>
          <testName>TestSqlConnectorRepositoryTestSuite/TestRemoveFile</testName>
          <skipped>false</skipped>
          <failedSince>0</failedSince>
        </case>
        <case>
          <duration>0.01</duration>
          <className>github.com/EdgeCaseResearch/nloop/sqlconnector/service/utils</className>
          <testName>TestSqlConnectorRepositoryTestSuite</testName>
          <skipped>false</skipped>
          <failedSince>0</failedSince>
        </case>
        <case>
          <duration>0.0</duration>
          <className>github.com/EdgeCaseResearch/nloop/sqlconnector/service/utils</className>
          <testName>TestScan</testName>
          <skipped>false</skipped>
          <failedSince>0</failedSince>
        </case>
        <case>
          <duration>0.0</duration>
          <className>github.com/EdgeCaseResearch/nloop/sqlconnector/service/utils</className>
          <testName>TestGetFloat64</testName>
          <skipped>false</skipped>
          <failedSince>0</failedSince>
        </case>
        <case>
          <duration>0.0</duration>
          <className>github.com/EdgeCaseResearch/nloop/sqlconnector/service/utils</className>
          <testName>TestGetFloat32</testName>
          <skipped>false</skipped>
          <failedSince>0</failedSince>
        </case>
        <case>
          <duration>0.0</duration>
          <className>github.com/EdgeCaseResearch/nloop/sqlconnector/service/utils</className>
          <testName>TestGetInt64</testName>
          <skipped>false</skipped>
          <failedSince>0</failedSince>
        </case>
        <case>
          <duration>0.0</duration>
          <className>github.com/EdgeCaseResearch/nloop/sqlconnector/service/utils</className>
          <testName>TestGetInt32</testName>
          <skipped>false</skipped>
          <failedSince>0</failedSince>
        </case>
        <case>
          <duration>0.0</duration>
          <className>github.com/EdgeCaseResearch/nloop/sqlconnector/service/utils</className>
          <testName>TestGetBool</testName>
          <skipped>false</skipped>
          <failedSince>0</failedSince>
        </case>
        <case>
          <duration>0.0</duration>
          <className>github.com/EdgeCaseResearch/nloop/sqlconnector/service/utils</className>
          <testName>TestGetTime</testName>
          <skipped>false</skipped>
          <failedSince>0</failedSince>
        </case>
        <case>
          <duration>0.0</duration>
          <className>github.com/EdgeCaseResearch/nloop/sqlconnector/service/utils</className>
          <testName>TestGetString</testName>
          <skipped>false</skipped>
          <failedSince>0</failedSince>
        </case>
        <case>
          <duration>0.0</duration>
          <className>github.com/EdgeCaseResearch/nloop/sqlconnector/service/utils</className>
          <testName>TestGetFloat64_Bad</testName>
          <skipped>false</skipped>
          <failedSince>0</failedSince>
        </case>
        <case>
          <duration>0.0</duration>
          <className>github.com/EdgeCaseResearch/nloop/sqlconnector/service/utils</className>
          <testName>TestGetFloat32_Bad</testName>
          <skipped>false</skipped>
          <failedSince>0</failedSince>
        </case>
        <case>
          <duration>0.0</duration>
          <className>github.com/EdgeCaseResearch/nloop/sqlconnector/service/utils</className>
          <testName>TestGetInt64_Bad</testName>
          <skipped>false</skipped>
          <failedSince>0</failedSince>
        </case>
        <case>
          <duration>0.0</duration>
          <className>github.com/EdgeCaseResearch/nloop/sqlconnector/service/utils</className>
          <testName>TestGetInt32_Bad</testName>
          <skipped>false</skipped>
          <failedSince>0</failedSince>
        </case>
        <case>
          <duration>0.0</duration>
          <className>github.com/EdgeCaseResearch/nloop/sqlconnector/service/utils</className>
          <testName>TestGetBool_Bad</testName>
          <skipped>false</skipped>
          <failedSince>0</failedSince>
        </case>
        <case>
          <duration>0.0</duration>
          <className>github.com/EdgeCaseResearch/nloop/sqlconnector/service/utils</className>
          <testName>TestGetTime_bad</testName>
          <skipped>false</skipped>
          <failedSince>0</failedSince>
        </case>
      </cases>
    </suite>
    <suite>
      <file>/tmp/jenkins-e606f5ec/workspace/nloop_main/junits/stub-connector-v2-unit-tests.xml</file>
      <name>stub-connector-v2</name>
      <duration>1.849</duration>
      <timestamp>2022-10-04T19:37:01.870418</timestamp>
      <time>1.849</time>
      <nodeId>630</nodeId>
      <enclosingBlocks>
        <string>629</string>
      </enclosingBlocks>
      <enclosingBlockNames>
        <string>Declarative: Post Actions</string>
      </enclosingBlockNames>
      <cases>
        <case>
          <duration>0.018</duration>
          <className>src.tests.stub-connector-v2.api.test_metrics</className>
          <testName>test_metric_invalid_request</testName>
          <skipped>false</skipped>
          <failedSince>0</failedSince>
        </case>
        <case>
          <duration>0.205</duration>
          <className>src.tests.stub-connector-v2.api.test_metrics</className>
          <testName>test_metric_correct</testName>
          <skipped>false</skipped>
          <failedSince>0</failedSince>
        </case>
        <case>
          <duration>0.024</duration>
          <className>src.tests.stub-connector-v2.api.test_metrics</className>
          <testName>test_metric_correct_arbitrary_metadata</testName>
          <skipped>false</skipped>
          <failedSince>0</failedSince>
        </case>
        <case>
          <duration>0.021</duration>
          <className>src.tests.stub-connector-v2.api.test_metrics</className>
          <testName>test_metric_chunked</testName>
          <skipped>false</skipped>
          <failedSince>0</failedSince>
        </case>
        <case>
          <duration>0.012</duration>
          <className>src.tests.stub-connector-v2.api.test_metrics</className>
          <testName>test_metric_select_version</testName>
          <skipped>false</skipped>
          <failedSince>0</failedSince>
        </case>
        <case>
          <duration>0.028</duration>
          <className>src.tests.stub-connector-v2.api.test_metrics</className>
          <testName>test_metric_select_name</testName>
          <skipped>false</skipped>
          <failedSince>0</failedSince>
        </case>
        <case>
          <duration>0.01</duration>
          <className>src.tests.stub-connector-v2.api.test_metrics</className>
          <testName>test_metric_select_not_available</testName>
          <skipped>false</skipped>
          <failedSince>0</failedSince>
        </case>
        <case>
          <duration>0.012</duration>
          <className>src.tests.stub-connector-v2.api.test_stub_data</className>
          <testName>test_stub_data_get</testName>
          <skipped>false</skipped>
          <failedSince>0</failedSince>
        </case>
        <case>
          <duration>0.047</duration>
          <className>src.tests.stub-connector-v2.api.test_stub_data</className>
          <testName>test_stub_data_post_correct</testName>
          <skipped>false</skipped>
          <failedSince>0</failedSince>
        </case>
        <case>
          <duration>0.039</duration>
          <className>src.tests.stub-connector-v2.api.test_stub_data</className>
          <testName>test_stub_data_post_incorrect</testName>
          <skipped>false</skipped>
          <failedSince>0</failedSince>
        </case>
        <case>
          <duration>0.012</duration>
          <className>src.tests.stub-connector-v2.api.test_stub_data</className>
          <testName>test_stub_data_post_incorrect_yaml</testName>
          <skipped>false</skipped>
          <failedSince>0</failedSince>
        </case>
        <case>
          <duration>0.025</duration>
          <className>src.tests.stub-connector-v2.api.test_stub_data</className>
          <testName>test_stub_data_put</testName>
          <skipped>false</skipped>
          <failedSince>0</failedSince>
        </case>
        <case>
          <duration>0.035</duration>
          <className>src.tests.stub-connector-v2.api.test_stub_data</className>
          <testName>test_stub_data_put_incorrect</testName>
          <skipped>false</skipped>
          <failedSince>0</failedSince>
        </case>
        <case>
          <duration>0.041</duration>
          <className>src.tests.stub-connector-v2.api.test_stub_data</className>
          <testName>test_stub_data_delete</testName>
          <skipped>false</skipped>
          <failedSince>0</failedSince>
        </case>
      </cases>
    </suite>
    <suite>
      <file>/tmp/jenkins-e606f5ec/workspace/nloop_main/junits/tps-example-unit-tests.xml</file>
      <name>tps-example</name>
      <duration>7.116</duration>
      <timestamp>2022-10-04T19:48:16.601238</timestamp>
      <time>7.116</time>
      <nodeId>630</nodeId>
      <enclosingBlocks>
        <string>629</string>
      </enclosingBlocks>
      <enclosingBlockNames>
        <string>Declarative: Post Actions</string>
      </enclosingBlockNames>
      <cases>
        <case>
          <duration>0.082</duration>
          <className>src.tests.tps-example.test_api</className>
          <testName>test_get_capabilities</testName>
          <skipped>false</skipped>
          <failedSince>0</failedSince>
        </case>
        <case>
          <duration>0.02</duration>
          <className>src.tests.tps-example.test_api</className>
          <testName>test_get_test_case_run_status</testName>
          <skipped>false</skipped>
          <failedSince>0</failedSince>
        </case>
        <case>
          <duration>0.01</duration>
          <className>src.tests.tps-example.test_api</className>
          <testName>test_get_test_case_run_status_not_found</testName>
          <skipped>false</skipped>
          <failedSince>0</failedSince>
        </case>
        <case>
          <duration>0.03</duration>
          <className>src.tests.tps-example.test_api</className>
          <testName>test_get_test_case_run_results</testName>
          <skipped>false</skipped>
          <failedSince>0</failedSince>
        </case>
        <case>
          <duration>0.024</duration>
          <className>src.tests.tps-example.test_api</className>
          <testName>test_get_test_case_implementation_results</testName>
          <skipped>false</skipped>
          <failedSince>0</failedSince>
        </case>
        <case>
          <duration>0.044</duration>
          <className>src.tests.tps-example.test_api</className>
          <testName>test_post_test_case_run</testName>
          <skipped>false</skipped>
          <failedSince>0</failedSince>
        </case>
        <case>
          <duration>0.027</duration>
          <className>src.tests.tps-example.test_api</className>
          <testName>test_post_test_case_run_invalid_tci_spi_id</testName>
          <skipped>false</skipped>
          <failedSince>0</failedSince>
        </case>
        <case>
          <duration>0.088</duration>
          <className>src.tests.tps-example.test_api</className>
          <testName>test_post_test_case_run_invalid_param</testName>
          <skipped>false</skipped>
          <failedSince>0</failedSince>
        </case>
        <case>
          <duration>0.014</duration>
          <className>src.tests.tps-example.test_api</className>
          <testName>test_post_test_case_run_missing_param</testName>
          <skipped>false</skipped>
          <failedSince>0</failedSince>
        </case>
        <case>
          <duration>0.183</duration>
          <className>src.tests.tps-example.test_api</className>
          <testName>test_post_test_case_run_testing</testName>
          <skipped>false</skipped>
          <failedSince>0</failedSince>
        </case>
        <case>
          <duration>0.102</duration>
          <className>src.tests.tps-example.test_api</className>
          <testName>test_post_test_case_run_testing_no_tcis</testName>
          <skipped>false</skipped>
          <failedSince>0</failedSince>
        </case>
        <case>
          <duration>0.153</duration>
          <className>src.tests.tps-example.test_api</className>
          <testName>test_post_test_case_error_on_submit</testName>
          <skipped>false</skipped>
          <failedSince>0</failedSince>
        </case>
        <case>
          <duration>0.217</duration>
          <className>src.tests.tps-example.test_api</className>
          <testName>test_post_test_case_error_on_status_and_result</testName>
          <skipped>false</skipped>
          <failedSince>0</failedSince>
        </case>
        <case>
          <duration>0.052</duration>
          <className>src.tests.tps-example.test_api_v2</className>
          <testName>test_get_capabilities</testName>
          <skipped>false</skipped>
          <failedSince>0</failedSince>
        </case>
        <case>
          <duration>0.016</duration>
          <className>src.tests.tps-example.test_api_v2</className>
          <testName>test_get_test_case_run_status</testName>
          <skipped>false</skipped>
          <failedSince>0</failedSince>
        </case>
        <case>
          <duration>0.016</duration>
          <className>src.tests.tps-example.test_api_v2</className>
          <testName>test_get_test_case_run_status_not_found</testName>
          <skipped>false</skipped>
          <failedSince>0</failedSince>
        </case>
        <case>
          <duration>0.01</duration>
          <className>src.tests.tps-example.test_api_v2</className>
          <testName>test_get_test_case_run_results</testName>
          <skipped>false</skipped>
          <failedSince>0</failedSince>
        </case>
        <case>
          <duration>0.021</duration>
          <className>src.tests.tps-example.test_api_v2</className>
          <testName>test_get_test_case_implementation_results</testName>
          <skipped>false</skipped>
          <failedSince>0</failedSince>
        </case>
        <case>
          <duration>0.055</duration>
          <className>src.tests.tps-example.test_api_v2</className>
          <testName>test_post_test_case_run</testName>
          <skipped>false</skipped>
          <failedSince>0</failedSince>
        </case>
        <case>
          <duration>0.018</duration>
          <className>src.tests.tps-example.test_api_v2</className>
          <testName>test_post_test_case_run_invalid_tci_spi_id</testName>
          <skipped>false</skipped>
          <failedSince>0</failedSince>
        </case>
        <case>
          <duration>0.064</duration>
          <className>src.tests.tps-example.test_api_v2</className>
          <testName>test_post_test_case_run_invalid_param</testName>
          <skipped>false</skipped>
          <failedSince>0</failedSince>
        </case>
        <case>
          <duration>0.017</duration>
          <className>src.tests.tps-example.test_api_v2</className>
          <testName>test_post_test_case_run_missing_param</testName>
          <skipped>false</skipped>
          <failedSince>0</failedSince>
        </case>
        <case>
          <duration>0.172</duration>
          <className>src.tests.tps-example.test_api_v2</className>
          <testName>test_post_test_case_run_testing</testName>
          <skipped>false</skipped>
          <failedSince>0</failedSince>
        </case>
        <case>
          <duration>0.086</duration>
          <className>src.tests.tps-example.test_api_v2</className>
          <testName>test_post_test_case_run_testing_no_tcis</testName>
          <skipped>false</skipped>
          <failedSince>0</failedSince>
        </case>
        <case>
          <duration>0.127</duration>
          <className>src.tests.tps-example.test_api_v2</className>
          <testName>test_post_test_case_error_on_submit</testName>
          <skipped>false</skipped>
          <failedSince>0</failedSince>
        </case>
        <case>
          <duration>0.245</duration>
          <className>src.tests.tps-example.test_api_v2</className>
          <testName>test_post_test_case_error_on_status_and_result</testName>
          <skipped>false</skipped>
          <failedSince>0</failedSince>
        </case>
        <case>
          <duration>0.057</duration>
          <className>src.tests.tps-example.test_api_v3</className>
          <testName>test_get_capabilities</testName>
          <skipped>false</skipped>
          <failedSince>0</failedSince>
        </case>
        <case>
          <duration>0.026</duration>
          <className>src.tests.tps-example.test_api_v3</className>
          <testName>test_get_test_case_run_status</testName>
          <skipped>false</skipped>
          <failedSince>0</failedSince>
        </case>
        <case>
          <duration>0.009</duration>
          <className>src.tests.tps-example.test_api_v3</className>
          <testName>test_get_test_case_run_status_not_found</testName>
          <skipped>false</skipped>
          <failedSince>0</failedSince>
        </case>
        <case>
          <duration>0.018</duration>
          <className>src.tests.tps-example.test_api_v3</className>
          <testName>test_get_test_case_run_results</testName>
          <skipped>false</skipped>
          <failedSince>0</failedSince>
        </case>
        <case>
          <duration>0.013</duration>
          <className>src.tests.tps-example.test_api_v3</className>
          <testName>test_get_test_case_implementation_results</testName>
          <skipped>false</skipped>
          <failedSince>0</failedSince>
        </case>
        <case>
          <duration>0.066</duration>
          <className>src.tests.tps-example.test_api_v3</className>
          <testName>test_post_test_case_run</testName>
          <skipped>false</skipped>
          <failedSince>0</failedSince>
        </case>
        <case>
          <duration>0.022</duration>
          <className>src.tests.tps-example.test_api_v3</className>
          <testName>test_post_test_case_run_invalid_measurement_id</testName>
          <skipped>false</skipped>
          <failedSince>0</failedSince>
        </case>
        <case>
          <duration>0.062</duration>
          <className>src.tests.tps-example.test_api_v3</className>
          <testName>test_post_test_case_run_invalid_param</testName>
          <skipped>false</skipped>
          <failedSince>0</failedSince>
        </case>
        <case>
          <duration>0.013</duration>
          <className>src.tests.tps-example.test_api_v3</className>
          <testName>test_post_test_case_run_missing_param</testName>
          <skipped>false</skipped>
          <failedSince>0</failedSince>
        </case>
        <case>
          <duration>0.212</duration>
          <className>src.tests.tps-example.test_api_v3</className>
          <testName>test_post_test_case_run_testing</testName>
          <skipped>false</skipped>
          <failedSince>0</failedSince>
        </case>
        <case>
          <duration>0.092</duration>
          <className>src.tests.tps-example.test_api_v3</className>
          <testName>test_post_test_case_run_testing_no_tcis</testName>
          <skipped>false</skipped>
          <failedSince>0</failedSince>
        </case>
        <case>
          <duration>0.136</duration>
          <className>src.tests.tps-example.test_api_v3</className>
          <testName>test_post_test_case_error_on_submit</testName>
          <skipped>false</skipped>
          <failedSince>0</failedSince>
        </case>
        <case>
          <duration>0.365</duration>
          <className>src.tests.tps-example.test_api_v3</className>
          <testName>test_post_test_case_error_on_status_and_result</testName>
          <skipped>false</skipped>
          <failedSince>0</failedSince>
        </case>
        <case>
          <duration>0.012</duration>
          <className>src.tests.tps-example.test_validation</className>
          <testName>test_range_type_valid</testName>
          <skipped>false</skipped>
          <failedSince>0</failedSince>
        </case>
        <case>
          <duration>0.018</duration>
          <className>src.tests.tps-example.test_validation</className>
          <testName>test_range_type_missing_keys</testName>
          <skipped>false</skipped>
          <failedSince>0</failedSince>
        </case>
        <case>
          <duration>0.017</duration>
          <className>src.tests.tps-example.test_validation</className>
          <testName>test_range_type_invalid_range</testName>
          <skipped>false</skipped>
          <failedSince>0</failedSince>
        </case>
        <case>
          <duration>0.01</duration>
          <className>src.tests.tps-example.test_validation</className>
          <testName>test_extended_range_type_range_valid</testName>
          <skipped>false</skipped>
          <failedSince>0</failedSince>
        </case>
        <case>
          <duration>0.013</duration>
          <className>src.tests.tps-example.test_validation</className>
          <testName>test_extended_range_type_discrete_valid</testName>
          <skipped>false</skipped>
          <failedSince>0</failedSince>
        </case>
        <case>
          <duration>0.031</duration>
          <className>src.tests.tps-example.test_validation</className>
          <testName>test_extended_range_type_range_invalid</testName>
          <skipped>false</skipped>
          <failedSince>0</failedSince>
        </case>
        <case>
          <duration>0.025</duration>
          <className>src.tests.tps-example.test_validation</className>
          <testName>test_extended_range_type_discrete_invalid</testName>
          <skipped>false</skipped>
          <failedSince>0</failedSince>
        </case>
        <case>
          <duration>0.011</duration>
          <className>src.tests.tps-example.test_validation</className>
          <testName>test_multiselect_type_valid</testName>
          <skipped>false</skipped>
          <failedSince>0</failedSince>
        </case>
        <case>
          <duration>0.014</duration>
          <className>src.tests.tps-example.test_validation</className>
          <testName>test_multiselect_type_invalid_value</testName>
          <skipped>false</skipped>
          <failedSince>0</failedSince>
        </case>
        <case>
          <duration>0.005</duration>
          <className>src.tests.tps-example.test_validation</className>
          <testName>test_multiselect_type_invalid_value_type</testName>
          <skipped>false</skipped>
          <failedSince>0</failedSince>
        </case>
        <case>
          <duration>0.029</duration>
          <className>src.tests.tps-example.test_validation</className>
          <testName>test_multiselect_type_min_max_items</testName>
          <skipped>false</skipped>
          <failedSince>0</failedSince>
        </case>
        <case>
          <duration>0.01</duration>
          <className>src.tests.tps-example.test_validation</className>
          <testName>test_string_type_valid</testName>
          <skipped>false</skipped>
          <failedSince>0</failedSince>
        </case>
        <case>
          <duration>0.008</duration>
          <className>src.tests.tps-example.test_validation</className>
          <testName>test_string_type_invalid</testName>
          <skipped>false</skipped>
          <failedSince>0</failedSince>
        </case>
        <case>
          <duration>0.013</duration>
          <className>src.tests.tps-example.test_validation</className>
          <testName>test_number_type_valid</testName>
          <skipped>false</skipped>
          <failedSince>0</failedSince>
        </case>
        <case>
          <duration>0.009</duration>
          <className>src.tests.tps-example.test_validation</className>
          <testName>test_number_type_invalid</testName>
          <skipped>false</skipped>
          <failedSince>0</failedSince>
        </case>
        <case>
          <duration>0.004</duration>
          <className>src.tests.tps-example.test_validation</className>
          <testName>test_integer_type_valid</testName>
          <skipped>false</skipped>
          <failedSince>0</failedSince>
        </case>
        <case>
          <duration>0.008</duration>
          <className>src.tests.tps-example.test_validation</className>
          <testName>test_integer_type_invalid</testName>
          <skipped>false</skipped>
          <failedSince>0</failedSince>
        </case>
        <case>
          <duration>0.002</duration>
          <className>src.tests.tps-example.test_validation</className>
          <testName>test_boolean_type_valid</testName>
          <skipped>false</skipped>
          <failedSince>0</failedSince>
        </case>
        <case>
          <duration>0.011</duration>
          <className>src.tests.tps-example.test_validation</className>
          <testName>test_boolean_type_invalid</testName>
          <skipped>false</skipped>
          <failedSince>0</failedSince>
        </case>
      </cases>
    </suite>
    <suite>
      <file>/tmp/jenkins-e606f5ec/workspace/nloop_main/junits/vth-backend-unit-tests.xml</file>
      <name>vth-backend</name>
      <duration>198.439</duration>
      <timestamp>2022-10-04T19:50:42.386541</timestamp>
      <time>198.439</time>
      <nodeId>630</nodeId>
      <enclosingBlocks>
        <string>629</string>
      </enclosingBlocks>
      <enclosingBlockNames>
        <string>Declarative: Post Actions</string>
      </enclosingBlockNames>
      <cases>
        <case>
          <duration>0.021</duration>
          <className>src.tests.vth-backend.test_api_client</className>
          <testName>test_get_request</testName>
          <skipped>false</skipped>
          <failedSince>0</failedSince>
        </case>
        <case>
          <duration>0.013</duration>
          <className>src.tests.vth-backend.test_api_client</className>
          <testName>test_post_request</testName>
          <skipped>false</skipped>
          <failedSince>0</failedSince>
        </case>
        <case>
          <duration>0.041</duration>
          <className>src.tests.vth-backend.test_api_client</className>
          <testName>test_query_params</testName>
          <skipped>false</skipped>
          <failedSince>0</failedSince>
        </case>
        <case>
          <duration>0.01</duration>
          <className>src.tests.vth-backend.test_api_client</className>
          <testName>test_validation_error</testName>
          <skipped>false</skipped>
          <failedSince>0</failedSince>
        </case>
        <case>
          <duration>0.084</duration>
          <className>src.tests.vth-backend.test_api_client</className>
          <testName>test_handle_error_responses</testName>
          <skipped>false</skipped>
          <failedSince>0</failedSince>
        </case>
        <case>
          <duration>0.02</duration>
          <className>src.tests.vth-backend.test_api_client</className>
          <testName>test_additional_models</testName>
          <skipped>false</skipped>
          <failedSince>0</failedSince>
        </case>
        <case>
          <duration>0.01</duration>
          <className>src.tests.vth-backend.test_api_client</className>
          <testName>test_additional_models_validation_error</testName>
          <skipped>false</skipped>
          <failedSince>0</failedSince>
        </case>
        <case>
          <duration>0.033</duration>
          <className>src.tests.vth-backend.test_api_client</className>
          <testName>test_retrying</testName>
          <skipped>false</skipped>
          <failedSince>0</failedSince>
        </case>
        <case>
          <duration>0.002</duration>
          <className>src.tests.vth-backend.test_auth</className>
          <testName>test_token_cache_get_tokens_success</testName>
          <skipped>false</skipped>
          <failedSince>0</failedSince>
        </case>
        <case>
          <duration>0.002</duration>
          <className>src.tests.vth-backend.test_auth</className>
          <testName>test_token_cache_set_auth_token_success</testName>
          <skipped>false</skipped>
          <failedSince>0</failedSince>
        </case>
        <case>
          <duration>0.002</duration>
          <className>src.tests.vth-backend.test_auth</className>
          <testName>test_token_cache_set_access_token_success</testName>
          <skipped>false</skipped>
          <failedSince>0</failedSince>
        </case>
        <case>
          <duration>0.001</duration>
          <className>src.tests.vth-backend.test_auth</className>
          <testName>test_token_cache_set_refresh_token_success</testName>
          <skipped>false</skipped>
          <failedSince>0</failedSince>
        </case>
        <case>
          <duration>0.002</duration>
          <className>src.tests.vth-backend.test_auth</className>
          <testName>test_token_cache_delete_token_success</testName>
          <skipped>false</skipped>
          <failedSince>0</failedSince>
        </case>
        <case>
          <duration>0.002</duration>
          <className>src.tests.vth-backend.test_auth</className>
          <testName>test_auth_auth_is_token_expired_success_not_expired</testName>
          <skipped>false</skipped>
          <failedSince>0</failedSince>
        </case>
        <case>
          <duration>0.002</duration>
          <className>src.tests.vth-backend.test_auth</className>
          <testName>test_auth_auth_is_token_expired_success_expired</testName>
          <skipped>false</skipped>
          <failedSince>0</failedSince>
        </case>
        <case>
          <duration>0.005</duration>
          <className>src.tests.vth-backend.test_auth</className>
          <testName>test_auth_auth_is_token_expired_failure_exception_invalid_expired_at</testName>
          <skipped>false</skipped>
          <failedSince>0</failedSince>
        </case>
        <case>
          <duration>0.002</duration>
          <className>src.tests.vth-backend.test_auth</className>
          <testName>test_auth_auth_get_tokens_success</testName>
          <skipped>false</skipped>
          <failedSince>0</failedSince>
        </case>
        <case>
          <duration>0.004</duration>
          <className>src.tests.vth-backend.test_auth</className>
          <testName>test_auth_auth_get_auth_header_success</testName>
          <skipped>false</skipped>
          <failedSince>0</failedSince>
        </case>
        <case>
          <duration>0.003</duration>
          <className>src.tests.vth-backend.test_auth</className>
          <testName>test_auth_simulation_validation_is_token_expired_success_not_expired</testName>
          <skipped>false</skipped>
          <failedSince>0</failedSince>
        </case>
        <case>
          <duration>0.003</duration>
          <className>src.tests.vth-backend.test_auth</className>
          <testName>test_auth_simulation_validation_is_token_expired_success_expired</testName>
          <skipped>false</skipped>
          <failedSince>0</failedSince>
        </case>
        <case>
          <duration>0.006</duration>
          <className>src.tests.vth-backend.test_auth</className>
          <testName>test_auth_simulation_validation_get_access_token_from_client_endpoint_success</testName>
          <skipped>false</skipped>
          <failedSince>0</failedSince>
        </case>
        <case>
          <duration>0.005</duration>
          <className>src.tests.vth-backend.test_auth</className>
          <testName>test_auth_simulation_validation_get_access_token_from_refresh_endpoint_success</testName>
          <skipped>false</skipped>
          <failedSince>0</failedSince>
        </case>
        <case>
          <duration>0.002</duration>
          <className>src.tests.vth-backend.test_auth</className>
          <testName>test_auth_simulation_validation_get_tokens_success_token_not_expired</testName>
          <skipped>false</skipped>
          <failedSince>0</failedSince>
        </case>
        <case>
          <duration>0.002</duration>
          <className>src.tests.vth-backend.test_auth</className>
          <testName>test_auth_simulation_validation_get_tokens_success_token_expired</testName>
          <skipped>false</skipped>
          <failedSince>0</failedSince>
        </case>
        <case>
          <duration>0.002</duration>
          <className>src.tests.vth-backend.test_auth</className>
          <testName>test_auth_simulation_validation_get_auth_header_success</testName>
          <skipped>false</skipped>
          <failedSince>0</failedSince>
        </case>
        <case>
          <duration>0.002</duration>
          <className>src.tests.vth-backend.test_auth</className>
          <testName>test_auth_tsa_get_auth_header_success</testName>
          <skipped>false</skipped>
          <failedSince>0</failedSince>
        </case>
        <case>
          <duration>0.002</duration>
          <className>src.tests.vth-backend.test_auth</className>
          <testName>test_auth_lsm_get_auth_header_success</testName>
          <skipped>false</skipped>
          <failedSince>0</failedSince>
        </case>
        <case>
          <duration>0.01</duration>
          <className>src.tests.vth-backend.test_auth</className>
          <testName>test_auth_lsm_get_access_token_from_client_endpoint_success</testName>
          <skipped>false</skipped>
          <failedSince>0</failedSince>
        </case>
        <case>
          <duration>0.007</duration>
          <className>src.tests.vth-backend.test_auth</className>
          <testName>test_auth_lsm_get_access_token_from_refresh_endpoint_success</testName>
          <skipped>false</skipped>
          <failedSince>0</failedSince>
        </case>
        <case>
          <duration>0.002</duration>
          <className>src.tests.vth-backend.test_auth</className>
          <testName>test_create_auth_client_from_test_platform_client</testName>
          <skipped>false</skipped>
          <failedSince>0</failedSince>
        </case>
        <case>
          <duration>0.003</duration>
          <className>src.tests.vth-backend.test_auth</className>
          <testName>test_auth_client_id_cert_is_token_expired_success_not_expired</testName>
          <skipped>false</skipped>
          <failedSince>0</failedSince>
        </case>
        <case>
          <duration>0.002</duration>
          <className>src.tests.vth-backend.test_auth</className>
          <testName>test_auth_client_id_cert_is_token_expired_success_expired</testName>
          <skipped>false</skipped>
          <failedSince>0</failedSince>
        </case>
        <case>
          <duration>0.005</duration>
          <className>src.tests.vth-backend.test_auth</className>
          <testName>test_auth_client_id_cert_is_token_expired_failure_exception_invalid_expired_at</testName>
          <skipped>false</skipped>
          <failedSince>0</failedSince>
        </case>
        <case>
          <duration>0.002</duration>
          <className>src.tests.vth-backend.test_auth</className>
          <testName>test_auth_client_id_cert_get_auth_header_success</testName>
          <skipped>false</skipped>
          <failedSince>0</failedSince>
        </case>
        <case>
          <duration>0.007</duration>
          <className>src.tests.vth-backend.test_auth</className>
          <testName>test_auth_client_id_cert_get_access_token_success</testName>
          <skipped>false</skipped>
          <failedSince>0</failedSince>
        </case>
        <case>
          <duration>0.002</duration>
          <className>src.tests.vth-backend.test_auth_helpers</className>
          <testName>test_get_tokens_tpc_auth_success</testName>
          <skipped>false</skipped>
          <failedSince>0</failedSince>
        </case>
        <case>
          <duration>0.002</duration>
          <className>src.tests.vth-backend.test_auth_helpers</className>
          <testName>test_get_tokens_tpc_client_id_auth_success</testName>
          <skipped>false</skipped>
          <failedSince>0</failedSince>
        </case>
        <case>
          <duration>0.002</duration>
          <className>src.tests.vth-backend.test_auth_helpers</className>
          <testName>test_get_tokens_tpc_client_id_auth_access_and_new_access_token_success</testName>
          <skipped>false</skipped>
          <failedSince>0</failedSince>
        </case>
        <case>
          <duration>0.006</duration>
          <className>src.tests.vth-backend.test_auth_helpers</className>
          <testName>test_get_auth_header_for_lsm_test_platform_failed</testName>
          <skipped>false</skipped>
          <failedSince>0</failedSince>
        </case>
        <case>
          <duration>0.003</duration>
          <className>src.tests.vth-backend.test_auth_helpers</className>
          <testName>test_get_auth_header_for_lsm_test_platform_success</testName>
          <skipped>false</skipped>
          <failedSince>0</failedSince>
        </case>
        <case>
          <duration>0.223</duration>
          <className>src.tests.vth-backend.test_auth_helpers</className>
          <testName>test_get_auth_header_for_test_platform_success</testName>
          <skipped>false</skipped>
          <failedSince>0</failedSince>
        </case>
        <case>
          <duration>0.015</duration>
          <className>src.tests.vth-backend.test_auth_helpers</className>
          <testName>test_get_auth_header_for_test_platform_failed</testName>
          <skipped>false</skipped>
          <failedSince>0</failedSince>
        </case>
        <case>
          <duration>0.335</duration>
          <className>src.tests.vth-backend.test_database</className>
          <testName>test_test</testName>
          <skipped>false</skipped>
          <failedSince>0</failedSince>
        </case>
        <case>
          <duration>2.051</duration>
          <className>src.tests.vth-backend.test_logging_middleware</className>
          <testName>test_generates_correlation_id</testName>
          <skipped>false</skipped>
          <failedSince>0</failedSince>
        </case>
        <case>
          <duration>1.524</duration>
          <className>src.tests.vth-backend.test_logging_middleware</className>
          <testName>test_passes_on_correlation_id</testName>
          <skipped>false</skipped>
          <failedSince>0</failedSince>
        </case>
        <case>
          <duration>0.086</duration>
          <className>src.tests.vth-backend.test_projects</className>
          <testName>test_delete_projects_success</testName>
          <skipped>false</skipped>
          <failedSince>0</failedSince>
        </case>
        <case>
          <duration>0.003</duration>
          <className>src.tests.vth-backend.test_secret_provider</className>
          <testName>test_secret_provider_environment_get_secret_success</testName>
          <skipped>false</skipped>
          <failedSince>0</failedSince>
        </case>
        <case>
          <duration>0.003</duration>
          <className>src.tests.vth-backend.test_secret_provider</className>
          <testName>test_secret_provider_environment_get_username_success</testName>
          <skipped>false</skipped>
          <failedSince>0</failedSince>
        </case>
        <case>
          <duration>0.002</duration>
          <className>src.tests.vth-backend.test_secret_provider</className>
          <testName>test_secret_provider_environment_get_password_success</testName>
          <skipped>false</skipped>
          <failedSince>0</failedSince>
        </case>
        <case>
          <duration>0.012</duration>
          <className>src.tests.vth-backend.test_secret_provider</className>
          <testName>test_secret_provider_environment_get_client_id_success</testName>
          <skipped>false</skipped>
          <failedSince>0</failedSince>
        </case>
        <case>
          <duration>0.002</duration>
          <className>src.tests.vth-backend.test_secret_provider</className>
          <testName>test_secret_provider_environment_get_client_secret_success</testName>
          <skipped>false</skipped>
          <failedSince>0</failedSince>
        </case>
        <case>
          <duration>0.009</duration>
          <className>src.tests.vth-backend.test_secret_provider</className>
          <testName>test_secret_provider_environment_get_secret_failure</testName>
          <skipped>false</skipped>
          <failedSince>0</failedSince>
        </case>
        <case>
          <duration>0.001</duration>
          <className>src.tests.vth-backend.test_secret_provider</className>
          <testName>test_get_secret_provider_from_type_success</testName>
          <skipped>false</skipped>
          <failedSince>0</failedSince>
        </case>
        <case>
          <duration>0.002</duration>
          <className>src.tests.vth-backend.test_utils</className>
          <testName>test_extended_json_serializer</testName>
          <skipped>false</skipped>
          <failedSince>0</failedSince>
        </case>
        <case>
          <duration>0.002</duration>
          <className>src.tests.vth-backend.test_utils</className>
          <testName>test_bimap_success</testName>
          <skipped>false</skipped>
          <failedSince>0</failedSince>
        </case>
        <case>
          <duration>0.002</duration>
          <className>src.tests.vth-backend.test_utils</className>
          <testName>test_bimap_success_update_value</testName>
          <skipped>false</skipped>
          <failedSince>0</failedSince>
        </case>
        <case>
          <duration>0.001</duration>
          <className>src.tests.vth-backend.test_utils</className>
          <testName>test_bimap_success_delete</testName>
          <skipped>false</skipped>
          <failedSince>0</failedSince>
        </case>
        <case>
          <duration>0.006</duration>
          <className>src.tests.vth-backend.test_utils</className>
          <testName>test_bimap_failure_unhashable_key</testName>
          <skipped>false</skipped>
          <failedSince>0</failedSince>
        </case>
        <case>
          <duration>0.005</duration>
          <className>src.tests.vth-backend.test_utils</className>
          <testName>test_bimap_failure_unhashable_value</testName>
          <skipped>false</skipped>
          <failedSince>0</failedSince>
        </case>
        <case>
          <duration>0.166</duration>
          <className>src.tests.vth-backend.test_worker_capabilities</className>
          <testName>test_update_capabilities_v1</testName>
          <skipped>false</skipped>
          <failedSince>0</failedSince>
        </case>
        <case>
          <duration>0.199</duration>
          <className>src.tests.vth-backend.test_worker_capabilities</className>
          <testName>test_update_capabilities_v2</testName>
          <skipped>false</skipped>
          <failedSince>0</failedSince>
        </case>
        <case>
          <duration>0.168</duration>
          <className>src.tests.vth-backend.test_worker_capabilities</className>
          <testName>test_update_capabilities_with_invalid_id</testName>
          <skipped>false</skipped>
          <failedSince>0</failedSince>
        </case>
        <case>
          <duration>0.699</duration>
          <className>src.tests.vth-backend.test_worker_lsm</className>
          <testName>test_update_logical_scenarios_success_add_logical_scenarios</testName>
          <skipped>false</skipped>
          <failedSince>0</failedSince>
        </case>
        <case>
          <duration>0.172</duration>
          <className>src.tests.vth-backend.test_worker_lsm</className>
          <testName>test_update_logical_scenarios_success_add_logical_scenarios_duplicate_label</testName>
          <skipped>false</skipped>
          <failedSince>0</failedSince>
        </case>
        <case>
          <duration>0.051</duration>
          <className>src.tests.vth-backend.test_worker_lsm</className>
          <testName>test_update_logical_scenarios_success_status_not_ready</testName>
          <skipped>false</skipped>
          <failedSince>0</failedSince>
        </case>
        <case>
          <duration>0.112</duration>
          <className>src.tests.vth-backend.test_worker_lsm</className>
          <testName>test_update_logical_scenarios_success_update_logical_scenario</testName>
          <skipped>false</skipped>
          <failedSince>0</failedSince>
        </case>
        <case>
          <duration>0.003</duration>
          <className>src.tests.vth-backend.test_worker_misc</className>
          <testName>test_evaluate_measurement_values</testName>
          <skipped>false</skipped>
          <failedSince>0</failedSince>
        </case>
        <case>
          <duration>0.003</duration>
          <className>src.tests.vth-backend.test_worker_misc</className>
          <testName>test_evaluate_measurement_values_status_failed</testName>
          <skipped>false</skipped>
          <failedSince>0</failedSince>
        </case>
        <case>
          <duration>0.014</duration>
          <className>src.tests.vth-backend.test_worker_misc</className>
          <testName>test_evaluate_measurement_values_no_operator_success</testName>
          <skipped>false</skipped>
          <failedSince>0</failedSince>
        </case>
        <case>
          <duration>0.002</duration>
          <className>src.tests.vth-backend.test_worker_misc</className>
          <testName>test_evaluate_measurement_values_no_operator_failed</testName>
          <skipped>false</skipped>
          <failedSince>0</failedSince>
        </case>
        <case>
          <duration>0.004</duration>
          <className>src.tests.vth-backend.test_worker_misc</className>
          <testName>test_evaluate_measurement_values_threshold_operator_success</testName>
          <skipped>false</skipped>
          <failedSince>0</failedSince>
        </case>
        <case>
          <duration>0.014</duration>
          <className>src.tests.vth-backend.test_worker_misc</className>
          <testName>test_evaluate_measurement_values_threshold_operator_failed</testName>
          <skipped>false</skipped>
          <failedSince>0</failedSince>
        </case>
        <case>
          <duration>0.004</duration>
          <className>src.tests.vth-backend.test_worker_misc</className>
          <testName>test_evaluate_measurement_values_threshold_operator_invalid</testName>
          <skipped>false</skipped>
          <failedSince>0</failedSince>
        </case>
        <case>
          <duration>0.002</duration>
          <className>src.tests.vth-backend.test_worker_misc</className>
          <testName>test_evaluate_measurement_values_interval_operator_success</testName>
          <skipped>false</skipped>
          <failedSince>0</failedSince>
        </case>
        <case>
          <duration>0.002</duration>
          <className>src.tests.vth-backend.test_worker_misc</className>
          <testName>test_evaluate_measurement_values_interval_operator_failed</testName>
          <skipped>false</skipped>
          <failedSince>0</failedSince>
        </case>
        <case>
          <duration>0.003</duration>
          <className>src.tests.vth-backend.test_worker_misc</className>
          <testName>test_evaluate_measurement_values_interval_operator_invalid</testName>
          <skipped>false</skipped>
          <failedSince>0</failedSince>
        </case>
        <case>
          <duration>0.002</duration>
          <className>src.tests.vth-backend.test_worker_misc</className>
          <testName>test_chunk_list</testName>
          <skipped>false</skipped>
          <failedSince>0</failedSince>
        </case>
        <case>
          <duration>0.246</duration>
          <className>src.tests.vth-backend.test_worker_polling_logic</className>
          <testName>test_poll_logic</testName>
          <skipped>false</skipped>
          <failedSince>0</failedSince>
        </case>
        <case>
          <duration>0.205</duration>
          <className>src.tests.vth-backend.test_worker_polling_logic</className>
          <testName>test_error_handling</testName>
          <skipped>false</skipped>
          <failedSince>0</failedSince>
        </case>
        <case>
          <duration>0.431</duration>
          <className>src.tests.vth-backend.test_worker_test_case_implementation_results</className>
          <testName>test_update_all_tci_results</testName>
          <skipped>false</skipped>
          <failedSince>0</failedSince>
        </case>
        <case>
          <duration>4.967</duration>
          <className>src.tests.vth-backend.test_worker_test_case_implementation_results</className>
          <testName>test_update_all_tci_results_v3</testName>
          <skipped>false</skipped>
          <failedSince>0</failedSince>
        </case>
        <case>
          <duration>0.222</duration>
          <className>src.tests.vth-backend.test_worker_test_case_implementation_results</className>
          <testName>test_update_all_tci_results_v3_duplicate_tci</testName>
          <skipped>false</skipped>
          <failedSince>0</failedSince>
        </case>
        <case>
          <duration>4.726</duration>
          <className>src.tests.vth-backend.test_worker_test_case_implementation_results</className>
          <testName>test_update_all_tci_results_v3_configured_measurement_not_found</testName>
          <skipped>false</skipped>
          <failedSince>0</failedSince>
        </case>
        <case>
          <duration>5.022</duration>
          <className>src.tests.vth-backend.test_worker_test_case_implementation_results</className>
          <testName>test_update_all_tci_results_validation_error</testName>
          <skipped>false</skipped>
          <failedSince>0</failedSince>
        </case>
        <case>
          <duration>5.058</duration>
          <className>src.tests.vth-backend.test_worker_test_case_implementation_results</className>
          <testName>test_update_all_tci_results_validation_error_v3</testName>
          <skipped>false</skipped>
          <failedSince>0</failedSince>
        </case>
        <case>
          <duration>4.975</duration>
          <className>src.tests.vth-backend.test_worker_test_case_implementation_results</className>
          <testName>test_update_all_tci_results_appends_new_data</testName>
          <skipped>false</skipped>
          <failedSince>0</failedSince>
        </case>
        <case>
          <duration>4.956</duration>
          <className>src.tests.vth-backend.test_worker_test_case_implementation_results</className>
          <testName>test_update_all_tci_results_appends_new_data_v3</testName>
          <skipped>false</skipped>
          <failedSince>0</failedSince>
        </case>
        <case>
          <duration>5.024</duration>
          <className>src.tests.vth-backend.test_worker_test_case_implementation_results</className>
          <testName>test_update_all_tci_results_appends_new_data_with_sanitization_error</testName>
          <skipped>false</skipped>
          <failedSince>0</failedSince>
        </case>
        <case>
          <duration>5.011</duration>
          <className>src.tests.vth-backend.test_worker_test_case_implementation_results</className>
          <testName>test_update_all_tci_results_appends_new_data_with_sanitization_error_v3</testName>
          <skipped>false</skipped>
          <failedSince>0</failedSince>
        </case>
        <case>
          <duration>4.963</duration>
          <className>src.tests.vth-backend.test_worker_test_case_implementation_results</className>
          <testName>test_update_all_tci_results_404</testName>
          <skipped>false</skipped>
          <failedSince>0</failedSince>
        </case>
        <case>
          <duration>5.008</duration>
          <className>src.tests.vth-backend.test_worker_test_case_implementation_results</className>
          <testName>test_update_all_tci_results_404_v3</testName>
          <skipped>false</skipped>
          <failedSince>0</failedSince>
        </case>
        <case>
          <duration>0.194</duration>
          <className>src.tests.vth-backend.test_worker_test_case_run_results</className>
          <testName>test_update_all_test_case_run_results_v3</testName>
          <skipped>false</skipped>
          <failedSince>0</failedSince>
        </case>
        <case>
          <duration>5.003</duration>
          <className>src.tests.vth-backend.test_worker_test_case_run_results</className>
          <testName>test_update_all_test_case_run_results_appends_new_data</testName>
          <skipped>false</skipped>
          <failedSince>0</failedSince>
        </case>
        <case>
          <duration>4.993</duration>
          <className>src.tests.vth-backend.test_worker_test_case_run_results</className>
          <testName>test_update_all_test_case_run_results_appends_new_data_v3</testName>
          <skipped>false</skipped>
          <failedSince>0</failedSince>
        </case>
        <case>
          <duration>5.204</duration>
          <className>src.tests.vth-backend.test_worker_test_case_run_results</className>
          <testName>test_update_all_test_case_run_results_appends_new_data_with_sanitization_error</testName>
          <skipped>false</skipped>
          <failedSince>0</failedSince>
        </case>
        <case>
          <duration>4.886</duration>
          <className>src.tests.vth-backend.test_worker_test_case_run_results</className>
          <testName>test_update_all_test_case_run_results_appends_new_data_with_sanitization_error_v3</testName>
          <skipped>false</skipped>
          <failedSince>0</failedSince>
        </case>
        <case>
          <duration>5.2</duration>
          <className>src.tests.vth-backend.test_worker_test_case_run_results</className>
          <testName>test_update_all_test_case_run_results_validation_error</testName>
          <skipped>false</skipped>
          <failedSince>0</failedSince>
        </case>
        <case>
          <duration>4.74</duration>
          <className>src.tests.vth-backend.test_worker_test_case_run_results</className>
          <testName>test_update_all_test_case_run_results_validation_error_v3</testName>
          <skipped>false</skipped>
          <failedSince>0</failedSince>
        </case>
        <case>
          <duration>5.157</duration>
          <className>src.tests.vth-backend.test_worker_test_case_run_results</className>
          <testName>test_update_all_test_case_run_results_404</testName>
          <skipped>false</skipped>
          <failedSince>0</failedSince>
        </case>
        <case>
          <duration>4.849</duration>
          <className>src.tests.vth-backend.test_worker_test_case_run_results</className>
          <testName>test_update_all_test_case_run_results_404_v3</testName>
          <skipped>false</skipped>
          <failedSince>0</failedSince>
        </case>
        <case>
          <duration>0.297</duration>
          <className>src.tests.vth-backend.test_worker_test_case_run_status</className>
          <testName>test_update_all_test_case_run_statuses</testName>
          <skipped>false</skipped>
          <failedSince>0</failedSince>
        </case>
        <case>
          <duration>4.96</duration>
          <className>src.tests.vth-backend.test_worker_test_case_run_status</className>
          <testName>test_update_all_test_case_run_statuses_parameter_values_float_1</testName>
          <skipped>false</skipped>
          <failedSince>0</failedSince>
        </case>
        <case>
          <duration>5.04</duration>
          <className>src.tests.vth-backend.test_worker_test_case_run_status</className>
          <testName>test_update_all_test_case_run_statuses_parameter_values_float_2</testName>
          <skipped>false</skipped>
          <failedSince>0</failedSince>
        </case>
        <case>
          <duration>5.031</duration>
          <className>src.tests.vth-backend.test_worker_test_case_run_status</className>
          <testName>test_update_all_test_case_run_statuses_parameter_values_int</testName>
          <skipped>false</skipped>
          <failedSince>0</failedSince>
        </case>
        <case>
          <duration>4.921</duration>
          <className>src.tests.vth-backend.test_worker_test_case_run_status</className>
          <testName>test_update_all_test_case_run_statuses_parameter_values_string</testName>
          <skipped>false</skipped>
          <failedSince>0</failedSince>
        </case>
        <case>
          <duration>4.991</duration>
          <className>src.tests.vth-backend.test_worker_test_case_run_status</className>
          <testName>test_update_all_test_case_run_statuses_wrong_created_at</testName>
          <skipped>false</skipped>
          <failedSince>0</failedSince>
        </case>
        <case>
          <duration>5.025</duration>
          <className>src.tests.vth-backend.test_worker_test_case_run_status</className>
          <testName>test_update_all_test_case_run_statuses_data</testName>
          <skipped>false</skipped>
          <failedSince>0</failedSince>
        </case>
        <case>
          <duration>4.938</duration>
          <className>src.tests.vth-backend.test_worker_test_case_run_status</className>
          <testName>test_update_all_test_case_run_statuses_validation_error</testName>
          <skipped>false</skipped>
          <failedSince>0</failedSince>
        </case>
        <case>
          <duration>4.996</duration>
          <className>src.tests.vth-backend.test_worker_test_case_run_status</className>
          <testName>test_update_all_test_case_run_statuses_status_404</testName>
          <skipped>false</skipped>
          <failedSince>0</failedSince>
        </case>
        <case>
          <duration>0.002</duration>
          <className>src.tests.vth-backend.test_worker_test_case_run_status</className>
          <testName>test_validate_test_case_run_statuses_success</testName>
          <skipped>false</skipped>
          <failedSince>0</failedSince>
        </case>
        <case>
          <duration>5.0</duration>
          <className>src.tests.vth-backend.test_worker_test_case_run_status</className>
          <testName>test_update_all_test_case_run_statuses_failure_duplicate_tci_id</testName>
          <skipped>false</skipped>
          <failedSince>0</failedSince>
        </case>
        <case>
          <duration>0.1</duration>
          <className>src.tests.vth-backend.test_worker_test_case_run_submit</className>
          <testName>test_submit_all_test_case_runs_success</testName>
          <skipped>false</skipped>
          <failedSince>0</failedSince>
        </case>
        <case>
          <duration>4.999</duration>
          <className>src.tests.vth-backend.test_worker_test_case_run_submit</className>
          <testName>test_submit_all_test_case_runs_success_v3</testName>
          <skipped>false</skipped>
          <failedSince>0</failedSince>
        </case>
        <case>
          <duration>4.007</duration>
          <className>src.tests.vth-backend.test_worker_test_case_run_submit</className>
          <testName>test_submit_all_test_case_runs_with_ratelimit</testName>
          <skipped>false</skipped>
          <failedSince>0</failedSince>
        </case>
        <case>
          <duration>0.126</duration>
          <className>src.tests.vth-backend.test_worker_test_case_run_submit</className>
          <testName>test_submit_all_test_case_runs_failure_system_version_error</testName>
          <skipped>false</skipped>
          <failedSince>0</failedSince>
        </case>
        <case>
          <duration>0.079</duration>
          <className>src.tests.vth-backend.test_worker_test_case_run_submit</className>
          <testName>test_submit_all_test_case_runs_failure_system_version_error_v3</testName>
          <skipped>false</skipped>
          <failedSince>0</failedSince>
        </case>
        <case>
          <duration>0.103</duration>
          <className>src.tests.vth-backend.test_worker_test_case_run_submit</className>
          <testName>test_submit_all_test_case_runs_failure_system_version_inactive</testName>
          <skipped>false</skipped>
          <failedSince>0</failedSince>
        </case>
        <case>
          <duration>0.083</duration>
          <className>src.tests.vth-backend.test_worker_test_case_run_submit</className>
          <testName>test_submit_all_test_case_runs_failure_system_version_inactive_v3</testName>
          <skipped>false</skipped>
          <failedSince>0</failedSince>
        </case>
        <case>
          <duration>0.605</duration>
          <className>src.tests.vth-backend.test_worker_test_case_run_submit</className>
          <testName>test_submit_test_case_run_success</testName>
          <skipped>false</skipped>
          <failedSince>0</failedSince>
        </case>
        <case>
          <duration>5.002</duration>
          <className>src.tests.vth-backend.test_worker_test_case_run_submit</className>
          <testName>test_submit_test_case_run_success_v3</testName>
          <skipped>false</skipped>
          <failedSince>0</failedSince>
        </case>
        <case>
          <duration>4.98</duration>
          <className>src.tests.vth-backend.test_worker_test_case_run_submit</className>
          <testName>test_submit_test_case_run_failure_tps_error_500</testName>
          <skipped>false</skipped>
          <failedSince>0</failedSince>
        </case>
        <case>
          <duration>5.158</duration>
          <className>src.tests.vth-backend.test_worker_test_case_run_submit</className>
          <testName>test_submit_test_case_run_failure_tps_error_500_v3</testName>
          <skipped>false</skipped>
          <failedSince>0</failedSince>
        </case>
        <case>
          <duration>1.707</duration>
          <className>src.tests.vth-backend.api.test_error_handlers</className>
          <testName>test_not_found</testName>
          <skipped>false</skipped>
          <failedSince>0</failedSince>
        </case>
        <case>
          <duration>1.191</duration>
          <className>src.tests.vth-backend.api.test_error_handlers</className>
          <testName>test_validation_error</testName>
          <skipped>false</skipped>
          <failedSince>0</failedSince>
        </case>
        <case>
          <duration>1.078</duration>
          <className>src.tests.vth-backend.api.test_error_handlers</className>
          <testName>test_http_error</testName>
          <skipped>false</skipped>
          <failedSince>0</failedSince>
        </case>
        <case>
          <duration>0.063</duration>
          <className>src.tests.vth-backend.api.test_logical_scenario_groups</className>
          <testName>test_get_logical_scenario_groups_success</testName>
          <skipped>false</skipped>
          <failedSince>0</failedSince>
        </case>
        <case>
          <duration>0.11</duration>
          <className>src.tests.vth-backend.api.test_logical_scenario_groups</className>
          <testName>test_post_logical_scenario_groups_success</testName>
          <skipped>false</skipped>
          <failedSince>0</failedSince>
        </case>
        <case>
          <duration>0.086</duration>
          <className>src.tests.vth-backend.api.test_logical_scenario_groups</className>
          <testName>test_post_logical_scenario_groups_success_duplicate_entry</testName>
          <skipped>false</skipped>
          <failedSince>0</failedSince>
        </case>
        <case>
          <duration>0.082</duration>
          <className>src.tests.vth-backend.api.test_logical_scenarios</className>
          <testName>test_get_logical_scenarios_v1</testName>
          <skipped>false</skipped>
          <failedSince>0</failedSince>
        </case>
        <case>
          <duration>0.123</duration>
          <className>src.tests.vth-backend.api.test_logical_scenarios</className>
          <testName>test_post_logical_scenarios_v1_success</testName>
          <skipped>false</skipped>
          <failedSince>0</failedSince>
        </case>
        <case>
          <duration>0.083</duration>
          <className>src.tests.vth-backend.api.test_logical_scenarios</className>
          <testName>test_post_logical_scenarios_v1_success_duplicate_entry</testName>
          <skipped>false</skipped>
          <failedSince>0</failedSince>
        </case>
        <case>
          <duration>0.042</duration>
          <className>src.tests.vth-backend.api.test_logical_scenarios</className>
          <testName>test_get_logical_scenarios</testName>
          <skipped>false</skipped>
          <failedSince>0</failedSince>
        </case>
        <case>
          <duration>0.256</duration>
          <className>src.tests.vth-backend.api.test_logical_scenarios</className>
          <testName>test_post_logical_scenarios_success</testName>
          <skipped>false</skipped>
          <failedSince>0</failedSince>
        </case>
        <case>
          <duration>0.184</duration>
          <className>src.tests.vth-backend.api.test_logical_scenarios</className>
          <testName>test_post_logical_scenarios_success_duplicate_entry</testName>
          <skipped>false</skipped>
          <failedSince>0</failedSince>
        </case>
        <case>
          <duration>0.003</duration>
          <className>src.tests.vth-backend.api.test_metrics</className>
          <testName>test_full_status_to_value_fields</testName>
          <skipped>false</skipped>
          <failedSince>0</failedSince>
        </case>
        <case>
          <duration>0.005</duration>
          <className>src.tests.vth-backend.api.test_metrics</className>
          <testName>test_generate_metrics_v1_no_tcis</testName>
          <skipped>false</skipped>
          <failedSince>0</failedSince>
        </case>
        <case>
          <duration>0.005</duration>
          <className>src.tests.vth-backend.api.test_metrics</className>
          <testName>test_generate_metrics_v2_no_tcis</testName>
          <skipped>false</skipped>
          <failedSince>0</failedSince>
        </case>
        <case>
          <duration>0.005</duration>
          <className>src.tests.vth-backend.api.test_metrics</className>
          <testName>test_generate_metrics_v1_no_spis</testName>
          <skipped>false</skipped>
          <failedSince>0</failedSince>
        </case>
        <case>
          <duration>0.004</duration>
          <className>src.tests.vth-backend.api.test_metrics</className>
          <testName>test_generate_metrics_v2_no_spis</testName>
          <skipped>false</skipped>
          <failedSince>0</failedSince>
        </case>
        <case>
          <duration>0.008</duration>
          <className>src.tests.vth-backend.api.test_metrics</className>
          <testName>test_generate_metrics_v1</testName>
          <skipped>false</skipped>
          <failedSince>0</failedSince>
        </case>
        <case>
          <duration>0.004</duration>
          <className>src.tests.vth-backend.api.test_metrics</className>
          <testName>test_generate_metrics_v2</testName>
          <skipped>false</skipped>
          <failedSince>0</failedSince>
        </case>
        <case>
          <duration>0.141</duration>
          <className>src.tests.vth-backend.api.test_metrics</className>
          <testName>test_metrics_v2_filtered_by_system_version</testName>
          <skipped>false</skipped>
          <failedSince>0</failedSince>
        </case>
        <case>
          <duration>0.074</duration>
          <className>src.tests.vth-backend.api.test_metrics</className>
          <testName>test_metrics_v2_filtered_by_system_version_wrong_value</testName>
          <skipped>false</skipped>
          <failedSince>0</failedSince>
        </case>
        <case>
          <duration>0.241</duration>
          <className>src.tests.vth-backend.api.test_metrics</className>
          <testName>test_metrics_v2_filtered_by_system_version_wrong_key</testName>
          <skipped>false</skipped>
          <failedSince>0</failedSince>
        </case>
        <case>
          <duration>0.297</duration>
          <className>src.tests.vth-backend.api.test_metrics</className>
          <testName>test_metrics_v2_filtered_by_system_version_id_no_sv</testName>
          <skipped>false</skipped>
          <failedSince>0</failedSince>
        </case>
        <case>
          <duration>0.05</duration>
          <className>src.tests.vth-backend.api.test_metrics</className>
          <testName>test_metrics_v1_filtered_by_time_no_results</testName>
          <skipped>false</skipped>
          <failedSince>0</failedSince>
        </case>
        <case>
          <duration>0.054</duration>
          <className>src.tests.vth-backend.api.test_metrics</className>
          <testName>test_metrics_v2_filtered_by_time_no_results</testName>
          <skipped>false</skipped>
          <failedSince>0</failedSince>
        </case>
        <case>
          <duration>0.372</duration>
          <className>src.tests.vth-backend.api.test_metrics</className>
          <testName>test_metrics_v1_filtered_by_time_get_all</testName>
          <skipped>false</skipped>
          <failedSince>0</failedSince>
        </case>
        <case>
          <duration>0.256</duration>
          <className>src.tests.vth-backend.api.test_metrics</className>
          <testName>test_metrics_v2_filtered_by_start_time_get_all</testName>
          <skipped>false</skipped>
          <failedSince>0</failedSince>
        </case>
        <case>
          <duration>0.287</duration>
          <className>src.tests.vth-backend.api.test_metrics</className>
          <testName>test_metrics_v2_filtered_by_end_time_get_all</testName>
          <skipped>false</skipped>
          <failedSince>0</failedSince>
        </case>
        <case>
          <duration>0.193</duration>
          <className>src.tests.vth-backend.api.test_metrics</className>
          <testName>test_metrics_v1_filtered_by_time_on_update_tcr</testName>
          <skipped>false</skipped>
          <failedSince>0</failedSince>
        </case>
        <case>
          <duration>0.184</duration>
          <className>src.tests.vth-backend.api.test_metrics</className>
          <testName>test_metrics_v2_filtered_by_start_time_on_update_tcr</testName>
          <skipped>false</skipped>
          <failedSince>0</failedSince>
        </case>
        <case>
          <duration>0.144</duration>
          <className>src.tests.vth-backend.api.test_metrics</className>
          <testName>test_metrics_v2_filtered_by_end_time_on_update_tcr</testName>
          <skipped>false</skipped>
          <failedSince>0</failedSince>
        </case>
        <case>
          <duration>0.302</duration>
          <className>src.tests.vth-backend.api.test_metrics</className>
          <testName>test_metrics_v1_filtered_by_start_time_on_update_tci</testName>
          <skipped>false</skipped>
          <failedSince>0</failedSince>
        </case>
        <case>
          <duration>0.112</duration>
          <className>src.tests.vth-backend.api.test_metrics</className>
          <testName>test_metrics_v2_filtered_by_start_time_on_update_tci</testName>
          <skipped>false</skipped>
          <failedSince>0</failedSince>
        </case>
        <case>
          <duration>0.142</duration>
          <className>src.tests.vth-backend.api.test_metrics</className>
          <testName>test_metrics_v2_filtered_by_end_time_on_update_tci</testName>
          <skipped>false</skipped>
          <failedSince>0</failedSince>
        </case>
        <case>
          <duration>0.197</duration>
          <className>src.tests.vth-backend.api.test_metrics</className>
          <testName>test_metrics_v2_streaming</testName>
          <skipped>false</skipped>
          <failedSince>0</failedSince>
        </case>
        <case>
          <duration>0.244</duration>
          <className>src.tests.vth-backend.api.test_metrics</className>
          <testName>test_metrics_v2_streaming_empty_final_document</testName>
          <skipped>false</skipped>
          <failedSince>0</failedSince>
        </case>
        <case>
          <duration>0.106</duration>
          <className>src.tests.vth-backend.api.test_model_validation</className>
          <testName>test_post_test_case_with_invalid_name_length</testName>
          <skipped>false</skipped>
          <failedSince>0</failedSince>
        </case>
        <case>
          <duration>0.069</duration>
          <className>src.tests.vth-backend.api.test_model_validation</className>
          <testName>test_post_test_case_with_invalid_test_case_type_id_length</testName>
          <skipped>false</skipped>
          <failedSince>0</failedSince>
        </case>
        <case>
          <duration>0.089</duration>
          <className>src.tests.vth-backend.api.test_model_validation</className>
          <testName>test_post_test_case_with_invalid_tc_spi_ids_length</testName>
          <skipped>false</skipped>
          <failedSince>0</failedSince>
        </case>
        <case>
          <duration>0.078</duration>
          <className>src.tests.vth-backend.api.test_model_validation</className>
          <testName>test_post_test_case_with_invalid_tci_spi_ids_length</testName>
          <skipped>false</skipped>
          <failedSince>0</failedSince>
        </case>
        <case>
          <duration>0.002</duration>
          <className>src.tests.vth-backend.api.test_model_validation</className>
          <testName>test_case_definition_valid_test_case_type_id</testName>
          <skipped>false</skipped>
          <failedSince>0</failedSince>
        </case>
        <case>
          <duration>0.002</duration>
          <className>src.tests.vth-backend.api.test_model_validation</className>
          <testName>test_case_definition_invalid_test_case_type_id</testName>
          <skipped>false</skipped>
          <failedSince>0</failedSince>
        </case>
        <case>
          <duration>0.002</duration>
          <className>src.tests.vth-backend.api.test_model_validation</className>
          <testName>test_case_run_status_valid_test_case_run_id</testName>
          <skipped>false</skipped>
          <failedSince>0</failedSince>
        </case>
        <case>
          <duration>0.002</duration>
          <className>src.tests.vth-backend.api.test_model_validation</className>
          <testName>test_case_run_status_invalid_test_case_run_id</testName>
          <skipped>false</skipped>
          <failedSince>0</failedSince>
        </case>
        <case>
          <duration>0.003</duration>
          <className>src.tests.vth-backend.api.test_model_validation</className>
          <testName>test_case_run_result_valid_test_case_run_id</testName>
          <skipped>false</skipped>
          <failedSince>0</failedSince>
        </case>
        <case>
          <duration>0.002</duration>
          <className>src.tests.vth-backend.api.test_model_validation</className>
          <testName>test_case_run_result_invalid_test_case_run_id</testName>
          <skipped>false</skipped>
          <failedSince>0</failedSince>
        </case>
        <case>
          <duration>0.001</duration>
          <className>src.tests.vth-backend.api.test_model_validation</className>
          <testName>test_case_run_submission_response_valid_test_case_run_id</testName>
          <skipped>false</skipped>
          <failedSince>0</failedSince>
        </case>
        <case>
          <duration>0.001</duration>
          <className>src.tests.vth-backend.api.test_model_validation</className>
          <testName>test_case_run_submission_response_invalid_test_case_run_id</testName>
          <skipped>false</skipped>
          <failedSince>0</failedSince>
        </case>
        <case>
          <duration>0.001</duration>
          <className>src.tests.vth-backend.api.test_model_validation</className>
          <testName>test_case_run_valid_id</testName>
          <skipped>false</skipped>
          <failedSince>0</failedSince>
        </case>
        <case>
          <duration>0.002</duration>
          <className>src.tests.vth-backend.api.test_model_validation</className>
          <testName>test_case_run_invalid_id</testName>
          <skipped>false</skipped>
          <failedSince>0</failedSince>
        </case>
        <case>
          <duration>0.051</duration>
          <className>src.tests.vth-backend.api.test_req_to_test_case_traceability_link</className>
          <testName>test_req_to_test_case_traceability_link_get_success</testName>
          <skipped>false</skipped>
          <failedSince>0</failedSince>
        </case>
        <case>
          <duration>0.051</duration>
          <className>src.tests.vth-backend.api.test_req_to_test_case_traceability_link</className>
          <testName>test_req_to_test_case_traceability_link_get_success_filtered_by_test_case_id_get_all</testName>
          <skipped>false</skipped>
          <failedSince>0</failedSince>
        </case>
        <case>
          <duration>0.062</duration>
          <className>src.tests.vth-backend.api.test_req_to_test_case_traceability_link</className>
          <testName>test_req_to_test_case_traceability_link_get_success_filtered_by_test_case_id_not_exist</testName>
          <skipped>false</skipped>
          <failedSince>0</failedSince>
        </case>
        <case>
          <duration>0.069</duration>
          <className>src.tests.vth-backend.api.test_req_to_test_case_traceability_link</className>
          <testName>test_req_to_test_case_traceability_link_get_success_filtered_by_requirement_id_get_all</testName>
          <skipped>false</skipped>
          <failedSince>0</failedSince>
        </case>
        <case>
          <duration>0.025</duration>
          <className>src.tests.vth-backend.api.test_req_to_test_case_traceability_link</className>
          <testName>test_req_to_test_case_traceability_link_get_failure_filtered_by_requirement_id_invalid</testName>
          <skipped>false</skipped>
          <failedSince>0</failedSince>
        </case>
        <case>
          <duration>0.063</duration>
          <className>src.tests.vth-backend.api.test_req_to_test_case_traceability_link</className>
          <testName>test_req_to_test_case_traceability_link_get_success_filtered_by_requirement_id_not_exist</testName>
          <skipped>false</skipped>
          <failedSince>0</failedSince>
        </case>
        <case>
          <duration>0.089</duration>
          <className>src.tests.vth-backend.api.test_req_to_test_case_traceability_link</className>
          <testName>test_req_to_test_case_traceability_link_get_success_filtered_by_project_id_get_all</testName>
          <skipped>false</skipped>
          <failedSince>0</failedSince>
        </case>
        <case>
          <duration>0.058</duration>
          <className>src.tests.vth-backend.api.test_req_to_test_case_traceability_link</className>
          <testName>test_req_to_test_case_traceability_link_get_success_filtered_by_project_id_no_results</testName>
          <skipped>false</skipped>
          <failedSince>0</failedSince>
        </case>
        <case>
          <duration>0.03</duration>
          <className>src.tests.vth-backend.api.test_req_to_test_case_traceability_link</className>
          <testName>test_req_to_test_case_traceability_link_get_failure_filtered_by_project_id_invalid</testName>
          <skipped>false</skipped>
          <failedSince>0</failedSince>
        </case>
        <case>
          <duration>0.058</duration>
          <className>src.tests.vth-backend.api.test_req_to_test_case_traceability_link</className>
          <testName>test_req_to_test_case_traceability_link_get_failure_filtered_by_project_id_not_exist</testName>
          <skipped>false</skipped>
          <failedSince>0</failedSince>
        </case>
        <case>
          <duration>0.038</duration>
          <className>src.tests.vth-backend.api.test_req_to_test_case_traceability_link</className>
          <testName>test_req_to_test_case_traceability_link_post_success</testName>
          <skipped>false</skipped>
          <failedSince>0</failedSince>
        </case>
        <case>
          <duration>0.015</duration>
          <className>src.tests.vth-backend.api.test_req_to_test_case_traceability_link</className>
          <testName>test_req_to_test_case_traceability_link_post_failure_from_item_invalid</testName>
          <skipped>false</skipped>
          <failedSince>0</failedSince>
        </case>
        <case>
          <duration>0.066</duration>
          <className>src.tests.vth-backend.api.test_req_to_test_case_traceability_link</className>
          <testName>test_req_to_test_case_traceability_link_post_failure_from_item_not_exist</testName>
          <skipped>false</skipped>
          <failedSince>0</failedSince>
        </case>
        <case>
          <duration>0.055</duration>
          <className>src.tests.vth-backend.api.test_req_to_test_case_traceability_link</className>
          <testName>test_req_to_test_case_traceability_link_post_failure_to_item_not_exist</testName>
          <skipped>false</skipped>
          <failedSince>0</failedSince>
        </case>
        <case>
          <duration>0.153</duration>
          <className>src.tests.vth-backend.api.test_req_to_test_case_traceability_link</className>
          <testName>test_req_to_test_case_traceability_link_post_success_one_to_many_relation</testName>
          <skipped>false</skipped>
          <failedSince>0</failedSince>
        </case>
        <case>
          <duration>0.105</duration>
          <className>src.tests.vth-backend.api.test_req_to_test_case_traceability_link</className>
          <testName>test_req_to_test_case_traceability_link_delete_success</testName>
          <skipped>false</skipped>
          <failedSince>0</failedSince>
        </case>
        <case>
          <duration>0.056</duration>
          <className>src.tests.vth-backend.api.test_req_to_test_case_traceability_link</className>
          <testName>test_req_to_test_case_traceability_link_delete_not_found_link_id</testName>
          <skipped>false</skipped>
          <failedSince>0</failedSince>
        </case>
        <case>
          <duration>0.035</duration>
          <className>src.tests.vth-backend.api.test_req_to_test_case_traceability_link</className>
          <testName>test_req_to_test_case_traceability_link_delete_invalid_link_id</testName>
          <skipped>false</skipped>
          <failedSince>0</failedSince>
        </case>
        <case>
          <duration>0.024</duration>
          <className>src.tests.vth-backend.api.test_requirements_ingestion</className>
          <testName>test_create_requirements_request_data_success</testName>
          <skipped>false</skipped>
          <failedSince>0</failedSince>
        </case>
        <case>
          <duration>0.02</duration>
          <className>src.tests.vth-backend.api.test_requirements_ingestion</className>
          <testName>test_create_req_to_req_traceability_sets_request_data_success</testName>
          <skipped>false</skipped>
          <failedSince>0</failedSince>
        </case>
        <case>
          <duration>0.114</duration>
          <className>src.tests.vth-backend.api.test_requirements_ingestion</className>
          <testName>test_post_requirements_ingestion_success</testName>
          <skipped>false</skipped>
          <failedSince>0</failedSince>
        </case>
        <case>
          <duration>0.003</duration>
          <className>src.tests.vth-backend.api.test_status</className>
          <testName>test_calc_full_status_non_finished</testName>
          <skipped>false</skipped>
          <failedSince>0</failedSince>
        </case>
        <case>
          <duration>0.002</duration>
          <className>src.tests.vth-backend.api.test_status</className>
          <testName>test_calc_full_status_finished</testName>
          <skipped>false</skipped>
          <failedSince>0</failedSince>
        </case>
        <case>
          <duration>0.001</duration>
          <className>src.tests.vth-backend.api.test_status</className>
          <testName>test_calc_full_status_missing_spi_ids</testName>
          <skipped>false</skipped>
          <failedSince>0</failedSince>
        </case>
        <case>
          <duration>0.001</duration>
          <className>src.tests.vth-backend.api.test_status</className>
          <testName>test_calc_full_status_not_received_results</testName>
          <skipped>false</skipped>
          <failedSince>0</failedSince>
        </case>
        <case>
          <duration>0.001</duration>
          <className>src.tests.vth-backend.api.test_status</className>
          <testName>test_calc_spi_full_statuses</testName>
          <skipped>false</skipped>
          <failedSince>0</failedSince>
        </case>
        <case>
          <duration>0.004</duration>
          <className>src.tests.vth-backend.api.test_status</className>
          <testName>test_calc_spi_full_statuses_not_received_results</testName>
          <skipped>false</skipped>
          <failedSince>0</failedSince>
        </case>
        <case>
          <duration>0.003</duration>
          <className>src.tests.vth-backend.api.test_status</className>
          <testName>test_calc_tcr_full_status_only_tcr</testName>
          <skipped>false</skipped>
          <failedSince>0</failedSince>
        </case>
        <case>
          <duration>0.011</duration>
          <className>src.tests.vth-backend.api.test_status</className>
          <testName>test_calc_tcr_full_status_tcr_and_tci</testName>
          <skipped>false</skipped>
          <failedSince>0</failedSince>
        </case>
        <case>
          <duration>0.021</duration>
          <className>src.tests.vth-backend.api.test_status</className>
          <testName>test_calc_tcr_full_status_check_hierarchy</testName>
          <skipped>false</skipped>
          <failedSince>0</failedSince>
        </case>
        <case>
          <duration>0.015</duration>
          <className>src.tests.vth-backend.api.test_status</className>
          <testName>test_calc_tci_spi_full_statuses</testName>
          <skipped>false</skipped>
          <failedSince>0</failedSince>
        </case>
        <case>
          <duration>0.003</duration>
          <className>src.tests.vth-backend.api.test_status</className>
          <testName>test_calc_tci_spi_full_statuses_when_there_is_no_tci</testName>
          <skipped>false</skipped>
          <failedSince>0</failedSince>
        </case>
        <case>
          <duration>0.253</duration>
          <className>src.tests.vth-backend.api.test_test_case_implementations</className>
          <testName>test_get_tcis</testName>
          <skipped>false</skipped>
          <failedSince>0</failedSince>
        </case>
        <case>
          <duration>0.256</duration>
          <className>src.tests.vth-backend.api.test_test_case_implementations</className>
          <testName>test_get_tcis_v3</testName>
          <skipped>false</skipped>
          <failedSince>0</failedSince>
        </case>
        <case>
          <duration>0.191</duration>
          <className>src.tests.vth-backend.api.test_test_case_implementations</className>
          <testName>test_get_tcis_v1_with_context_id</testName>
          <skipped>false</skipped>
          <failedSince>0</failedSince>
        </case>
        <case>
          <duration>0.185</duration>
          <className>src.tests.vth-backend.api.test_test_case_implementations</className>
          <testName>test_get_tcis_v2_with_system_version_id</testName>
          <skipped>false</skipped>
          <failedSince>0</failedSince>
        </case>
        <case>
          <duration>0.714</duration>
          <className>src.tests.vth-backend.api.test_test_case_implementations</className>
          <testName>test_get_tcis_v3_with_system_version_id</testName>
          <skipped>false</skipped>
          <failedSince>0</failedSince>
        </case>
        <case>
          <duration>0.153</duration>
          <className>src.tests.vth-backend.api.test_test_case_implementations</className>
          <testName>test_get_tci_found</testName>
          <skipped>false</skipped>
          <failedSince>0</failedSince>
        </case>
        <case>
          <duration>0.138</duration>
          <className>src.tests.vth-backend.api.test_test_case_implementations</className>
          <testName>test_get_tci_not_found</testName>
          <skipped>false</skipped>
          <failedSince>0</failedSince>
        </case>
        <case>
          <duration>0.11</duration>
          <className>src.tests.vth-backend.api.test_test_case_implementations</className>
          <testName>test_get_tcis_filtered_by_spi_id</testName>
          <skipped>false</skipped>
          <failedSince>0</failedSince>
        </case>
        <case>
          <duration>0.128</duration>
          <className>src.tests.vth-backend.api.test_test_case_implementations</className>
          <testName>test_get_tcis_v3_filtered_by_measurement_id</testName>
          <skipped>false</skipped>
          <failedSince>0</failedSince>
        </case>
        <case>
          <duration>0.089</duration>
          <className>src.tests.vth-backend.api.test_test_case_implementations</className>
          <testName>test_get_tcis_filtered_by_spi_id_non_existing</testName>
          <skipped>false</skipped>
          <failedSince>0</failedSince>
        </case>
        <case>
          <duration>0.076</duration>
          <className>src.tests.vth-backend.api.test_test_case_implementations</className>
          <testName>test_get_tcis_v3_filtered_by_spi_id_non_existing</testName>
          <skipped>false</skipped>
          <failedSince>0</failedSince>
        </case>
        <case>
          <duration>0.175</duration>
          <className>src.tests.vth-backend.api.test_test_case_runs</className>
          <testName>test_get_test_case_runs_v2</testName>
          <skipped>false</skipped>
          <failedSince>0</failedSince>
        </case>
        <case>
          <duration>0.126</duration>
          <className>src.tests.vth-backend.api.test_test_case_runs</className>
          <testName>test_get_test_case_runs_v3</testName>
          <skipped>false</skipped>
          <failedSince>0</failedSince>
        </case>
        <case>
          <duration>0.083</duration>
          <className>src.tests.vth-backend.api.test_test_case_runs</className>
          <testName>test_get_test_case_runs_v3_test_case_run_id</testName>
          <skipped>false</skipped>
          <failedSince>0</failedSince>
        </case>
        <case>
          <duration>0.232</duration>
          <className>src.tests.vth-backend.api.test_test_case_runs</className>
          <testName>test_get_test_case_runs_v4</testName>
          <skipped>false</skipped>
          <failedSince>0</failedSince>
        </case>
        <case>
          <duration>0.103</duration>
          <className>src.tests.vth-backend.api.test_test_case_runs</className>
          <testName>test_get_test_case_runs_v3_without_system_version_id</testName>
          <skipped>false</skipped>
          <failedSince>0</failedSince>
        </case>
        <case>
          <duration>0.107</duration>
          <className>src.tests.vth-backend.api.test_test_case_runs</className>
          <testName>test_get_test_case_runs_v4_without_system_version_id</testName>
          <skipped>false</skipped>
          <failedSince>0</failedSince>
        </case>
        <case>
          <duration>0.122</duration>
          <className>src.tests.vth-backend.api.test_test_case_runs</className>
          <testName>test_get_test_case_runs_v2_valid_test_platform_filter</testName>
          <skipped>false</skipped>
          <failedSince>0</failedSince>
        </case>
        <case>
          <duration>0.093</duration>
          <className>src.tests.vth-backend.api.test_test_case_runs</className>
          <testName>test_get_test_case_runs_v3_valid_test_platform_filter</testName>
          <skipped>false</skipped>
          <failedSince>0</failedSince>
        </case>
        <case>
          <duration>0.089</duration>
          <className>src.tests.vth-backend.api.test_test_case_runs</className>
          <testName>test_get_test_case_runs_v4_valid_test_platform_filter</testName>
          <skipped>false</skipped>
          <failedSince>0</failedSince>
        </case>
        <case>
          <duration>0.06</duration>
          <className>src.tests.vth-backend.api.test_test_case_runs</className>
          <testName>test_get_test_case_runs_invalid_test_platform_filter</testName>
          <skipped>false</skipped>
          <failedSince>0</failedSince>
        </case>
        <case>
          <duration>0.098</duration>
          <className>src.tests.vth-backend.api.test_test_case_runs</className>
          <testName>test_get_test_case_runs_v4_invalid_test_platform_filter</testName>
          <skipped>false</skipped>
          <failedSince>0</failedSince>
        </case>
        <case>
          <duration>0.3</duration>
          <className>src.tests.vth-backend.api.test_test_case_runs</className>
          <testName>test_get_test_case_runs_v3_filtered_by_sync_id_null</testName>
          <skipped>false</skipped>
          <failedSince>0</failedSince>
        </case>
        <case>
          <duration>0.159</duration>
          <className>src.tests.vth-backend.api.test_test_case_runs</className>
          <testName>test_get_test_case_runs_v4_filtered_by_sync_id_null</testName>
          <skipped>false</skipped>
          <failedSince>0</failedSince>
        </case>
        <case>
          <duration>0.051</duration>
          <className>src.tests.vth-backend.api.test_test_case_runs</className>
          <testName>test_submit_test_case_run</testName>
          <skipped>false</skipped>
          <failedSince>0</failedSince>
        </case>
        <case>
          <duration>0.091</duration>
          <className>src.tests.vth-backend.api.test_test_case_runs</className>
          <testName>test_post_test_case_run_forbidden_error</testName>
          <skipped>false</skipped>
          <failedSince>0</failedSince>
        </case>
        <case>
          <duration>0.041</duration>
          <className>src.tests.vth-backend.api.test_test_case_runs</className>
          <testName>test_post_test_case_run_v2_validation_error</testName>
          <skipped>false</skipped>
          <failedSince>0</failedSince>
        </case>
        <case>
          <duration>0.056</duration>
          <className>src.tests.vth-backend.api.test_test_case_runs</className>
          <testName>test_post_test_case_run_v3_validation_error</testName>
          <skipped>false</skipped>
          <failedSince>0</failedSince>
        </case>
        <case>
          <duration>0.055</duration>
          <className>src.tests.vth-backend.api.test_test_case_runs</className>
          <testName>test_post_test_case_runs_invalid_test_case_id</testName>
          <skipped>false</skipped>
          <failedSince>0</failedSince>
        </case>
        <case>
          <duration>0.06</duration>
          <className>src.tests.vth-backend.api.test_test_case_runs</className>
          <testName>test_post_test_case_runs_invalid_submission_project_id</testName>
          <skipped>false</skipped>
          <failedSince>0</failedSince>
        </case>
        <case>
          <duration>0.185</duration>
          <className>src.tests.vth-backend.api.test_test_case_runs</className>
          <testName>test_patch_test_case_runs_success_single</testName>
          <skipped>false</skipped>
          <failedSince>0</failedSince>
        </case>
        <case>
          <duration>0.181</duration>
          <className>src.tests.vth-backend.api.test_test_case_runs</className>
          <testName>test_patch_test_case_runs_success_bulk</testName>
          <skipped>false</skipped>
          <failedSince>0</failedSince>
        </case>
        <case>
          <duration>0.035</duration>
          <className>src.tests.vth-backend.api.test_test_case_runs</className>
          <testName>test_patch_test_case_runs_failure_bulk_sync_id_not_null</testName>
          <skipped>false</skipped>
          <failedSince>0</failedSince>
        </case>
        <case>
          <duration>0.036</duration>
          <className>src.tests.vth-backend.api.test_test_case_runs</className>
          <testName>test_patch_test_case_runs_failure_sync_id_not_null</testName>
          <skipped>false</skipped>
          <failedSince>0</failedSince>
        </case>
        <case>
          <duration>0.079</duration>
          <className>src.tests.vth-backend.api.test_test_case_runs</className>
          <testName>test_patch_test_case_runs_failure_non_existing_id</testName>
          <skipped>false</skipped>
          <failedSince>0</failedSince>
        </case>
        <case>
          <duration>0.029</duration>
          <className>src.tests.vth-backend.api.test_test_case_runs</className>
          <testName>test_patch_test_case_runs_failure_empty_id</testName>
          <skipped>false</skipped>
          <failedSince>0</failedSince>
        </case>
        <case>
          <duration>0.046</duration>
          <className>src.tests.vth-backend.api.test_test_case_runs</className>
          <testName>test_patch_test_case_runs_failure_empty_sync_id</testName>
          <skipped>false</skipped>
          <failedSince>0</failedSince>
        </case>
        <case>
          <duration>0.02</duration>
          <className>src.tests.vth-backend.api.test_test_case_runs</className>
          <testName>test_post_test_all_case_runs_success</testName>
          <skipped>false</skipped>
          <failedSince>0</failedSince>
        </case>
        <case>
          <duration>0.058</duration>
          <className>src.tests.vth-backend.api.test_test_case_runs</className>
          <testName>test_get_test_case_run_found</testName>
          <skipped>false</skipped>
          <failedSince>0</failedSince>
        </case>
        <case>
          <duration>0.066</duration>
          <className>src.tests.vth-backend.api.test_test_case_runs</className>
          <testName>test_get_test_case_run_not_found</testName>
          <skipped>false</skipped>
          <failedSince>0</failedSince>
        </case>
        <case>
          <duration>0.219</duration>
          <className>src.tests.vth-backend.api.test_test_case_runs</className>
          <testName>test_get_test_case_runs_filtered_by_tci_spi_id</testName>
          <skipped>false</skipped>
          <failedSince>0</failedSince>
        </case>
        <case>
          <duration>0.06</duration>
          <className>src.tests.vth-backend.api.test_test_case_runs</className>
          <testName>test_get_test_case_runs_filtered_by_spi_id_cannot_combine_both</testName>
          <skipped>false</skipped>
          <failedSince>0</failedSince>
        </case>
        <case>
          <duration>0.054</duration>
          <className>src.tests.vth-backend.api.test_test_case_runs</className>
          <testName>test_get_test_case_runs_filtered_by_spi_id_non_existing</testName>
          <skipped>false</skipped>
          <failedSince>0</failedSince>
        </case>
        <case>
          <duration>0.063</duration>
          <className>src.tests.vth-backend.api.test_test_case_runs</className>
          <testName>test_post_run_new_test_cases_v2_success</testName>
          <skipped>false</skipped>
          <failedSince>0</failedSince>
        </case>
        <case>
          <duration>0.048</duration>
          <className>src.tests.vth-backend.api.test_test_case_runs</className>
          <testName>test_post_run_new_test_cases_v3_success</testName>
          <skipped>false</skipped>
          <failedSince>0</failedSince>
        </case>
        <case>
          <duration>0.052</duration>
          <className>src.tests.vth-backend.api.test_test_case_runs</className>
          <testName>test_post_run_new_test_cases_success_no_tds_id</testName>
          <skipped>false</skipped>
          <failedSince>0</failedSince>
        </case>
        <case>
          <duration>0.064</duration>
          <className>src.tests.vth-backend.api.test_test_case_runs</className>
          <testName>test_post_run_new_test_cases_forbidden</testName>
          <skipped>false</skipped>
          <failedSince>0</failedSince>
        </case>
        <case>
          <duration>0.038</duration>
          <className>src.tests.vth-backend.api.test_test_case_runs</className>
          <testName>test_post_run_new_test_cases_v2_validation_error</testName>
          <skipped>false</skipped>
          <failedSince>0</failedSince>
        </case>
        <case>
          <duration>0.052</duration>
          <className>src.tests.vth-backend.api.test_test_case_runs</className>
          <testName>test_post_run_new_test_cases_v3_validation_error</testName>
          <skipped>false</skipped>
          <failedSince>0</failedSince>
        </case>
        <case>
          <duration>0.151</duration>
          <className>src.tests.vth-backend.api.test_test_case_runs</className>
          <testName>test_post_run_all_test_cases_v2_success</testName>
          <skipped>false</skipped>
          <failedSince>0</failedSince>
        </case>
        <case>
          <duration>0.12</duration>
          <className>src.tests.vth-backend.api.test_test_case_runs</className>
          <testName>test_post_run_all_test_cases_v3_success</testName>
          <skipped>false</skipped>
          <failedSince>0</failedSince>
        </case>
        <case>
          <duration>0.093</duration>
          <className>src.tests.vth-backend.api.test_test_case_runs</className>
          <testName>test_post_run_all_test_cases_forbidden</testName>
          <skipped>false</skipped>
          <failedSince>0</failedSince>
        </case>
        <case>
          <duration>0.227</duration>
          <className>src.tests.vth-backend.api.test_test_case_runs</className>
          <testName>test_post_run_all_test_cases_success_no_tds_id</testName>
          <skipped>false</skipped>
          <failedSince>0</failedSince>
        </case>
        <case>
          <duration>0.043</duration>
          <className>src.tests.vth-backend.api.test_test_case_runs</className>
          <testName>test_post_run_all_test_cases_v2_validation_error</testName>
          <skipped>false</skipped>
          <failedSince>0</failedSince>
        </case>
        <case>
          <duration>0.057</duration>
          <className>src.tests.vth-backend.api.test_test_case_runs</className>
          <testName>test_post_run_all_test_cases_v3_validation_error</testName>
          <skipped>false</skipped>
          <failedSince>0</failedSince>
        </case>
        <case>
          <duration>0.156</duration>
          <className>src.tests.vth-backend.api.test_test_case_runs</className>
          <testName>test_get_test_case_runs_export</testName>
          <skipped>false</skipped>
          <failedSince>0</failedSince>
        </case>
        <case>
          <duration>0.051</duration>
          <className>src.tests.vth-backend.api.test_test_case_runs</className>
          <testName>test_get_test_case_runs_export_with_not_existing_test_case_run_id</testName>
          <skipped>false</skipped>
          <failedSince>0</failedSince>
        </case>
        <case>
          <duration>0.077</duration>
          <className>src.tests.vth-backend.api.test_test_case_runs</className>
          <testName>test_get_test_case_runs_export_with_failed_test_case_run_id</testName>
          <skipped>false</skipped>
          <failedSince>0</failedSince>
        </case>
        <case>
          <duration>0.185</duration>
          <className>src.tests.vth-backend.api.test_test_cases</className>
          <testName>test_get_test_cases</testName>
          <skipped>false</skipped>
          <failedSince>0</failedSince>
        </case>
        <case>
          <duration>0.166</duration>
          <className>src.tests.vth-backend.api.test_test_cases</className>
          <testName>test_get_test_cases_v2</testName>
          <skipped>false</skipped>
          <failedSince>0</failedSince>
        </case>
        <case>
          <duration>0.054</duration>
          <className>src.tests.vth-backend.api.test_test_cases</className>
          <testName>test_get_test_cases_filtered_by_project_id</testName>
          <skipped>false</skipped>
          <failedSince>0</failedSince>
        </case>
        <case>
          <duration>0.047</duration>
          <className>src.tests.vth-backend.api.test_test_cases</className>
          <testName>test_get_test_cases_v2_filtered_by_project_id</testName>
          <skipped>false</skipped>
          <failedSince>0</failedSince>
        </case>
        <case>
          <duration>0.069</duration>
          <className>src.tests.vth-backend.api.test_test_cases</className>
          <testName>test_get_test_cases_filtered_by_sync_id_null</testName>
          <skipped>false</skipped>
          <failedSince>0</failedSince>
        </case>
        <case>
          <duration>0.082</duration>
          <className>src.tests.vth-backend.api.test_test_cases</className>
          <testName>test_get_test_cases_v2_filtered_by_sync_id_null</testName>
          <skipped>false</skipped>
          <failedSince>0</failedSince>
        </case>
        <case>
          <duration>0.048</duration>
          <className>src.tests.vth-backend.api.test_test_cases</className>
          <testName>test_get_test_cases_filtered_by_project_id_non_existing</testName>
          <skipped>false</skipped>
          <failedSince>0</failedSince>
        </case>
        <case>
          <duration>0.044</duration>
          <className>src.tests.vth-backend.api.test_test_cases</className>
          <testName>test_get_test_cases_v2_filtered_by_project_id_non_existing</testName>
          <skipped>false</skipped>
          <failedSince>0</failedSince>
        </case>
        <case>
          <duration>0.071</duration>
          <className>src.tests.vth-backend.api.test_test_cases</className>
          <testName>test_get_test_cases_filtered_by_logical_scenario_id</testName>
          <skipped>false</skipped>
          <failedSince>0</failedSince>
        </case>
        <case>
          <duration>0.076</duration>
          <className>src.tests.vth-backend.api.test_test_cases</className>
          <testName>test_get_test_cases_v2_filtered_by_logical_scenario_id</testName>
          <skipped>false</skipped>
          <failedSince>0</failedSince>
        </case>
        <case>
          <duration>0.046</duration>
          <className>src.tests.vth-backend.api.test_test_cases</className>
          <testName>test_get_test_cases_filtered_by_logical_scenario_id_not_existing</testName>
          <skipped>false</skipped>
          <failedSince>0</failedSince>
        </case>
        <case>
          <duration>0.045</duration>
          <className>src.tests.vth-backend.api.test_test_cases</className>
          <testName>test_get_test_cases_v2_filtered_by_logical_scenario_id_not_existing</testName>
          <skipped>false</skipped>
          <failedSince>0</failedSince>
        </case>
        <case>
          <duration>0.088</duration>
          <className>src.tests.vth-backend.api.test_test_cases</className>
          <testName>test_get_test_cases_filtered_by_test_design_specification_id_not_existing</testName>
          <skipped>false</skipped>
          <failedSince>0</failedSince>
        </case>
        <case>
          <duration>0.032</duration>
          <className>src.tests.vth-backend.api.test_test_cases</className>
          <testName>test_get_test_cases_v2_filtered_by_test_design_specification_id_not_existing</testName>
          <skipped>false</skipped>
          <failedSince>0</failedSince>
        </case>
        <case>
          <duration>0.059</duration>
          <className>src.tests.vth-backend.api.test_test_cases</className>
          <testName>test_get_test_cases_filtered_by_tc_spi_id</testName>
          <skipped>false</skipped>
          <failedSince>0</failedSince>
        </case>
        <case>
          <duration>0.049</duration>
          <className>src.tests.vth-backend.api.test_test_cases</className>
          <testName>test_get_test_cases_filtered_by_tci_spi_id</testName>
          <skipped>false</skipped>
          <failedSince>0</failedSince>
        </case>
        <case>
          <duration>0.045</duration>
          <className>src.tests.vth-backend.api.test_test_cases</className>
          <testName>test_get_test_cases_v2_filtered_by_measurement_id</testName>
          <skipped>false</skipped>
          <failedSince>0</failedSince>
        </case>
        <case>
          <duration>0.015</duration>
          <className>src.tests.vth-backend.api.test_test_cases</className>
          <testName>test_get_test_cases_filtered_by_spi_id_cannot_combine_both</testName>
          <skipped>false</skipped>
          <failedSince>0</failedSince>
        </case>
        <case>
          <duration>0.044</duration>
          <className>src.tests.vth-backend.api.test_test_cases</className>
          <testName>test_get_test_cases_filtered_by_spi_id_non_existing</testName>
          <skipped>false</skipped>
          <failedSince>0</failedSince>
        </case>
        <case>
          <duration>0.069</duration>
          <className>src.tests.vth-backend.api.test_test_cases</className>
          <testName>test_get_test_cases_filtered_by_measurement_id_non_existing</testName>
          <skipped>false</skipped>
          <failedSince>0</failedSince>
        </case>
        <case>
          <duration>0.219</duration>
          <className>src.tests.vth-backend.api.test_test_cases</className>
          <testName>test_get_test_cases_filtered_by_sync_id_null_and_include_test_case_runs</testName>
          <skipped>false</skipped>
          <failedSince>0</failedSince>
        </case>
        <case>
          <duration>0.209</duration>
          <className>src.tests.vth-backend.api.test_test_cases</className>
          <testName>test_get_test_cases_v2_filtered_by_sync_id_null_and_include_test_case_runs</testName>
          <skipped>false</skipped>
          <failedSince>0</failedSince>
        </case>
        <case>
          <duration>0.236</duration>
          <className>src.tests.vth-backend.api.test_test_cases</className>
          <testName>test_get_test_cases_with_test_case_runs</testName>
          <skipped>false</skipped>
          <failedSince>0</failedSince>
        </case>
        <case>
          <duration>0.302</duration>
          <className>src.tests.vth-backend.api.test_test_cases</className>
          <testName>test_get_test_cases_v2_with_test_case_runs</testName>
          <skipped>false</skipped>
          <failedSince>0</failedSince>
        </case>
        <case>
          <duration>0.132</duration>
          <className>src.tests.vth-backend.api.test_test_cases</className>
          <testName>test_post_test_case</testName>
          <skipped>false</skipped>
          <failedSince>0</failedSince>
        </case>
        <case>
          <duration>0.158</duration>
          <className>src.tests.vth-backend.api.test_test_cases</className>
          <testName>test_post_test_case_v2</testName>
          <skipped>false</skipped>
          <failedSince>0</failedSince>
        </case>
        <case>
          <duration>0.166</duration>
          <className>src.tests.vth-backend.api.test_test_cases</className>
          <testName>test_post_test_case_discrete</testName>
          <skipped>false</skipped>
          <failedSince>0</failedSince>
        </case>
        <case>
          <duration>0.128</duration>
          <className>src.tests.vth-backend.api.test_test_cases</className>
          <testName>test_post_test_case_v2_discrete</testName>
          <skipped>false</skipped>
          <failedSince>0</failedSince>
        </case>
        <case>
          <duration>0.033</duration>
          <className>src.tests.vth-backend.api.test_test_cases</className>
          <testName>test_post_test_case_validate_test_case_name_length</testName>
          <skipped>false</skipped>
          <failedSince>0</failedSince>
        </case>
        <case>
          <duration>0.099</duration>
          <className>src.tests.vth-backend.api.test_test_cases</className>
          <testName>test_post_test_case_v2_validate_test_case_name_length</testName>
          <skipped>false</skipped>
          <failedSince>0</failedSince>
        </case>
        <case>
          <duration>0.141</duration>
          <className>src.tests.vth-backend.api.test_test_cases</className>
          <testName>test_post_test_case_success_logical_scenario_many_to_many_relationship_logical_scenario_group</testName>
          <skipped>false</skipped>
          <failedSince>0</failedSince>
        </case>
        <case>
          <duration>0.22</duration>
          <className>src.tests.vth-backend.api.test_test_cases</className>
          <testName>test_post_test_case_v2_success_logical_scenario_many_to_many_relationship_logical_scenario_group</testName>
          <skipped>false</skipped>
          <failedSince>0</failedSince>
        </case>
        <case>
          <duration>0.133</duration>
          <className>src.tests.vth-backend.api.test_test_cases</className>
          <testName>test_post_test_case_success_no_labels</testName>
          <skipped>false</skipped>
          <failedSince>0</failedSince>
        </case>
        <case>
          <duration>0.098</duration>
          <className>src.tests.vth-backend.api.test_test_cases</className>
          <testName>test_post_test_case_v2_success_no_labels</testName>
          <skipped>false</skipped>
          <failedSince>0</failedSince>
        </case>
        <case>
          <duration>0.031</duration>
          <className>src.tests.vth-backend.api.test_test_cases</className>
          <testName>test_post_test_case_failure_invalid_logical_scenario_id</testName>
          <skipped>false</skipped>
          <failedSince>0</failedSince>
        </case>
        <case>
          <duration>0.068</duration>
          <className>src.tests.vth-backend.api.test_test_cases</className>
          <testName>test_post_test_case_v2_failure_invalid_logical_scenario_id</testName>
          <skipped>false</skipped>
          <failedSince>0</failedSince>
        </case>
        <case>
          <duration>0.128</duration>
          <className>src.tests.vth-backend.api.test_test_cases</className>
          <testName>test_patch_test_cases_success_single</testName>
          <skipped>false</skipped>
          <failedSince>0</failedSince>
        </case>
        <case>
          <duration>0.129</duration>
          <className>src.tests.vth-backend.api.test_test_cases</className>
          <testName>test_patch_test_cases_success_bulk</testName>
          <skipped>false</skipped>
          <failedSince>0</failedSince>
        </case>
        <case>
          <duration>0.084</duration>
          <className>src.tests.vth-backend.api.test_test_cases</className>
          <testName>test_patch_test_cases_failure_bulk_sync_id_not_null</testName>
          <skipped>false</skipped>
          <failedSince>0</failedSince>
        </case>
        <case>
          <duration>0.041</duration>
          <className>src.tests.vth-backend.api.test_test_cases</className>
          <testName>test_patch_test_cases_failure_sync_id_not_null</testName>
          <skipped>false</skipped>
          <failedSince>0</failedSince>
        </case>
        <case>
          <duration>0.045</duration>
          <className>src.tests.vth-backend.api.test_test_cases</className>
          <testName>test_patch_test_cases_failure_non_existing_id</testName>
          <skipped>false</skipped>
          <failedSince>0</failedSince>
        </case>
        <case>
          <duration>0.026</duration>
          <className>src.tests.vth-backend.api.test_test_cases</className>
          <testName>test_patch_test_cases_failure_empty_id</testName>
          <skipped>false</skipped>
          <failedSince>0</failedSince>
        </case>
        <case>
          <duration>0.059</duration>
          <className>src.tests.vth-backend.api.test_test_cases</className>
          <testName>test_patch_test_cases_failure_empty_sync_id</testName>
          <skipped>false</skipped>
          <failedSince>0</failedSince>
        </case>
        <case>
          <duration>0.112</duration>
          <className>src.tests.vth-backend.api.test_test_design_specifications</className>
          <testName>test_get_test_design_specifications_success</testName>
          <skipped>false</skipped>
          <failedSince>0</failedSince>
        </case>
        <case>
          <duration>0.114</duration>
          <className>src.tests.vth-backend.api.test_test_design_specifications</className>
          <testName>test_get_test_design_specifications_success_project_id_exist</testName>
          <skipped>false</skipped>
          <failedSince>0</failedSince>
        </case>
        <case>
          <duration>0.086</duration>
          <className>src.tests.vth-backend.api.test_test_design_specifications</className>
          <testName>test_get_test_design_specifications_success_project_id_not_exist</testName>
          <skipped>false</skipped>
          <failedSince>0</failedSince>
        </case>
        <case>
          <duration>0.17</duration>
          <className>src.tests.vth-backend.api.test_test_design_specifications</className>
          <testName>test_post_test_design_specifications_success</testName>
          <skipped>false</skipped>
          <failedSince>0</failedSince>
        </case>
        <case>
          <duration>0.195</duration>
          <className>src.tests.vth-backend.api.test_test_design_specifications</className>
          <testName>test_post_test_design_specifications_success_duplicate_entry</testName>
          <skipped>false</skipped>
          <failedSince>0</failedSince>
        </case>
        <case>
          <duration>0.115</duration>
          <className>src.tests.vth-backend.api.test_test_design_specifications</className>
          <testName>test_post_test_design_specifications_failure_requirements_id_not_TDS</testName>
          <skipped>false</skipped>
          <failedSince>0</failedSince>
        </case>
        <case>
          <duration>0.302</duration>
          <className>src.tests.vth-backend.api.test_test_design_specifications</className>
          <testName>test_post_test_design_specifications_failure_invalid_requirements_id</testName>
          <skipped>false</skipped>
          <failedSince>0</failedSince>
        </case>
        <case>
          <duration>0.107</duration>
          <className>src.tests.vth-backend.api.test_test_design_specifications</className>
          <testName>test_post_test_design_specifications_failure_duplicate_keys_project_id_logical_scenario_group_id</testName>
          <skipped>false</skipped>
          <failedSince>0</failedSince>
        </case>
        <case>
          <duration>0.1</duration>
          <className>src.tests.vth-backend.api.test_test_platforms</className>
          <testName>test_get_test_platforms_success</testName>
          <skipped>false</skipped>
          <failedSince>0</failedSince>
        </case>
        <case>
          <duration>0.068</duration>
          <className>src.tests.vth-backend.api.test_test_platforms</className>
          <testName>test_get_test_platforms_v2_success</testName>
          <skipped>false</skipped>
          <failedSince>0</failedSince>
        </case>
        <case>
          <duration>0.059</duration>
          <className>src.tests.vth-backend.api.test_test_platforms</className>
          <testName>test_get_test_platforms_success_no_capabilities</testName>
          <skipped>false</skipped>
          <failedSince>0</failedSince>
        </case>
        <case>
          <duration>0.048</duration>
          <className>src.tests.vth-backend.api.test_test_platforms</className>
          <testName>test_get_test_platforms_v2_success_no_capabilities</testName>
          <skipped>false</skipped>
          <failedSince>0</failedSince>
        </case>
        <case>
          <duration>0.088</duration>
          <className>src.tests.vth-backend.api.test_test_platforms</className>
          <testName>test_get_test_platforms_success_missing_capabilities</testName>
          <skipped>false</skipped>
          <failedSince>0</failedSince>
        </case>
        <case>
          <duration>0.067</duration>
          <className>src.tests.vth-backend.api.test_test_platforms</className>
          <testName>test_get_test_platforms_v2_success_missing_capabilities</testName>
          <skipped>false</skipped>
          <failedSince>0</failedSince>
        </case>
        <case>
          <duration>0.092</duration>
          <className>src.tests.vth-backend.api.test_test_platforms</className>
          <testName>test_post_test_platforms_success</testName>
          <skipped>false</skipped>
          <failedSince>0</failedSince>
        </case>
        <case>
          <duration>0.138</duration>
          <className>src.tests.vth-backend.api.test_test_platforms</className>
          <testName>test_post_test_platforms_duplicate_entry_success</testName>
          <skipped>false</skipped>
          <failedSince>0</failedSince>
        </case>
        <case>
          <duration>0.101</duration>
          <className>src.tests.vth-backend.scripts.test_requirements_ingestion_generator</className>
          <testName>test_generate_requirements_ingestion_success</testName>
          <skipped>false</skipped>
          <failedSince>0</failedSince>
        </case>
      </cases>
    </suite>
    <suite>
      <file>/tmp/jenkins-e606f5ec/workspace/nloop_main/junits/sql-connector-integration-tests.xml</file>
      <name>github.com_EdgeCaseResearch_nloop_sqlconnector_service</name>
      <duration>0.16</duration>
      <timestamp>2022-10-04T19:41:10Z</timestamp>
      <time>0.160000</time>
      <nodeId>631</nodeId>
      <enclosingBlocks>
        <string>629</string>
      </enclosingBlocks>
      <enclosingBlockNames>
        <string>Declarative: Post Actions</string>
      </enclosingBlockNames>
      <cases>
        <case>
          <duration>0.02</duration>
          <className>github.com/EdgeCaseResearch/nloop/sqlconnector/service</className>
          <testName>TestClientServiceSuite/TestGetMetricsStreaming</testName>
          <skipped>false</skipped>
          <failedSince>0</failedSince>
        </case>
        <case>
          <duration>0.0</duration>
          <className>github.com/EdgeCaseResearch/nloop/sqlconnector/service</className>
          <testName>TestClientServiceSuite/TestGetMetricsStreaming_ImplicitValueType</testName>
          <skipped>false</skipped>
          <failedSince>0</failedSince>
        </case>
        <case>
          <duration>0.03</duration>
          <className>github.com/EdgeCaseResearch/nloop/sqlconnector/service</className>
          <testName>TestClientServiceSuite/TestGetMetricsStreaming_MappingResults</testName>
          <skipped>false</skipped>
          <failedSince>0</failedSince>
        </case>
        <case>
          <duration>0.01</duration>
          <className>github.com/EdgeCaseResearch/nloop/sqlconnector/service</className>
          <testName>TestClientServiceSuite/TestGetMetricsStreaming_SSHEnabledPassword</testName>
          <skipped>false</skipped>
          <failedSince>0</failedSince>
        </case>
        <case>
          <duration>0.0</duration>
          <className>github.com/EdgeCaseResearch/nloop/sqlconnector/service</className>
          <testName>TestClientServiceSuite/TestGetMetricsStreaming_SSHEnabledPrivateKey</testName>
          <skipped>false</skipped>
          <failedSince>0</failedSince>
        </case>
        <case>
          <duration>0.0</duration>
          <className>github.com/EdgeCaseResearch/nloop/sqlconnector/service</className>
          <testName>TestClientServiceSuite/TestGetMetricsStreaming_SSHError</testName>
          <skipped>false</skipped>
          <failedSince>0</failedSince>
        </case>
        <case>
          <duration>0.01</duration>
          <className>github.com/EdgeCaseResearch/nloop/sqlconnector/service</className>
          <testName>TestClientServiceSuite/TestResolveSQLTemplate</testName>
          <skipped>false</skipped>
          <failedSince>0</failedSince>
        </case>
        <case>
          <duration>0.09</duration>
          <className>github.com/EdgeCaseResearch/nloop/sqlconnector/service</className>
          <testName>TestClientServiceSuite</testName>
          <skipped>false</skipped>
          <failedSince>0</failedSince>
        </case>
      </cases>
    </suite>
    <suite>
      <file>/tmp/jenkins-e606f5ec/workspace/nloop_main/junits/sql-connector-integration-tests.xml</file>
      <name>github.com_EdgeCaseResearch_nloop_sqlconnector_service_sshtunnel</name>
      <duration>11.17</duration>
      <timestamp>2022-10-04T19:41:10Z</timestamp>
      <time>11.170000</time>
      <nodeId>631</nodeId>
      <enclosingBlocks>
        <string>629</string>
      </enclosingBlocks>
      <enclosingBlockNames>
        <string>Declarative: Post Actions</string>
      </enclosingBlockNames>
      <cases>
        <case>
          <duration>0.39</duration>
          <className>github.com/EdgeCaseResearch/nloop/sqlconnector/service/sshtunnel</className>
          <testName>TestSSHTunnelServiceSuite/TestStart_AuthBadPassword</testName>
          <skipped>false</skipped>
          <failedSince>0</failedSince>
        </case>
        <case>
          <duration>0.47</duration>
          <className>github.com/EdgeCaseResearch/nloop/sqlconnector/service/sshtunnel</className>
          <testName>TestSSHTunnelServiceSuite/TestStart_AuthBadPrivateKey</testName>
          <skipped>false</skipped>
          <failedSince>0</failedSince>
        </case>
        <case>
          <duration>1.71</duration>
          <className>github.com/EdgeCaseResearch/nloop/sqlconnector/service/sshtunnel</className>
          <testName>TestSSHTunnelServiceSuite/TestStart_AuthPassword</testName>
          <skipped>false</skipped>
          <failedSince>0</failedSince>
        </case>
        <case>
          <duration>2.05</duration>
          <className>github.com/EdgeCaseResearch/nloop/sqlconnector/service/sshtunnel</className>
          <testName>TestSSHTunnelServiceSuite/TestStart_AuthPrivateKey</testName>
          <skipped>false</skipped>
          <failedSince>0</failedSince>
        </case>
        <case>
          <duration>0.33</duration>
          <className>github.com/EdgeCaseResearch/nloop/sqlconnector/service/sshtunnel</className>
          <testName>TestSSHTunnelServiceSuite/TestStart_NetListenError</testName>
          <skipped>false</skipped>
          <failedSince>0</failedSince>
        </case>
        <case>
          <duration>0.63</duration>
          <className>github.com/EdgeCaseResearch/nloop/sqlconnector/service/sshtunnel</className>
          <testName>TestSSHTunnelServiceSuite/TestStart_SSHDialError</testName>
          <skipped>false</skipped>
          <failedSince>0</failedSince>
        </case>
        <case>
          <duration>5.59</duration>
          <className>github.com/EdgeCaseResearch/nloop/sqlconnector/service/sshtunnel</className>
          <testName>TestSSHTunnelServiceSuite</testName>
          <skipped>false</skipped>
          <failedSince>0</failedSince>
        </case>
      </cases>
    </suite>
    <suite>
      <file>/tmp/jenkins-e606f5ec/workspace/nloop_main/junits/sql-connector-integration-tests.xml</file>
      <name>github.com_EdgeCaseResearch_nloop_sqlconnector_service_utils</name>
      <duration>0.0</duration>
      <timestamp>2022-10-04T19:41:10Z</timestamp>
      <time>0.000000</time>
      <nodeId>631</nodeId>
      <enclosingBlocks>
        <string>629</string>
      </enclosingBlocks>
      <enclosingBlockNames>
        <string>Declarative: Post Actions</string>
      </enclosingBlockNames>
      <cases>
        <case>
          <duration>0.0</duration>
          <className>github.com/EdgeCaseResearch/nloop/sqlconnector/service/utils</className>
          <testName>TestSqlConnectorRepositoryTestSuite/TestCleanup</testName>
          <skipped>false</skipped>
          <failedSince>0</failedSince>
        </case>
        <case>
          <duration>0.0</duration>
          <className>github.com/EdgeCaseResearch/nloop/sqlconnector/service/utils</className>
          <testName>TestSqlConnectorRepositoryTestSuite/TestCreateFile</testName>
          <skipped>false</skipped>
          <failedSince>0</failedSince>
        </case>
        <case>
          <duration>0.0</duration>
          <className>github.com/EdgeCaseResearch/nloop/sqlconnector/service/utils</className>
          <testName>TestSqlConnectorRepositoryTestSuite/TestRemoveFile</testName>
          <skipped>false</skipped>
          <failedSince>0</failedSince>
        </case>
        <case>
          <duration>0.0</duration>
          <className>github.com/EdgeCaseResearch/nloop/sqlconnector/service/utils</className>
          <testName>TestSqlConnectorRepositoryTestSuite</testName>
          <skipped>false</skipped>
          <failedSince>0</failedSince>
        </case>
        <case>
          <duration>0.0</duration>
          <className>github.com/EdgeCaseResearch/nloop/sqlconnector/service/utils</className>
          <testName>TestScan</testName>
          <skipped>false</skipped>
          <failedSince>0</failedSince>
        </case>
        <case>
          <duration>0.0</duration>
          <className>github.com/EdgeCaseResearch/nloop/sqlconnector/service/utils</className>
          <testName>TestGetFloat64</testName>
          <skipped>false</skipped>
          <failedSince>0</failedSince>
        </case>
        <case>
          <duration>0.0</duration>
          <className>github.com/EdgeCaseResearch/nloop/sqlconnector/service/utils</className>
          <testName>TestGetFloat32</testName>
          <skipped>false</skipped>
          <failedSince>0</failedSince>
        </case>
        <case>
          <duration>0.0</duration>
          <className>github.com/EdgeCaseResearch/nloop/sqlconnector/service/utils</className>
          <testName>TestGetInt64</testName>
          <skipped>false</skipped>
          <failedSince>0</failedSince>
        </case>
        <case>
          <duration>0.0</duration>
          <className>github.com/EdgeCaseResearch/nloop/sqlconnector/service/utils</className>
          <testName>TestGetInt32</testName>
          <skipped>false</skipped>
          <failedSince>0</failedSince>
        </case>
        <case>
          <duration>0.0</duration>
          <className>github.com/EdgeCaseResearch/nloop/sqlconnector/service/utils</className>
          <testName>TestGetBool</testName>
          <skipped>false</skipped>
          <failedSince>0</failedSince>
        </case>
        <case>
          <duration>0.0</duration>
          <className>github.com/EdgeCaseResearch/nloop/sqlconnector/service/utils</className>
          <testName>TestGetTime</testName>
          <skipped>false</skipped>
          <failedSince>0</failedSince>
        </case>
        <case>
          <duration>0.0</duration>
          <className>github.com/EdgeCaseResearch/nloop/sqlconnector/service/utils</className>
          <testName>TestGetString</testName>
          <skipped>false</skipped>
          <failedSince>0</failedSince>
        </case>
        <case>
          <duration>0.0</duration>
          <className>github.com/EdgeCaseResearch/nloop/sqlconnector/service/utils</className>
          <testName>TestGetFloat64_Bad</testName>
          <skipped>false</skipped>
          <failedSince>0</failedSince>
        </case>
        <case>
          <duration>0.0</duration>
          <className>github.com/EdgeCaseResearch/nloop/sqlconnector/service/utils</className>
          <testName>TestGetFloat32_Bad</testName>
          <skipped>false</skipped>
          <failedSince>0</failedSince>
        </case>
        <case>
          <duration>0.0</duration>
          <className>github.com/EdgeCaseResearch/nloop/sqlconnector/service/utils</className>
          <testName>TestGetInt64_Bad</testName>
          <skipped>false</skipped>
          <failedSince>0</failedSince>
        </case>
        <case>
          <duration>0.0</duration>
          <className>github.com/EdgeCaseResearch/nloop/sqlconnector/service/utils</className>
          <testName>TestGetInt32_Bad</testName>
          <skipped>false</skipped>
          <failedSince>0</failedSince>
        </case>
        <case>
          <duration>0.0</duration>
          <className>github.com/EdgeCaseResearch/nloop/sqlconnector/service/utils</className>
          <testName>TestGetBool_Bad</testName>
          <skipped>false</skipped>
          <failedSince>0</failedSince>
        </case>
        <case>
          <duration>0.0</duration>
          <className>github.com/EdgeCaseResearch/nloop/sqlconnector/service/utils</className>
          <testName>TestGetTime_bad</testName>
          <skipped>false</skipped>
          <failedSince>0</failedSince>
        </case>
      </cases>
    </suite>
  </suites>
  <duration>1946.9039</duration>
  <keepLongStdio>false</keepLongStdio>
</result>
